OpenROAD b79f266fe41540eabc064bcaddfe19ed715ac5c2 
This program is licensed under the BSD-3 license. See the LICENSE file for details.
Components of this program may be licensed under more restrictive licenses which must be honored.
[INFO ODB-0222] Reading LEF file: /home/shahid/caravel_user_project/openlane/user_proj_dummy/runs/user_proj_dummy/tmp/merged.lef
[INFO ODB-0223]     Created 13 technology layers
[INFO ODB-0224]     Created 25 technology vias
[INFO ODB-0225]     Created 441 library cells
[INFO ODB-0226] Finished LEF file:  /home/shahid/caravel_user_project/openlane/user_proj_dummy/runs/user_proj_dummy/tmp/merged.lef
[INFO ODB-0127] Reading DEF file: /home/shahid/caravel_user_project/openlane/user_proj_dummy/runs/user_proj_dummy/results/routing/20-user_proj_dummy.def
[INFO ODB-0128] Design: user_proj_dummy
[INFO ODB-0130]     Created 610 pins.
[INFO ODB-0131]     Created 51743 components and 192933 component-terminals.
[INFO ODB-0132]     Created 2 special nets and 192420 connections.
[INFO ODB-0133]     Created 619 nets and 279 connections.
[INFO ODB-0134] Finished DEF file: /home/shahid/caravel_user_project/openlane/user_proj_dummy/runs/user_proj_dummy/results/routing/20-user_proj_dummy.def
Top-level design name: user_proj_dummy
Default power net:  vccd1
Default ground net: vssd1
Found a total of 1 power ports.
Found a total of 1 ground ports.
Modified power connections of 51743 cells (Remaining: 0 ).
