First Layout: /home/shahid/caravel_user_project/openlane/user_proj_dummy/runs/user_proj_dummy/results/magic/user_proj_dummy.gds
Second Layout: /home/shahid/caravel_user_project/openlane/user_proj_dummy/runs/user_proj_dummy/results/klayout/user_proj_dummy.gds
Design Name: user_proj_dummy
Output GDS will be: /home/shahid/caravel_user_project/openlane/user_proj_dummy/runs/user_proj_dummy/results/klayout/user_proj_dummy.xor.xml
Reading /home/shahid/caravel_user_project/openlane/user_proj_dummy/runs/user_proj_dummy/results/magic/user_proj_dummy.gds ..
Reading /home/shahid/caravel_user_project/openlane/user_proj_dummy/runs/user_proj_dummy/results/klayout/user_proj_dummy.gds ..
--- Running XOR for 11/0 ---
"input" in: xor.drc:38
    Polygons (raw): 0 (flat)  0 (hierarchical)
    Elapsed: 0.010s  Memory: 625.00M
"input" in: xor.drc:38
    Polygons (raw): 12 (flat)  12 (hierarchical)
    Elapsed: 0.000s  Memory: 625.00M
"^" in: xor.drc:38
    Polygons (raw): 12 (flat)  12 (hierarchical)
    Elapsed: 0.010s  Memory: 625.00M
XOR differences: 12
"output" in: xor.drc:40
    Polygons (raw): 12 (flat)  12 (hierarchical)
    Elapsed: 0.010s  Memory: 625.00M
--- Running XOR for 122/16 ---
"input" in: xor.drc:38
    Polygons (raw): 44469 (flat)  16 (hierarchical)
    Elapsed: 0.000s  Memory: 625.00M
"input" in: xor.drc:38
    Polygons (raw): 44469 (flat)  16 (hierarchical)
    Elapsed: 0.010s  Memory: 625.00M
"^" in: xor.drc:38
    Polygons (raw): 0 (flat)  0 (hierarchical)
    Elapsed: 0.330s  Memory: 625.00M
XOR differences: 0
"output" in: xor.drc:40
    Polygons (raw): 0 (flat)  0 (hierarchical)
    Elapsed: 0.000s  Memory: 625.00M
--- Running XOR for 235/4 ---
"input" in: xor.drc:38
    Polygons (raw): 1 (flat)  1 (hierarchical)
    Elapsed: 0.010s  Memory: 625.00M
"input" in: xor.drc:38
    Polygons (raw): 1 (flat)  1 (hierarchical)
    Elapsed: 0.000s  Memory: 625.00M
"^" in: xor.drc:38
    Polygons (raw): 0 (flat)  0 (hierarchical)
    Elapsed: 0.030s  Memory: 625.00M
XOR differences: 0
"output" in: xor.drc:40
    Polygons (raw): 0 (flat)  0 (hierarchical)
    Elapsed: 0.010s  Memory: 625.00M
--- Running XOR for 236/0 ---
"input" in: xor.drc:38
    Polygons (raw): 37169 (flat)  13 (hierarchical)
    Elapsed: 0.000s  Memory: 625.00M
"input" in: xor.drc:38
    Polygons (raw): 37169 (flat)  13 (hierarchical)
    Elapsed: 0.020s  Memory: 625.00M
"^" in: xor.drc:38
    Polygons (raw): 0 (flat)  0 (hierarchical)
    Elapsed: 0.290s  Memory: 647.00M
XOR differences: 0
"output" in: xor.drc:40
    Polygons (raw): 0 (flat)  0 (hierarchical)
    Elapsed: 0.000s  Memory: 647.00M
--- Running XOR for 5/0 ---
"input" in: xor.drc:38
    Polygons (raw): 0 (flat)  0 (hierarchical)
    Elapsed: 0.000s  Memory: 647.00M
"input" in: xor.drc:38
    Polygons (raw): 213 (flat)  213 (hierarchical)
    Elapsed: 0.010s  Memory: 647.00M
"^" in: xor.drc:38
    Polygons (raw): 213 (flat)  213 (hierarchical)
    Elapsed: 0.010s  Memory: 647.00M
XOR differences: 213
"output" in: xor.drc:40
    Polygons (raw): 213 (flat)  213 (hierarchical)
    Elapsed: 0.020s  Memory: 647.00M
--- Running XOR for 64/16 ---
"input" in: xor.drc:38
    Polygons (raw): 44469 (flat)  16 (hierarchical)
    Elapsed: 0.010s  Memory: 647.00M
"input" in: xor.drc:38
    Polygons (raw): 44469 (flat)  16 (hierarchical)
    Elapsed: 0.010s  Memory: 647.00M
"^" in: xor.drc:38
    Polygons (raw): 0 (flat)  0 (hierarchical)
    Elapsed: 0.330s  Memory: 647.00M
XOR differences: 0
"output" in: xor.drc:40
    Polygons (raw): 0 (flat)  0 (hierarchical)
    Elapsed: 0.010s  Memory: 647.00M
--- Running XOR for 64/20 ---
"input" in: xor.drc:38
    Polygons (raw): 51743 (flat)  16 (hierarchical)
    Elapsed: 0.000s  Memory: 647.00M
"input" in: xor.drc:38
    Polygons (raw): 51743 (flat)  16 (hierarchical)
    Elapsed: 0.000s  Memory: 647.00M
"^" in: xor.drc:38
    Polygons (raw): 0 (flat)  0 (hierarchical)
    Elapsed: 0.490s  Memory: 665.00M
XOR differences: 0
"output" in: xor.drc:40
    Polygons (raw): 0 (flat)  0 (hierarchical)
    Elapsed: 0.010s  Memory: 665.00M
--- Running XOR for 64/5 ---
"input" in: xor.drc:38
    Polygons (raw): 0 (flat)  0 (hierarchical)
    Elapsed: 0.000s  Memory: 665.00M
"input" in: xor.drc:38
    Polygons (raw): 0 (flat)  0 (hierarchical)
    Elapsed: 0.010s  Memory: 665.00M
"^" in: xor.drc:38
    Polygons (raw): 0 (flat)  0 (hierarchical)
    Elapsed: 0.080s  Memory: 665.00M
XOR differences: 0
"output" in: xor.drc:40
    Polygons (raw): 0 (flat)  0 (hierarchical)
    Elapsed: 0.010s  Memory: 665.00M
--- Running XOR for 64/59 ---
"input" in: xor.drc:38
    Polygons (raw): 0 (flat)  0 (hierarchical)
    Elapsed: 0.000s  Memory: 665.00M
"input" in: xor.drc:38
    Polygons (raw): 0 (flat)  0 (hierarchical)
    Elapsed: 0.010s  Memory: 665.00M
"^" in: xor.drc:38
    Polygons (raw): 0 (flat)  0 (hierarchical)
    Elapsed: 0.090s  Memory: 665.00M
XOR differences: 0
"output" in: xor.drc:40
    Polygons (raw): 0 (flat)  0 (hierarchical)
    Elapsed: 0.010s  Memory: 665.00M
--- Running XOR for 65/20 ---
"input" in: xor.drc:38
    Polygons (raw): 73869 (flat)  27 (hierarchical)
    Elapsed: 0.000s  Memory: 665.00M
"input" in: xor.drc:38
    Polygons (raw): 73869 (flat)  27 (hierarchical)
    Elapsed: 0.010s  Memory: 665.00M
"^" in: xor.drc:38
    Polygons (raw): 0 (flat)  0 (hierarchical)
    Elapsed: 0.390s  Memory: 665.00M
XOR differences: 0
"output" in: xor.drc:40
    Polygons (raw): 0 (flat)  0 (hierarchical)
    Elapsed: 0.000s  Memory: 665.00M
--- Running XOR for 65/44 ---
"input" in: xor.drc:38
    Polygons (raw): 14552 (flat)  2 (hierarchical)
    Elapsed: 0.010s  Memory: 665.00M
"input" in: xor.drc:38
    Polygons (raw): 14552 (flat)  2 (hierarchical)
    Elapsed: 0.000s  Memory: 665.00M
"^" in: xor.drc:38
    Polygons (raw): 0 (flat)  0 (hierarchical)
    Elapsed: 0.090s  Memory: 665.00M
XOR differences: 0
"output" in: xor.drc:40
    Polygons (raw): 0 (flat)  0 (hierarchical)
    Elapsed: 0.000s  Memory: 665.00M
--- Running XOR for 66/15 ---
"input" in: xor.drc:38
    Polygons (raw): 468 (flat)  2 (hierarchical)
    Elapsed: 0.000s  Memory: 665.00M
"input" in: xor.drc:38
    Polygons (raw): 468 (flat)  2 (hierarchical)
    Elapsed: 0.000s  Memory: 665.00M
"^" in: xor.drc:38
    Polygons (raw): 0 (flat)  0 (hierarchical)
    Elapsed: 0.030s  Memory: 665.00M
XOR differences: 0
"output" in: xor.drc:40
    Polygons (raw): 0 (flat)  0 (hierarchical)
    Elapsed: 0.010s  Memory: 665.00M
--- Running XOR for 66/20 ---
"input" in: xor.drc:38
    Polygons (raw): 74340 (flat)  35 (hierarchical)
    Elapsed: 0.000s  Memory: 665.00M
"input" in: xor.drc:38
    Polygons (raw): 74340 (flat)  35 (hierarchical)
    Elapsed: 0.000s  Memory: 665.00M
"^" in: xor.drc:38
    Polygons (raw): 0 (flat)  0 (hierarchical)
    Elapsed: 0.540s  Memory: 665.00M
XOR differences: 0
"output" in: xor.drc:40
    Polygons (raw): 0 (flat)  0 (hierarchical)
    Elapsed: 0.000s  Memory: 665.00M
--- Running XOR for 66/44 ---
"input" in: xor.drc:38
    Polygons (raw): 508214 (flat)  238 (hierarchical)
    Elapsed: 0.010s  Memory: 665.00M
"input" in: xor.drc:38
    Polygons (raw): 508214 (flat)  238 (hierarchical)
    Elapsed: 0.010s  Memory: 665.00M
"^" in: xor.drc:38
    Polygons (raw): 0 (flat)  0 (hierarchical)
    Elapsed: 2.300s  Memory: 665.00M
XOR differences: 0
"output" in: xor.drc:40
    Polygons (raw): 0 (flat)  0 (hierarchical)
    Elapsed: 0.010s  Memory: 665.00M
--- Running XOR for 67/16 ---
"input" in: xor.drc:38
    Polygons (raw): 663 (flat)  46 (hierarchical)
    Elapsed: 0.000s  Memory: 665.00M
"input" in: xor.drc:38
    Polygons (raw): 663 (flat)  46 (hierarchical)
    Elapsed: 0.000s  Memory: 665.00M
"^" in: xor.drc:38
    Polygons (raw): 0 (flat)  0 (hierarchical)
    Elapsed: 0.040s  Memory: 665.00M
XOR differences: 0
"output" in: xor.drc:40
    Polygons (raw): 0 (flat)  0 (hierarchical)
    Elapsed: 0.010s  Memory: 665.00M
--- Running XOR for 67/20 ---
"input" in: xor.drc:38
    Polygons (raw): 118863 (flat)  344 (hierarchical)
    Elapsed: 0.010s  Memory: 665.00M
"input" in: xor.drc:38
    Polygons (raw): 118863 (flat)  66 (hierarchical)
    Elapsed: 0.010s  Memory: 665.00M
"^" in: xor.drc:38
    Polygons (raw): 0 (flat)  0 (hierarchical)
    Elapsed: 1.210s  Memory: 665.00M
XOR differences: 0
"output" in: xor.drc:40
    Polygons (raw): 0 (flat)  0 (hierarchical)
    Elapsed: 0.010s  Memory: 665.00M
--- Running XOR for 67/44 ---
"input" in: xor.drc:38
    Polygons (raw): 819459 (flat)  461 (hierarchical)
    Elapsed: 0.010s  Memory: 665.00M
"input" in: xor.drc:38
    Polygons (raw): 819459 (flat)  183 (hierarchical)
    Elapsed: 0.010s  Memory: 665.00M
"^" in: xor.drc:38
    Polygons (raw): 0 (flat)  0 (hierarchical)
    Elapsed: 3.570s  Memory: 665.00M
XOR differences: 0
"output" in: xor.drc:40
    Polygons (raw): 0 (flat)  0 (hierarchical)
    Elapsed: 0.000s  Memory: 665.00M
--- Running XOR for 67/5 ---
"input" in: xor.drc:38
    Polygons (raw): 0 (flat)  0 (hierarchical)
    Elapsed: 0.010s  Memory: 665.00M
"input" in: xor.drc:38
    Polygons (raw): 0 (flat)  0 (hierarchical)
    Elapsed: 0.010s  Memory: 665.00M
"^" in: xor.drc:38
    Polygons (raw): 0 (flat)  0 (hierarchical)
    Elapsed: 0.030s  Memory: 665.00M
XOR differences: 0
"output" in: xor.drc:40
    Polygons (raw): 0 (flat)  0 (hierarchical)
    Elapsed: 0.000s  Memory: 665.00M
--- Running XOR for 68/16 ---
"input" in: xor.drc:38
    Polygons (raw): 103490 (flat)  34 (hierarchical)
    Elapsed: 0.010s  Memory: 665.00M
"input" in: xor.drc:38
    Polygons (raw): 103490 (flat)  34 (hierarchical)
    Elapsed: 0.010s  Memory: 665.00M
"^" in: xor.drc:38
    Polygons (raw): 0 (flat)  0 (hierarchical)
    Elapsed: 0.620s  Memory: 670.00M
XOR differences: 0
"output" in: xor.drc:40
    Polygons (raw): 0 (flat)  0 (hierarchical)
    Elapsed: 0.000s  Memory: 670.00M
--- Running XOR for 68/20 ---
"input" in: xor.drc:38
    Polygons (raw): 105057 (flat)  1601 (hierarchical)
    Elapsed: 0.010s  Memory: 670.00M
"input" in: xor.drc:38
    Polygons (raw): 105617 (flat)  330 (hierarchical)
    Elapsed: 0.010s  Memory: 670.00M
"^" in: xor.drc:38
    Polygons (raw): 0 (flat)  0 (hierarchical)
    Elapsed: 0.800s  Memory: 645.00M
XOR differences: 0
"output" in: xor.drc:40
    Polygons (raw): 0 (flat)  0 (hierarchical)
    Elapsed: 0.010s  Memory: 645.00M
--- Running XOR for 68/44 ---
"input" in: xor.drc:38
    Polygons (raw): 6667 (flat)  6667 (hierarchical)
    Elapsed: 0.010s  Memory: 645.00M
"input" in: xor.drc:38
    Polygons (raw): 6667 (flat)  6 (hierarchical)
    Elapsed: 0.000s  Memory: 645.00M
"^" in: xor.drc:38
    Polygons (raw): 0 (flat)  0 (hierarchical)
    Elapsed: 0.060s  Memory: 645.00M
XOR differences: 0
"output" in: xor.drc:40
    Polygons (raw): 0 (flat)  0 (hierarchical)
    Elapsed: 0.010s  Memory: 645.00M
--- Running XOR for 68/5 ---
"input" in: xor.drc:38
    Polygons (raw): 0 (flat)  0 (hierarchical)
    Elapsed: 0.000s  Memory: 645.00M
"input" in: xor.drc:38
    Polygons (raw): 0 (flat)  0 (hierarchical)
    Elapsed: 0.010s  Memory: 645.00M
"^" in: xor.drc:38
    Polygons (raw): 0 (flat)  0 (hierarchical)
    Elapsed: 0.110s  Memory: 645.00M
XOR differences: 0
"output" in: xor.drc:40
    Polygons (raw): 0 (flat)  0 (hierarchical)
    Elapsed: 0.010s  Memory: 645.00M
--- Running XOR for 69/16 ---
"input" in: xor.drc:38
    Polygons (raw): 608 (flat)  608 (hierarchical)
    Elapsed: 0.000s  Memory: 645.00M
"input" in: xor.drc:38
    Polygons (raw): 608 (flat)  608 (hierarchical)
    Elapsed: 0.010s  Memory: 645.00M
"^" in: xor.drc:38
    Polygons (raw): 0 (flat)  0 (hierarchical)
    Elapsed: 0.040s  Memory: 645.00M
XOR differences: 0
"output" in: xor.drc:40
    Polygons (raw): 0 (flat)  0 (hierarchical)
    Elapsed: 0.010s  Memory: 645.00M
--- Running XOR for 69/20 ---
"input" in: xor.drc:38
    Polygons (raw): 2444 (flat)  2444 (hierarchical)
    Elapsed: 0.000s  Memory: 645.00M
"input" in: xor.drc:38
    Polygons (raw): 3113 (flat)  283 (hierarchical)
    Elapsed: 0.000s  Memory: 645.00M
"^" in: xor.drc:38
    Polygons (raw): 608 (flat)  608 (hierarchical)
    Elapsed: 0.050s  Memory: 645.00M
XOR differences: 608
"output" in: xor.drc:40
    Polygons (raw): 608 (flat)  608 (hierarchical)
    Elapsed: 0.010s  Memory: 645.00M
--- Running XOR for 69/44 ---
"input" in: xor.drc:38
    Polygons (raw): 5112 (flat)  5112 (hierarchical)
    Elapsed: 0.010s  Memory: 645.00M
"input" in: xor.drc:38
    Polygons (raw): 5112 (flat)  4 (hierarchical)
    Elapsed: 0.000s  Memory: 645.00M
"^" in: xor.drc:38
    Polygons (raw): 0 (flat)  0 (hierarchical)
    Elapsed: 0.050s  Memory: 645.00M
XOR differences: 0
"output" in: xor.drc:40
    Polygons (raw): 0 (flat)  0 (hierarchical)
    Elapsed: 0.010s  Memory: 645.00M
--- Running XOR for 69/5 ---
"input" in: xor.drc:38
    Polygons (raw): 0 (flat)  0 (hierarchical)
    Elapsed: 0.000s  Memory: 645.00M
"input" in: xor.drc:38
    Polygons (raw): 0 (flat)  0 (hierarchical)
    Elapsed: 0.020s  Memory: 645.00M
"^" in: xor.drc:38
    Polygons (raw): 0 (flat)  0 (hierarchical)
    Elapsed: 0.000s  Memory: 645.00M
XOR differences: 0
"output" in: xor.drc:40
    Polygons (raw): 0 (flat)  0 (hierarchical)
    Elapsed: 0.010s  Memory: 645.00M
--- Running XOR for 70/20 ---
"input" in: xor.drc:38
    Polygons (raw): 1278 (flat)  1278 (hierarchical)
    Elapsed: 0.000s  Memory: 645.00M
"input" in: xor.drc:38
    Polygons (raw): 2556 (flat)  2 (hierarchical)
    Elapsed: 0.010s  Memory: 645.00M
"^" in: xor.drc:38
    Polygons (raw): 0 (flat)  0 (hierarchical)
    Elapsed: 0.040s  Memory: 645.00M
XOR differences: 0
"output" in: xor.drc:40
    Polygons (raw): 0 (flat)  0 (hierarchical)
    Elapsed: 0.010s  Memory: 645.00M
--- Running XOR for 70/44 ---
"input" in: xor.drc:38
    Polygons (raw): 5112 (flat)  5112 (hierarchical)
    Elapsed: 0.010s  Memory: 645.00M
"input" in: xor.drc:38
    Polygons (raw): 5112 (flat)  4 (hierarchical)
    Elapsed: 0.010s  Memory: 645.00M
"^" in: xor.drc:38
    Polygons (raw): 0 (flat)  0 (hierarchical)
    Elapsed: 0.060s  Memory: 645.00M
XOR differences: 0
"output" in: xor.drc:40
    Polygons (raw): 0 (flat)  0 (hierarchical)
    Elapsed: 0.010s  Memory: 645.00M
--- Running XOR for 71/16 ---
"input" in: xor.drc:38
    Polygons (raw): 12 (flat)  12 (hierarchical)
    Elapsed: 0.010s  Memory: 645.00M
"input" in: xor.drc:38
    Polygons (raw): 12 (flat)  12 (hierarchical)
    Elapsed: 0.000s  Memory: 645.00M
"^" in: xor.drc:38
    Polygons (raw): 0 (flat)  0 (hierarchical)
    Elapsed: 0.030s  Memory: 645.00M
XOR differences: 0
"output" in: xor.drc:40
    Polygons (raw): 0 (flat)  0 (hierarchical)
    Elapsed: 0.010s  Memory: 645.00M
--- Running XOR for 71/20 ---
"input" in: xor.drc:38
    Polygons (raw): 12 (flat)  12 (hierarchical)
    Elapsed: 0.000s  Memory: 645.00M
"input" in: xor.drc:38
    Polygons (raw): 1278 (flat)  1 (hierarchical)
    Elapsed: 0.000s  Memory: 645.00M
"^" in: xor.drc:38
    Polygons (raw): 1278 (flat)  1278 (hierarchical)
    Elapsed: 0.050s  Memory: 645.00M
XOR differences: 1278
"output" in: xor.drc:40
    Polygons (raw): 1278 (flat)  1278 (hierarchical)
    Elapsed: 0.000s  Memory: 645.00M
--- Running XOR for 71/5 ---
"input" in: xor.drc:38
    Polygons (raw): 0 (flat)  0 (hierarchical)
    Elapsed: 0.010s  Memory: 645.00M
"input" in: xor.drc:38
    Polygons (raw): 0 (flat)  0 (hierarchical)
    Elapsed: 0.000s  Memory: 645.00M
"^" in: xor.drc:38
    Polygons (raw): 0 (flat)  0 (hierarchical)
    Elapsed: 0.000s  Memory: 645.00M
XOR differences: 0
"output" in: xor.drc:40
    Polygons (raw): 0 (flat)  0 (hierarchical)
    Elapsed: 0.010s  Memory: 645.00M
--- Running XOR for 78/44 ---
"input" in: xor.drc:38
    Polygons (raw): 51747 (flat)  18 (hierarchical)
    Elapsed: 0.010s  Memory: 645.00M
"input" in: xor.drc:38
    Polygons (raw): 51747 (flat)  18 (hierarchical)
    Elapsed: 0.010s  Memory: 645.00M
"^" in: xor.drc:38
    Polygons (raw): 0 (flat)  0 (hierarchical)
    Elapsed: 0.370s  Memory: 652.00M
XOR differences: 0
"output" in: xor.drc:40
    Polygons (raw): 0 (flat)  0 (hierarchical)
    Elapsed: 0.010s  Memory: 652.00M
--- Running XOR for 81/14 ---
"input" in: xor.drc:38
    Polygons (raw): 1 (flat)  1 (hierarchical)
    Elapsed: 0.000s  Memory: 652.00M
"input" in: xor.drc:38
    Polygons (raw): 0 (flat)  0 (hierarchical)
    Elapsed: 0.010s  Memory: 652.00M
"^" in: xor.drc:38
    Polygons (raw): 1 (flat)  1 (hierarchical)
    Elapsed: 0.010s  Memory: 652.00M
XOR differences: 1
"output" in: xor.drc:40
    Polygons (raw): 1 (flat)  1 (hierarchical)
    Elapsed: 0.020s  Memory: 652.00M
--- Running XOR for 81/23 ---
"input" in: xor.drc:38
    Polygons (raw): 9 (flat)  1 (hierarchical)
    Elapsed: 0.010s  Memory: 652.00M
"input" in: xor.drc:38
    Polygons (raw): 9 (flat)  1 (hierarchical)
    Elapsed: 0.000s  Memory: 652.00M
"^" in: xor.drc:38
    Polygons (raw): 0 (flat)  0 (hierarchical)
    Elapsed: 0.030s  Memory: 652.00M
XOR differences: 0
"output" in: xor.drc:40
    Polygons (raw): 0 (flat)  0 (hierarchical)
    Elapsed: 0.010s  Memory: 652.00M
--- Running XOR for 81/4 ---
"input" in: xor.drc:38
    Polygons (raw): 51743 (flat)  16 (hierarchical)
    Elapsed: 0.010s  Memory: 652.00M
"input" in: xor.drc:38
    Polygons (raw): 51743 (flat)  16 (hierarchical)
    Elapsed: 0.000s  Memory: 652.00M
"^" in: xor.drc:38
    Polygons (raw): 0 (flat)  0 (hierarchical)
    Elapsed: 0.380s  Memory: 666.00M
XOR differences: 0
"output" in: xor.drc:40
    Polygons (raw): 0 (flat)  0 (hierarchical)
    Elapsed: 0.010s  Memory: 666.00M
--- Running XOR for 83/44 ---
"input" in: xor.drc:38
    Polygons (raw): 0 (flat)  0 (hierarchical)
    Elapsed: 0.000s  Memory: 666.00M
"input" in: xor.drc:38
    Polygons (raw): 0 (flat)  0 (hierarchical)
    Elapsed: 0.010s  Memory: 666.00M
"^" in: xor.drc:38
    Polygons (raw): 0 (flat)  0 (hierarchical)
    Elapsed: 0.090s  Memory: 666.00M
XOR differences: 0
"output" in: xor.drc:40
    Polygons (raw): 0 (flat)  0 (hierarchical)
    Elapsed: 0.010s  Memory: 666.00M
--- Running XOR for 93/44 ---
"input" in: xor.drc:38
    Polygons (raw): 59019 (flat)  17 (hierarchical)
    Elapsed: 0.000s  Memory: 666.00M
"input" in: xor.drc:38
    Polygons (raw): 59019 (flat)  17 (hierarchical)
    Elapsed: 0.010s  Memory: 666.00M
"^" in: xor.drc:38
    Polygons (raw): 0 (flat)  0 (hierarchical)
    Elapsed: 0.480s  Memory: 670.00M
XOR differences: 0
"output" in: xor.drc:40
    Polygons (raw): 0 (flat)  0 (hierarchical)
    Elapsed: 0.000s  Memory: 670.00M
--- Running XOR for 94/20 ---
"input" in: xor.drc:38
    Polygons (raw): 59019 (flat)  17 (hierarchical)
    Elapsed: 0.010s  Memory: 670.00M
"input" in: xor.drc:38
    Polygons (raw): 59019 (flat)  17 (hierarchical)
    Elapsed: 0.010s  Memory: 670.00M
"^" in: xor.drc:38
    Polygons (raw): 0 (flat)  0 (hierarchical)
    Elapsed: 0.480s  Memory: 670.00M
XOR differences: 0
"output" in: xor.drc:40
    Polygons (raw): 0 (flat)  0 (hierarchical)
    Elapsed: 0.010s  Memory: 670.00M
--- Running XOR for 95/20 ---
"input" in: xor.drc:38
    Polygons (raw): 37394 (flat)  13 (hierarchical)
    Elapsed: 0.000s  Memory: 670.00M
"input" in: xor.drc:38
    Polygons (raw): 37394 (flat)  13 (hierarchical)
    Elapsed: 0.010s  Memory: 670.00M
"^" in: xor.drc:38
    Polygons (raw): 0 (flat)  0 (hierarchical)
    Elapsed: 0.310s  Memory: 670.00M
XOR differences: 0
"output" in: xor.drc:40
    Polygons (raw): 0 (flat)  0 (hierarchical)
    Elapsed: 0.000s  Memory: 670.00M
Writing report database: /home/shahid/caravel_user_project/openlane/user_proj_dummy/runs/user_proj_dummy/results/klayout/user_proj_dummy.xor.xml ..
Total elapsed: 15.260s  Memory: 670.00M
