
===========================================================================
report_checks -path_delay max (Setup)
============================================================================
Startpoint: io_in[0] (input port clocked by wb_clk_i)
Endpoint: io_out[0] (output port clocked by wb_clk_i)
Path Group: wb_clk_i
Path Type: max

Fanout     Cap    Slew   Delay    Time   Description
-----------------------------------------------------------------------------
                  0.15    0.00    0.00   clock wb_clk_i (rise edge)
                          0.00    0.00   clock network delay (ideal)
                          2.00    2.00 v input external delay
                  0.05    0.04    2.04 v io_in[0] (in)
     2    0.02                           io_in[0] (net)
                  0.05    0.00    2.04 v _002_/A (sky130_fd_sc_hd__inv_2)
                  0.16    0.15    2.19 ^ _002_/Y (sky130_fd_sc_hd__inv_2)
     1    0.03                           io_out[0] (net)
                  0.16    0.00    2.19 ^ io_out[0] (out)
                                  2.19   data arrival time

                  0.15   10.00   10.00   clock wb_clk_i (rise edge)
                          0.00   10.00   clock network delay (ideal)
                         -0.25    9.75   clock uncertainty
                          0.00    9.75   clock reconvergence pessimism
                         -2.00    7.75   output external delay
                                  7.75   data required time
-----------------------------------------------------------------------------
                                  7.75   data required time
                                 -2.19   data arrival time
-----------------------------------------------------------------------------
                                  5.56   slack (MET)


Startpoint: io_in[1] (input port clocked by wb_clk_i)
Endpoint: io_out[1] (output port clocked by wb_clk_i)
Path Group: wb_clk_i
Path Type: max

Fanout     Cap    Slew   Delay    Time   Description
-----------------------------------------------------------------------------
                  0.15    0.00    0.00   clock wb_clk_i (rise edge)
                          0.00    0.00   clock network delay (ideal)
                          2.00    2.00 v input external delay
                  0.05    0.03    2.03 v io_in[1] (in)
     2    0.02                           io_in[1] (net)
                  0.05    0.00    2.03 v _001_/A (sky130_fd_sc_hd__inv_2)
                  0.16    0.15    2.18 ^ _001_/Y (sky130_fd_sc_hd__inv_2)
     1    0.03                           io_out[1] (net)
                  0.16    0.00    2.18 ^ io_out[1] (out)
                                  2.18   data arrival time

                  0.15   10.00   10.00   clock wb_clk_i (rise edge)
                          0.00   10.00   clock network delay (ideal)
                         -0.25    9.75   clock uncertainty
                          0.00    9.75   clock reconvergence pessimism
                         -2.00    7.75   output external delay
                                  7.75   data required time
-----------------------------------------------------------------------------
                                  7.75   data required time
                                 -2.18   data arrival time
-----------------------------------------------------------------------------
                                  5.57   slack (MET)


Startpoint: io_in[2] (input port clocked by wb_clk_i)
Endpoint: io_out[2] (output port clocked by wb_clk_i)
Path Group: wb_clk_i
Path Type: max

Fanout     Cap    Slew   Delay    Time   Description
-----------------------------------------------------------------------------
                  0.15    0.00    0.00   clock wb_clk_i (rise edge)
                          0.00    0.00   clock network delay (ideal)
                          2.00    2.00 v input external delay
                  0.02    0.01    2.01 v io_in[2] (in)
     1    0.01                           io_in[2] (net)
                  0.02    0.00    2.01 v _000_/A (sky130_fd_sc_hd__inv_2)
                  0.17    0.14    2.15 ^ _000_/Y (sky130_fd_sc_hd__inv_2)
     1    0.03                           io_out[2] (net)
                  0.17    0.00    2.16 ^ io_out[2] (out)
                                  2.16   data arrival time

                  0.15   10.00   10.00   clock wb_clk_i (rise edge)
                          0.00   10.00   clock network delay (ideal)
                         -0.25    9.75   clock uncertainty
                          0.00    9.75   clock reconvergence pessimism
                         -2.00    7.75   output external delay
                                  7.75   data required time
-----------------------------------------------------------------------------
                                  7.75   data required time
                                 -2.16   data arrival time
-----------------------------------------------------------------------------
                                  5.59   slack (MET)


Startpoint: io_in[3] (input port clocked by wb_clk_i)
Endpoint: io_out[3] (output port clocked by wb_clk_i)
Path Group: wb_clk_i
Path Type: max

Fanout     Cap    Slew   Delay    Time   Description
-----------------------------------------------------------------------------
                  0.15    0.00    0.00   clock wb_clk_i (rise edge)
                          0.00    0.00   clock network delay (ideal)
                          2.00    2.00 v input external delay
                  0.02    0.01    2.01 v io_in[3] (in)
     1    0.01                           io_in[3] (net)
                  0.02    0.00    2.01 v _003_/A (sky130_fd_sc_hd__inv_2)
                  0.17    0.14    2.15 ^ _003_/Y (sky130_fd_sc_hd__inv_2)
     1    0.03                           io_out[3] (net)
                  0.17    0.00    2.16 ^ io_out[3] (out)
                                  2.16   data arrival time

                  0.15   10.00   10.00   clock wb_clk_i (rise edge)
                          0.00   10.00   clock network delay (ideal)
                         -0.25    9.75   clock uncertainty
                          0.00    9.75   clock reconvergence pessimism
                         -2.00    7.75   output external delay
                                  7.75   data required time
-----------------------------------------------------------------------------
                                  7.75   data required time
                                 -2.16   data arrival time
-----------------------------------------------------------------------------
                                  5.59   slack (MET)


Startpoint: _238_ (rising edge-triggered flip-flop)
Endpoint: io_out[5] (output port clocked by wb_clk_i)
Path Group: wb_clk_i
Path Type: max

Fanout     Cap    Slew   Delay    Time   Description
-----------------------------------------------------------------------------
                  0.55    0.00    0.00 ^ _238_/CLK (sky130_fd_sc_hd__dfxtp_2)
                  0.20    0.59    0.59 ^ _238_/Q (sky130_fd_sc_hd__dfxtp_2)
     1    0.03                           io_out[5] (net)
                  0.20    0.00    0.59 ^ io_out[5] (out)
                                  0.59   data arrival time

                  0.15   10.00   10.00   clock wb_clk_i (rise edge)
                          0.00   10.00   clock network delay (ideal)
                         -0.25    9.75   clock uncertainty
                          0.00    9.75   clock reconvergence pessimism
                         -2.00    7.75   output external delay
                                  7.75   data required time
-----------------------------------------------------------------------------
                                  7.75   data required time
                                 -0.59   data arrival time
-----------------------------------------------------------------------------
                                  7.16   slack (MET)


