
===========================================================================
report_checks -path_delay min (Hold)
============================================================================
Startpoint: _239_ (rising edge-triggered flip-flop)
Endpoint: io_out[4] (output port clocked by wb_clk_i)
Path Group: wb_clk_i
Path Type: min

Fanout     Cap    Slew   Delay    Time   Description
-----------------------------------------------------------------------------
                  0.55    0.00    0.00 ^ _239_/CLK (sky130_fd_sc_hd__dfxtp_2)
                  0.09    0.47    0.47 v _239_/Q (sky130_fd_sc_hd__dfxtp_2)
     1    0.03                           io_out[4] (net)
                  0.09    0.00    0.47 v io_out[4] (out)
                                  0.47   data arrival time

                  0.15    0.00    0.00   clock wb_clk_i (rise edge)
                          0.00    0.00   clock network delay (ideal)
                          0.25    0.25   clock uncertainty
                          0.00    0.25   clock reconvergence pessimism
                         -2.00   -1.75   output external delay
                                 -1.75   data required time
-----------------------------------------------------------------------------
                                 -1.75   data required time
                                 -0.47   data arrival time
-----------------------------------------------------------------------------
                                  2.22   slack (MET)


Startpoint: _238_ (rising edge-triggered flip-flop)
Endpoint: io_out[5] (output port clocked by wb_clk_i)
Path Group: wb_clk_i
Path Type: min

Fanout     Cap    Slew   Delay    Time   Description
-----------------------------------------------------------------------------
                  0.55    0.00    0.00 ^ _238_/CLK (sky130_fd_sc_hd__dfxtp_2)
                  0.10    0.47    0.47 v _238_/Q (sky130_fd_sc_hd__dfxtp_2)
     1    0.03                           io_out[5] (net)
                  0.10    0.00    0.48 v io_out[5] (out)
                                  0.48   data arrival time

                  0.15    0.00    0.00   clock wb_clk_i (rise edge)
                          0.00    0.00   clock network delay (ideal)
                          0.25    0.25   clock uncertainty
                          0.00    0.25   clock reconvergence pessimism
                         -2.00   -1.75   output external delay
                                 -1.75   data required time
-----------------------------------------------------------------------------
                                 -1.75   data required time
                                 -0.48   data arrival time
-----------------------------------------------------------------------------
                                  2.23   slack (MET)


Startpoint: io_in[2] (input port clocked by wb_clk_i)
Endpoint: io_out[2] (output port clocked by wb_clk_i)
Path Group: wb_clk_i
Path Type: min

Fanout     Cap    Slew   Delay    Time   Description
-----------------------------------------------------------------------------
                  0.15    0.00    0.00   clock wb_clk_i (rise edge)
                          0.00    0.00   clock network delay (ideal)
                          2.00    2.00 ^ input external delay
                  0.04    0.03    2.03 ^ io_in[2] (in)
     1    0.01                           io_in[2] (net)
                  0.04    0.00    2.03 ^ _000_/A (sky130_fd_sc_hd__inv_2)
                  0.08    0.08    2.11 v _000_/Y (sky130_fd_sc_hd__inv_2)
     1    0.03                           io_out[2] (net)
                  0.08    0.00    2.11 v io_out[2] (out)
                                  2.11   data arrival time

                  0.15    0.00    0.00   clock wb_clk_i (rise edge)
                          0.00    0.00   clock network delay (ideal)
                          0.25    0.25   clock uncertainty
                          0.00    0.25   clock reconvergence pessimism
                         -2.00   -1.75   output external delay
                                 -1.75   data required time
-----------------------------------------------------------------------------
                                 -1.75   data required time
                                 -2.11   data arrival time
-----------------------------------------------------------------------------
                                  3.86   slack (MET)


Startpoint: io_in[3] (input port clocked by wb_clk_i)
Endpoint: io_out[3] (output port clocked by wb_clk_i)
Path Group: wb_clk_i
Path Type: min

Fanout     Cap    Slew   Delay    Time   Description
-----------------------------------------------------------------------------
                  0.15    0.00    0.00   clock wb_clk_i (rise edge)
                          0.00    0.00   clock network delay (ideal)
                          2.00    2.00 ^ input external delay
                  0.04    0.03    2.03 ^ io_in[3] (in)
     1    0.01                           io_in[3] (net)
                  0.04    0.00    2.03 ^ _003_/A (sky130_fd_sc_hd__inv_2)
                  0.08    0.08    2.11 v _003_/Y (sky130_fd_sc_hd__inv_2)
     1    0.03                           io_out[3] (net)
                  0.08    0.00    2.11 v io_out[3] (out)
                                  2.11   data arrival time

                  0.15    0.00    0.00   clock wb_clk_i (rise edge)
                          0.00    0.00   clock network delay (ideal)
                          0.25    0.25   clock uncertainty
                          0.00    0.25   clock reconvergence pessimism
                         -2.00   -1.75   output external delay
                                 -1.75   data required time
-----------------------------------------------------------------------------
                                 -1.75   data required time
                                 -2.11   data arrival time
-----------------------------------------------------------------------------
                                  3.86   slack (MET)


Startpoint: io_in[1] (input port clocked by wb_clk_i)
Endpoint: io_out[1] (output port clocked by wb_clk_i)
Path Group: wb_clk_i
Path Type: min

Fanout     Cap    Slew   Delay    Time   Description
-----------------------------------------------------------------------------
                  0.15    0.00    0.00   clock wb_clk_i (rise edge)
                          0.00    0.00   clock network delay (ideal)
                          2.00    2.00 ^ input external delay
                  0.10    0.06    2.06 ^ io_in[1] (in)
     2    0.02                           io_in[1] (net)
                  0.10    0.00    2.06 ^ _001_/A (sky130_fd_sc_hd__inv_2)
                  0.09    0.10    2.16 v _001_/Y (sky130_fd_sc_hd__inv_2)
     1    0.03                           io_out[1] (net)
                  0.09    0.00    2.16 v io_out[1] (out)
                                  2.16   data arrival time

                  0.15    0.00    0.00   clock wb_clk_i (rise edge)
                          0.00    0.00   clock network delay (ideal)
                          0.25    0.25   clock uncertainty
                          0.00    0.25   clock reconvergence pessimism
                         -2.00   -1.75   output external delay
                                 -1.75   data required time
-----------------------------------------------------------------------------
                                 -1.75   data required time
                                 -2.16   data arrival time
-----------------------------------------------------------------------------
                                  3.91   slack (MET)


