
===========================================================================
report_checks -path_delay min (Hold)
============================================================================

======================= Slowest Corner ===================================

Startpoint: _239_ (rising edge-triggered flip-flop)
Endpoint: io_out[4] (output port clocked by wb_clk_i)
Path Group: wb_clk_i
Path Type: min
Corner: ss

Fanout     Cap    Slew   Delay    Time   Description
-----------------------------------------------------------------------------
                  0.27    0.00    0.00 ^ _239_/CLK (sky130_fd_sc_hd__dfxtp_1)
                  0.04    0.63    0.63 v _239_/Q (sky130_fd_sc_hd__dfxtp_1)
     1    0.00                           net10 (net)
                  0.04    0.00    0.63 v output10/A (sky130_fd_sc_hd__buf_2)
                  0.17    0.32    0.94 v output10/X (sky130_fd_sc_hd__buf_2)
     1    0.03                           io_out[4] (net)
                  0.17    0.00    0.94 v io_out[4] (out)
                                  0.94   data arrival time

                          0.00    0.00   clock wb_clk_i (rise edge)
                          0.00    0.00   clock network delay (propagated)
                          0.25    0.25   clock uncertainty
                          0.00    0.25   clock reconvergence pessimism
                         -2.00   -1.75   output external delay
                                 -1.75   data required time
-----------------------------------------------------------------------------
                                 -1.75   data required time
                                 -0.94   data arrival time
-----------------------------------------------------------------------------
                                  2.69   slack (MET)


Startpoint: _238_ (rising edge-triggered flip-flop)
Endpoint: io_out[5] (output port clocked by wb_clk_i)
Path Group: wb_clk_i
Path Type: min
Corner: ss

Fanout     Cap    Slew   Delay    Time   Description
-----------------------------------------------------------------------------
                  0.27    0.00    0.00 ^ _238_/CLK (sky130_fd_sc_hd__dfxtp_1)
                  0.07    0.65    0.65 v _238_/Q (sky130_fd_sc_hd__dfxtp_1)
     1    0.01                           net11 (net)
                  0.07    0.00    0.65 v output11/A (sky130_fd_sc_hd__buf_2)
                  0.17    0.33    0.98 v output11/X (sky130_fd_sc_hd__buf_2)
     1    0.03                           io_out[5] (net)
                  0.17    0.00    0.98 v io_out[5] (out)
                                  0.98   data arrival time

                          0.00    0.00   clock wb_clk_i (rise edge)
                          0.00    0.00   clock network delay (propagated)
                          0.25    0.25   clock uncertainty
                          0.00    0.25   clock reconvergence pessimism
                         -2.00   -1.75   output external delay
                                 -1.75   data required time
-----------------------------------------------------------------------------
                                 -1.75   data required time
                                 -0.98   data arrival time
-----------------------------------------------------------------------------
                                  2.73   slack (MET)


Startpoint: io_in[3] (input port clocked by wb_clk_i)
Endpoint: io_out[3] (output port clocked by wb_clk_i)
Path Group: wb_clk_i
Path Type: min
Corner: ss

Fanout     Cap    Slew   Delay    Time   Description
-----------------------------------------------------------------------------
                          0.00    0.00   clock wb_clk_i (rise edge)
                          0.00    0.00   clock network delay (propagated)
                          2.00    2.00 v input external delay
                  0.02    0.01    2.01 v io_in[3] (in)
     2    0.00                           io_in[3] (net)
                  0.02    0.00    2.01 v input4/A (sky130_fd_sc_hd__clkbuf_1)
                  0.09    0.17    2.18 v input4/X (sky130_fd_sc_hd__clkbuf_1)
     1    0.01                           net4 (net)
                  0.09    0.00    2.18 v _003_/A (sky130_fd_sc_hd__inv_2)
                  0.04    0.07    2.25 ^ _003_/Y (sky130_fd_sc_hd__inv_2)
     1    0.00                           net9 (net)
                  0.04    0.00    2.25 ^ output9/A (sky130_fd_sc_hd__buf_2)
                  0.27    0.31    2.57 ^ output9/X (sky130_fd_sc_hd__buf_2)
     1    0.03                           io_out[3] (net)
                  0.27    0.00    2.57 ^ io_out[3] (out)
                                  2.57   data arrival time

                          0.00    0.00   clock wb_clk_i (rise edge)
                          0.00    0.00   clock network delay (propagated)
                          0.25    0.25   clock uncertainty
                          0.00    0.25   clock reconvergence pessimism
                         -2.00   -1.75   output external delay
                                 -1.75   data required time
-----------------------------------------------------------------------------
                                 -1.75   data required time
                                 -2.57   data arrival time
-----------------------------------------------------------------------------
                                  4.32   slack (MET)


Startpoint: io_in[2] (input port clocked by wb_clk_i)
Endpoint: io_out[2] (output port clocked by wb_clk_i)
Path Group: wb_clk_i
Path Type: min
Corner: ss

Fanout     Cap    Slew   Delay    Time   Description
-----------------------------------------------------------------------------
                          0.00    0.00   clock wb_clk_i (rise edge)
                          0.00    0.00   clock network delay (propagated)
                          2.00    2.00 v input external delay
                  0.02    0.01    2.01 v io_in[2] (in)
     2    0.00                           io_in[2] (net)
                  0.02    0.00    2.01 v input3/A (sky130_fd_sc_hd__clkbuf_1)
                  0.09    0.17    2.18 v input3/X (sky130_fd_sc_hd__clkbuf_1)
     1    0.01                           net3 (net)
                  0.09    0.00    2.18 v _000_/A (sky130_fd_sc_hd__inv_2)
                  0.04    0.07    2.25 ^ _000_/Y (sky130_fd_sc_hd__inv_2)
     1    0.00                           net8 (net)
                  0.04    0.00    2.25 ^ output8/A (sky130_fd_sc_hd__buf_2)
                  0.28    0.32    2.57 ^ output8/X (sky130_fd_sc_hd__buf_2)
     1    0.03                           io_out[2] (net)
                  0.28    0.00    2.57 ^ io_out[2] (out)
                                  2.57   data arrival time

                          0.00    0.00   clock wb_clk_i (rise edge)
                          0.00    0.00   clock network delay (propagated)
                          0.25    0.25   clock uncertainty
                          0.00    0.25   clock reconvergence pessimism
                         -2.00   -1.75   output external delay
                                 -1.75   data required time
-----------------------------------------------------------------------------
                                 -1.75   data required time
                                 -2.57   data arrival time
-----------------------------------------------------------------------------
                                  4.32   slack (MET)


Startpoint: io_in[1] (input port clocked by wb_clk_i)
Endpoint: io_out[1] (output port clocked by wb_clk_i)
Path Group: wb_clk_i
Path Type: min
Corner: ss

Fanout     Cap    Slew   Delay    Time   Description
-----------------------------------------------------------------------------
                          0.00    0.00   clock wb_clk_i (rise edge)
                          0.00    0.00   clock network delay (propagated)
                          2.00    2.00 v input external delay
                  0.02    0.01    2.01 v io_in[1] (in)
     2    0.00                           io_in[1] (net)
                  0.02    0.00    2.01 v input2/A (sky130_fd_sc_hd__clkbuf_2)
                  0.14    0.23    2.24 v input2/X (sky130_fd_sc_hd__clkbuf_2)
     2    0.02                           net2 (net)
                  0.14    0.00    2.24 v _001_/A (sky130_fd_sc_hd__inv_2)
                  0.04    0.08    2.32 ^ _001_/Y (sky130_fd_sc_hd__inv_2)
     1    0.00                           net7 (net)
                  0.04    0.00    2.32 ^ output7/A (sky130_fd_sc_hd__buf_2)
                  0.28    0.32    2.64 ^ output7/X (sky130_fd_sc_hd__buf_2)
     1    0.03                           io_out[1] (net)
                  0.28    0.00    2.64 ^ io_out[1] (out)
                                  2.64   data arrival time

                          0.00    0.00   clock wb_clk_i (rise edge)
                          0.00    0.00   clock network delay (propagated)
                          0.25    0.25   clock uncertainty
                          0.00    0.25   clock reconvergence pessimism
                         -2.00   -1.75   output external delay
                                 -1.75   data required time
-----------------------------------------------------------------------------
                                 -1.75   data required time
                                 -2.64   data arrival time
-----------------------------------------------------------------------------
                                  4.39   slack (MET)



======================= Typical Corner ===================================

Startpoint: _239_ (rising edge-triggered flip-flop)
Endpoint: io_out[4] (output port clocked by wb_clk_i)
Path Group: wb_clk_i
Path Type: min
Corner: tt

Fanout     Cap    Slew   Delay    Time   Description
-----------------------------------------------------------------------------
                  0.19    0.00    0.00 ^ _239_/CLK (sky130_fd_sc_hd__dfxtp_1)
                  0.02    0.32    0.32 v _239_/Q (sky130_fd_sc_hd__dfxtp_1)
     1    0.00                           net10 (net)
                  0.02    0.00    0.32 v output10/A (sky130_fd_sc_hd__buf_2)
                  0.09    0.16    0.48 v output10/X (sky130_fd_sc_hd__buf_2)
     1    0.03                           io_out[4] (net)
                  0.09    0.00    0.48 v io_out[4] (out)
                                  0.48   data arrival time

                          0.00    0.00   clock wb_clk_i (rise edge)
                          0.00    0.00   clock network delay (propagated)
                          0.25    0.25   clock uncertainty
                          0.00    0.25   clock reconvergence pessimism
                         -2.00   -1.75   output external delay
                                 -1.75   data required time
-----------------------------------------------------------------------------
                                 -1.75   data required time
                                 -0.48   data arrival time
-----------------------------------------------------------------------------
                                  2.23   slack (MET)


Startpoint: _238_ (rising edge-triggered flip-flop)
Endpoint: io_out[5] (output port clocked by wb_clk_i)
Path Group: wb_clk_i
Path Type: min
Corner: tt

Fanout     Cap    Slew   Delay    Time   Description
-----------------------------------------------------------------------------
                  0.19    0.00    0.00 ^ _238_/CLK (sky130_fd_sc_hd__dfxtp_1)
                  0.04    0.33    0.33 v _238_/Q (sky130_fd_sc_hd__dfxtp_1)
     1    0.01                           net11 (net)
                  0.04    0.00    0.33 v output11/A (sky130_fd_sc_hd__buf_2)
                  0.09    0.17    0.50 v output11/X (sky130_fd_sc_hd__buf_2)
     1    0.03                           io_out[5] (net)
                  0.09    0.00    0.50 v io_out[5] (out)
                                  0.50   data arrival time

                          0.00    0.00   clock wb_clk_i (rise edge)
                          0.00    0.00   clock network delay (propagated)
                          0.25    0.25   clock uncertainty
                          0.00    0.25   clock reconvergence pessimism
                         -2.00   -1.75   output external delay
                                 -1.75   data required time
-----------------------------------------------------------------------------
                                 -1.75   data required time
                                 -0.50   data arrival time
-----------------------------------------------------------------------------
                                  2.25   slack (MET)


Startpoint: io_in[3] (input port clocked by wb_clk_i)
Endpoint: io_out[3] (output port clocked by wb_clk_i)
Path Group: wb_clk_i
Path Type: min
Corner: tt

Fanout     Cap    Slew   Delay    Time   Description
-----------------------------------------------------------------------------
                          0.00    0.00   clock wb_clk_i (rise edge)
                          0.00    0.00   clock network delay (propagated)
                          2.00    2.00 ^ input external delay
                  0.03    0.02    2.02 ^ io_in[3] (in)
     2    0.00                           io_in[3] (net)
                  0.03    0.00    2.02 ^ input4/A (sky130_fd_sc_hd__clkbuf_1)
                  0.10    0.11    2.12 ^ input4/X (sky130_fd_sc_hd__clkbuf_1)
     1    0.01                           net4 (net)
                  0.10    0.00    2.12 ^ _003_/A (sky130_fd_sc_hd__inv_2)
                  0.02    0.03    2.15 v _003_/Y (sky130_fd_sc_hd__inv_2)
     1    0.00                           net9 (net)
                  0.02    0.00    2.15 v output9/A (sky130_fd_sc_hd__buf_2)
                  0.09    0.16    2.31 v output9/X (sky130_fd_sc_hd__buf_2)
     1    0.03                           io_out[3] (net)
                  0.09    0.00    2.31 v io_out[3] (out)
                                  2.31   data arrival time

                          0.00    0.00   clock wb_clk_i (rise edge)
                          0.00    0.00   clock network delay (propagated)
                          0.25    0.25   clock uncertainty
                          0.00    0.25   clock reconvergence pessimism
                         -2.00   -1.75   output external delay
                                 -1.75   data required time
-----------------------------------------------------------------------------
                                 -1.75   data required time
                                 -2.31   data arrival time
-----------------------------------------------------------------------------
                                  4.06   slack (MET)


Startpoint: io_in[2] (input port clocked by wb_clk_i)
Endpoint: io_out[2] (output port clocked by wb_clk_i)
Path Group: wb_clk_i
Path Type: min
Corner: tt

Fanout     Cap    Slew   Delay    Time   Description
-----------------------------------------------------------------------------
                          0.00    0.00   clock wb_clk_i (rise edge)
                          0.00    0.00   clock network delay (propagated)
                          2.00    2.00 ^ input external delay
                  0.03    0.02    2.02 ^ io_in[2] (in)
     2    0.00                           io_in[2] (net)
                  0.03    0.00    2.02 ^ input3/A (sky130_fd_sc_hd__clkbuf_1)
                  0.10    0.11    2.12 ^ input3/X (sky130_fd_sc_hd__clkbuf_1)
     1    0.01                           net3 (net)
                  0.10    0.00    2.12 ^ _000_/A (sky130_fd_sc_hd__inv_2)
                  0.02    0.03    2.15 v _000_/Y (sky130_fd_sc_hd__inv_2)
     1    0.00                           net8 (net)
                  0.02    0.00    2.15 v output8/A (sky130_fd_sc_hd__buf_2)
                  0.09    0.16    2.32 v output8/X (sky130_fd_sc_hd__buf_2)
     1    0.03                           io_out[2] (net)
                  0.09    0.00    2.32 v io_out[2] (out)
                                  2.32   data arrival time

                          0.00    0.00   clock wb_clk_i (rise edge)
                          0.00    0.00   clock network delay (propagated)
                          0.25    0.25   clock uncertainty
                          0.00    0.25   clock reconvergence pessimism
                         -2.00   -1.75   output external delay
                                 -1.75   data required time
-----------------------------------------------------------------------------
                                 -1.75   data required time
                                 -2.32   data arrival time
-----------------------------------------------------------------------------
                                  4.07   slack (MET)


Startpoint: io_in[1] (input port clocked by wb_clk_i)
Endpoint: io_out[1] (output port clocked by wb_clk_i)
Path Group: wb_clk_i
Path Type: min
Corner: tt

Fanout     Cap    Slew   Delay    Time   Description
-----------------------------------------------------------------------------
                          0.00    0.00   clock wb_clk_i (rise edge)
                          0.00    0.00   clock network delay (propagated)
                          2.00    2.00 ^ input external delay
                  0.03    0.02    2.02 ^ io_in[1] (in)
     2    0.00                           io_in[1] (net)
                  0.03    0.00    2.02 ^ input2/A (sky130_fd_sc_hd__clkbuf_2)
                  0.11    0.14    2.15 ^ input2/X (sky130_fd_sc_hd__clkbuf_2)
     2    0.02                           net2 (net)
                  0.11    0.00    2.15 ^ _001_/A (sky130_fd_sc_hd__inv_2)
                  0.02    0.03    2.18 v _001_/Y (sky130_fd_sc_hd__inv_2)
     1    0.00                           net7 (net)
                  0.02    0.00    2.18 v output7/A (sky130_fd_sc_hd__buf_2)
                  0.09    0.16    2.35 v output7/X (sky130_fd_sc_hd__buf_2)
     1    0.03                           io_out[1] (net)
                  0.09    0.00    2.35 v io_out[1] (out)
                                  2.35   data arrival time

                          0.00    0.00   clock wb_clk_i (rise edge)
                          0.00    0.00   clock network delay (propagated)
                          0.25    0.25   clock uncertainty
                          0.00    0.25   clock reconvergence pessimism
                         -2.00   -1.75   output external delay
                                 -1.75   data required time
-----------------------------------------------------------------------------
                                 -1.75   data required time
                                 -2.35   data arrival time
-----------------------------------------------------------------------------
                                  4.10   slack (MET)



======================= Fastest Corner ===================================

Startpoint: _239_ (rising edge-triggered flip-flop)
Endpoint: io_out[4] (output port clocked by wb_clk_i)
Path Group: wb_clk_i
Path Type: min
Corner: ff

Fanout     Cap    Slew   Delay    Time   Description
-----------------------------------------------------------------------------
                  0.16    0.00    0.00 ^ _239_/CLK (sky130_fd_sc_hd__dfxtp_1)
                  0.02    0.20    0.20 v _239_/Q (sky130_fd_sc_hd__dfxtp_1)
     1    0.00                           net10 (net)
                  0.02    0.00    0.20 v output10/A (sky130_fd_sc_hd__buf_2)
                  0.06    0.11    0.31 v output10/X (sky130_fd_sc_hd__buf_2)
     1    0.03                           io_out[4] (net)
                  0.06    0.00    0.31 v io_out[4] (out)
                                  0.31   data arrival time

                          0.00    0.00   clock wb_clk_i (rise edge)
                          0.00    0.00   clock network delay (propagated)
                          0.25    0.25   clock uncertainty
                          0.00    0.25   clock reconvergence pessimism
                         -2.00   -1.75   output external delay
                                 -1.75   data required time
-----------------------------------------------------------------------------
                                 -1.75   data required time
                                 -0.31   data arrival time
-----------------------------------------------------------------------------
                                  2.06   slack (MET)


Startpoint: _238_ (rising edge-triggered flip-flop)
Endpoint: io_out[5] (output port clocked by wb_clk_i)
Path Group: wb_clk_i
Path Type: min
Corner: ff

Fanout     Cap    Slew   Delay    Time   Description
-----------------------------------------------------------------------------
                  0.16    0.00    0.00 ^ _238_/CLK (sky130_fd_sc_hd__dfxtp_1)
                  0.03    0.21    0.21 v _238_/Q (sky130_fd_sc_hd__dfxtp_1)
     1    0.01                           net11 (net)
                  0.03    0.00    0.21 v output11/A (sky130_fd_sc_hd__buf_2)
                  0.06    0.11    0.32 v output11/X (sky130_fd_sc_hd__buf_2)
     1    0.03                           io_out[5] (net)
                  0.06    0.00    0.32 v io_out[5] (out)
                                  0.32   data arrival time

                          0.00    0.00   clock wb_clk_i (rise edge)
                          0.00    0.00   clock network delay (propagated)
                          0.25    0.25   clock uncertainty
                          0.00    0.25   clock reconvergence pessimism
                         -2.00   -1.75   output external delay
                                 -1.75   data required time
-----------------------------------------------------------------------------
                                 -1.75   data required time
                                 -0.32   data arrival time
-----------------------------------------------------------------------------
                                  2.07   slack (MET)


Startpoint: io_in[3] (input port clocked by wb_clk_i)
Endpoint: io_out[3] (output port clocked by wb_clk_i)
Path Group: wb_clk_i
Path Type: min
Corner: ff

Fanout     Cap    Slew   Delay    Time   Description
-----------------------------------------------------------------------------
                          0.00    0.00   clock wb_clk_i (rise edge)
                          0.00    0.00   clock network delay (propagated)
                          2.00    2.00 ^ input external delay
                  0.02    0.01    2.01 ^ io_in[3] (in)
     2    0.00                           io_in[3] (net)
                  0.02    0.00    2.01 ^ input4/A (sky130_fd_sc_hd__clkbuf_1)
                  0.07    0.07    2.08 ^ input4/X (sky130_fd_sc_hd__clkbuf_1)
     1    0.01                           net4 (net)
                  0.07    0.00    2.08 ^ _003_/A (sky130_fd_sc_hd__inv_2)
                  0.02    0.01    2.10 v _003_/Y (sky130_fd_sc_hd__inv_2)
     1    0.00                           net9 (net)
                  0.02    0.00    2.10 v output9/A (sky130_fd_sc_hd__buf_2)
                  0.06    0.11    2.20 v output9/X (sky130_fd_sc_hd__buf_2)
     1    0.03                           io_out[3] (net)
                  0.06    0.00    2.20 v io_out[3] (out)
                                  2.20   data arrival time

                          0.00    0.00   clock wb_clk_i (rise edge)
                          0.00    0.00   clock network delay (propagated)
                          0.25    0.25   clock uncertainty
                          0.00    0.25   clock reconvergence pessimism
                         -2.00   -1.75   output external delay
                                 -1.75   data required time
-----------------------------------------------------------------------------
                                 -1.75   data required time
                                 -2.20   data arrival time
-----------------------------------------------------------------------------
                                  3.95   slack (MET)


Startpoint: io_in[2] (input port clocked by wb_clk_i)
Endpoint: io_out[2] (output port clocked by wb_clk_i)
Path Group: wb_clk_i
Path Type: min
Corner: ff

Fanout     Cap    Slew   Delay    Time   Description
-----------------------------------------------------------------------------
                          0.00    0.00   clock wb_clk_i (rise edge)
                          0.00    0.00   clock network delay (propagated)
                          2.00    2.00 ^ input external delay
                  0.02    0.01    2.01 ^ io_in[2] (in)
     2    0.00                           io_in[2] (net)
                  0.02    0.00    2.01 ^ input3/A (sky130_fd_sc_hd__clkbuf_1)
                  0.07    0.07    2.08 ^ input3/X (sky130_fd_sc_hd__clkbuf_1)
     1    0.01                           net3 (net)
                  0.07    0.00    2.08 ^ _000_/A (sky130_fd_sc_hd__inv_2)
                  0.02    0.01    2.10 v _000_/Y (sky130_fd_sc_hd__inv_2)
     1    0.00                           net8 (net)
                  0.02    0.00    2.10 v output8/A (sky130_fd_sc_hd__buf_2)
                  0.06    0.11    2.21 v output8/X (sky130_fd_sc_hd__buf_2)
     1    0.03                           io_out[2] (net)
                  0.06    0.00    2.21 v io_out[2] (out)
                                  2.21   data arrival time

                          0.00    0.00   clock wb_clk_i (rise edge)
                          0.00    0.00   clock network delay (propagated)
                          0.25    0.25   clock uncertainty
                          0.00    0.25   clock reconvergence pessimism
                         -2.00   -1.75   output external delay
                                 -1.75   data required time
-----------------------------------------------------------------------------
                                 -1.75   data required time
                                 -2.21   data arrival time
-----------------------------------------------------------------------------
                                  3.96   slack (MET)


Startpoint: io_in[1] (input port clocked by wb_clk_i)
Endpoint: io_out[1] (output port clocked by wb_clk_i)
Path Group: wb_clk_i
Path Type: min
Corner: ff

Fanout     Cap    Slew   Delay    Time   Description
-----------------------------------------------------------------------------
                          0.00    0.00   clock wb_clk_i (rise edge)
                          0.00    0.00   clock network delay (propagated)
                          2.00    2.00 ^ input external delay
                  0.02    0.01    2.01 ^ io_in[1] (in)
     2    0.00                           io_in[1] (net)
                  0.02    0.00    2.01 ^ input2/A (sky130_fd_sc_hd__clkbuf_2)
                  0.08    0.10    2.11 ^ input2/X (sky130_fd_sc_hd__clkbuf_2)
     2    0.02                           net2 (net)
                  0.08    0.00    2.11 ^ _001_/A (sky130_fd_sc_hd__inv_2)
                  0.02    0.01    2.12 v _001_/Y (sky130_fd_sc_hd__inv_2)
     1    0.00                           net7 (net)
                  0.02    0.00    2.12 v output7/A (sky130_fd_sc_hd__buf_2)
                  0.06    0.11    2.23 v output7/X (sky130_fd_sc_hd__buf_2)
     1    0.03                           io_out[1] (net)
                  0.06    0.00    2.23 v io_out[1] (out)
                                  2.23   data arrival time

                          0.00    0.00   clock wb_clk_i (rise edge)
                          0.00    0.00   clock network delay (propagated)
                          0.25    0.25   clock uncertainty
                          0.00    0.25   clock reconvergence pessimism
                         -2.00   -1.75   output external delay
                                 -1.75   data required time
-----------------------------------------------------------------------------
                                 -1.75   data required time
                                 -2.23   data arrival time
-----------------------------------------------------------------------------
                                  3.98   slack (MET)


