
===========================================================================
 report_power
============================================================================


======================= Slowest Corner =================================

Group                  Internal  Switching    Leakage      Total
                          Power      Power      Power      Power
----------------------------------------------------------------
Sequential             6.57e-07   1.01e-07   2.93e-08   7.87e-07  11.4%
Combinational          1.63e-06   4.26e-06   2.23e-07   6.11e-06  88.6%
Macro                  0.00e+00   0.00e+00   0.00e+00   0.00e+00   0.0%
Pad                    0.00e+00   0.00e+00   0.00e+00   0.00e+00   0.0%
----------------------------------------------------------------
Total                  2.28e-06   4.36e-06   2.52e-07   6.90e-06 100.0%
                          33.1%      63.2%       3.7%

======================= Typical Corner ===================================

Group                  Internal  Switching    Leakage      Total
                          Power      Power      Power      Power
----------------------------------------------------------------
Sequential             8.23e-07   1.29e-07   1.69e-11   9.52e-07  11.2%
Combinational          1.97e-06   5.41e-06   1.35e-07   7.51e-06  88.8%
Macro                  0.00e+00   0.00e+00   0.00e+00   0.00e+00   0.0%
Pad                    0.00e+00   0.00e+00   0.00e+00   0.00e+00   0.0%
----------------------------------------------------------------
Total                  2.79e-06   5.53e-06   1.35e-07   8.46e-06 100.0%
                          33.0%      65.4%       1.6%


======================= Fastest Corner =================================

Group                  Internal  Switching    Leakage      Total
                          Power      Power      Power      Power
----------------------------------------------------------------
Sequential             9.45e-07   1.54e-07   2.90e-11   1.10e-06  11.2%
Combinational          2.21e-06   6.35e-06   1.35e-07   8.70e-06  88.8%
Macro                  0.00e+00   0.00e+00   0.00e+00   0.00e+00   0.0%
Pad                    0.00e+00   0.00e+00   0.00e+00   0.00e+00   0.0%
----------------------------------------------------------------
Total                  3.16e-06   6.50e-06   1.36e-07   9.80e-06 100.0%
                          32.2%      66.4%       1.4%
