
 /----------------------------------------------------------------------------\
 |                                                                            |
 |  yosys -- Yosys Open SYnthesis Suite                                       |
 |                                                                            |
 |  Copyright (C) 2012 - 2020  Claire Wolf <claire@symbioticeda.com>          |
 |                                                                            |
 |  Permission to use, copy, modify, and/or distribute this software for any  |
 |  purpose with or without fee is hereby granted, provided that the above    |
 |  copyright notice and this permission notice appear in all copies.         |
 |                                                                            |
 |  THE SOFTWARE IS PROVIDED "AS IS" AND THE AUTHOR DISCLAIMS ALL WARRANTIES  |
 |  WITH REGARD TO THIS SOFTWARE INCLUDING ALL IMPLIED WARRANTIES OF          |
 |  MERCHANTABILITY AND FITNESS. IN NO EVENT SHALL THE AUTHOR BE LIABLE FOR   |
 |  ANY SPECIAL, DIRECT, INDIRECT, OR CONSEQUENTIAL DAMAGES OR ANY DAMAGES    |
 |  WHATSOEVER RESULTING FROM LOSS OF USE, DATA OR PROFITS, WHETHER IN AN     |
 |  ACTION OF CONTRACT, NEGLIGENCE OR OTHER TORTIOUS ACTION, ARISING OUT OF   |
 |  OR IN CONNECTION WITH THE USE OR PERFORMANCE OF THIS SOFTWARE.            |
 |                                                                            |
 \----------------------------------------------------------------------------/

 Yosys 0.9+4052 (git sha1 UNKNOWN, gcc 8.3.1 -fPIC -Os)

[TCL: yosys -import] Command name collision: found pre-existing command `cd' -> skip.
[TCL: yosys -import] Command name collision: found pre-existing command `eval' -> skip.
[TCL: yosys -import] Command name collision: found pre-existing command `exec' -> skip.
[TCL: yosys -import] Command name collision: found pre-existing command `read' -> skip.
[TCL: yosys -import] Command name collision: found pre-existing command `trace' -> skip.

1. Executing Verilog-2005 frontend: /home/shahid/caravel_user_project/caravel/verilog/rtl/defines.v
Parsing SystemVerilog input from `/home/shahid/caravel_user_project/caravel/verilog/rtl/defines.v' to AST representation.
Successfully finished Verilog frontend.

2. Executing Verilog-2005 frontend: /home/shahid/caravel_user_project/openlane/counter/../../verilog/rtl/counter.v
Parsing SystemVerilog input from `/home/shahid/caravel_user_project/openlane/counter/../../verilog/rtl/counter.v' to AST representation.
Generating RTLIL representation for module `\counter'.
Successfully finished Verilog frontend.

3. Generating Graphviz representation of design.
Writing dot description to `/home/shahid/caravel_user_project/openlane/counter/runs/counter/tmp/synthesis/hierarchy.dot'.
Dumping module counter to page 1.

4. Executing HIERARCHY pass (managing design hierarchy).

4.1. Analyzing design hierarchy..
Top module:  \counter

4.2. Analyzing design hierarchy..
Top module:  \counter
Removed 0 unused modules.

5. Executing TRIBUF pass.

6. Executing SYNTH pass.

6.1. Executing HIERARCHY pass (managing design hierarchy).

6.1.1. Analyzing design hierarchy..
Top module:  \counter

6.1.2. Analyzing design hierarchy..
Top module:  \counter
Removed 0 unused modules.

6.2. Executing PROC pass (convert processes to netlists).

6.2.1. Executing PROC_CLEAN pass (remove empty switches from decision trees).
Cleaned up 0 empty switches.

6.2.2. Executing PROC_RMDEAD pass (remove dead branches from decision trees).
Marked 4 switch rules as full_case in process $proc$/home/shahid/caravel_user_project/openlane/counter/../../verilog/rtl/counter.v:14$1 in module counter.
Removed a total of 0 dead cases.

6.2.3. Executing PROC_PRUNE pass (remove redundant assignments in processes).
Removed 1 redundant assignment.
Promoted 0 assignments to connections.

6.2.4. Executing PROC_INIT pass (extract init attributes).

6.2.5. Executing PROC_ARST pass (detect async resets in processes).
Found async reset \rst_n in `\counter.$proc$/home/shahid/caravel_user_project/openlane/counter/../../verilog/rtl/counter.v:14$1'.

6.2.6. Executing PROC_MUX pass (convert decision trees to multiplexers).
Creating decoders for process `\counter.$proc$/home/shahid/caravel_user_project/openlane/counter/../../verilog/rtl/counter.v:14$1'.
     1/1: $0\count[3:0]

6.2.7. Executing PROC_DLATCH pass (convert process syncs to latches).

6.2.8. Executing PROC_DFF pass (convert process syncs to FFs).
Creating register for signal `\counter.\count' using process `\counter.$proc$/home/shahid/caravel_user_project/openlane/counter/../../verilog/rtl/counter.v:14$1'.
  created $adff cell `$procdff$14' with positive edge clock and negative level reset.

6.2.9. Executing PROC_MEMWR pass (convert process memory writes to cells).

6.2.10. Executing PROC_CLEAN pass (remove empty switches from decision trees).
Found and cleaned up 3 empty switches in `\counter.$proc$/home/shahid/caravel_user_project/openlane/counter/../../verilog/rtl/counter.v:14$1'.
Removing empty process `counter.$proc$/home/shahid/caravel_user_project/openlane/counter/../../verilog/rtl/counter.v:14$1'.
Cleaned up 3 empty switches.

6.3. Executing FLATTEN pass (flatten design).

6.4. Executing OPT_EXPR pass (perform const folding).
Optimizing module counter.

6.5. Executing OPT_CLEAN pass (remove unused cells and wires).
Finding unused cells or wires in module \counter..
Removed 1 unused cells and 5 unused wires.
<suppressed ~2 debug messages>

6.6. Executing CHECK pass (checking for obvious problems).
Checking module counter...
Found and reported 0 problems.

6.7. Executing OPT pass (performing simple optimizations).

6.7.1. Executing OPT_EXPR pass (perform const folding).
Optimizing module counter.

6.7.2. Executing OPT_MERGE pass (detect identical cells).
Finding identical cells in module `\counter'.
Removed a total of 0 cells.

6.7.3. Executing OPT_MUXTREE pass (detect dead branches in mux trees).
Running muxtree optimizer on module \counter..
  Creating internal representation of mux trees.
  Evaluating internal representation of mux trees.
  Analyzing evaluation results.
Removed 0 multiplexer ports.
<suppressed ~1 debug messages>

6.7.4. Executing OPT_REDUCE pass (consolidate $*mux and $reduce_* inputs).
  Optimizing cells in module \counter.
Performed a total of 0 changes.

6.7.5. Executing OPT_MERGE pass (detect identical cells).
Finding identical cells in module `\counter'.
Removed a total of 0 cells.

6.7.6. Executing OPT_DFF pass (perform DFF optimizations).

6.7.7. Executing OPT_CLEAN pass (remove unused cells and wires).
Finding unused cells or wires in module \counter..

6.7.8. Executing OPT_EXPR pass (perform const folding).
Optimizing module counter.

6.7.9. Finished OPT passes. (There is nothing left to do.)

6.8. Executing FSM pass (extract and optimize FSM).

6.8.1. Executing FSM_DETECT pass (finding FSMs in design).

6.8.2. Executing FSM_EXTRACT pass (extracting FSM from design).

6.8.3. Executing FSM_OPT pass (simple optimizations of FSMs).

6.8.4. Executing OPT_CLEAN pass (remove unused cells and wires).
Finding unused cells or wires in module \counter..

6.8.5. Executing FSM_OPT pass (simple optimizations of FSMs).

6.8.6. Executing FSM_RECODE pass (re-assigning FSM state encoding).

6.8.7. Executing FSM_INFO pass (dumping all available information on FSM cells).

6.8.8. Executing FSM_MAP pass (mapping FSMs to basic logic).

6.9. Executing OPT pass (performing simple optimizations).

6.9.1. Executing OPT_EXPR pass (perform const folding).
Optimizing module counter.

6.9.2. Executing OPT_MERGE pass (detect identical cells).
Finding identical cells in module `\counter'.
Removed a total of 0 cells.

6.9.3. Executing OPT_MUXTREE pass (detect dead branches in mux trees).
Running muxtree optimizer on module \counter..
  Creating internal representation of mux trees.
  Evaluating internal representation of mux trees.
  Analyzing evaluation results.
Removed 0 multiplexer ports.
<suppressed ~1 debug messages>

6.9.4. Executing OPT_REDUCE pass (consolidate $*mux and $reduce_* inputs).
  Optimizing cells in module \counter.
Performed a total of 0 changes.

6.9.5. Executing OPT_MERGE pass (detect identical cells).
Finding identical cells in module `\counter'.
Removed a total of 0 cells.

6.9.6. Executing OPT_DFF pass (perform DFF optimizations).
Adding EN signal on $procdff$14 ($adff) from module counter (D = $procmux$10_Y, Q = \count).

6.9.7. Executing OPT_CLEAN pass (remove unused cells and wires).
Finding unused cells or wires in module \counter..
Removed 1 unused cells and 1 unused wires.
<suppressed ~2 debug messages>

6.9.8. Executing OPT_EXPR pass (perform const folding).
Optimizing module counter.

6.9.9. Rerunning OPT passes. (Maybe there is more to do..)

6.9.10. Executing OPT_MUXTREE pass (detect dead branches in mux trees).
Running muxtree optimizer on module \counter..
  Creating internal representation of mux trees.
  Evaluating internal representation of mux trees.
  Analyzing evaluation results.
Removed 0 multiplexer ports.
<suppressed ~1 debug messages>

6.9.11. Executing OPT_REDUCE pass (consolidate $*mux and $reduce_* inputs).
  Optimizing cells in module \counter.
Performed a total of 0 changes.

6.9.12. Executing OPT_MERGE pass (detect identical cells).
Finding identical cells in module `\counter'.
Removed a total of 0 cells.

6.9.13. Executing OPT_DFF pass (perform DFF optimizations).

6.9.14. Executing OPT_CLEAN pass (remove unused cells and wires).
Finding unused cells or wires in module \counter..

6.9.15. Executing OPT_EXPR pass (perform const folding).
Optimizing module counter.

6.9.16. Finished OPT passes. (There is nothing left to do.)

6.10. Executing WREDUCE pass (reducing word size of cells).
Removed top 31 bits (of 32) from port B of cell counter.$sub$/home/shahid/caravel_user_project/openlane/counter/../../verilog/rtl/counter.v:21$3 ($sub).
Removed top 28 bits (of 32) from port Y of cell counter.$sub$/home/shahid/caravel_user_project/openlane/counter/../../verilog/rtl/counter.v:21$3 ($sub).
Removed top 31 bits (of 32) from port B of cell counter.$add$/home/shahid/caravel_user_project/openlane/counter/../../verilog/rtl/counter.v:23$4 ($add).
Removed top 28 bits (of 32) from port Y of cell counter.$add$/home/shahid/caravel_user_project/openlane/counter/../../verilog/rtl/counter.v:23$4 ($add).
Removed top 28 bits (of 32) from wire counter.$add$/home/shahid/caravel_user_project/openlane/counter/../../verilog/rtl/counter.v:23$4_Y.

6.11. Executing PEEPOPT pass (run peephole optimizers).

6.12. Executing OPT_CLEAN pass (remove unused cells and wires).
Finding unused cells or wires in module \counter..
Removed 0 unused cells and 1 unused wires.
<suppressed ~1 debug messages>

6.13. Executing ALUMACC pass (create $alu and $macc cells).
Extracting $alu and $macc cells in module counter:
  creating $macc model for $add$/home/shahid/caravel_user_project/openlane/counter/../../verilog/rtl/counter.v:23$4 ($add).
  creating $macc model for $sub$/home/shahid/caravel_user_project/openlane/counter/../../verilog/rtl/counter.v:21$3 ($sub).
  creating $alu model for $macc $sub$/home/shahid/caravel_user_project/openlane/counter/../../verilog/rtl/counter.v:21$3.
  creating $alu model for $macc $add$/home/shahid/caravel_user_project/openlane/counter/../../verilog/rtl/counter.v:23$4.
  creating $alu cell for $add$/home/shahid/caravel_user_project/openlane/counter/../../verilog/rtl/counter.v:23$4: $auto$alumacc.cc:485:replace_alu$17
  creating $alu cell for $sub$/home/shahid/caravel_user_project/openlane/counter/../../verilog/rtl/counter.v:21$3: $auto$alumacc.cc:485:replace_alu$20
  created 2 $alu and 0 $macc cells.

6.14. Executing SHARE pass (SAT-based resource sharing).

6.15. Executing OPT pass (performing simple optimizations).

6.15.1. Executing OPT_EXPR pass (perform const folding).
Optimizing module counter.

6.15.2. Executing OPT_MERGE pass (detect identical cells).
Finding identical cells in module `\counter'.
Removed a total of 0 cells.

6.15.3. Executing OPT_MUXTREE pass (detect dead branches in mux trees).
Running muxtree optimizer on module \counter..
  Creating internal representation of mux trees.
  Evaluating internal representation of mux trees.
  Analyzing evaluation results.
Removed 0 multiplexer ports.
<suppressed ~1 debug messages>

6.15.4. Executing OPT_REDUCE pass (consolidate $*mux and $reduce_* inputs).
  Optimizing cells in module \counter.
Performed a total of 0 changes.

6.15.5. Executing OPT_MERGE pass (detect identical cells).
Finding identical cells in module `\counter'.
Removed a total of 0 cells.

6.15.6. Executing OPT_DFF pass (perform DFF optimizations).

6.15.7. Executing OPT_CLEAN pass (remove unused cells and wires).
Finding unused cells or wires in module \counter..

6.15.8. Executing OPT_EXPR pass (perform const folding).
Optimizing module counter.

6.15.9. Finished OPT passes. (There is nothing left to do.)

6.16. Executing MEMORY pass.

6.16.1. Executing OPT_MEM pass (optimize memories).
Performed a total of 0 transformations.

6.16.2. Executing MEMORY_DFF pass (merging $dff cells to $memrd).

6.16.3. Executing OPT_CLEAN pass (remove unused cells and wires).
Finding unused cells or wires in module \counter..

6.16.4. Executing MEMORY_SHARE pass (consolidating $memrd/$memwr cells).

6.16.5. Executing OPT_CLEAN pass (remove unused cells and wires).
Finding unused cells or wires in module \counter..

6.16.6. Executing MEMORY_COLLECT pass (generating $mem cells).

6.17. Executing OPT_CLEAN pass (remove unused cells and wires).
Finding unused cells or wires in module \counter..

6.18. Executing OPT pass (performing simple optimizations).

6.18.1. Executing OPT_EXPR pass (perform const folding).
Optimizing module counter.

6.18.2. Executing OPT_MERGE pass (detect identical cells).
Finding identical cells in module `\counter'.
Removed a total of 0 cells.

6.18.3. Executing OPT_DFF pass (perform DFF optimizations).

6.18.4. Executing OPT_CLEAN pass (remove unused cells and wires).
Finding unused cells or wires in module \counter..

6.18.5. Finished fast OPT passes.

6.19. Executing MEMORY_MAP pass (converting memories to logic and flip-flops).

6.20. Executing OPT pass (performing simple optimizations).

6.20.1. Executing OPT_EXPR pass (perform const folding).
Optimizing module counter.

6.20.2. Executing OPT_MERGE pass (detect identical cells).
Finding identical cells in module `\counter'.
Removed a total of 0 cells.

6.20.3. Executing OPT_MUXTREE pass (detect dead branches in mux trees).
Running muxtree optimizer on module \counter..
  Creating internal representation of mux trees.
  Evaluating internal representation of mux trees.
  Analyzing evaluation results.
Removed 0 multiplexer ports.
<suppressed ~1 debug messages>

6.20.4. Executing OPT_REDUCE pass (consolidate $*mux and $reduce_* inputs).
  Optimizing cells in module \counter.
Performed a total of 0 changes.

6.20.5. Executing OPT_MERGE pass (detect identical cells).
Finding identical cells in module `\counter'.
Removed a total of 0 cells.

6.20.6. Executing OPT_SHARE pass.
    Found cells that share an operand and can be merged by moving the $mux $procmux$7 in front of them:
        $auto$alumacc.cc:485:replace_alu$20
        $auto$alumacc.cc:485:replace_alu$17

6.20.7. Executing OPT_DFF pass (perform DFF optimizations).

6.20.8. Executing OPT_CLEAN pass (remove unused cells and wires).
Finding unused cells or wires in module \counter..
Removed 0 unused cells and 6 unused wires.
<suppressed ~1 debug messages>

6.20.9. Executing OPT_EXPR pass (perform const folding).
Optimizing module counter.
<suppressed ~2 debug messages>

6.20.10. Rerunning OPT passes. (Maybe there is more to do..)

6.20.11. Executing OPT_MUXTREE pass (detect dead branches in mux trees).
Running muxtree optimizer on module \counter..
  Creating internal representation of mux trees.
  Evaluating internal representation of mux trees.
  Analyzing evaluation results.
Removed 0 multiplexer ports.
<suppressed ~2 debug messages>

6.20.12. Executing OPT_REDUCE pass (consolidate $*mux and $reduce_* inputs).
  Optimizing cells in module \counter.
    Consolidated identical input bits for $mux cell $auto$opt_share.cc:241:merge_operators$26:
      Old ports: A=$auto$rtlil.cc:2129:Neg$24, B=4'0001, Y=$auto$rtlil.cc:2224:Mux$27
      New ports: A=1'1, B=1'0, Y=$auto$rtlil.cc:2224:Mux$27 [1]
      New connections: { $auto$rtlil.cc:2224:Mux$27 [3:2] $auto$rtlil.cc:2224:Mux$27 [0] } = { $auto$rtlil.cc:2224:Mux$27 [1] $auto$rtlil.cc:2224:Mux$27 [1] 1'1 }
  Optimizing cells in module \counter.
Performed a total of 1 changes.

6.20.13. Executing OPT_MERGE pass (detect identical cells).
Finding identical cells in module `\counter'.
Removed a total of 0 cells.

6.20.14. Executing OPT_SHARE pass.

6.20.15. Executing OPT_DFF pass (perform DFF optimizations).

6.20.16. Executing OPT_CLEAN pass (remove unused cells and wires).
Finding unused cells or wires in module \counter..
Removed 0 unused cells and 2 unused wires.
<suppressed ~1 debug messages>

6.20.17. Executing OPT_EXPR pass (perform const folding).
Optimizing module counter.
<suppressed ~1 debug messages>

6.20.18. Rerunning OPT passes. (Maybe there is more to do..)

6.20.19. Executing OPT_MUXTREE pass (detect dead branches in mux trees).
Running muxtree optimizer on module \counter..
  Creating internal representation of mux trees.
  Evaluating internal representation of mux trees.
  Analyzing evaluation results.
Removed 0 multiplexer ports.
<suppressed ~1 debug messages>

6.20.20. Executing OPT_REDUCE pass (consolidate $*mux and $reduce_* inputs).
  Optimizing cells in module \counter.
Performed a total of 0 changes.

6.20.21. Executing OPT_MERGE pass (detect identical cells).
Finding identical cells in module `\counter'.
Removed a total of 0 cells.

6.20.22. Executing OPT_SHARE pass.

6.20.23. Executing OPT_DFF pass (perform DFF optimizations).

6.20.24. Executing OPT_CLEAN pass (remove unused cells and wires).
Finding unused cells or wires in module \counter..

6.20.25. Executing OPT_EXPR pass (perform const folding).
Optimizing module counter.

6.20.26. Finished OPT passes. (There is nothing left to do.)

6.21. Executing TECHMAP pass (map to technology primitives).

6.21.1. Executing Verilog-2005 frontend: /build/bin/../share/yosys/techmap.v
Parsing Verilog input from `/build/bin/../share/yosys/techmap.v' to AST representation.
Generating RTLIL representation for module `\_90_simplemap_bool_ops'.
Generating RTLIL representation for module `\_90_simplemap_reduce_ops'.
Generating RTLIL representation for module `\_90_simplemap_logic_ops'.
Generating RTLIL representation for module `\_90_simplemap_compare_ops'.
Generating RTLIL representation for module `\_90_simplemap_various'.
Generating RTLIL representation for module `\_90_simplemap_registers'.
Generating RTLIL representation for module `\_90_shift_ops_shr_shl_sshl_sshr'.
Generating RTLIL representation for module `\_90_shift_shiftx'.
Generating RTLIL representation for module `\_90_fa'.
Generating RTLIL representation for module `\_90_lcu'.
Generating RTLIL representation for module `\_90_alu'.
Generating RTLIL representation for module `\_90_macc'.
Generating RTLIL representation for module `\_90_alumacc'.
Generating RTLIL representation for module `\$__div_mod_u'.
Generating RTLIL representation for module `\$__div_mod_trunc'.
Generating RTLIL representation for module `\_90_div'.
Generating RTLIL representation for module `\_90_mod'.
Generating RTLIL representation for module `\$__div_mod_floor'.
Generating RTLIL representation for module `\_90_divfloor'.
Generating RTLIL representation for module `\_90_modfloor'.
Generating RTLIL representation for module `\_90_pow'.
Generating RTLIL representation for module `\_90_pmux'.
Generating RTLIL representation for module `\_90_lut'.
Successfully finished Verilog frontend.

6.21.2. Continuing TECHMAP pass.
Using extmapper simplemap for cells of type $not.
Using template $paramod$740b056ede97228d3eae64ea2fdc81f0a33e0fe7\_90_alu for cells of type $alu.
Using extmapper simplemap for cells of type $mux.
Using extmapper simplemap for cells of type $adffe.
Using extmapper simplemap for cells of type $xor.
Using extmapper simplemap for cells of type $and.
Using template $paramod\_90_lcu\WIDTH=32'00000000000000000000000000000100 for cells of type $lcu.
Using extmapper simplemap for cells of type $pos.
Using extmapper simplemap for cells of type $or.
No more expansions possible.
<suppressed ~208 debug messages>

6.22. Executing OPT pass (performing simple optimizations).

6.22.1. Executing OPT_EXPR pass (perform const folding).
Optimizing module counter.
<suppressed ~14 debug messages>

6.22.2. Executing OPT_MERGE pass (detect identical cells).
Finding identical cells in module `\counter'.
Removed a total of 0 cells.

6.22.3. Executing OPT_DFF pass (perform DFF optimizations).

6.22.4. Executing OPT_CLEAN pass (remove unused cells and wires).
Finding unused cells or wires in module \counter..
Removed 7 unused cells and 31 unused wires.
<suppressed ~8 debug messages>

6.22.5. Finished fast OPT passes.

6.23. Executing ABC pass (technology mapping using ABC).

6.23.1. Extracting gate netlist of module `\counter' to `<abc-temp-dir>/input.blif'..
Extracted 17 gates and 27 wires to a netlist network with 10 inputs and 4 outputs.

6.23.1.1. Executing ABC.
Running ABC command: <yosys-exe-dir>/yosys-abc -s -f <abc-temp-dir>/abc.script 2>&1
ABC: ABC command line: "source <abc-temp-dir>/abc.script".
ABC: 
ABC: + read_blif <abc-temp-dir>/input.blif 
ABC: + read_library <abc-temp-dir>/stdcells.genlib 
ABC: Entered genlib library with 13 gates from file "<abc-temp-dir>/stdcells.genlib".
ABC: + strash 
ABC: + dretime 
ABC: + map 
ABC: + write_blif <abc-temp-dir>/output.blif 

6.23.1.2. Re-integrating ABC results.
ABC RESULTS:            ANDNOT cells:        4
ABC RESULTS:               MUX cells:        4
ABC RESULTS:              NAND cells:        2
ABC RESULTS:               NOT cells:        1
ABC RESULTS:              XNOR cells:        3
ABC RESULTS:               XOR cells:        3
ABC RESULTS:        internal signals:       13
ABC RESULTS:           input signals:       10
ABC RESULTS:          output signals:        4
Removing temp directory.

6.24. Executing OPT pass (performing simple optimizations).

6.24.1. Executing OPT_EXPR pass (perform const folding).
Optimizing module counter.

6.24.2. Executing OPT_MERGE pass (detect identical cells).
Finding identical cells in module `\counter'.
Removed a total of 0 cells.

6.24.3. Executing OPT_DFF pass (perform DFF optimizations).

6.24.4. Executing OPT_CLEAN pass (remove unused cells and wires).
Finding unused cells or wires in module \counter..
Removed 0 unused cells and 17 unused wires.
<suppressed ~1 debug messages>

6.24.5. Finished fast OPT passes.

6.25. Executing HIERARCHY pass (managing design hierarchy).

6.25.1. Analyzing design hierarchy..
Top module:  \counter

6.25.2. Analyzing design hierarchy..
Top module:  \counter
Removed 0 unused modules.

6.26. Printing statistics.

=== counter ===

   Number of wires:                 24
   Number of wire bits:             30
   Number of public wires:           7
   Number of public wire bits:      13
   Number of memories:               0
   Number of memory bits:            0
   Number of processes:              0
   Number of cells:                 21
     $_ANDNOT_                       4
     $_DFFE_PN0P_                    4
     $_MUX_                          4
     $_NAND_                         2
     $_NOT_                          1
     $_XNOR_                         3
     $_XOR_                          3

6.27. Executing CHECK pass (checking for obvious problems).
Checking module counter...
Found and reported 0 problems.

7. Generating Graphviz representation of design.
Writing dot description to `/home/shahid/caravel_user_project/openlane/counter/runs/counter/tmp/synthesis/post_techmap.dot'.
Dumping module counter to page 1.

8. Executing SHARE pass (SAT-based resource sharing).

9. Executing OPT pass (performing simple optimizations).

9.1. Executing OPT_EXPR pass (perform const folding).
Optimizing module counter.

9.2. Executing OPT_MERGE pass (detect identical cells).
Finding identical cells in module `\counter'.
Removed a total of 0 cells.

9.3. Executing OPT_MUXTREE pass (detect dead branches in mux trees).
Running muxtree optimizer on module \counter..
  Creating internal representation of mux trees.
  No muxes found in this module.
Removed 0 multiplexer ports.

9.4. Executing OPT_REDUCE pass (consolidate $*mux and $reduce_* inputs).
  Optimizing cells in module \counter.
Performed a total of 0 changes.

9.5. Executing OPT_MERGE pass (detect identical cells).
Finding identical cells in module `\counter'.
Removed a total of 0 cells.

9.6. Executing OPT_DFF pass (perform DFF optimizations).

9.7. Executing OPT_CLEAN pass (remove unused cells and wires).
Finding unused cells or wires in module \counter..

9.8. Executing OPT_EXPR pass (perform const folding).
Optimizing module counter.

9.9. Finished OPT passes. (There is nothing left to do.)

10. Executing OPT_CLEAN pass (remove unused cells and wires).
Finding unused cells or wires in module \counter..

11. Printing statistics.

=== counter ===

   Number of wires:                 24
   Number of wire bits:             30
   Number of public wires:           7
   Number of public wire bits:      13
   Number of memories:               0
   Number of memory bits:            0
   Number of processes:              0
   Number of cells:                 21
     $_ANDNOT_                       4
     $_DFFE_PN0P_                    4
     $_MUX_                          4
     $_NAND_                         2
     $_NOT_                          1
     $_XNOR_                         3
     $_XOR_                          3

mapping tbuf

12. Executing TECHMAP pass (map to technology primitives).

12.1. Executing Verilog-2005 frontend: /home/shahid/OSPDKs/sky130A/libs.tech/openlane/sky130_fd_sc_hd/tribuff_map.v
Parsing Verilog input from `/home/shahid/OSPDKs/sky130A/libs.tech/openlane/sky130_fd_sc_hd/tribuff_map.v' to AST representation.
Generating RTLIL representation for module `\$_TBUF_'.
Successfully finished Verilog frontend.

12.2. Continuing TECHMAP pass.
No more expansions possible.
<suppressed ~3 debug messages>

13. Executing SIMPLEMAP pass (map simple cells to gate primitives).

14. Executing MUXCOVER pass (mapping to wider MUXes).
Covering MUX trees in module counter..
  Treeifying 4 MUXes:
    Found tree with 1 MUXes at root $abc$166$procmux$10_Y[1].
    Found tree with 1 MUXes at root $abc$166$procmux$10_Y[0].
    Found tree with 1 MUXes at root $abc$166$procmux$10_Y[3].
    Found tree with 1 MUXes at root $abc$166$procmux$10_Y[2].
    Finished treeification: Found 4 trees.
  Covering trees:
    Replaced tree at $abc$166$procmux$10_Y[1]: 1 MUX2, 0 MUX4, 0 MUX8, 0 MUX16
    Replaced tree at $abc$166$procmux$10_Y[0]: 1 MUX2, 0 MUX4, 0 MUX8, 0 MUX16
    Replaced tree at $abc$166$procmux$10_Y[3]: 1 MUX2, 0 MUX4, 0 MUX8, 0 MUX16
    Replaced tree at $abc$166$procmux$10_Y[2]: 1 MUX2, 0 MUX4, 0 MUX8, 0 MUX16
  Added a total of 0 decoder MUXes.
<suppressed ~69 debug messages>

15. Executing TECHMAP pass (map to technology primitives).

15.1. Executing Verilog-2005 frontend: /home/shahid/OSPDKs/sky130A/libs.tech/openlane/sky130_fd_sc_hd/mux4_map.v
Parsing Verilog input from `/home/shahid/OSPDKs/sky130A/libs.tech/openlane/sky130_fd_sc_hd/mux4_map.v' to AST representation.
Generating RTLIL representation for module `\$_MUX4_'.
Successfully finished Verilog frontend.

15.2. Continuing TECHMAP pass.
No more expansions possible.
<suppressed ~3 debug messages>

16. Executing SIMPLEMAP pass (map simple cells to gate primitives).

17. Executing TECHMAP pass (map to technology primitives).

17.1. Executing Verilog-2005 frontend: /home/shahid/OSPDKs/sky130A/libs.tech/openlane/sky130_fd_sc_hd/mux2_map.v
Parsing Verilog input from `/home/shahid/OSPDKs/sky130A/libs.tech/openlane/sky130_fd_sc_hd/mux2_map.v' to AST representation.
Generating RTLIL representation for module `\$_MUX_'.
Successfully finished Verilog frontend.

17.2. Continuing TECHMAP pass.
Using template \$_MUX_ for cells of type $_MUX_.
No more expansions possible.
<suppressed ~7 debug messages>

18. Executing SIMPLEMAP pass (map simple cells to gate primitives).

19. Executing TECHMAP pass (map to technology primitives).

19.1. Executing Verilog-2005 frontend: /home/shahid/OSPDKs/sky130A/libs.tech/openlane/sky130_fd_sc_hd/latch_map.v
Parsing Verilog input from `/home/shahid/OSPDKs/sky130A/libs.tech/openlane/sky130_fd_sc_hd/latch_map.v' to AST representation.
Generating RTLIL representation for module `\$_DLATCH_P_'.
Generating RTLIL representation for module `\$_DLATCH_N_'.
Successfully finished Verilog frontend.

19.2. Continuing TECHMAP pass.
No more expansions possible.
<suppressed ~4 debug messages>

20. Executing SIMPLEMAP pass (map simple cells to gate primitives).

21. Executing DFFLIBMAP pass (mapping DFF cells to sequential cells from liberty file).
  cell sky130_fd_sc_hd__dfxtp_2 (noninv, pins=3, area=21.27) is a direct match for cell type $_DFF_P_.
  cell sky130_fd_sc_hd__dfrtp_2 (noninv, pins=4, area=26.28) is a direct match for cell type $_DFF_PN0_.
  cell sky130_fd_sc_hd__dfstp_2 (noninv, pins=4, area=26.28) is a direct match for cell type $_DFF_PN1_.
  cell sky130_fd_sc_hd__dfbbn_2 (noninv, pins=6, area=35.03) is a direct match for cell type $_DFFSR_NNN_.
  final dff cell mappings:
    unmapped dff cell: $_DFF_N_
    \sky130_fd_sc_hd__dfxtp_2 _DFF_P_ (.CLK( C), .D( D), .Q( Q));
    unmapped dff cell: $_DFF_NN0_
    unmapped dff cell: $_DFF_NN1_
    unmapped dff cell: $_DFF_NP0_
    unmapped dff cell: $_DFF_NP1_
    \sky130_fd_sc_hd__dfrtp_2 _DFF_PN0_ (.CLK( C), .D( D), .Q( Q), .RESET_B( R));
    \sky130_fd_sc_hd__dfstp_2 _DFF_PN1_ (.CLK( C), .D( D), .Q( Q), .SET_B( R));
    unmapped dff cell: $_DFF_PP0_
    unmapped dff cell: $_DFF_PP1_
    \sky130_fd_sc_hd__dfbbn_2 _DFFSR_NNN_ (.CLK_N( C), .D( D), .Q( Q), .Q_N(~Q), .RESET_B( R), .SET_B( S));
    unmapped dff cell: $_DFFSR_NNP_
    unmapped dff cell: $_DFFSR_NPN_
    unmapped dff cell: $_DFFSR_NPP_
    unmapped dff cell: $_DFFSR_PNN_
    unmapped dff cell: $_DFFSR_PNP_
    unmapped dff cell: $_DFFSR_PPN_
    unmapped dff cell: $_DFFSR_PPP_

21.1. Executing DFFLEGALIZE pass (convert FFs to types supported by the target).
Mapping DFF cells in module `\counter':
  mapped 4 $_DFF_PN0_ cells to \sky130_fd_sc_hd__dfrtp_2 cells.

22. Printing statistics.

=== counter ===

   Number of wires:                 44
   Number of wire bits:             50
   Number of public wires:           7
   Number of public wire bits:      13
   Number of memories:               0
   Number of memory bits:            0
   Number of processes:              0
   Number of cells:                 25
     $_ANDNOT_                       4
     $_MUX_                          4
     $_NAND_                         2
     $_NOT_                          1
     $_XNOR_                         3
     $_XOR_                          3
     sky130_fd_sc_hd__dfrtp_2        4
     sky130_fd_sc_hd__mux2_1         4

[INFO]: ABC: WireLoad : S_4

23. Executing ABC pass (technology mapping using ABC).

23.1. Extracting gate netlist of module `\counter' to `/tmp/yosys-abc-nJROdl/input.blif'..
Extracted 17 gates and 27 wires to a netlist network with 10 inputs and 8 outputs.

23.1.1. Executing ABC.
Running ABC command: /build/bin/yosys-abc -s -f /tmp/yosys-abc-nJROdl/abc.script 2>&1
ABC: ABC command line: "source /tmp/yosys-abc-nJROdl/abc.script".
ABC: 
ABC: + read_blif /tmp/yosys-abc-nJROdl/input.blif 
ABC: + read_lib -w /home/shahid/caravel_user_project/openlane/counter/runs/counter/tmp/trimmed.lib 
ABC: Parsing finished successfully.  Parsing time =     0.06 sec
ABC: Scl_LibertyReadGenlib() skipped sequential cell "sky130_fd_sc_hd__dfbbn_2".
ABC: Scl_LibertyReadGenlib() skipped sequential cell "sky130_fd_sc_hd__dfrbp_2".
ABC: Scl_LibertyReadGenlib() skipped sequential cell "sky130_fd_sc_hd__dfrtp_2".
ABC: Scl_LibertyReadGenlib() skipped sequential cell "sky130_fd_sc_hd__dfrtp_4".
ABC: Scl_LibertyReadGenlib() skipped sequential cell "sky130_fd_sc_hd__dfsbp_2".
ABC: Scl_LibertyReadGenlib() skipped sequential cell "sky130_fd_sc_hd__dfstp_2".
ABC: Scl_LibertyReadGenlib() skipped sequential cell "sky130_fd_sc_hd__dfstp_4".
ABC: Scl_LibertyReadGenlib() skipped sequential cell "sky130_fd_sc_hd__dfxbp_2".
ABC: Scl_LibertyReadGenlib() skipped sequential cell "sky130_fd_sc_hd__dfxtp_2".
ABC: Scl_LibertyReadGenlib() skipped sequential cell "sky130_fd_sc_hd__dfxtp_4".
ABC: Scl_LibertyReadGenlib() skipped sequential cell "sky130_fd_sc_hd__dlxtn_1".
ABC: Scl_LibertyReadGenlib() skipped sequential cell "sky130_fd_sc_hd__dlxtn_2".
ABC: Scl_LibertyReadGenlib() skipped sequential cell "sky130_fd_sc_hd__dlxtn_4".
ABC: Scl_LibertyReadGenlib() skipped sequential cell "sky130_fd_sc_hd__dlxtp_1".
ABC: Scl_LibertyReadGenlib() skipped three-state cell "sky130_fd_sc_hd__ebufn_2".
ABC: Scl_LibertyReadGenlib() skipped three-state cell "sky130_fd_sc_hd__ebufn_4".
ABC: Scl_LibertyReadGenlib() skipped three-state cell "sky130_fd_sc_hd__ebufn_8".
ABC: Library "sky130_fd_sc_hd__tt_025C_1v80" from "/home/shahid/caravel_user_project/openlane/counter/runs/counter/tmp/trimmed.lib" has 175 cells (17 skipped: 14 seq; 3 tri-state; 0 no func; 0 dont_use).  Time =     0.08 sec
ABC: Memory =    7.77 MB. Time =     0.08 sec
ABC: Warning: Detected 2 multi-output gates (for example, "sky130_fd_sc_hd__fa_1").
ABC: + read_constr -v /home/shahid/caravel_user_project/openlane/counter/runs/counter/tmp/synthesis/yosys.sdc 
ABC: Setting driving cell to be "sky130_fd_sc_hd__inv_2".
ABC: Setting output load to be 33.442001.
ABC: + read_constr /home/shahid/caravel_user_project/openlane/counter/runs/counter/tmp/synthesis/yosys.sdc 
ABC: + fx 
ABC: + mfs 
ABC: + strash 
ABC: + refactor 
ABC: + balance 
ABC: + rewrite 
ABC: + refactor 
ABC: + balance 
ABC: + rewrite 
ABC: + rewrite -z 
ABC: + balance 
ABC: + refactor -z 
ABC: + rewrite -z 
ABC: + balance 
ABC: + retime -D -D 100000 -M 5 
ABC: + scleanup 
ABC: Error: The network is combinational.
ABC: + fraig_store 
ABC: + balance 
ABC: + fraig_store 
ABC: + balance 
ABC: + rewrite 
ABC: + refactor 
ABC: + balance 
ABC: + rewrite 
ABC: + rewrite -z 
ABC: + balance 
ABC: + refactor -z 
ABC: + rewrite -z 
ABC: + balance 
ABC: + fraig_store 
ABC: + balance 
ABC: + rewrite 
ABC: + refactor 
ABC: + balance 
ABC: + rewrite 
ABC: + rewrite -z 
ABC: + balance 
ABC: + refactor -z 
ABC: + rewrite -z 
ABC: + balance 
ABC: + fraig_store 
ABC: + balance 
ABC: + rewrite 
ABC: + refactor 
ABC: + balance 
ABC: + rewrite 
ABC: + rewrite -z 
ABC: + balance 
ABC: + refactor -z 
ABC: + rewrite -z 
ABC: + balance 
ABC: + fraig_store 
ABC: + fraig_restore 
ABC: + amap -m -Q 0.1 -F 20 -A 20 -C 5000 
ABC: + retime -D -D 100000 
ABC: + buffer -N 5 -S 750.0 
ABC: Node 32 has dup fanin 30.
ABC: Node 32 has dup fanin 31.
ABC: Node 32 has dup fanin 30.
ABC: Node 32 has dup fanin 31.
ABC: Node 34 has dup fanin 23.
ABC: Node 34 has dup fanin 9.
ABC: Node 34 has dup fanin 23.
ABC: Node 34 has dup fanin 9.
ABC: Node 35 has dup fanin 33.
ABC: Node 35 has dup fanin 34.
ABC: Node 35 has dup fanin 33.
ABC: Node 35 has dup fanin 34.
ABC: + upsize -D 100000 
ABC: Current delay (1279.57 ps) does not exceed the target delay (100000.00 ps). Upsizing is not performed.
ABC: + dnsize -D 100000 
ABC: + stime -p 
ABC: WireLoad = "none"  Gates =     19 ( 36.8 %)   Cap = 14.6 ff (  5.3 %)   Area =      157.65 ( 63.2 %)   Delay =  1020.07 ps  ( 36.8 %)               
ABC: Path  0 --       4 : 0    3 pi                         A =   0.00  Df =  32.8  -18.6 ps  S =  51.0 ps  Cin =  0.0 ff  Cout =   9.6 ff  Cmax =   0.0 ff  G =    0  
ABC: Path  1 --      24 : 1    2 sky130_fd_sc_hd__inv_2     A =   3.75  Df =  64.8  -13.1 ps  S =  29.9 ps  Cin =  4.5 ff  Cout =   4.9 ff  Cmax = 331.4 ff  G =  105  
ABC: Path  2 --      26 : 4    2 sky130_fd_sc_hd__o22a_2    A =  10.01  Df = 297.1  -96.7 ps  S =  52.9 ps  Cin =  2.4 ff  Cout =   7.1 ff  Cmax = 304.9 ff  G =  288  
ABC: Path  3 --      27 : 1    2 sky130_fd_sc_hd__inv_2     A =   3.75  Df = 346.6 -113.7 ps  S =  32.2 ps  Cin =  4.5 ff  Cout =   5.0 ff  Cmax = 331.4 ff  G =  105  
ABC: Path  4 --      30 : 4    3 sky130_fd_sc_hd__o22a_2    A =  10.01  Df = 493.5  -62.2 ps  S =  77.3 ps  Cin =  2.4 ff  Cout =  12.4 ff  Cmax = 304.9 ff  G =  498  
ABC: Path  5 --      34 : 4    2 sky130_fd_sc_hd__o22a_2    A =  10.01  Df = 661.4   -4.3 ps  S =  66.8 ps  Cin =  2.4 ff  Cout =  10.2 ff  Cmax = 304.9 ff  G =  411  
ABC: Path  6 --      36 : 4    1 sky130_fd_sc_hd__o2bb2ai_2 A =  15.01  Df =1020.1 -162.6 ps  S = 410.1 ps  Cin =  4.6 ff  Cout =  33.4 ff  Cmax = 134.6 ff  G =  722  
ABC: Start-point = pi3 (\count [1]).  End-point = po6 ($abc$166$new_n30_).
ABC: + print_stats -m 
ABC: netlist                       : i/o =   10/    8  lat =    0  nd =    19  edge =     55  area =157.62  delay = 6.00  lev = 6
ABC: + write_blif /tmp/yosys-abc-nJROdl/output.blif 

23.1.2. Re-integrating ABC results.
ABC RESULTS:   sky130_fd_sc_hd__a22o_2 cells:        1
ABC RESULTS:   sky130_fd_sc_hd__a2bb2o_2 cells:        1
ABC RESULTS:   sky130_fd_sc_hd__a2bb2oi_2 cells:        1
ABC RESULTS:   sky130_fd_sc_hd__buf_1 cells:        1
ABC RESULTS:   sky130_fd_sc_hd__inv_2 cells:        6
ABC RESULTS:   sky130_fd_sc_hd__o22a_2 cells:        8
ABC RESULTS:   sky130_fd_sc_hd__o2bb2ai_2 cells:        1
ABC RESULTS:        internal signals:        9
ABC RESULTS:           input signals:       10
ABC RESULTS:          output signals:        8
Removing temp directory.

24. Executing SETUNDEF pass (replace undef values with defined constants).

25. Executing HILOMAP pass (mapping to constant drivers).

26. Executing SPLITNETS pass (splitting up multi-bit signals).

27. Executing OPT_CLEAN pass (remove unused cells and wires).
Finding unused cells or wires in module \counter..
Removed 0 unused cells and 43 unused wires.
<suppressed ~1 debug messages>

28. Executing INSBUF pass (insert buffer cells for connected wires).

29. Executing CHECK pass (checking for obvious problems).
Checking module counter...
Warning: Wire counter.\count [3] is used but has no driver.
Warning: Wire counter.\count [2] is used but has no driver.
Warning: Wire counter.\count [1] is used but has no driver.
Warning: Wire counter.\count [0] is used but has no driver.
Found and reported 4 problems.

30. Printing statistics.

=== counter ===

   Number of wires:                 30
   Number of wire bits:             36
   Number of public wires:           7
   Number of public wire bits:      13
   Number of memories:               0
   Number of memory bits:            0
   Number of processes:              0
   Number of cells:                 27
     sky130_fd_sc_hd__a22o_2         1
     sky130_fd_sc_hd__a2bb2o_2       1
     sky130_fd_sc_hd__a2bb2oi_2      1
     sky130_fd_sc_hd__buf_1          1
     sky130_fd_sc_hd__dfrtp_2        4
     sky130_fd_sc_hd__inv_2          6
     sky130_fd_sc_hd__mux2_1         4
     sky130_fd_sc_hd__o22a_2         8
     sky130_fd_sc_hd__o2bb2ai_2      1

   Chip area for module '\counter': 307.795200

31. Executing Verilog backend.
Dumping module `\counter'.

Warnings: 4 unique messages, 4 total
End of script. Logfile hash: c8682b34ba, CPU: user 0.34s system 0.02s, MEM: 44.38 MB peak
Yosys 0.9+4052 (git sha1 UNKNOWN, gcc 8.3.1 -fPIC -Os)
Time spent: 38% 2x abc (0 sec), 32% 4x stat (0 sec), ...
