OpenROAD b79f266fe41540eabc064bcaddfe19ed715ac5c2 
This program is licensed under the BSD-3 license. See the LICENSE file for details.
Components of this program may be licensed under more restrictive licenses which must be honored.
[INFO ODB-0222] Reading LEF file: /home/shahid/caravel_user_project/openlane/user_proj_dummy/runs/user_proj_dummy/tmp/merged_unpadded.lef
[INFO ODB-0223]     Created 13 technology layers
[INFO ODB-0224]     Created 25 technology vias
[INFO ODB-0225]     Created 441 library cells
[INFO ODB-0226] Finished LEF file:  /home/shahid/caravel_user_project/openlane/user_proj_dummy/runs/user_proj_dummy/tmp/merged_unpadded.lef
[INFO ODB-0127] Reading DEF file: /home/shahid/caravel_user_project/openlane/user_proj_dummy/runs/user_proj_dummy/tmp/placement/15-diodes.def
[INFO ODB-0128] Design: user_proj_dummy
[INFO ODB-0130]     Created 610 pins.
[INFO ODB-0131]     Created 7960 components and 17801 component-terminals.
[INFO ODB-0132]     Created 2 special nets and 17288 connections.
[INFO ODB-0133]     Created 619 nets and 279 connections.
[INFO ODB-0134] Finished DEF file: /home/shahid/caravel_user_project/openlane/user_proj_dummy/runs/user_proj_dummy/tmp/placement/15-diodes.def
Placement Analysis
---------------------------------
total displacement         29.3 u
average displacement        0.0 u
max displacement            6.4 u
original HPWL            4079.6 u
legalized HPWL           4265.2 u
delta HPWL                    5 %

[INFO DPL-0020] Mirrored 241 instances
[INFO DPL-0021] HPWL before            4265.2 u
[INFO DPL-0022] HPWL after             4095.9 u
[INFO DPL-0023] HPWL delta               -4.0 %
