[INFO]: Current run directory is /home/shahid/caravel_user_project/openlane/counter/runs/counter
[INFO]: Preparing LEF Files
[INFO]: Extracting the number of available metal layers from /home/shahid/OSPDKs/sky130A/libs.ref/sky130_fd_sc_hd/techlef/sky130_fd_sc_hd.tlef
[INFO]: The number of available metal layers is 6
[INFO]: The available metal layers are li1 met1 met2 met3 met4 met5
[INFO]: Merging LEF Files...
[INFO]: Trimming Liberty...
[INFO]: Generating Exclude List...
[INFO]: Generating Exclude List...
[INFO]: Creating ::env(DONT_USE_CELLS)...
[INFO]: Storing configs into config.tcl ...
[INFO]: Preparation complete
[INFO]: Running Synthesis...
[INFO]: current step index: 1
[INFO]: Changing netlist from 0 to /home/shahid/caravel_user_project/openlane/counter/runs/counter/results/synthesis/counter.synthesis.v
[INFO]: Running Static Timing Analysis...
[INFO]: current step index: 2
[INFO]: Synthesis was successful
[INFO]: Running Floorplanning...
[INFO]: Running Initial Floorplanning...
[INFO]: current step index: 3
[INFO]: Core area width: 588.96
[INFO]: Core area height: 578.24
[INFO]: Final Vertical PDN Offset: 16.32
[INFO]: Final Horizontal PDN Offset: 16.65
[INFO]: Final Vertical PDN Pitch: 153.6
[INFO]: Final Horizontal PDN Pitch: 153.18
[INFO]: Changing layout from 0 to /home/shahid/caravel_user_project/openlane/counter/runs/counter/tmp/floorplan/3-init_floorplan_openroad.def
[INFO]: Running IO Placement...
[INFO]: current step index: 4
[INFO]: Changing layout from /home/shahid/caravel_user_project/openlane/counter/runs/counter/tmp/floorplan/3-init_floorplan_openroad.def to /home/shahid/caravel_user_project/openlane/counter/runs/counter/tmp/floorplan/4-ioPlacer.def
[INFO]: Running Tap/Decap Insertion...
[INFO]: current step index: 5
[INFO]: Changing layout from /home/shahid/caravel_user_project/openlane/counter/runs/counter/tmp/floorplan/4-ioPlacer.def to /home/shahid/caravel_user_project/openlane/counter/runs/counter/results/floorplan/counter.floorplan.def
[INFO]: Power planning the following nets
[INFO]: Power: vccd1
[INFO]: Ground: vssd1
[INFO]: Generating PDN...
[INFO]: current step index: 6
[INFO]: current step index: 7
[INFO]: PDN generation was successful.
[INFO]: Changing layout from /home/shahid/caravel_user_project/openlane/counter/runs/counter/results/floorplan/counter.floorplan.def to /home/shahid/caravel_user_project/openlane/counter/runs/counter/tmp/floorplan/6-pdn.def
[INFO]: Running Placement...
[INFO]: Running Global Placement...
[INFO]: current step index: 8
[INFO]: Global placement was successful
[INFO]: Changing layout from /home/shahid/caravel_user_project/openlane/counter/runs/counter/tmp/floorplan/6-pdn.def to /home/shahid/caravel_user_project/openlane/counter/runs/counter/tmp/placement/8-replace.def
[INFO]: Running Resizer Design Optimizations...
[INFO]: Changing layout from /home/shahid/caravel_user_project/openlane/counter/runs/counter/tmp/placement/8-replace.def to /home/shahid/caravel_user_project/openlane/counter/runs/counter/tmp/placement/8-resizer.def
[INFO]: Writing Verilog...
[INFO]: current step index: 9
[INFO]: Changing netlist from /home/shahid/caravel_user_project/openlane/counter/runs/counter/results/synthesis/counter.synthesis.v to /home/shahid/caravel_user_project/openlane/counter/runs/counter/results/resizer/counter_optimized.v
[INFO]: Running Detailed Placement...
[INFO]: current step index: 10
[INFO]: Changing layout from /home/shahid/caravel_user_project/openlane/counter/runs/counter/tmp/placement/8-resizer.def to /home/shahid/caravel_user_project/openlane/counter/runs/counter/results/placement/counter.placement.def
[INFO]: Changing layout from /home/shahid/caravel_user_project/openlane/counter/runs/counter/results/placement/counter.placement.def to /home/shahid/caravel_user_project/openlane/counter/runs/counter/results/placement/counter.placement.def
[INFO]: Running TritonCTS...
[INFO]: current step index: 11
[INFO]: Trimming Liberty...
[INFO]: Generating Exclude List...
[INFO]: Clock Tree Synthesis was successful
[INFO]: Changing layout from /home/shahid/caravel_user_project/openlane/counter/runs/counter/results/placement/counter.placement.def to /home/shahid/caravel_user_project/openlane/counter/runs/counter/results/cts/counter.cts.def
[INFO]: Writing Verilog...
[INFO]: current step index: 12
[INFO]: Changing netlist from /home/shahid/caravel_user_project/openlane/counter/runs/counter/results/resizer/counter_optimized.v to /home/shahid/caravel_user_project/openlane/counter/runs/counter/results/cts/counter.cts_resynth.v
[INFO]: Running Resizer Timing Optimizations...
[INFO]: Changing layout from /home/shahid/caravel_user_project/openlane/counter/runs/counter/results/cts/counter.cts.def to /home/shahid/caravel_user_project/openlane/counter/runs/counter/tmp/placement/12-resizer_timing.def
[INFO]: Writing Verilog...
[INFO]: current step index: 13
[INFO]: Changing netlist from /home/shahid/caravel_user_project/openlane/counter/runs/counter/results/cts/counter.cts_resynth.v to /home/shahid/caravel_user_project/openlane/counter/runs/counter/results/resizer/counter_optimized.v
[INFO]: Routing...
[INFO]: Running Resizer Timing Optimizations...
[INFO]: Changing layout from /home/shahid/caravel_user_project/openlane/counter/runs/counter/tmp/placement/12-resizer_timing.def to /home/shahid/caravel_user_project/openlane/counter/runs/counter/tmp/placement/13-resizer_timing.def
[INFO]: Writing Verilog...
[INFO]: current step index: 14
[INFO]: Changing netlist from /home/shahid/caravel_user_project/openlane/counter/runs/counter/results/resizer/counter_optimized.v to /home/shahid/caravel_user_project/openlane/counter/runs/counter/results/resizer/counter_optimized.v
[INFO]: Running Detailed Placement...
[INFO]: current step index: 15
[INFO]: Changing layout from /home/shahid/caravel_user_project/openlane/counter/runs/counter/tmp/placement/13-resizer_timing.def to /home/shahid/caravel_user_project/openlane/counter/runs/counter/results/placement/counter.placement.def
[INFO]: Changing layout from /home/shahid/caravel_user_project/openlane/counter/runs/counter/results/placement/counter.placement.def to /home/shahid/caravel_user_project/openlane/counter/runs/counter/results/placement/counter.placement.def
[INFO]: Running Global Routing...
[INFO]: current step index: 16
[INFO]: Changing layout from /home/shahid/caravel_user_project/openlane/counter/runs/counter/results/placement/counter.placement.def to /home/shahid/caravel_user_project/openlane/counter/runs/counter/tmp/routing/16-fastroute.def
[INFO]: Changing layout from 0 to /home/shahid/caravel_user_project/openlane/counter/runs/counter/tmp/routing/16-fastroute.guide
[INFO]: Changing layout from /home/shahid/caravel_user_project/openlane/counter/runs/counter/tmp/routing/16-fastroute.def to /home/shahid/caravel_user_project/openlane/counter/runs/counter/tmp/routing/16-fastroute.def
[INFO]: Changing layout from /home/shahid/caravel_user_project/openlane/counter/runs/counter/tmp/routing/16-fastroute.guide to /home/shahid/caravel_user_project/openlane/counter/runs/counter/tmp/routing/16-fastroute.guide
[INFO]: Current Def is /home/shahid/caravel_user_project/openlane/counter/runs/counter/tmp/routing/16-fastroute.def
[INFO]: Current Guide is /home/shahid/caravel_user_project/openlane/counter/runs/counter/tmp/routing/16-fastroute.guide
[INFO]: Running Fill Insertion...
[INFO]: current step index: 17
[INFO]: Changing layout from /home/shahid/caravel_user_project/openlane/counter/runs/counter/tmp/routing/16-fastroute.def to /home/shahid/caravel_user_project/openlane/counter/runs/counter/tmp/routing/17-addspacers.def
[INFO]: Writing Verilog...
[INFO]: current step index: 18
[INFO]: Changing netlist from /home/shahid/caravel_user_project/openlane/counter/runs/counter/results/resizer/counter_optimized.v to /home/shahid/caravel_user_project/openlane/counter/runs/counter/tmp/routing/fastroute_gr.v
[INFO]: Running Detailed Routing...
[INFO]: current step index: 19
[INFO]: No DRC violations after detailed routing.
[INFO]: Changing layout from /home/shahid/caravel_user_project/openlane/counter/runs/counter/tmp/routing/17-addspacers.def to /home/shahid/caravel_user_project/openlane/counter/runs/counter/results/routing/18-counter.def
[INFO]: Running SPEF Extraction...
[INFO]: current step index: 20
[INFO]: Running Static Timing Analysis...
[INFO]: current step index: 21
[INFO]: Running SPEF Extraction...
[INFO]: current step index: 22
[INFO]: Running SPEF Extraction...
[INFO]: current step index: 23
[INFO]: Running Static Timing Analysis...
[INFO]: current step index: 24
[INFO]: Calculating Runtime From the Start...
[INFO]: Routing completed for counter/2022.06.15_10.47.29 in 0h1m17s
[INFO]: Writing Powered Verilog...
[INFO]: current step index: 25
[INFO]: Writing Verilog...
[INFO]: current step index: 26
[INFO]: Yosys won't attempt to rewrite verilog, and the OpenROAD output will be used as is.
[INFO]: Changing netlist from /home/shahid/caravel_user_project/openlane/counter/runs/counter/tmp/routing/fastroute_gr.v to /home/shahid/caravel_user_project/openlane/counter/runs/counter/results/lvs/counter.lvs.powered.v
[INFO]: Running Magic to generate various views...
[INFO]: Streaming out GDS II...
[INFO]: current step index: 27
[INFO]: current step index: 28
[INFO]: current step index: 29
[INFO]: current step index: 30
[INFO]: Running Klayout to re-generate GDS-II...
[INFO]: Streaming out GDS II...
[INFO]: current step index: 31
[INFO]: Back-up GDS-II streamed out.
[INFO]: Running XOR on the layouts using Klayout...
[INFO]: current step index: 32
[INFO]: current step index: 33
[INFO]: Klayout XOR Complete
[INFO]: Running Magic Spice Export from LEF...
[INFO]: current step index: 34
[INFO]: No Illegal overlaps detected during extraction.
[INFO]: Running LEF LVS...
[INFO]: /home/shahid/caravel_user_project/openlane/counter/runs/counter/results/magic/counter.spice against /home/shahid/caravel_user_project/openlane/counter/runs/counter/results/lvs/counter.lvs.powered.v
[INFO]: current step index: 35
[INFO]: No LVS mismatches.
[INFO]: Running Magic DRC...
[INFO]: current step index: 36
[INFO]: Converting Magic DRC Violations to Magic Readable Format...
[INFO]: Converting Magic DRC Violations to Klayout XML Database...
[INFO]: Converting DRC Violations to RDB Format...
[INFO]: Converted DRC Violations to RDB Format
[INFO]: No DRC violations after GDS streaming out.
[INFO]: Running Antenna Checks...
[INFO]: Running OpenROAD Antenna Rule Checker...
[INFO]: current step index: 37
[INFO]: current step index: 38
[INFO]: Running CVC
[INFO]: current step index: 39
[INFO]: Saving Magic Views in /home/shahid/caravel_user_project
[INFO]: Calculating Runtime From the Start...
[INFO]: flow completed for counter/2022.06.15_10.47.29 in 0h2m57s
[INFO]: Saving Runtime Environment
[INFO]: Generating Final Summary Report...
[INFO]: Design Name: counter
Run Directory: /home/shahid/caravel_user_project/openlane/counter/runs/counter
----------------------------------------

Magic DRC Summary:
Source: /home/shahid/caravel_user_project/openlane/counter/runs/counter/reports/magic/36-magic.drc
Total Magic DRC violations is 0
----------------------------------------

LVS Summary:
Source: /home/shahid/caravel_user_project/openlane/counter/runs/counter/results/lvs/counter.lvs_parsed.lef.log
LVS reports no net, device, pin, or property mismatches.
Total errors = 0
----------------------------------------

Antenna Summary:
Source: /home/shahid/caravel_user_project/openlane/counter/runs/counter/reports/routing/38-antenna.rpt
Number of pins violated: 0
Number of nets violated: 0
[INFO]: check full report here: /home/shahid/caravel_user_project/openlane/counter/runs/counter/reports/final_summary_report.csv
[INFO]: There are no max slew violations in the design at the typical corner.
[INFO]: There are no hold violations in the design at the typical corner.
[INFO]: There are no setup violations in the design at the typical corner.
[SUCCESS]: Flow Completed Without Fatal Errors.
