
Magic 8.3 revision 209 - Compiled on Thu Oct 21 08:30:54 UTC 2021.
Starting magic under Tcl interpreter
Using the terminal as the console.
Using NULL graphics device.
Processing system .magicrc file
Sourcing design .magicrc for technology sky130A ...
2 Magic internal units = 1 Lambda
Input style sky130(vendor): scaleFactor=2, multiplier=2
Scaled tech values by 2 / 1 to match internal grid scaling
Loading sky130A Device Generator Menu ...
Loading "/openlane/scripts/magic/drc.tcl" from command line.
Warning: Calma reading is not undoable!  I hope that's OK.
Library written using GDS-II Release 3.0
Library name: user_proj_dummy
Reading "sky130_fd_sc_hd__decap_12".
Reading "sky130_fd_sc_hd__decap_3".
Reading "sky130_fd_sc_hd__conb_1".
Reading "sky130_fd_sc_hd__decap_4".
Reading "sky130_fd_sc_hd__decap_8".
Reading "sky130_fd_sc_hd__tapvpwrvgnd_1".
Reading "sky130_fd_sc_hd__fill_1".
Reading "sky130_fd_sc_hd__decap_6".
Reading "sky130_fd_sc_hd__fill_2".
Reading "sky130_fd_sc_hd__diode_2".
Reading "sky130_fd_sc_hd__dfxtp_1".
Reading "sky130_fd_sc_hd__inv_2".
Reading "sky130_fd_sc_hd__clkbuf_2".
Reading "sky130_fd_sc_hd__buf_2".
Reading "sky130_fd_sc_hd__clkbuf_1".
Reading "sky130_fd_sc_hd__buf_12".
Reading "user_proj_dummy".
    5000 uses
    10000 uses
    15000 uses
    20000 uses
    25000 uses
    30000 uses
    35000 uses
    40000 uses
    45000 uses
    50000 uses
[INFO]: Loading user_proj_dummy

DRC style is now "drc(full)"
Loading DRC CIF style.
No errors found.
[INFO]: COUNT: 0
[INFO]: Should be divided by 3 or 4
[INFO]: DRC Checking DONE (/home/shahid/caravel_user_project/openlane/user_proj_dummy/runs/user_proj_dummy/reports/magic/38-magic.drc)
[INFO]: Saving mag view with DRC errors(/home/shahid/caravel_user_project/openlane/user_proj_dummy/runs/user_proj_dummy/results/magic/user_proj_dummy.drc.mag)
[INFO]: Saved
