2022-11-06 09:09:04 - [INFO] - {{EXTRACTING FILES}} Extracting compressed files in: /home/shahid/caravel_user_project
2022-11-06 09:09:04 - [INFO] - {{Project Type Info}} digital
2022-11-06 09:09:04 - [INFO] - {{Project GDS Info}} user_project_wrapper: 5307729ef5e6407695f8cc7db7e3d288d6ab8e06
2022-11-06 09:09:05 - [INFO] - {{Tools Info}} KLayout: v0.27.10 | Magic: v8.3.315
2022-11-06 09:09:05 - [INFO] - {{PDKs Info}} Open PDKs: 27ecf1c16911f7dd4428ffab96f62c1fb876ea70 | Skywater PDK: c094b6e83a4f9298e47f696ec5a7fd53535ec5eb
2022-11-06 09:09:05 - [INFO] - {{START}} Precheck Started, the full log 'precheck.log' will be located in '/home/shahid/caravel_user_project/precheck_results/06_NOV_2022___09_09_04/logs'
2022-11-06 09:09:05 - [INFO] - {{PRECHECK SEQUENCE}} Precheck will run the following checks: [License, Makefile, Default, Documentation, Consistency, XOR, Magic DRC, Klayout FEOL, Klayout BEOL, Klayout Offgrid, Klayout Metal Minimum Clear Area Density, Klayout Pin Label Purposes Overlapping Drawing, Klayout ZeroArea]
2022-11-06 09:09:05 - [INFO] - {{STEP UPDATE}} Executing Check 1 of 13: License
2022-11-06 09:09:05 - [INFO] - An approved LICENSE (Apache-2.0) was found in /home/shahid/caravel_user_project.
2022-11-06 09:09:05 - [INFO] - {{MAIN LICENSE CHECK PASSED}} An approved LICENSE was found in project root.
2022-11-06 09:09:06 - [INFO] - An approved LICENSE (Apache-2.0) was found in /home/shahid/caravel_user_project.
2022-11-06 09:09:06 - [INFO] - An approved LICENSE (Apache-2.0) was found in /home/shahid/caravel_user_project.
2022-11-06 09:09:07 - [INFO] - An approved LICENSE (Apache-2.0) was found in /home/shahid/caravel_user_project.
2022-11-06 09:09:07 - [INFO] - {{SUBMODULES LICENSE CHECK PASSED}} No prohibited LICENSE file(s) was found in project submodules
2022-11-06 09:09:07 - [INFO] - {{SPDX COMPLIANCE CHECK PASSED}} Project is compliant with the SPDX Standard
2022-11-06 09:09:07 - [INFO] - {{STEP UPDATE}} Executing Check 2 of 13: Makefile
2022-11-06 09:09:07 - [INFO] - {{MAKEFILE CHECK PASSED}} Makefile valid.
2022-11-06 09:09:07 - [INFO] - {{STEP UPDATE}} Executing Check 3 of 13: Default
2022-11-06 09:09:07 - [INFO] - {{README DEFAULT CHECK PASSED}} Project 'README.md' was modified and is not identical to the default 'README.md'
2022-11-06 09:09:09 - [INFO] - {{CONTENT DEFAULT CHECK PASSED}} Project 'gds' was modified and is not identical to the default 'gds'
2022-11-06 09:09:09 - [INFO] - {{STEP UPDATE}} Executing Check 4 of 13: Documentation
2022-11-06 09:09:09 - [INFO] - {{DOCUMENTATION CHECK PASSED}} Project documentation is appropriate.
2022-11-06 09:09:09 - [INFO] - {{STEP UPDATE}} Executing Check 5 of 13: Consistency
2022-11-06 09:09:14 - [INFO] - HIERARCHY CHECK PASSED: Module user_project_wrapper is instantiated in caravel. 
2022-11-06 09:09:14 - [INFO] - COMPLEXITY CHECK PASSED: Netlist caravel contains at least 8 instances (90 instances). 
2022-11-06 09:09:14 - [INFO] - MODELING CHECK PASSED: Netlist caravel is structural.
2022-11-06 09:09:14 - [INFO] - SUBMODULE HOOKS CHECK PASSED: All module ports for user_project_wrapper are correctly connected in the top level netlist caravel.
2022-11-06 09:09:14 - [INFO] - POWER CONNECTIONS CHECK PASSED: All instances in caravel are connected to power
2022-11-06 09:09:14 - [INFO] - {{NETLIST CONSISTENCY CHECK PASSED}} caravel netlist passed all consistency checks.
2022-11-06 09:09:14 - [INFO] - PORTS CHECK PASSED: Netlist user_project_wrapper ports match the golden wrapper ports
2022-11-06 09:09:14 - [INFO] - COMPLEXITY CHECK PASSED: Netlist user_project_wrapper contains at least 1 instances (1 instances). 
2022-11-06 09:09:14 - [INFO] - MODELING CHECK PASSED: Netlist user_project_wrapper is structural.
2022-11-06 09:09:14 - [INFO] - LAYOUT CHECK PASSED: The GDS layout for user_project_wrapper matches the provided structural netlist.
2022-11-06 09:09:14 - [INFO] - POWER CONNECTIONS CHECK PASSED: All instances in user_project_wrapper are connected to power
2022-11-06 09:09:14 - [INFO] - PORT TYPES CHECK PASSED: Netlist user_project_wrapper port types match the golden wrapper port types.
2022-11-06 09:09:14 - [INFO] - {{NETLIST CONSISTENCY CHECK PASSED}} user_project_wrapper netlist passed all consistency checks.
2022-11-06 09:09:15 - [INFO] - {{CONSISTENCY CHECK PASSED}} The user netlist and the top netlist are valid.
2022-11-06 09:09:15 - [INFO] - {{STEP UPDATE}} Executing Check 6 of 13: XOR
2022-11-06 09:12:18 - [INFO] - {{XOR CHECK UPDATE}} Total XOR differences: 0, for more details view /home/shahid/caravel_user_project/precheck_results/06_NOV_2022___09_09_04/outputs/user_project_wrapper.xor.gds
2022-11-06 09:12:18 - [INFO] - {{XOR CHECK PASSED}} The GDS file has no XOR violations.
2022-11-06 09:12:18 - [INFO] - {{STEP UPDATE}} Executing Check 7 of 13: Magic DRC
2022-11-06 09:16:32 - [INFO] - 0 DRC violations
2022-11-06 09:16:32 - [INFO] - {{MAGIC DRC CHECK PASSED}} The GDS file, user_project_wrapper.gds, has no DRC violations.
2022-11-06 09:16:32 - [INFO] - {{STEP UPDATE}} Executing Check 8 of 13: Klayout FEOL
2022-11-06 09:18:30 - [INFO] - No DRC Violations found
2022-11-06 09:18:30 - [INFO] - {{Klayout FEOL CHECK PASSED}} The GDS file, user_project_wrapper.gds, has no DRC violations.
2022-11-06 09:18:30 - [INFO] - {{STEP UPDATE}} Executing Check 9 of 13: Klayout BEOL
2022-11-06 09:45:44 - [INFO] - No DRC Violations found
2022-11-06 09:45:44 - [INFO] - {{Klayout BEOL CHECK PASSED}} The GDS file, user_project_wrapper.gds, has no DRC violations.
2022-11-06 09:45:44 - [INFO] - {{STEP UPDATE}} Executing Check 10 of 13: Klayout Offgrid
2022-11-06 09:50:01 - [INFO] - No DRC Violations found
2022-11-06 09:50:01 - [INFO] - {{Klayout Offgrid CHECK PASSED}} The GDS file, user_project_wrapper.gds, has no DRC violations.
2022-11-06 09:50:01 - [INFO] - {{STEP UPDATE}} Executing Check 11 of 13: Klayout Metal Minimum Clear Area Density
2022-11-06 09:52:00 - [INFO] - No DRC Violations found
2022-11-06 09:52:00 - [INFO] - {{Klayout Metal Minimum Clear Area Density CHECK PASSED}} The GDS file, user_project_wrapper.gds, has no DRC violations.
2022-11-06 09:52:00 - [INFO] - {{STEP UPDATE}} Executing Check 12 of 13: Klayout Pin Label Purposes Overlapping Drawing
2022-11-06 09:52:35 - [INFO] - No DRC Violations found
2022-11-06 09:52:35 - [INFO] - {{Klayout Pin Label Purposes Overlapping Drawing CHECK PASSED}} The GDS file, user_project_wrapper.gds, has no DRC violations.
2022-11-06 09:52:35 - [INFO] - {{STEP UPDATE}} Executing Check 13 of 13: Klayout ZeroArea
2022-11-06 09:52:47 - [INFO] - No DRC Violations found
2022-11-06 09:52:47 - [INFO] - {{Klayout ZeroArea CHECK PASSED}} The GDS file, user_project_wrapper.gds, has no DRC violations.
2022-11-06 09:52:47 - [INFO] - {{FINISH}} Executing Finished, the full log 'precheck.log' can be found in '/home/shahid/caravel_user_project/precheck_results/06_NOV_2022___09_09_04/logs'
2022-11-06 09:52:47 - [INFO] - {{SUCCESS}} All Checks Passed !!!
