OpenROAD b79f266fe41540eabc064bcaddfe19ed715ac5c2 
This program is licensed under the BSD-3 license. See the LICENSE file for details.
Components of this program may be licensed under more restrictive licenses which must be honored.
[INFO ODB-0222] Reading LEF file: /home/shahid/caravel_user_project/openlane/user_proj_dummy/runs/user_proj_dummy/tmp/merged_unpadded.lef
[INFO ODB-0223]     Created 13 technology layers
[INFO ODB-0224]     Created 25 technology vias
[INFO ODB-0225]     Created 441 library cells
[INFO ODB-0226] Finished LEF file:  /home/shahid/caravel_user_project/openlane/user_proj_dummy/runs/user_proj_dummy/tmp/merged_unpadded.lef
[INFO ODB-0127] Reading DEF file: /home/shahid/caravel_user_project/openlane/user_proj_dummy/runs/user_proj_dummy/tmp/routing/19-fastroute.def
[INFO ODB-0128] Design: user_proj_dummy
[INFO ODB-0130]     Created 610 pins.
[INFO ODB-0131]     Created 51743 components and 192933 component-terminals.
[INFO ODB-0132]     Created 2 special nets and 192420 connections.
[INFO ODB-0133]     Created 619 nets and 279 connections.
[INFO ODB-0134] Finished DEF file: /home/shahid/caravel_user_project/openlane/user_proj_dummy/runs/user_proj_dummy/tmp/routing/19-fastroute.def
[INFO ORD-0030] Using 2 thread(s).
[INFO DRT-0149] Reading tech and libs.

Units:                1000
Number of layers:     13
Number of macros:     441
Number of vias:       25
Number of viarulegen: 25

[INFO DRT-0150] Reading design.

Design:                   user_proj_dummy
Die area:                 ( 0 0 ) ( 900000 600000 )
Number of track patterns: 12
Number of DEF vias:       3
Number of components:     51743
Number of terminals:      610
Number of snets:          2
Number of nets:           619

[INFO DRT-0151] Reading guide.

Number of guides:     891

[INFO DRT-0167] List of default vias:
  Layer mcon
    default via: L1M1_PR_MR
  Layer via
    default via: M1M2_PR
  Layer via2
    default via: M2M3_PR_M
  Layer via3
    default via: M3M4_PR_M
  Layer via4
    default via: M4M5_PR_C
[INFO DRT-0162] Library cell analysis.
[INFO DRT-0163] Instance analysis.
  Complete 10000 instances.
  Complete 20000 instances.
  Complete 30000 instances.
  Complete 40000 instances.
  Complete 50000 instances.
[INFO DRT-0164] Number of unique instances = 33.
[INFO DRT-0168] Init region query.
[INFO DRT-0018]   Complete 10000 insts.
[INFO DRT-0018]   Complete 20000 insts.
[INFO DRT-0018]   Complete 30000 insts.
[INFO DRT-0018]   Complete 40000 insts.
[INFO DRT-0018]   Complete 50000 insts.
[INFO DRT-0024]   Complete FR_MASTERSLICE.
[INFO DRT-0024]   Complete FR_VIA.
[INFO DRT-0024]   Complete li1.
[INFO DRT-0024]   Complete mcon.
[INFO DRT-0024]   Complete met1.
[INFO DRT-0024]   Complete via.
[INFO DRT-0024]   Complete met2.
[INFO DRT-0024]   Complete via2.
[INFO DRT-0024]   Complete met3.
[INFO DRT-0024]   Complete via3.
[INFO DRT-0024]   Complete met4.
[INFO DRT-0024]   Complete via4.
[INFO DRT-0024]   Complete met5.
[INFO DRT-0033] FR_MASTERSLICE shape region query size = 0.
[INFO DRT-0033] FR_VIA shape region query size = 0.
[INFO DRT-0033] li1 shape region query size = 266964.
[INFO DRT-0033] mcon shape region query size = 819180.
[INFO DRT-0033] met1 shape region query size = 105005.
[INFO DRT-0033] via shape region query size = 6390.
[INFO DRT-0033] met2 shape region query size = 3164.
[INFO DRT-0033] via2 shape region query size = 5112.
[INFO DRT-0033] met3 shape region query size = 2556.
[INFO DRT-0033] via3 shape region query size = 5112.
[INFO DRT-0033] met4 shape region query size = 1302.
[INFO DRT-0033] via4 shape region query size = 0.
[INFO DRT-0033] met5 shape region query size = 0.
[INFO DRT-0165] Start pin access.
[INFO DRT-0078]   Complete 25 pins.
[INFO DRT-0081]   Complete 27 unique inst patterns.
[INFO DRT-0084]   Complete 260 groups.
#scanned instances     = 51743
#unique  instances     = 33
#stdCellGenAp          = 221
#stdCellValidPlanarAp  = 0
#stdCellValidViaAp     = 165
#stdCellPinNoAp        = 0
#stdCellPinCnt         = 279
#instTermValidViaApCnt = 0
#macroGenAp            = 0
#macroValidPlanarAp    = 0
#macroValidViaAp       = 0
#macroNoAp             = 0
[INFO DRT-0166] Complete pin access.
[INFO DRT-0267] cpu time = 00:00:00, elapsed time = 00:00:00, memory = 249.14 (MB), peak = 270.18 (MB)
[INFO DRT-0169] Post process guides.
[INFO DRT-0176] GCELLGRID X 0 DO 86 STEP 6900 ;
[INFO DRT-0177] GCELLGRID Y 0 DO 130 STEP 6900 ;
[INFO DRT-0028]   Complete FR_MASTERSLICE.
[INFO DRT-0028]   Complete FR_VIA.
[INFO DRT-0028]   Complete li1.
[INFO DRT-0028]   Complete mcon.
[INFO DRT-0028]   Complete met1.
[INFO DRT-0028]   Complete via.
[INFO DRT-0028]   Complete met2.
[INFO DRT-0028]   Complete via2.
[INFO DRT-0028]   Complete met3.
[INFO DRT-0028]   Complete via3.
[INFO DRT-0028]   Complete met4.
[INFO DRT-0028]   Complete via4.
[INFO DRT-0028]   Complete met5.
[INFO DRT-0178] Init guide query.
[INFO DRT-0035]   Complete FR_MASTERSLICE (guide).
[INFO DRT-0035]   Complete FR_VIA (guide).
[INFO DRT-0035]   Complete li1 (guide).
[INFO DRT-0035]   Complete mcon (guide).
[INFO DRT-0035]   Complete met1 (guide).
[INFO DRT-0035]   Complete via (guide).
[INFO DRT-0035]   Complete met2 (guide).
[INFO DRT-0035]   Complete via2 (guide).
[INFO DRT-0035]   Complete met3 (guide).
[INFO DRT-0035]   Complete via3 (guide).
[INFO DRT-0035]   Complete met4 (guide).
[INFO DRT-0035]   Complete via4 (guide).
[INFO DRT-0035]   Complete met5 (guide).
[INFO DRT-0036] FR_MASTERSLICE guide region query size = 0.
[INFO DRT-0036] FR_VIA guide region query size = 0.
[INFO DRT-0036] li1 guide region query size = 270.
[INFO DRT-0036] mcon guide region query size = 0.
[INFO DRT-0036] met1 guide region query size = 291.
[INFO DRT-0036] via guide region query size = 0.
[INFO DRT-0036] met2 guide region query size = 279.
[INFO DRT-0036] via2 guide region query size = 0.
[INFO DRT-0036] met3 guide region query size = 0.
[INFO DRT-0036] via3 guide region query size = 0.
[INFO DRT-0036] met4 guide region query size = 0.
[INFO DRT-0036] via4 guide region query size = 0.
[INFO DRT-0036] met5 guide region query size = 0.
[INFO DRT-0179] Init gr pin query.
[INFO DRT-0185] Post process initialize RPin region query.
[INFO DRT-0181] Start track assignment.
[INFO DRT-0184] Done with 549 vertical wires in 3 frboxes and 291 horizontal wires in 2 frboxes.
[INFO DRT-0186] Done with 17 vertical wires in 3 frboxes and 17 horizontal wires in 2 frboxes.
[INFO DRT-0182] Complete track assignment.
[INFO DRT-0267] cpu time = 00:00:02, elapsed time = 00:00:01, memory = 333.95 (MB), peak = 383.28 (MB)
[INFO DRT-0187] Start routing data preparation.
[INFO DRT-0267] cpu time = 00:00:00, elapsed time = 00:00:00, memory = 333.95 (MB), peak = 383.28 (MB)
[INFO DRT-0194] Start detail routing.
[INFO DRT-0195] Start 0th optimization iteration.
    Completing 10% with 0 violations.
    elapsed time = 00:00:00, memory = 355.35 (MB).
    Completing 20% with 0 violations.
    elapsed time = 00:00:01, memory = 356.56 (MB).
    Completing 30% with 5 violations.
    elapsed time = 00:00:02, memory = 356.88 (MB).
    Completing 40% with 5 violations.
    elapsed time = 00:00:02, memory = 357.07 (MB).
    Completing 50% with 5 violations.
    elapsed time = 00:00:03, memory = 357.07 (MB).
    Completing 60% with 5 violations.
    elapsed time = 00:00:04, memory = 357.07 (MB).
    Completing 70% with 5 violations.
    elapsed time = 00:00:05, memory = 357.07 (MB).
    Completing 80% with 12 violations.
    elapsed time = 00:00:05, memory = 357.07 (MB).
    Completing 90% with 12 violations.
    elapsed time = 00:00:06, memory = 357.21 (MB).
    Completing 100% with 11 violations.
    elapsed time = 00:00:07, memory = 357.21 (MB).
[INFO DRT-0199]   Number of violations = 121.
[INFO DRT-0267] cpu time = 00:00:16, elapsed time = 00:00:08, memory = 633.07 (MB), peak = 633.07 (MB)
Total wire length = 3586 um.
Total wire length on LAYER li1 = 4 um.
Total wire length on LAYER met1 = 1301 um.
Total wire length on LAYER met2 = 2279 um.
Total wire length on LAYER met3 = 0 um.
Total wire length on LAYER met4 = 0 um.
Total wire length on LAYER met5 = 0 um.
Total number of vias = 563.
Up-via summary (total 563):.

----------------------
 FR_MASTERSLICE      0
            li1    283
           met1    280
           met2      0
           met3      0
           met4      0
----------------------
                   563


[INFO DRT-0195] Start 1st optimization iteration.
    Completing 10% with 121 violations.
    elapsed time = 00:00:00, memory = 633.15 (MB).
    Completing 20% with 121 violations.
    elapsed time = 00:00:01, memory = 633.15 (MB).
    Completing 30% with 49 violations.
    elapsed time = 00:00:02, memory = 633.15 (MB).
    Completing 40% with 49 violations.
    elapsed time = 00:00:02, memory = 633.15 (MB).
    Completing 50% with 49 violations.
    elapsed time = 00:00:03, memory = 633.15 (MB).
    Completing 60% with 49 violations.
    elapsed time = 00:00:04, memory = 633.15 (MB).
    Completing 70% with 49 violations.
    elapsed time = 00:00:05, memory = 633.15 (MB).
    Completing 80% with 0 violations.
    elapsed time = 00:00:05, memory = 633.15 (MB).
    Completing 90% with 0 violations.
    elapsed time = 00:00:06, memory = 633.15 (MB).
    Completing 100% with 0 violations.
    elapsed time = 00:00:07, memory = 633.15 (MB).
[INFO DRT-0199]   Number of violations = 0.
[INFO DRT-0267] cpu time = 00:00:15, elapsed time = 00:00:07, memory = 633.15 (MB), peak = 633.15 (MB)
Total wire length = 3556 um.
Total wire length on LAYER li1 = 0 um.
Total wire length on LAYER met1 = 1289 um.
Total wire length on LAYER met2 = 2266 um.
Total wire length on LAYER met3 = 0 um.
Total wire length on LAYER met4 = 0 um.
Total wire length on LAYER met5 = 0 um.
Total number of vias = 556.
Up-via summary (total 556):.

----------------------
 FR_MASTERSLICE      0
            li1    279
           met1    277
           met2      0
           met3      0
           met4      0
----------------------
                   556


[INFO DRT-0195] Start 2nd optimization iteration.
    Completing 10% with 0 violations.
    elapsed time = 00:00:00, memory = 633.15 (MB).
    Completing 20% with 0 violations.
    elapsed time = 00:00:00, memory = 633.15 (MB).
    Completing 30% with 0 violations.
    elapsed time = 00:00:00, memory = 633.15 (MB).
    Completing 40% with 0 violations.
    elapsed time = 00:00:00, memory = 633.15 (MB).
    Completing 50% with 0 violations.
    elapsed time = 00:00:00, memory = 633.15 (MB).
    Completing 60% with 0 violations.
    elapsed time = 00:00:00, memory = 633.15 (MB).
    Completing 70% with 0 violations.
    elapsed time = 00:00:00, memory = 633.15 (MB).
    Completing 80% with 0 violations.
    elapsed time = 00:00:00, memory = 633.15 (MB).
    Completing 90% with 0 violations.
    elapsed time = 00:00:00, memory = 633.15 (MB).
    Completing 100% with 0 violations.
    elapsed time = 00:00:00, memory = 633.15 (MB).
[INFO DRT-0199]   Number of violations = 0.
[INFO DRT-0267] cpu time = 00:00:00, elapsed time = 00:00:00, memory = 633.15 (MB), peak = 633.15 (MB)
Total wire length = 3556 um.
Total wire length on LAYER li1 = 0 um.
Total wire length on LAYER met1 = 1289 um.
Total wire length on LAYER met2 = 2266 um.
Total wire length on LAYER met3 = 0 um.
Total wire length on LAYER met4 = 0 um.
Total wire length on LAYER met5 = 0 um.
Total number of vias = 556.
Up-via summary (total 556):.

----------------------
 FR_MASTERSLICE      0
            li1    279
           met1    277
           met2      0
           met3      0
           met4      0
----------------------
                   556


[INFO DRT-0195] Start 17th optimization iteration.
    Completing 10% with 0 violations.
    elapsed time = 00:00:00, memory = 633.15 (MB).
    Completing 20% with 0 violations.
    elapsed time = 00:00:00, memory = 633.15 (MB).
    Completing 30% with 0 violations.
    elapsed time = 00:00:00, memory = 633.15 (MB).
    Completing 40% with 0 violations.
    elapsed time = 00:00:00, memory = 633.15 (MB).
    Completing 50% with 0 violations.
    elapsed time = 00:00:00, memory = 633.15 (MB).
    Completing 60% with 0 violations.
    elapsed time = 00:00:00, memory = 633.15 (MB).
    Completing 70% with 0 violations.
    elapsed time = 00:00:00, memory = 633.15 (MB).
    Completing 80% with 0 violations.
    elapsed time = 00:00:00, memory = 633.15 (MB).
    Completing 90% with 0 violations.
    elapsed time = 00:00:00, memory = 633.15 (MB).
    Completing 100% with 0 violations.
    elapsed time = 00:00:00, memory = 633.15 (MB).
[INFO DRT-0199]   Number of violations = 0.
[INFO DRT-0267] cpu time = 00:00:00, elapsed time = 00:00:00, memory = 633.15 (MB), peak = 633.15 (MB)
Total wire length = 3556 um.
Total wire length on LAYER li1 = 0 um.
Total wire length on LAYER met1 = 1289 um.
Total wire length on LAYER met2 = 2266 um.
Total wire length on LAYER met3 = 0 um.
Total wire length on LAYER met4 = 0 um.
Total wire length on LAYER met5 = 0 um.
Total number of vias = 556.
Up-via summary (total 556):.

----------------------
 FR_MASTERSLICE      0
            li1    279
           met1    277
           met2      0
           met3      0
           met4      0
----------------------
                   556


[INFO DRT-0195] Start 25th optimization iteration.
    Completing 10% with 0 violations.
    elapsed time = 00:00:00, memory = 633.15 (MB).
    Completing 20% with 0 violations.
    elapsed time = 00:00:00, memory = 633.15 (MB).
    Completing 30% with 0 violations.
    elapsed time = 00:00:00, memory = 633.15 (MB).
    Completing 40% with 0 violations.
    elapsed time = 00:00:00, memory = 633.15 (MB).
    Completing 50% with 0 violations.
    elapsed time = 00:00:00, memory = 633.15 (MB).
    Completing 60% with 0 violations.
    elapsed time = 00:00:00, memory = 633.15 (MB).
    Completing 70% with 0 violations.
    elapsed time = 00:00:00, memory = 633.15 (MB).
    Completing 80% with 0 violations.
    elapsed time = 00:00:00, memory = 633.15 (MB).
    Completing 90% with 0 violations.
    elapsed time = 00:00:00, memory = 633.15 (MB).
    Completing 100% with 0 violations.
    elapsed time = 00:00:00, memory = 633.15 (MB).
[INFO DRT-0199]   Number of violations = 0.
[INFO DRT-0267] cpu time = 00:00:00, elapsed time = 00:00:00, memory = 633.15 (MB), peak = 633.15 (MB)
Total wire length = 3556 um.
Total wire length on LAYER li1 = 0 um.
Total wire length on LAYER met1 = 1289 um.
Total wire length on LAYER met2 = 2266 um.
Total wire length on LAYER met3 = 0 um.
Total wire length on LAYER met4 = 0 um.
Total wire length on LAYER met5 = 0 um.
Total number of vias = 556.
Up-via summary (total 556):.

----------------------
 FR_MASTERSLICE      0
            li1    279
           met1    277
           met2      0
           met3      0
           met4      0
----------------------
                   556


[INFO DRT-0195] Start 33rd optimization iteration.
    Completing 10% with 0 violations.
    elapsed time = 00:00:00, memory = 633.15 (MB).
    Completing 20% with 0 violations.
    elapsed time = 00:00:00, memory = 633.15 (MB).
    Completing 30% with 0 violations.
    elapsed time = 00:00:00, memory = 633.15 (MB).
    Completing 40% with 0 violations.
    elapsed time = 00:00:00, memory = 633.15 (MB).
    Completing 50% with 0 violations.
    elapsed time = 00:00:00, memory = 633.15 (MB).
    Completing 60% with 0 violations.
    elapsed time = 00:00:00, memory = 633.15 (MB).
    Completing 70% with 0 violations.
    elapsed time = 00:00:00, memory = 633.15 (MB).
    Completing 80% with 0 violations.
    elapsed time = 00:00:00, memory = 633.15 (MB).
    Completing 90% with 0 violations.
    elapsed time = 00:00:00, memory = 633.15 (MB).
    Completing 100% with 0 violations.
    elapsed time = 00:00:00, memory = 633.15 (MB).
[INFO DRT-0199]   Number of violations = 0.
[INFO DRT-0267] cpu time = 00:00:00, elapsed time = 00:00:00, memory = 633.15 (MB), peak = 633.15 (MB)
Total wire length = 3556 um.
Total wire length on LAYER li1 = 0 um.
Total wire length on LAYER met1 = 1289 um.
Total wire length on LAYER met2 = 2266 um.
Total wire length on LAYER met3 = 0 um.
Total wire length on LAYER met4 = 0 um.
Total wire length on LAYER met5 = 0 um.
Total number of vias = 556.
Up-via summary (total 556):.

----------------------
 FR_MASTERSLICE      0
            li1    279
           met1    277
           met2      0
           met3      0
           met4      0
----------------------
                   556


[INFO DRT-0195] Start 41st optimization iteration.
    Completing 10% with 0 violations.
    elapsed time = 00:00:00, memory = 633.15 (MB).
    Completing 20% with 0 violations.
    elapsed time = 00:00:00, memory = 633.15 (MB).
    Completing 30% with 0 violations.
    elapsed time = 00:00:00, memory = 633.15 (MB).
    Completing 40% with 0 violations.
    elapsed time = 00:00:00, memory = 633.15 (MB).
    Completing 50% with 0 violations.
    elapsed time = 00:00:00, memory = 633.15 (MB).
    Completing 60% with 0 violations.
    elapsed time = 00:00:00, memory = 633.15 (MB).
    Completing 70% with 0 violations.
    elapsed time = 00:00:00, memory = 633.15 (MB).
    Completing 80% with 0 violations.
    elapsed time = 00:00:00, memory = 633.15 (MB).
    Completing 90% with 0 violations.
    elapsed time = 00:00:00, memory = 633.15 (MB).
    Completing 100% with 0 violations.
    elapsed time = 00:00:00, memory = 633.15 (MB).
[INFO DRT-0199]   Number of violations = 0.
[INFO DRT-0267] cpu time = 00:00:00, elapsed time = 00:00:00, memory = 633.15 (MB), peak = 633.15 (MB)
Total wire length = 3556 um.
Total wire length on LAYER li1 = 0 um.
Total wire length on LAYER met1 = 1289 um.
Total wire length on LAYER met2 = 2266 um.
Total wire length on LAYER met3 = 0 um.
Total wire length on LAYER met4 = 0 um.
Total wire length on LAYER met5 = 0 um.
Total number of vias = 556.
Up-via summary (total 556):.

----------------------
 FR_MASTERSLICE      0
            li1    279
           met1    277
           met2      0
           met3      0
           met4      0
----------------------
                   556


[INFO DRT-0195] Start 49th optimization iteration.
    Completing 10% with 0 violations.
    elapsed time = 00:00:00, memory = 633.15 (MB).
    Completing 20% with 0 violations.
    elapsed time = 00:00:00, memory = 633.15 (MB).
    Completing 30% with 0 violations.
    elapsed time = 00:00:00, memory = 633.15 (MB).
    Completing 40% with 0 violations.
    elapsed time = 00:00:00, memory = 633.15 (MB).
    Completing 50% with 0 violations.
    elapsed time = 00:00:00, memory = 633.15 (MB).
    Completing 60% with 0 violations.
    elapsed time = 00:00:00, memory = 633.15 (MB).
    Completing 70% with 0 violations.
    elapsed time = 00:00:00, memory = 633.15 (MB).
    Completing 80% with 0 violations.
    elapsed time = 00:00:00, memory = 633.15 (MB).
    Completing 90% with 0 violations.
    elapsed time = 00:00:00, memory = 633.15 (MB).
    Completing 100% with 0 violations.
    elapsed time = 00:00:00, memory = 633.15 (MB).
[INFO DRT-0199]   Number of violations = 0.
[INFO DRT-0267] cpu time = 00:00:00, elapsed time = 00:00:00, memory = 633.15 (MB), peak = 633.15 (MB)
Total wire length = 3556 um.
Total wire length on LAYER li1 = 0 um.
Total wire length on LAYER met1 = 1289 um.
Total wire length on LAYER met2 = 2266 um.
Total wire length on LAYER met3 = 0 um.
Total wire length on LAYER met4 = 0 um.
Total wire length on LAYER met5 = 0 um.
Total number of vias = 556.
Up-via summary (total 556):.

----------------------
 FR_MASTERSLICE      0
            li1    279
           met1    277
           met2      0
           met3      0
           met4      0
----------------------
                   556


[INFO DRT-0195] Start 57th optimization iteration.
    Completing 10% with 0 violations.
    elapsed time = 00:00:00, memory = 633.15 (MB).
    Completing 20% with 0 violations.
    elapsed time = 00:00:00, memory = 633.15 (MB).
    Completing 30% with 0 violations.
    elapsed time = 00:00:00, memory = 633.15 (MB).
    Completing 40% with 0 violations.
    elapsed time = 00:00:00, memory = 633.15 (MB).
    Completing 50% with 0 violations.
    elapsed time = 00:00:00, memory = 633.15 (MB).
    Completing 60% with 0 violations.
    elapsed time = 00:00:00, memory = 633.15 (MB).
    Completing 70% with 0 violations.
    elapsed time = 00:00:00, memory = 633.15 (MB).
    Completing 80% with 0 violations.
    elapsed time = 00:00:00, memory = 633.15 (MB).
    Completing 90% with 0 violations.
    elapsed time = 00:00:00, memory = 633.15 (MB).
    Completing 100% with 0 violations.
    elapsed time = 00:00:00, memory = 633.15 (MB).
[INFO DRT-0199]   Number of violations = 0.
[INFO DRT-0267] cpu time = 00:00:00, elapsed time = 00:00:00, memory = 633.15 (MB), peak = 633.15 (MB)
Total wire length = 3556 um.
Total wire length on LAYER li1 = 0 um.
Total wire length on LAYER met1 = 1289 um.
Total wire length on LAYER met2 = 2266 um.
Total wire length on LAYER met3 = 0 um.
Total wire length on LAYER met4 = 0 um.
Total wire length on LAYER met5 = 0 um.
Total number of vias = 556.
Up-via summary (total 556):.

----------------------
 FR_MASTERSLICE      0
            li1    279
           met1    277
           met2      0
           met3      0
           met4      0
----------------------
                   556


[INFO DRT-0198] Complete detail routing.
Total wire length = 3556 um.
Total wire length on LAYER li1 = 0 um.
Total wire length on LAYER met1 = 1289 um.
Total wire length on LAYER met2 = 2266 um.
Total wire length on LAYER met3 = 0 um.
Total wire length on LAYER met4 = 0 um.
Total wire length on LAYER met5 = 0 um.
Total number of vias = 556.
Up-via summary (total 556):.

----------------------
 FR_MASTERSLICE      0
            li1    279
           met1    277
           met2      0
           met3      0
           met4      0
----------------------
                   556


[INFO DRT-0267] cpu time = 00:00:31, elapsed time = 00:00:16, memory = 633.15 (MB), peak = 633.15 (MB)

[INFO DRT-0180] Post processing.
Saving to /home/shahid/caravel_user_project/openlane/user_proj_dummy/runs/user_proj_dummy/results/routing/20-user_proj_dummy.def
