OpenROAD b79f266fe41540eabc064bcaddfe19ed715ac5c2 
This program is licensed under the BSD-3 license. See the LICENSE file for details.
Components of this program may be licensed under more restrictive licenses which must be honored.
[INFO ODB-0222] Reading LEF file: /home/shahid/caravel_user_project/openlane/user_proj_dummy/runs/user_proj_dummy/tmp/merged_unpadded.lef
[INFO ODB-0223]     Created 13 technology layers
[INFO ODB-0224]     Created 25 technology vias
[INFO ODB-0225]     Created 441 library cells
[INFO ODB-0226] Finished LEF file:  /home/shahid/caravel_user_project/openlane/user_proj_dummy/runs/user_proj_dummy/tmp/merged_unpadded.lef
[WARNING ORD-0033] -order_wires is deprecated.
[INFO ODB-0127] Reading DEF file: /home/shahid/caravel_user_project/openlane/user_proj_dummy/runs/user_proj_dummy/results/routing/20-user_proj_dummy.def
[INFO ODB-0128] Design: user_proj_dummy
[INFO ODB-0130]     Created 610 pins.
[INFO ODB-0131]     Created 51743 components and 192933 component-terminals.
[INFO ODB-0132]     Created 2 special nets and 192420 connections.
[INFO ODB-0133]     Created 619 nets and 279 connections.
[INFO ODB-0134] Finished DEF file: /home/shahid/caravel_user_project/openlane/user_proj_dummy/runs/user_proj_dummy/results/routing/20-user_proj_dummy.def
[INFO]: Setting RC values...
[INFO RCX-0431] Defined process_corner X with ext_model_index 0
[INFO RCX-0029] Defined extraction corner X
[INFO RCX-0008] extracting parasitics of user_proj_dummy ...
Notice 0: Split top of 1 T shapes.
[INFO RCX-0435] Reading extraction model file /home/shahid/OSPDKs/sky130A/libs.tech/openlane/rcx_rules.info ...
[INFO RCX-0436] RC segment generation user_proj_dummy (max_merge_res 50.0) ...
[INFO RCX-0040] Final 285 rc segments
[INFO RCX-0439] Coupling Cap extraction user_proj_dummy ...
[INFO RCX-0440] Coupling threshhold is 0.1000 fF, coupling capacitance less than 0.1000 fF will be grounded.
[INFO RCX-0043] 777 wires to be extracted
[INFO RCX-0442] 62% completion -- 489 wires have been extracted
[INFO RCX-0442] 100% completion -- 777 wires have been extracted
[INFO RCX-0045] Extract 619 nets, 541 rsegs, 541 caps, 34 ccs
[INFO RCX-0015] Finished extracting user_proj_dummy.
[INFO RCX-0016] Writing SPEF ...
[INFO RCX-0443] 619 nets finished
[INFO RCX-0017] Finished writing SPEF ...
