OpenROAD b79f266fe41540eabc064bcaddfe19ed715ac5c2 
This program is licensed under the BSD-3 license. See the LICENSE file for details.
Components of this program may be licensed under more restrictive licenses which must be honored.
[INFO ODB-0222] Reading LEF file: /home/shahid/caravel_user_project/openlane/counter/runs/counter/tmp/merged_unpadded.lef
[INFO ODB-0223]     Created 13 technology layers
[INFO ODB-0224]     Created 25 technology vias
[INFO ODB-0225]     Created 441 library cells
[INFO ODB-0226] Finished LEF file:  /home/shahid/caravel_user_project/openlane/counter/runs/counter/tmp/merged_unpadded.lef
[INFO ODB-0127] Reading DEF file: /home/shahid/caravel_user_project/openlane/counter/runs/counter/results/placement/counter.placement.def
[INFO ODB-0128] Design: counter
[INFO ODB-0130]     Created 15 pins.
[INFO ODB-0131]     Created 5281 components and 11630 component-terminals.
[INFO ODB-0132]     Created 2 special nets and 11494 connections.
[INFO ODB-0133]     Created 51 nets and 136 connections.
[INFO ODB-0134] Finished DEF file: /home/shahid/caravel_user_project/openlane/counter/runs/counter/results/placement/counter.placement.def
[INFO]: Setting signal min routing layer to: li1 and clock min routing layer to li1. 
[INFO]: Setting signal max routing layer to: met5 and clock max routing layer to met5. 
[INFO GRT-0020] Min routing layer: li1
[INFO GRT-0021] Max routing layer: met5
[INFO GRT-0022] Global adjustment: 0%
[INFO GRT-0023] Grid origin: (0, 0)
[WARNING GRT-0043] No OR_DEFAULT vias defined.
[INFO GRT-0224] Chose via L1M1_PR as default.
[INFO GRT-0224] Chose via M1M2_PR as default.
[INFO GRT-0224] Chose via M2M3_PR as default.
[INFO GRT-0224] Chose via M3M4_PR as default.
[INFO GRT-0224] Chose via M4M5_PR as default.
[INFO GRT-0088] Layer li1     Track-Pitch = 0.4600  line-2-Via Pitch: 0.3400
[INFO GRT-0088] Layer met1    Track-Pitch = 0.3400  line-2-Via Pitch: 0.3400
[INFO GRT-0088] Layer met2    Track-Pitch = 0.4600  line-2-Via Pitch: 0.3500
[INFO GRT-0088] Layer met3    Track-Pitch = 0.6800  line-2-Via Pitch: 0.6150
[INFO GRT-0088] Layer met4    Track-Pitch = 0.9200  line-2-Via Pitch: 1.0400
[INFO GRT-0088] Layer met5    Track-Pitch = 3.4000  line-2-Via Pitch: 3.1100
[INFO GRT-0003] Macros: 0
[INFO GRT-0004] Blockages: 22806
[INFO GRT-0019] Found 0 clock nets.
[INFO GRT-0001] Minimum degree: 2
[INFO GRT-0002] Maximum degree: 6
[INFO GRT-0017] Processing 23091 blockages on layer li1.
[INFO GRT-0017] Processing 10855 blockages on layer met1.
[INFO GRT-0017] Processing 8 blockages on layer met4.

[INFO GRT-0053] Routing resources analysis:
          Routing      Original      Derated      Resource
Layer     Direction    Resources     Resources    Reduction (%)
---------------------------------------------------------------
li1        Vertical       110940          2370          97.86%
met1       Horizontal     147920        128969          12.81%
met2       Vertical       110940        110670          0.24%
met3       Horizontal      73960         73780          0.24%
met4       Vertical        44376         43868          1.14%
met5       Horizontal      14792         14620          1.16%
---------------------------------------------------------------

[INFO GRT-0191] Wirelength: 1080, Wirelength1: 0
[INFO GRT-0192] Number of segments: 93
[INFO GRT-0193] Number of shifts: 0
[INFO GRT-0097] First L Route.
[INFO GRT-0191] Wirelength: 1080, Wirelength1: 1080
[INFO GRT-0192] Number of segments: 93
[INFO GRT-0193] Number of shifts: 0
[INFO GRT-0135] Overflow report.
[INFO GRT-0136] Total hCap               : 217369
[INFO GRT-0137] Total vCap               : 156908
[INFO GRT-0138] Total usage              : 1080
[INFO GRT-0139] Max H overflow           : 0
[INFO GRT-0140] Max V overflow           : 0
[INFO GRT-0141] Max overflow             : 0
[INFO GRT-0142] Number of overflow edges : 0
[INFO GRT-0143] H   overflow             : 0
[INFO GRT-0144] V   overflow             : 0
[INFO GRT-0145] Final overflow           : 0

[INFO GRT-0098] Second L Route.
[INFO GRT-0135] Overflow report.
[INFO GRT-0136] Total hCap               : 217369
[INFO GRT-0137] Total vCap               : 156908
[INFO GRT-0138] Total usage              : 1080
[INFO GRT-0139] Max H overflow           : 0
[INFO GRT-0140] Max V overflow           : 0
[INFO GRT-0141] Max overflow             : 0
[INFO GRT-0142] Number of overflow edges : 0
[INFO GRT-0143] H   overflow             : 0
[INFO GRT-0144] V   overflow             : 0
[INFO GRT-0145] Final overflow           : 0

[INFO GRT-0099] First Z Route.
[INFO GRT-0135] Overflow report.
[INFO GRT-0136] Total hCap               : 217369
[INFO GRT-0137] Total vCap               : 156908
[INFO GRT-0138] Total usage              : 1080
[INFO GRT-0139] Max H overflow           : 0
[INFO GRT-0140] Max V overflow           : 0
[INFO GRT-0141] Max overflow             : 0
[INFO GRT-0142] Number of overflow edges : 0
[INFO GRT-0143] H   overflow             : 0
[INFO GRT-0144] V   overflow             : 0
[INFO GRT-0145] Final overflow           : 0

[INFO GRT-0100] LV routing round 0, enlarge 10.
[INFO GRT-0182] 10 threshold, 10 expand.
[INFO GRT-0126] Overflow report:
[INFO GRT-0127] Total usage          : 1080
[INFO GRT-0128] Max H overflow       : 0
[INFO GRT-0129] Max V overflow       : 0
[INFO GRT-0130] Max overflow         : 0
[INFO GRT-0131] Number overflow edges: 0
[INFO GRT-0132] H   overflow         : 0
[INFO GRT-0133] V   overflow         : 0
[INFO GRT-0134] Final overflow       : 0

[INFO GRT-0100] LV routing round 1, enlarge 15.
[INFO GRT-0182] 5 threshold, 15 expand.
[INFO GRT-0126] Overflow report:
[INFO GRT-0127] Total usage          : 1080
[INFO GRT-0128] Max H overflow       : 0
[INFO GRT-0129] Max V overflow       : 0
[INFO GRT-0130] Max overflow         : 0
[INFO GRT-0131] Number overflow edges: 0
[INFO GRT-0132] H   overflow         : 0
[INFO GRT-0133] V   overflow         : 0
[INFO GRT-0134] Final overflow       : 0

[INFO GRT-0100] LV routing round 2, enlarge 20.
[INFO GRT-0182] 1 threshold, 20 expand.
[INFO GRT-0126] Overflow report:
[INFO GRT-0127] Total usage          : 1080
[INFO GRT-0128] Max H overflow       : 0
[INFO GRT-0129] Max V overflow       : 0
[INFO GRT-0130] Max overflow         : 0
[INFO GRT-0131] Number overflow edges: 0
[INFO GRT-0132] H   overflow         : 0
[INFO GRT-0133] V   overflow         : 0
[INFO GRT-0134] Final overflow       : 0

Usage checked
[INFO GRT-0105] Maze routing finished.
Final 2D results:
[INFO GRT-0126] Overflow report:
[INFO GRT-0127] Total usage          : 1080
[INFO GRT-0128] Max H overflow       : 0
[INFO GRT-0129] Max V overflow       : 0
[INFO GRT-0130] Max overflow         : 0
[INFO GRT-0131] Number overflow edges: 0
[INFO GRT-0132] H   overflow         : 0
[INFO GRT-0133] V   overflow         : 0
[INFO GRT-0134] Final overflow       : 0

[INFO GRT-0106] Layer assignment begins.
[INFO GRT-0107] Layer assignment finished.
[INFO GRT-0108] Post-processing begins.
[INFO GRT-0109] Post-processing finished.
 Starting via filling.
[INFO GRT-0197] Via related to pin nodes: 217
[INFO GRT-0198] Via related Steiner nodes: 9
[INFO GRT-0199] Via filling finished.
[INFO GRT-0111] Final number of vias: 275
[INFO GRT-0112] Final usage 3D: 1895
[WARNING GRT-0211] dbGcellGrid already exists in db. Clearing existing dbGCellGrid.

[INFO GRT-0096] Final congestion report:
Layer         Resource        Demand        Usage (%)    Max H / Max V / Total Overflow
---------------------------------------------------------------------------------------
li1               2370            24            1.01%             0 /  0 /  0
met1            128969           527            0.41%             0 /  0 /  0
met2            110670           519            0.47%             0 /  0 /  0
met3             73780             0            0.00%             0 /  0 /  0
met4             43868             0            0.00%             0 /  0 /  0
met5             14620             0            0.00%             0 /  0 /  0
---------------------------------------------------------------------------------------
Total           374277          1070            0.29%             0 /  0 /  0

[INFO GRT-0018] Total wirelength: 8652 um
[INFO GRT-0006] Repairing antennas, iteration 1.
[WARNING GRT-0043] No OR_DEFAULT vias defined.
[INFO GRT-0224] Chose via L1M1_PR as default.
[INFO GRT-0224] Chose via M1M2_PR as default.
[INFO GRT-0224] Chose via M2M3_PR as default.
[INFO GRT-0224] Chose via M3M4_PR as default.
[INFO GRT-0224] Chose via M4M5_PR as default.
Notice 0: Split top of 1 T shapes.
Notice 0: Split top of 1 T shapes.
Notice 0: Split top of 1 T shapes.
Notice 0: Split top of 1 T shapes.
Notice 0: Split top of 1 T shapes.
Notice 0: Split top of 1 T shapes.
Notice 0: Split top of 1 T shapes.
[INFO GRT-0012] Antenna violations: 3
[INFO GRT-0015] 3 diodes inserted.
[WARNING DPL-0005] Overlap check failed (3).
[INFO GRT-0020] Min routing layer: li1
[INFO GRT-0021] Max routing layer: met5
[INFO GRT-0022] Global adjustment: 0%
[INFO GRT-0023] Grid origin: (0, 0)
[WARNING GRT-0043] No OR_DEFAULT vias defined.
[INFO GRT-0224] Chose via L1M1_PR as default.
[INFO GRT-0224] Chose via M1M2_PR as default.
[INFO GRT-0224] Chose via M2M3_PR as default.
[INFO GRT-0224] Chose via M3M4_PR as default.
[INFO GRT-0224] Chose via M4M5_PR as default.
[INFO GRT-0088] Layer li1     Track-Pitch = 0.4600  line-2-Via Pitch: 0.3400
[INFO GRT-0088] Layer met1    Track-Pitch = 0.3400  line-2-Via Pitch: 0.3400
[INFO GRT-0088] Layer met2    Track-Pitch = 0.4600  line-2-Via Pitch: 0.3500
[INFO GRT-0088] Layer met3    Track-Pitch = 0.6800  line-2-Via Pitch: 0.6150
[INFO GRT-0088] Layer met4    Track-Pitch = 0.9200  line-2-Via Pitch: 1.0400
[INFO GRT-0088] Layer met5    Track-Pitch = 3.4000  line-2-Via Pitch: 3.1100
[INFO GRT-0003] Macros: 0
[INFO GRT-0004] Blockages: 22812
[INFO GRT-0001] Minimum degree: 2
[INFO GRT-0002] Maximum degree: 6
[INFO GRT-0017] Processing 23100 blockages on layer li1.
[INFO GRT-0017] Processing 10861 blockages on layer met1.
[INFO GRT-0017] Processing 8 blockages on layer met4.
[INFO GRT-0009] Nets to reroute: 33.
[INFO GRT-0111] Final number of vias: 191
[INFO GRT-0112] Final usage 3D: 1307
[WARNING GRT-0211] dbGcellGrid already exists in db. Clearing existing dbGCellGrid.
[INFO GRT-0006] Repairing antennas, iteration 2.
[WARNING GRT-0043] No OR_DEFAULT vias defined.
[INFO GRT-0224] Chose via L1M1_PR as default.
[INFO GRT-0224] Chose via M1M2_PR as default.
[INFO GRT-0224] Chose via M2M3_PR as default.
[INFO GRT-0224] Chose via M3M4_PR as default.
[INFO GRT-0224] Chose via M4M5_PR as default.
Notice 0: Split top of 1 T shapes.
Notice 0: Split top of 1 T shapes.
Notice 0: Split top of 1 T shapes.
Notice 0: Split top of 1 T shapes.
Notice 0: Split top of 1 T shapes.
Notice 0: Split top of 1 T shapes.
Notice 0: Split top of 1 T shapes.
Notice 0: Split top of 2 T shapes.
Notice 0: Split top of 1 T shapes.
[INFO GRT-0012] Antenna violations: 0
[WARNING DPL-0005] Overlap check failed (3).
[INFO GRT-0014] Routed nets: 51
###############################################################################
# Created by write_sdc
# Wed Jun 15 10:48:18 2022
###############################################################################
current_design counter
###############################################################################
# Timing Constraints
###############################################################################
create_clock -name clk -period 100.0000 [get_ports {clk}]
set_clock_transition 0.1500 [get_clocks {clk}]
set_clock_uncertainty 0.2500 clk
set_propagated_clock [get_clocks {clk}]
set_input_delay 20.0000 -clock [get_clocks {clk}] -add_delay [get_ports {data[0]}]
set_input_delay 20.0000 -clock [get_clocks {clk}] -add_delay [get_ports {data[1]}]
set_input_delay 20.0000 -clock [get_clocks {clk}] -add_delay [get_ports {data[2]}]
set_input_delay 20.0000 -clock [get_clocks {clk}] -add_delay [get_ports {data[3]}]
set_input_delay 20.0000 -clock [get_clocks {clk}] -add_delay [get_ports {dn}]
set_input_delay 20.0000 -clock [get_clocks {clk}] -add_delay [get_ports {en}]
set_input_delay 20.0000 -clock [get_clocks {clk}] -add_delay [get_ports {load}]
set_input_delay 20.0000 -clock [get_clocks {clk}] -add_delay [get_ports {rst_n}]
set_output_delay 20.0000 -clock [get_clocks {clk}] -add_delay [get_ports {count[0]}]
set_output_delay 20.0000 -clock [get_clocks {clk}] -add_delay [get_ports {count[1]}]
set_output_delay 20.0000 -clock [get_clocks {clk}] -add_delay [get_ports {count[2]}]
set_output_delay 20.0000 -clock [get_clocks {clk}] -add_delay [get_ports {count[3]}]
###############################################################################
# Environment
###############################################################################
set_load -pin_load 0.0334 [get_ports {count[3]}]
set_load -pin_load 0.0334 [get_ports {count[2]}]
set_load -pin_load 0.0334 [get_ports {count[1]}]
set_load -pin_load 0.0334 [get_ports {count[0]}]
set_driving_cell -lib_cell sky130_fd_sc_hd__inv_2 -pin {Y} -input_transition_rise 0.0000 -input_transition_fall 0.0000 [get_ports {clk}]
set_driving_cell -lib_cell sky130_fd_sc_hd__inv_2 -pin {Y} -input_transition_rise 0.0000 -input_transition_fall 0.0000 [get_ports {dn}]
set_driving_cell -lib_cell sky130_fd_sc_hd__inv_2 -pin {Y} -input_transition_rise 0.0000 -input_transition_fall 0.0000 [get_ports {en}]
set_driving_cell -lib_cell sky130_fd_sc_hd__inv_2 -pin {Y} -input_transition_rise 0.0000 -input_transition_fall 0.0000 [get_ports {load}]
set_driving_cell -lib_cell sky130_fd_sc_hd__inv_2 -pin {Y} -input_transition_rise 0.0000 -input_transition_fall 0.0000 [get_ports {rst_n}]
set_driving_cell -lib_cell sky130_fd_sc_hd__inv_2 -pin {Y} -input_transition_rise 0.0000 -input_transition_fall 0.0000 [get_ports {data[3]}]
set_driving_cell -lib_cell sky130_fd_sc_hd__inv_2 -pin {Y} -input_transition_rise 0.0000 -input_transition_fall 0.0000 [get_ports {data[2]}]
set_driving_cell -lib_cell sky130_fd_sc_hd__inv_2 -pin {Y} -input_transition_rise 0.0000 -input_transition_fall 0.0000 [get_ports {data[1]}]
set_driving_cell -lib_cell sky130_fd_sc_hd__inv_2 -pin {Y} -input_transition_rise 0.0000 -input_transition_fall 0.0000 [get_ports {data[0]}]
set_timing_derate -early 0.9500
set_timing_derate -late 1.0500
###############################################################################
# Design Rules
###############################################################################
set_max_fanout 5.0000 [current_design]
[INFO]: Setting RC values...
min_report

===========================================================================
report_checks -path_delay min (Hold)
============================================================================
Startpoint: rst_n (input port clocked by clk)
Endpoint: _46_ (removal check against rising-edge clock clk)
Path Group: **async_default**
Path Type: min

Fanout     Cap    Slew   Delay    Time   Description
-----------------------------------------------------------------------------
                          0.00    0.00   clock clk (rise edge)
                          0.00    0.00   clock network delay (propagated)
                         20.00   20.00 ^ input external delay
                  0.04    0.02   20.02 ^ rst_n (in)
     1    0.01                           rst_n (net)
                  0.04    0.00   20.02 ^ input8/A (sky130_fd_sc_hd__buf_6)
                  0.04    0.09   20.11 ^ input8/X (sky130_fd_sc_hd__buf_6)
     4    0.09                           net8 (net)
                  1.33    0.63   20.74 ^ _46_/RESET_B (sky130_fd_sc_hd__dfrtp_4)
                                 20.74   data arrival time

                          0.00    0.00   clock clk (rise edge)
                          0.00    0.00   clock source latency
                  0.21    0.16    0.16 ^ clk (in)
     1    0.05                           clk (net)
                  0.21    0.00    0.16 ^ clkbuf_0_clk/A (sky130_fd_sc_hd__clkbuf_16)
                  0.04    0.18    0.34 ^ clkbuf_0_clk/X (sky130_fd_sc_hd__clkbuf_16)
     2    0.01                           clknet_0_clk (net)
                  0.04    0.00    0.34 ^ clkbuf_1_0_0_clk/A (sky130_fd_sc_hd__clkbuf_2)
                  0.06    0.12    0.46 ^ clkbuf_1_0_0_clk/X (sky130_fd_sc_hd__clkbuf_2)
     2    0.01                           clknet_1_0_0_clk (net)
                  0.06    0.00    0.47 ^ _46_/CLK (sky130_fd_sc_hd__dfrtp_4)
                          0.25    0.72   clock uncertainty
                          0.00    0.72   clock reconvergence pessimism
                          0.67    1.39   library removal time
                                  1.39   data required time
-----------------------------------------------------------------------------
                                  1.39   data required time
                                -20.74   data arrival time
-----------------------------------------------------------------------------
                                 19.36   slack (MET)


Startpoint: rst_n (input port clocked by clk)
Endpoint: _49_ (removal check against rising-edge clock clk)
Path Group: **async_default**
Path Type: min

Fanout     Cap    Slew   Delay    Time   Description
-----------------------------------------------------------------------------
                          0.00    0.00   clock clk (rise edge)
                          0.00    0.00   clock network delay (propagated)
                         20.00   20.00 ^ input external delay
                  0.04    0.02   20.02 ^ rst_n (in)
     1    0.01                           rst_n (net)
                  0.04    0.00   20.02 ^ input8/A (sky130_fd_sc_hd__buf_6)
                  0.04    0.09   20.11 ^ input8/X (sky130_fd_sc_hd__buf_6)
     4    0.09                           net8 (net)
                  1.33    0.63   20.74 ^ _49_/RESET_B (sky130_fd_sc_hd__dfrtp_4)
                                 20.74   data arrival time

                          0.00    0.00   clock clk (rise edge)
                          0.00    0.00   clock source latency
                  0.21    0.16    0.16 ^ clk (in)
     1    0.05                           clk (net)
                  0.21    0.00    0.16 ^ clkbuf_0_clk/A (sky130_fd_sc_hd__clkbuf_16)
                  0.04    0.18    0.34 ^ clkbuf_0_clk/X (sky130_fd_sc_hd__clkbuf_16)
     2    0.01                           clknet_0_clk (net)
                  0.04    0.00    0.34 ^ clkbuf_1_0_0_clk/A (sky130_fd_sc_hd__clkbuf_2)
                  0.06    0.12    0.46 ^ clkbuf_1_0_0_clk/X (sky130_fd_sc_hd__clkbuf_2)
     2    0.01                           clknet_1_0_0_clk (net)
                  0.06    0.00    0.47 ^ _49_/CLK (sky130_fd_sc_hd__dfrtp_4)
                          0.25    0.72   clock uncertainty
                          0.00    0.72   clock reconvergence pessimism
                          0.67    1.39   library removal time
                                  1.39   data required time
-----------------------------------------------------------------------------
                                  1.39   data required time
                                -20.74   data arrival time
-----------------------------------------------------------------------------
                                 19.36   slack (MET)


Startpoint: rst_n (input port clocked by clk)
Endpoint: _48_ (removal check against rising-edge clock clk)
Path Group: **async_default**
Path Type: min

Fanout     Cap    Slew   Delay    Time   Description
-----------------------------------------------------------------------------
                          0.00    0.00   clock clk (rise edge)
                          0.00    0.00   clock network delay (propagated)
                         20.00   20.00 ^ input external delay
                  0.04    0.02   20.02 ^ rst_n (in)
     1    0.01                           rst_n (net)
                  0.04    0.00   20.02 ^ input8/A (sky130_fd_sc_hd__buf_6)
                  0.04    0.09   20.11 ^ input8/X (sky130_fd_sc_hd__buf_6)
     4    0.09                           net8 (net)
                  1.33    0.63   20.74 ^ _48_/RESET_B (sky130_fd_sc_hd__dfrtp_4)
                                 20.74   data arrival time

                          0.00    0.00   clock clk (rise edge)
                          0.00    0.00   clock source latency
                  0.21    0.16    0.16 ^ clk (in)
     1    0.05                           clk (net)
                  0.21    0.00    0.16 ^ clkbuf_0_clk/A (sky130_fd_sc_hd__clkbuf_16)
                  0.04    0.18    0.34 ^ clkbuf_0_clk/X (sky130_fd_sc_hd__clkbuf_16)
     2    0.01                           clknet_0_clk (net)
                  0.04    0.00    0.34 ^ clkbuf_1_1_0_clk/A (sky130_fd_sc_hd__clkbuf_2)
                  0.06    0.12    0.46 ^ clkbuf_1_1_0_clk/X (sky130_fd_sc_hd__clkbuf_2)
     2    0.01                           clknet_1_1_0_clk (net)
                  0.06    0.00    0.46 ^ _48_/CLK (sky130_fd_sc_hd__dfrtp_4)
                          0.25    0.71   clock uncertainty
                          0.00    0.71   clock reconvergence pessimism
                          0.67    1.38   library removal time
                                  1.38   data required time
-----------------------------------------------------------------------------
                                  1.38   data required time
                                -20.74   data arrival time
-----------------------------------------------------------------------------
                                 19.36   slack (MET)


Startpoint: rst_n (input port clocked by clk)
Endpoint: _47_ (removal check against rising-edge clock clk)
Path Group: **async_default**
Path Type: min

Fanout     Cap    Slew   Delay    Time   Description
-----------------------------------------------------------------------------
                          0.00    0.00   clock clk (rise edge)
                          0.00    0.00   clock network delay (propagated)
                         20.00   20.00 ^ input external delay
                  0.04    0.02   20.02 ^ rst_n (in)
     1    0.01                           rst_n (net)
                  0.04    0.00   20.02 ^ input8/A (sky130_fd_sc_hd__buf_6)
                  0.04    0.09   20.11 ^ input8/X (sky130_fd_sc_hd__buf_6)
     4    0.09                           net8 (net)
                  1.33    0.63   20.74 ^ _47_/RESET_B (sky130_fd_sc_hd__dfrtp_4)
                                 20.74   data arrival time

                          0.00    0.00   clock clk (rise edge)
                          0.00    0.00   clock source latency
                  0.21    0.16    0.16 ^ clk (in)
     1    0.05                           clk (net)
                  0.21    0.00    0.16 ^ clkbuf_0_clk/A (sky130_fd_sc_hd__clkbuf_16)
                  0.04    0.18    0.34 ^ clkbuf_0_clk/X (sky130_fd_sc_hd__clkbuf_16)
     2    0.01                           clknet_0_clk (net)
                  0.04    0.00    0.34 ^ clkbuf_1_1_0_clk/A (sky130_fd_sc_hd__clkbuf_2)
                  0.06    0.12    0.46 ^ clkbuf_1_1_0_clk/X (sky130_fd_sc_hd__clkbuf_2)
     2    0.01                           clknet_1_1_0_clk (net)
                  0.06    0.00    0.46 ^ _47_/CLK (sky130_fd_sc_hd__dfrtp_4)
                          0.25    0.71   clock uncertainty
                          0.00    0.71   clock reconvergence pessimism
                          0.67    1.38   library removal time
                                  1.38   data required time
-----------------------------------------------------------------------------
                                  1.38   data required time
                                -20.74   data arrival time
-----------------------------------------------------------------------------
                                 19.36   slack (MET)


Startpoint: _46_ (rising edge-triggered flip-flop clocked by clk)
Endpoint: _46_ (rising edge-triggered flip-flop clocked by clk)
Path Group: clk
Path Type: min

Fanout     Cap    Slew   Delay    Time   Description
-----------------------------------------------------------------------------
                          0.00    0.00   clock clk (rise edge)
                          0.00    0.00   clock source latency
                  0.21    0.14    0.14 ^ clk (in)
     1    0.05                           clk (net)
                  0.21    0.00    0.14 ^ clkbuf_0_clk/A (sky130_fd_sc_hd__clkbuf_16)
                  0.04    0.16    0.31 ^ clkbuf_0_clk/X (sky130_fd_sc_hd__clkbuf_16)
     2    0.01                           clknet_0_clk (net)
                  0.04    0.00    0.31 ^ clkbuf_1_0_0_clk/A (sky130_fd_sc_hd__clkbuf_2)
                  0.06    0.11    0.42 ^ clkbuf_1_0_0_clk/X (sky130_fd_sc_hd__clkbuf_2)
     2    0.01                           clknet_1_0_0_clk (net)
                  0.06    0.00    0.42 ^ _46_/CLK (sky130_fd_sc_hd__dfrtp_4)
                  0.20    0.50    0.92 ^ _46_/Q (sky130_fd_sc_hd__dfrtp_4)
     4    0.06                           net9 (net)
                  0.20    0.01    0.93 ^ _26_/A2 (sky130_fd_sc_hd__o22a_1)
                  0.12    0.20    1.13 ^ _26_/X (sky130_fd_sc_hd__o22a_1)
     1    0.01                           _08_ (net)
                  0.12    0.01    1.14 ^ _46_/D (sky130_fd_sc_hd__dfrtp_4)
                                  1.14   data arrival time

                          0.00    0.00   clock clk (rise edge)
                          0.00    0.00   clock source latency
                  0.21    0.16    0.16 ^ clk (in)
     1    0.05                           clk (net)
                  0.21    0.00    0.16 ^ clkbuf_0_clk/A (sky130_fd_sc_hd__clkbuf_16)
                  0.04    0.18    0.34 ^ clkbuf_0_clk/X (sky130_fd_sc_hd__clkbuf_16)
     2    0.01                           clknet_0_clk (net)
                  0.04    0.00    0.34 ^ clkbuf_1_0_0_clk/A (sky130_fd_sc_hd__clkbuf_2)
                  0.06    0.12    0.46 ^ clkbuf_1_0_0_clk/X (sky130_fd_sc_hd__clkbuf_2)
     2    0.01                           clknet_1_0_0_clk (net)
                  0.06    0.00    0.47 ^ _46_/CLK (sky130_fd_sc_hd__dfrtp_4)
                          0.25    0.72   clock uncertainty
                         -0.04    0.67   clock reconvergence pessimism
                         -0.05    0.62   library hold time
                                  0.62   data required time
-----------------------------------------------------------------------------
                                  0.62   data required time
                                 -1.14   data arrival time
-----------------------------------------------------------------------------
                                  0.51   slack (MET)


Startpoint: _48_ (rising edge-triggered flip-flop clocked by clk)
Endpoint: _48_ (rising edge-triggered flip-flop clocked by clk)
Path Group: clk
Path Type: min

Fanout     Cap    Slew   Delay    Time   Description
-----------------------------------------------------------------------------
                          0.00    0.00   clock clk (rise edge)
                          0.00    0.00   clock source latency
                  0.21    0.14    0.14 ^ clk (in)
     1    0.05                           clk (net)
                  0.21    0.00    0.14 ^ clkbuf_0_clk/A (sky130_fd_sc_hd__clkbuf_16)
                  0.04    0.16    0.31 ^ clkbuf_0_clk/X (sky130_fd_sc_hd__clkbuf_16)
     2    0.01                           clknet_0_clk (net)
                  0.04    0.00    0.31 ^ clkbuf_1_1_0_clk/A (sky130_fd_sc_hd__clkbuf_2)
                  0.06    0.11    0.42 ^ clkbuf_1_1_0_clk/X (sky130_fd_sc_hd__clkbuf_2)
     2    0.01                           clknet_1_1_0_clk (net)
                  0.06    0.00    0.42 ^ _48_/CLK (sky130_fd_sc_hd__dfrtp_4)
                  0.23    0.50    0.92 ^ _48_/Q (sky130_fd_sc_hd__dfrtp_4)
     5    0.08                           net11 (net)
                  0.24    0.03    0.95 ^ _24_/A1 (sky130_fd_sc_hd__o22a_1)
                  0.10    0.21    1.17 ^ _24_/X (sky130_fd_sc_hd__o22a_1)
     1    0.01                           _10_ (net)
                  0.10    0.00    1.17 ^ _48_/D (sky130_fd_sc_hd__dfrtp_4)
                                  1.17   data arrival time

                          0.00    0.00   clock clk (rise edge)
                          0.00    0.00   clock source latency
                  0.21    0.16    0.16 ^ clk (in)
     1    0.05                           clk (net)
                  0.21    0.00    0.16 ^ clkbuf_0_clk/A (sky130_fd_sc_hd__clkbuf_16)
                  0.04    0.18    0.34 ^ clkbuf_0_clk/X (sky130_fd_sc_hd__clkbuf_16)
     2    0.01                           clknet_0_clk (net)
                  0.04    0.00    0.34 ^ clkbuf_1_1_0_clk/A (sky130_fd_sc_hd__clkbuf_2)
                  0.06    0.12    0.46 ^ clkbuf_1_1_0_clk/X (sky130_fd_sc_hd__clkbuf_2)
     2    0.01                           clknet_1_1_0_clk (net)
                  0.06    0.00    0.46 ^ _48_/CLK (sky130_fd_sc_hd__dfrtp_4)
                          0.25    0.71   clock uncertainty
                         -0.04    0.67   clock reconvergence pessimism
                         -0.04    0.62   library hold time
                                  0.62   data required time
-----------------------------------------------------------------------------
                                  0.62   data required time
                                 -1.17   data arrival time
-----------------------------------------------------------------------------
                                  0.55   slack (MET)


Startpoint: _47_ (rising edge-triggered flip-flop clocked by clk)
Endpoint: _47_ (rising edge-triggered flip-flop clocked by clk)
Path Group: clk
Path Type: min

Fanout     Cap    Slew   Delay    Time   Description
-----------------------------------------------------------------------------
                          0.00    0.00   clock clk (rise edge)
                          0.00    0.00   clock source latency
                  0.21    0.14    0.14 ^ clk (in)
     1    0.05                           clk (net)
                  0.21    0.00    0.14 ^ clkbuf_0_clk/A (sky130_fd_sc_hd__clkbuf_16)
                  0.04    0.16    0.31 ^ clkbuf_0_clk/X (sky130_fd_sc_hd__clkbuf_16)
     2    0.01                           clknet_0_clk (net)
                  0.04    0.00    0.31 ^ clkbuf_1_1_0_clk/A (sky130_fd_sc_hd__clkbuf_2)
                  0.06    0.11    0.42 ^ clkbuf_1_1_0_clk/X (sky130_fd_sc_hd__clkbuf_2)
     2    0.01                           clknet_1_1_0_clk (net)
                  0.06    0.00    0.42 ^ _47_/CLK (sky130_fd_sc_hd__dfrtp_4)
                  0.25    0.53    0.95 ^ _47_/Q (sky130_fd_sc_hd__dfrtp_4)
     4    0.08                           net10 (net)
                  0.25    0.01    0.96 ^ _25_/A2 (sky130_fd_sc_hd__o22a_1)
                  0.11    0.21    1.17 ^ _25_/X (sky130_fd_sc_hd__o22a_1)
     1    0.01                           _09_ (net)
                  0.11    0.00    1.18 ^ _47_/D (sky130_fd_sc_hd__dfrtp_4)
                                  1.18   data arrival time

                          0.00    0.00   clock clk (rise edge)
                          0.00    0.00   clock source latency
                  0.21    0.16    0.16 ^ clk (in)
     1    0.05                           clk (net)
                  0.21    0.00    0.16 ^ clkbuf_0_clk/A (sky130_fd_sc_hd__clkbuf_16)
                  0.04    0.18    0.34 ^ clkbuf_0_clk/X (sky130_fd_sc_hd__clkbuf_16)
     2    0.01                           clknet_0_clk (net)
                  0.04    0.00    0.34 ^ clkbuf_1_1_0_clk/A (sky130_fd_sc_hd__clkbuf_2)
                  0.06    0.12    0.46 ^ clkbuf_1_1_0_clk/X (sky130_fd_sc_hd__clkbuf_2)
     2    0.01                           clknet_1_1_0_clk (net)
                  0.06    0.00    0.46 ^ _47_/CLK (sky130_fd_sc_hd__dfrtp_4)
                          0.25    0.71   clock uncertainty
                         -0.04    0.67   clock reconvergence pessimism
                         -0.05    0.62   library hold time
                                  0.62   data required time
-----------------------------------------------------------------------------
                                  0.62   data required time
                                 -1.18   data arrival time
-----------------------------------------------------------------------------
                                  0.56   slack (MET)


Startpoint: _49_ (rising edge-triggered flip-flop clocked by clk)
Endpoint: _49_ (rising edge-triggered flip-flop clocked by clk)
Path Group: clk
Path Type: min

Fanout     Cap    Slew   Delay    Time   Description
-----------------------------------------------------------------------------
                          0.00    0.00   clock clk (rise edge)
                          0.00    0.00   clock source latency
                  0.21    0.14    0.14 ^ clk (in)
     1    0.05                           clk (net)
                  0.21    0.00    0.14 ^ clkbuf_0_clk/A (sky130_fd_sc_hd__clkbuf_16)
                  0.04    0.16    0.31 ^ clkbuf_0_clk/X (sky130_fd_sc_hd__clkbuf_16)
     2    0.01                           clknet_0_clk (net)
                  0.04    0.00    0.31 ^ clkbuf_1_0_0_clk/A (sky130_fd_sc_hd__clkbuf_2)
                  0.06    0.11    0.42 ^ clkbuf_1_0_0_clk/X (sky130_fd_sc_hd__clkbuf_2)
     2    0.01                           clknet_1_0_0_clk (net)
                  0.06    0.00    0.42 ^ _49_/CLK (sky130_fd_sc_hd__dfrtp_4)
                  0.30    0.54    0.96 ^ _49_/Q (sky130_fd_sc_hd__dfrtp_4)
     5    0.10                           net12 (net)
                  0.31    0.03    1.00 ^ _41_/A2 (sky130_fd_sc_hd__o22a_1)
                  0.11    0.22    1.22 ^ _41_/X (sky130_fd_sc_hd__o22a_1)
     1    0.01                           _11_ (net)
                  0.11    0.01    1.22 ^ _49_/D (sky130_fd_sc_hd__dfrtp_4)
                                  1.22   data arrival time

                          0.00    0.00   clock clk (rise edge)
                          0.00    0.00   clock source latency
                  0.21    0.16    0.16 ^ clk (in)
     1    0.05                           clk (net)
                  0.21    0.00    0.16 ^ clkbuf_0_clk/A (sky130_fd_sc_hd__clkbuf_16)
                  0.04    0.18    0.34 ^ clkbuf_0_clk/X (sky130_fd_sc_hd__clkbuf_16)
     2    0.01                           clknet_0_clk (net)
                  0.04    0.00    0.34 ^ clkbuf_1_0_0_clk/A (sky130_fd_sc_hd__clkbuf_2)
                  0.06    0.12    0.46 ^ clkbuf_1_0_0_clk/X (sky130_fd_sc_hd__clkbuf_2)
     2    0.01                           clknet_1_0_0_clk (net)
                  0.06    0.00    0.47 ^ _49_/CLK (sky130_fd_sc_hd__dfrtp_4)
                          0.25    0.72   clock uncertainty
                         -0.04    0.67   clock reconvergence pessimism
                         -0.05    0.63   library hold time
                                  0.63   data required time
-----------------------------------------------------------------------------
                                  0.63   data required time
                                 -1.22   data arrival time
-----------------------------------------------------------------------------
                                  0.60   slack (MET)


Startpoint: _46_ (rising edge-triggered flip-flop clocked by clk)
Endpoint: count[0] (output port clocked by clk)
Path Group: clk
Path Type: min

Fanout     Cap    Slew   Delay    Time   Description
-----------------------------------------------------------------------------
                          0.00    0.00   clock clk (rise edge)
                          0.00    0.00   clock source latency
                  0.21    0.14    0.14 ^ clk (in)
     1    0.05                           clk (net)
                  0.21    0.00    0.14 ^ clkbuf_0_clk/A (sky130_fd_sc_hd__clkbuf_16)
                  0.04    0.16    0.31 ^ clkbuf_0_clk/X (sky130_fd_sc_hd__clkbuf_16)
     2    0.01                           clknet_0_clk (net)
                  0.04    0.00    0.31 ^ clkbuf_1_0_0_clk/A (sky130_fd_sc_hd__clkbuf_2)
                  0.06    0.11    0.42 ^ clkbuf_1_0_0_clk/X (sky130_fd_sc_hd__clkbuf_2)
     2    0.01                           clknet_1_0_0_clk (net)
                  0.06    0.00    0.42 ^ _46_/CLK (sky130_fd_sc_hd__dfrtp_4)
                  0.20    0.50    0.92 ^ _46_/Q (sky130_fd_sc_hd__dfrtp_4)
     4    0.06                           net9 (net)
                  0.20    0.01    0.94 ^ output9/A (sky130_fd_sc_hd__buf_2)
                  0.18    0.24    1.18 ^ output9/X (sky130_fd_sc_hd__buf_2)
     1    0.03                           count[0] (net)
                  0.18    0.00    1.18 ^ count[0] (out)
                                  1.18   data arrival time

                          0.00    0.00   clock clk (rise edge)
                          0.00    0.00   clock network delay (propagated)
                          0.25    0.25   clock uncertainty
                          0.00    0.25   clock reconvergence pessimism
                        -20.00  -19.75   output external delay
                                -19.75   data required time
-----------------------------------------------------------------------------
                                -19.75   data required time
                                 -1.18   data arrival time
-----------------------------------------------------------------------------
                                 20.93   slack (MET)


min_report_end
max_report

===========================================================================
report_checks -path_delay max (Setup)
============================================================================
Startpoint: rst_n (input port clocked by clk)
Endpoint: _47_ (recovery check against rising-edge clock clk)
Path Group: **async_default**
Path Type: max

Fanout     Cap    Slew   Delay    Time   Description
-----------------------------------------------------------------------------
                          0.00    0.00   clock clk (rise edge)
                          0.00    0.00   clock network delay (propagated)
                         20.00   20.00 ^ input external delay
                  0.04    0.03   20.03 ^ rst_n (in)
     1    0.01                           rst_n (net)
                  0.04    0.00   20.03 ^ input8/A (sky130_fd_sc_hd__buf_6)
                  0.04    0.10   20.12 ^ input8/X (sky130_fd_sc_hd__buf_6)
     4    0.09                           net8 (net)
                  1.33    0.70   20.82 ^ _47_/RESET_B (sky130_fd_sc_hd__dfrtp_4)
                                 20.82   data arrival time

                        100.00  100.00   clock clk (rise edge)
                          0.00  100.00   clock source latency
                  0.21    0.14  100.14 ^ clk (in)
     1    0.05                           clk (net)
                  0.21    0.00  100.14 ^ clkbuf_0_clk/A (sky130_fd_sc_hd__clkbuf_16)
                  0.04    0.16  100.31 ^ clkbuf_0_clk/X (sky130_fd_sc_hd__clkbuf_16)
     2    0.01                           clknet_0_clk (net)
                  0.04    0.00  100.31 ^ clkbuf_1_1_0_clk/A (sky130_fd_sc_hd__clkbuf_2)
                  0.06    0.11  100.42 ^ clkbuf_1_1_0_clk/X (sky130_fd_sc_hd__clkbuf_2)
     2    0.01                           clknet_1_1_0_clk (net)
                  0.06    0.00  100.42 ^ _47_/CLK (sky130_fd_sc_hd__dfrtp_4)
                         -0.25  100.17   clock uncertainty
                          0.00  100.17   clock reconvergence pessimism
                         -0.27   99.90   library recovery time
                                 99.90   data required time
-----------------------------------------------------------------------------
                                 99.90   data required time
                                -20.82   data arrival time
-----------------------------------------------------------------------------
                                 79.08   slack (MET)


Startpoint: rst_n (input port clocked by clk)
Endpoint: _48_ (recovery check against rising-edge clock clk)
Path Group: **async_default**
Path Type: max

Fanout     Cap    Slew   Delay    Time   Description
-----------------------------------------------------------------------------
                          0.00    0.00   clock clk (rise edge)
                          0.00    0.00   clock network delay (propagated)
                         20.00   20.00 ^ input external delay
                  0.04    0.03   20.03 ^ rst_n (in)
     1    0.01                           rst_n (net)
                  0.04    0.00   20.03 ^ input8/A (sky130_fd_sc_hd__buf_6)
                  0.04    0.10   20.12 ^ input8/X (sky130_fd_sc_hd__buf_6)
     4    0.09                           net8 (net)
                  1.33    0.70   20.82 ^ _48_/RESET_B (sky130_fd_sc_hd__dfrtp_4)
                                 20.82   data arrival time

                        100.00  100.00   clock clk (rise edge)
                          0.00  100.00   clock source latency
                  0.21    0.14  100.14 ^ clk (in)
     1    0.05                           clk (net)
                  0.21    0.00  100.14 ^ clkbuf_0_clk/A (sky130_fd_sc_hd__clkbuf_16)
                  0.04    0.16  100.31 ^ clkbuf_0_clk/X (sky130_fd_sc_hd__clkbuf_16)
     2    0.01                           clknet_0_clk (net)
                  0.04    0.00  100.31 ^ clkbuf_1_1_0_clk/A (sky130_fd_sc_hd__clkbuf_2)
                  0.06    0.11  100.42 ^ clkbuf_1_1_0_clk/X (sky130_fd_sc_hd__clkbuf_2)
     2    0.01                           clknet_1_1_0_clk (net)
                  0.06    0.00  100.42 ^ _48_/CLK (sky130_fd_sc_hd__dfrtp_4)
                         -0.25  100.17   clock uncertainty
                          0.00  100.17   clock reconvergence pessimism
                         -0.27   99.90   library recovery time
                                 99.90   data required time
-----------------------------------------------------------------------------
                                 99.90   data required time
                                -20.82   data arrival time
-----------------------------------------------------------------------------
                                 79.08   slack (MET)


Startpoint: rst_n (input port clocked by clk)
Endpoint: _49_ (recovery check against rising-edge clock clk)
Path Group: **async_default**
Path Type: max

Fanout     Cap    Slew   Delay    Time   Description
-----------------------------------------------------------------------------
                          0.00    0.00   clock clk (rise edge)
                          0.00    0.00   clock network delay (propagated)
                         20.00   20.00 ^ input external delay
                  0.04    0.03   20.03 ^ rst_n (in)
     1    0.01                           rst_n (net)
                  0.04    0.00   20.03 ^ input8/A (sky130_fd_sc_hd__buf_6)
                  0.04    0.10   20.12 ^ input8/X (sky130_fd_sc_hd__buf_6)
     4    0.09                           net8 (net)
                  1.33    0.69   20.82 ^ _49_/RESET_B (sky130_fd_sc_hd__dfrtp_4)
                                 20.82   data arrival time

                        100.00  100.00   clock clk (rise edge)
                          0.00  100.00   clock source latency
                  0.21    0.14  100.14 ^ clk (in)
     1    0.05                           clk (net)
                  0.21    0.00  100.14 ^ clkbuf_0_clk/A (sky130_fd_sc_hd__clkbuf_16)
                  0.04    0.16  100.31 ^ clkbuf_0_clk/X (sky130_fd_sc_hd__clkbuf_16)
     2    0.01                           clknet_0_clk (net)
                  0.04    0.00  100.31 ^ clkbuf_1_0_0_clk/A (sky130_fd_sc_hd__clkbuf_2)
                  0.06    0.11  100.42 ^ clkbuf_1_0_0_clk/X (sky130_fd_sc_hd__clkbuf_2)
     2    0.01                           clknet_1_0_0_clk (net)
                  0.06    0.00  100.42 ^ _49_/CLK (sky130_fd_sc_hd__dfrtp_4)
                         -0.25  100.17   clock uncertainty
                          0.00  100.17   clock reconvergence pessimism
                         -0.27   99.90   library recovery time
                                 99.90   data required time
-----------------------------------------------------------------------------
                                 99.90   data required time
                                -20.82   data arrival time
-----------------------------------------------------------------------------
                                 79.08   slack (MET)


Startpoint: rst_n (input port clocked by clk)
Endpoint: _46_ (recovery check against rising-edge clock clk)
Path Group: **async_default**
Path Type: max

Fanout     Cap    Slew   Delay    Time   Description
-----------------------------------------------------------------------------
                          0.00    0.00   clock clk (rise edge)
                          0.00    0.00   clock network delay (propagated)
                         20.00   20.00 ^ input external delay
                  0.04    0.03   20.03 ^ rst_n (in)
     1    0.01                           rst_n (net)
                  0.04    0.00   20.03 ^ input8/A (sky130_fd_sc_hd__buf_6)
                  0.04    0.10   20.12 ^ input8/X (sky130_fd_sc_hd__buf_6)
     4    0.09                           net8 (net)
                  1.33    0.69   20.82 ^ _46_/RESET_B (sky130_fd_sc_hd__dfrtp_4)
                                 20.82   data arrival time

                        100.00  100.00   clock clk (rise edge)
                          0.00  100.00   clock source latency
                  0.21    0.14  100.14 ^ clk (in)
     1    0.05                           clk (net)
                  0.21    0.00  100.14 ^ clkbuf_0_clk/A (sky130_fd_sc_hd__clkbuf_16)
                  0.04    0.16  100.31 ^ clkbuf_0_clk/X (sky130_fd_sc_hd__clkbuf_16)
     2    0.01                           clknet_0_clk (net)
                  0.04    0.00  100.31 ^ clkbuf_1_0_0_clk/A (sky130_fd_sc_hd__clkbuf_2)
                  0.06    0.11  100.42 ^ clkbuf_1_0_0_clk/X (sky130_fd_sc_hd__clkbuf_2)
     2    0.01                           clknet_1_0_0_clk (net)
                  0.06    0.00  100.42 ^ _46_/CLK (sky130_fd_sc_hd__dfrtp_4)
                         -0.25  100.17   clock uncertainty
                          0.00  100.17   clock reconvergence pessimism
                         -0.27   99.90   library recovery time
                                 99.90   data required time
-----------------------------------------------------------------------------
                                 99.90   data required time
                                -20.82   data arrival time
-----------------------------------------------------------------------------
                                 79.08   slack (MET)


Startpoint: dn (input port clocked by clk)
Endpoint: _49_ (rising edge-triggered flip-flop clocked by clk)
Path Group: clk
Path Type: max

Fanout     Cap    Slew   Delay    Time   Description
-----------------------------------------------------------------------------
                          0.00    0.00   clock clk (rise edge)
                          0.00    0.00   clock network delay (propagated)
                         20.00   20.00 v input external delay
                  0.02    0.02   20.02 v dn (in)
     1    0.01                           dn (net)
                  0.02    0.00   20.02 v input5/A (sky130_fd_sc_hd__buf_6)
                  0.07    0.15   20.16 v input5/X (sky130_fd_sc_hd__buf_6)
     3    0.07                           net5 (net)
                  0.08    0.02   20.19 v _29_/A (sky130_fd_sc_hd__inv_2)
                  0.08    0.10   20.29 ^ _29_/Y (sky130_fd_sc_hd__inv_2)
     2    0.02                           _14_ (net)
                  0.08    0.00   20.29 ^ _30_/A2 (sky130_fd_sc_hd__o22a_1)
                  0.11    0.19   20.48 ^ _30_/X (sky130_fd_sc_hd__o22a_1)
     2    0.01                           _15_ (net)
                  0.11    0.00   20.49 ^ _31_/A (sky130_fd_sc_hd__inv_2)
                  0.04    0.06   20.54 v _31_/Y (sky130_fd_sc_hd__inv_2)
     2    0.01                           _16_ (net)
                  0.04    0.00   20.55 v _34_/B2 (sky130_fd_sc_hd__o22a_1)
                  0.10    0.22   20.76 v _34_/X (sky130_fd_sc_hd__o22a_1)
     3    0.01                           _18_ (net)
                  0.10    0.00   20.77 v _38_/B1 (sky130_fd_sc_hd__o22a_2)
                  0.09    0.28   21.05 v _38_/X (sky130_fd_sc_hd__o22a_2)
     2    0.02                           _21_ (net)
                  0.09    0.01   21.06 v _40_/A1_N (sky130_fd_sc_hd__o2bb2ai_4)
                  0.08    0.18   21.24 v _40_/Y (sky130_fd_sc_hd__o2bb2ai_4)
     1    0.02                           _03_ (net)
                  0.08    0.01   21.25 v _44_/A0 (sky130_fd_sc_hd__mux2_2)
                  0.11    0.35   21.60 v _44_/X (sky130_fd_sc_hd__mux2_2)
     1    0.02                           _07_ (net)
                  0.11    0.01   21.61 v _41_/B2 (sky130_fd_sc_hd__o22a_1)
                  0.08    0.23   21.84 v _41_/X (sky130_fd_sc_hd__o22a_1)
     1    0.01                           _11_ (net)
                  0.08    0.01   21.85 v _49_/D (sky130_fd_sc_hd__dfrtp_4)
                                 21.85   data arrival time

                        100.00  100.00   clock clk (rise edge)
                          0.00  100.00   clock source latency
                  0.21    0.14  100.14 ^ clk (in)
     1    0.05                           clk (net)
                  0.21    0.00  100.14 ^ clkbuf_0_clk/A (sky130_fd_sc_hd__clkbuf_16)
                  0.04    0.16  100.31 ^ clkbuf_0_clk/X (sky130_fd_sc_hd__clkbuf_16)
     2    0.01                           clknet_0_clk (net)
                  0.04    0.00  100.31 ^ clkbuf_1_0_0_clk/A (sky130_fd_sc_hd__clkbuf_2)
                  0.06    0.11  100.42 ^ clkbuf_1_0_0_clk/X (sky130_fd_sc_hd__clkbuf_2)
     2    0.01                           clknet_1_0_0_clk (net)
                  0.06    0.00  100.42 ^ _49_/CLK (sky130_fd_sc_hd__dfrtp_4)
                         -0.25  100.17   clock uncertainty
                          0.00  100.17   clock reconvergence pessimism
                         -0.13  100.04   library setup time
                                100.04   data required time
-----------------------------------------------------------------------------
                                100.04   data required time
                                -21.85   data arrival time
-----------------------------------------------------------------------------
                                 78.19   slack (MET)


Startpoint: _49_ (rising edge-triggered flip-flop clocked by clk)
Endpoint: count[3] (output port clocked by clk)
Path Group: clk
Path Type: max

Fanout     Cap    Slew   Delay    Time   Description
-----------------------------------------------------------------------------
                          0.00    0.00   clock clk (rise edge)
                          0.00    0.00   clock source latency
                  0.21    0.16    0.16 ^ clk (in)
     1    0.05                           clk (net)
                  0.21    0.00    0.16 ^ clkbuf_0_clk/A (sky130_fd_sc_hd__clkbuf_16)
                  0.04    0.18    0.34 ^ clkbuf_0_clk/X (sky130_fd_sc_hd__clkbuf_16)
     2    0.01                           clknet_0_clk (net)
                  0.04    0.00    0.34 ^ clkbuf_1_0_0_clk/A (sky130_fd_sc_hd__clkbuf_2)
                  0.06    0.12    0.46 ^ clkbuf_1_0_0_clk/X (sky130_fd_sc_hd__clkbuf_2)
     2    0.01                           clknet_1_0_0_clk (net)
                  0.06    0.00    0.47 ^ _49_/CLK (sky130_fd_sc_hd__dfrtp_4)
                  0.30    0.60    1.07 ^ _49_/Q (sky130_fd_sc_hd__dfrtp_4)
     5    0.10                           net12 (net)
                  0.32    0.06    1.13 ^ output12/A (sky130_fd_sc_hd__buf_2)
                  0.19    0.30    1.42 ^ output12/X (sky130_fd_sc_hd__buf_2)
     1    0.03                           count[3] (net)
                  0.19    0.01    1.44 ^ count[3] (out)
                                  1.44   data arrival time

                        100.00  100.00   clock clk (rise edge)
                          0.00  100.00   clock network delay (propagated)
                         -0.25   99.75   clock uncertainty
                          0.00   99.75   clock reconvergence pessimism
                        -20.00   79.75   output external delay
                                 79.75   data required time
-----------------------------------------------------------------------------
                                 79.75   data required time
                                 -1.44   data arrival time
-----------------------------------------------------------------------------
                                 78.31   slack (MET)


Startpoint: _47_ (rising edge-triggered flip-flop clocked by clk)
Endpoint: count[1] (output port clocked by clk)
Path Group: clk
Path Type: max

Fanout     Cap    Slew   Delay    Time   Description
-----------------------------------------------------------------------------
                          0.00    0.00   clock clk (rise edge)
                          0.00    0.00   clock source latency
                  0.21    0.16    0.16 ^ clk (in)
     1    0.05                           clk (net)
                  0.21    0.00    0.16 ^ clkbuf_0_clk/A (sky130_fd_sc_hd__clkbuf_16)
                  0.04    0.18    0.34 ^ clkbuf_0_clk/X (sky130_fd_sc_hd__clkbuf_16)
     2    0.01                           clknet_0_clk (net)
                  0.04    0.00    0.34 ^ clkbuf_1_1_0_clk/A (sky130_fd_sc_hd__clkbuf_2)
                  0.06    0.12    0.46 ^ clkbuf_1_1_0_clk/X (sky130_fd_sc_hd__clkbuf_2)
     2    0.01                           clknet_1_1_0_clk (net)
                  0.06    0.00    0.46 ^ _47_/CLK (sky130_fd_sc_hd__dfrtp_4)
                  0.25    0.59    1.05 ^ _47_/Q (sky130_fd_sc_hd__dfrtp_4)
     4    0.08                           net10 (net)
                  0.25    0.02    1.07 ^ output10/A (sky130_fd_sc_hd__buf_2)
                  0.19    0.27    1.35 ^ output10/X (sky130_fd_sc_hd__buf_2)
     1    0.03                           count[1] (net)
                  0.19    0.02    1.37 ^ count[1] (out)
                                  1.37   data arrival time

                        100.00  100.00   clock clk (rise edge)
                          0.00  100.00   clock network delay (propagated)
                         -0.25   99.75   clock uncertainty
                          0.00   99.75   clock reconvergence pessimism
                        -20.00   79.75   output external delay
                                 79.75   data required time
-----------------------------------------------------------------------------
                                 79.75   data required time
                                 -1.37   data arrival time
-----------------------------------------------------------------------------
                                 78.38   slack (MET)


Startpoint: _48_ (rising edge-triggered flip-flop clocked by clk)
Endpoint: count[2] (output port clocked by clk)
Path Group: clk
Path Type: max

Fanout     Cap    Slew   Delay    Time   Description
-----------------------------------------------------------------------------
                          0.00    0.00   clock clk (rise edge)
                          0.00    0.00   clock source latency
                  0.21    0.16    0.16 ^ clk (in)
     1    0.05                           clk (net)
                  0.21    0.00    0.16 ^ clkbuf_0_clk/A (sky130_fd_sc_hd__clkbuf_16)
                  0.04    0.18    0.34 ^ clkbuf_0_clk/X (sky130_fd_sc_hd__clkbuf_16)
     2    0.01                           clknet_0_clk (net)
                  0.04    0.00    0.34 ^ clkbuf_1_1_0_clk/A (sky130_fd_sc_hd__clkbuf_2)
                  0.06    0.12    0.46 ^ clkbuf_1_1_0_clk/X (sky130_fd_sc_hd__clkbuf_2)
     2    0.01                           clknet_1_1_0_clk (net)
                  0.06    0.00    0.46 ^ _48_/CLK (sky130_fd_sc_hd__dfrtp_4)
                  0.23    0.56    1.02 ^ _48_/Q (sky130_fd_sc_hd__dfrtp_4)
     5    0.08                           net11 (net)
                  0.24    0.05    1.06 ^ output11/A (sky130_fd_sc_hd__buf_2)
                  0.19    0.28    1.34 ^ output11/X (sky130_fd_sc_hd__buf_2)
     1    0.03                           count[2] (net)
                  0.20    0.02    1.36 ^ count[2] (out)
                                  1.36   data arrival time

                        100.00  100.00   clock clk (rise edge)
                          0.00  100.00   clock network delay (propagated)
                         -0.25   99.75   clock uncertainty
                          0.00   99.75   clock reconvergence pessimism
                        -20.00   79.75   output external delay
                                 79.75   data required time
-----------------------------------------------------------------------------
                                 79.75   data required time
                                 -1.36   data arrival time
-----------------------------------------------------------------------------
                                 78.39   slack (MET)


Startpoint: dn (input port clocked by clk)
Endpoint: _48_ (rising edge-triggered flip-flop clocked by clk)
Path Group: clk
Path Type: max

Fanout     Cap    Slew   Delay    Time   Description
-----------------------------------------------------------------------------
                          0.00    0.00   clock clk (rise edge)
                          0.00    0.00   clock network delay (propagated)
                         20.00   20.00 v input external delay
                  0.02    0.02   20.02 v dn (in)
     1    0.01                           dn (net)
                  0.02    0.00   20.02 v input5/A (sky130_fd_sc_hd__buf_6)
                  0.07    0.15   20.16 v input5/X (sky130_fd_sc_hd__buf_6)
     3    0.07                           net5 (net)
                  0.08    0.02   20.19 v _29_/A (sky130_fd_sc_hd__inv_2)
                  0.08    0.10   20.29 ^ _29_/Y (sky130_fd_sc_hd__inv_2)
     2    0.02                           _14_ (net)
                  0.08    0.00   20.29 ^ _30_/A2 (sky130_fd_sc_hd__o22a_1)
                  0.11    0.19   20.48 ^ _30_/X (sky130_fd_sc_hd__o22a_1)
     2    0.01                           _15_ (net)
                  0.11    0.00   20.49 ^ _31_/A (sky130_fd_sc_hd__inv_2)
                  0.04    0.06   20.54 v _31_/Y (sky130_fd_sc_hd__inv_2)
     2    0.01                           _16_ (net)
                  0.04    0.00   20.55 v _34_/B2 (sky130_fd_sc_hd__o22a_1)
                  0.10    0.22   20.76 v _34_/X (sky130_fd_sc_hd__o22a_1)
     3    0.01                           _18_ (net)
                  0.10    0.00   20.77 v _37_/A1_N (sky130_fd_sc_hd__a2bb2oi_2)
                  0.09    0.21   20.98 v _37_/Y (sky130_fd_sc_hd__a2bb2oi_2)
     1    0.02                           _02_ (net)
                  0.09    0.00   20.98 v _45_/A0 (sky130_fd_sc_hd__mux2_1)
                  0.11    0.38   21.36 v _45_/X (sky130_fd_sc_hd__mux2_1)
     1    0.02                           _06_ (net)
                  0.11    0.01   21.37 v _24_/B1 (sky130_fd_sc_hd__o22a_1)
                  0.07    0.25   21.62 v _24_/X (sky130_fd_sc_hd__o22a_1)
     1    0.01                           _10_ (net)
                  0.08    0.00   21.62 v _48_/D (sky130_fd_sc_hd__dfrtp_4)
                                 21.62   data arrival time

                        100.00  100.00   clock clk (rise edge)
                          0.00  100.00   clock source latency
                  0.21    0.14  100.14 ^ clk (in)
     1    0.05                           clk (net)
                  0.21    0.00  100.14 ^ clkbuf_0_clk/A (sky130_fd_sc_hd__clkbuf_16)
                  0.04    0.16  100.31 ^ clkbuf_0_clk/X (sky130_fd_sc_hd__clkbuf_16)
     2    0.01                           clknet_0_clk (net)
                  0.04    0.00  100.31 ^ clkbuf_1_1_0_clk/A (sky130_fd_sc_hd__clkbuf_2)
                  0.06    0.11  100.42 ^ clkbuf_1_1_0_clk/X (sky130_fd_sc_hd__clkbuf_2)
     2    0.01                           clknet_1_1_0_clk (net)
                  0.06    0.00  100.42 ^ _48_/CLK (sky130_fd_sc_hd__dfrtp_4)
                         -0.25  100.17   clock uncertainty
                          0.00  100.17   clock reconvergence pessimism
                         -0.12  100.04   library setup time
                                100.04   data required time
-----------------------------------------------------------------------------
                                100.04   data required time
                                -21.62   data arrival time
-----------------------------------------------------------------------------
                                 78.42   slack (MET)


max_report_end
check_report

===========================================================================
report_checks -unconstrained
============================================================================
Startpoint: rst_n (input port clocked by clk)
Endpoint: _47_ (recovery check against rising-edge clock clk)
Path Group: **async_default**
Path Type: max

Fanout     Cap    Slew   Delay    Time   Description
-----------------------------------------------------------------------------
                          0.00    0.00   clock clk (rise edge)
                          0.00    0.00   clock network delay (propagated)
                         20.00   20.00 ^ input external delay
                  0.04    0.03   20.03 ^ rst_n (in)
     1    0.01                           rst_n (net)
                  0.04    0.00   20.03 ^ input8/A (sky130_fd_sc_hd__buf_6)
                  0.04    0.10   20.12 ^ input8/X (sky130_fd_sc_hd__buf_6)
     4    0.09                           net8 (net)
                  1.33    0.70   20.82 ^ _47_/RESET_B (sky130_fd_sc_hd__dfrtp_4)
                                 20.82   data arrival time

                        100.00  100.00   clock clk (rise edge)
                          0.00  100.00   clock source latency
                  0.21    0.14  100.14 ^ clk (in)
     1    0.05                           clk (net)
                  0.21    0.00  100.14 ^ clkbuf_0_clk/A (sky130_fd_sc_hd__clkbuf_16)
                  0.04    0.16  100.31 ^ clkbuf_0_clk/X (sky130_fd_sc_hd__clkbuf_16)
     2    0.01                           clknet_0_clk (net)
                  0.04    0.00  100.31 ^ clkbuf_1_1_0_clk/A (sky130_fd_sc_hd__clkbuf_2)
                  0.06    0.11  100.42 ^ clkbuf_1_1_0_clk/X (sky130_fd_sc_hd__clkbuf_2)
     2    0.01                           clknet_1_1_0_clk (net)
                  0.06    0.00  100.42 ^ _47_/CLK (sky130_fd_sc_hd__dfrtp_4)
                         -0.25  100.17   clock uncertainty
                          0.00  100.17   clock reconvergence pessimism
                         -0.27   99.90   library recovery time
                                 99.90   data required time
-----------------------------------------------------------------------------
                                 99.90   data required time
                                -20.82   data arrival time
-----------------------------------------------------------------------------
                                 79.08   slack (MET)


Startpoint: dn (input port clocked by clk)
Endpoint: _49_ (rising edge-triggered flip-flop clocked by clk)
Path Group: clk
Path Type: max

Fanout     Cap    Slew   Delay    Time   Description
-----------------------------------------------------------------------------
                          0.00    0.00   clock clk (rise edge)
                          0.00    0.00   clock network delay (propagated)
                         20.00   20.00 v input external delay
                  0.02    0.02   20.02 v dn (in)
     1    0.01                           dn (net)
                  0.02    0.00   20.02 v input5/A (sky130_fd_sc_hd__buf_6)
                  0.07    0.15   20.16 v input5/X (sky130_fd_sc_hd__buf_6)
     3    0.07                           net5 (net)
                  0.08    0.02   20.19 v _29_/A (sky130_fd_sc_hd__inv_2)
                  0.08    0.10   20.29 ^ _29_/Y (sky130_fd_sc_hd__inv_2)
     2    0.02                           _14_ (net)
                  0.08    0.00   20.29 ^ _30_/A2 (sky130_fd_sc_hd__o22a_1)
                  0.11    0.19   20.48 ^ _30_/X (sky130_fd_sc_hd__o22a_1)
     2    0.01                           _15_ (net)
                  0.11    0.00   20.49 ^ _31_/A (sky130_fd_sc_hd__inv_2)
                  0.04    0.06   20.54 v _31_/Y (sky130_fd_sc_hd__inv_2)
     2    0.01                           _16_ (net)
                  0.04    0.00   20.55 v _34_/B2 (sky130_fd_sc_hd__o22a_1)
                  0.10    0.22   20.76 v _34_/X (sky130_fd_sc_hd__o22a_1)
     3    0.01                           _18_ (net)
                  0.10    0.00   20.77 v _38_/B1 (sky130_fd_sc_hd__o22a_2)
                  0.09    0.28   21.05 v _38_/X (sky130_fd_sc_hd__o22a_2)
     2    0.02                           _21_ (net)
                  0.09    0.01   21.06 v _40_/A1_N (sky130_fd_sc_hd__o2bb2ai_4)
                  0.08    0.18   21.24 v _40_/Y (sky130_fd_sc_hd__o2bb2ai_4)
     1    0.02                           _03_ (net)
                  0.08    0.01   21.25 v _44_/A0 (sky130_fd_sc_hd__mux2_2)
                  0.11    0.35   21.60 v _44_/X (sky130_fd_sc_hd__mux2_2)
     1    0.02                           _07_ (net)
                  0.11    0.01   21.61 v _41_/B2 (sky130_fd_sc_hd__o22a_1)
                  0.08    0.23   21.84 v _41_/X (sky130_fd_sc_hd__o22a_1)
     1    0.01                           _11_ (net)
                  0.08    0.01   21.85 v _49_/D (sky130_fd_sc_hd__dfrtp_4)
                                 21.85   data arrival time

                        100.00  100.00   clock clk (rise edge)
                          0.00  100.00   clock source latency
                  0.21    0.14  100.14 ^ clk (in)
     1    0.05                           clk (net)
                  0.21    0.00  100.14 ^ clkbuf_0_clk/A (sky130_fd_sc_hd__clkbuf_16)
                  0.04    0.16  100.31 ^ clkbuf_0_clk/X (sky130_fd_sc_hd__clkbuf_16)
     2    0.01                           clknet_0_clk (net)
                  0.04    0.00  100.31 ^ clkbuf_1_0_0_clk/A (sky130_fd_sc_hd__clkbuf_2)
                  0.06    0.11  100.42 ^ clkbuf_1_0_0_clk/X (sky130_fd_sc_hd__clkbuf_2)
     2    0.01                           clknet_1_0_0_clk (net)
                  0.06    0.00  100.42 ^ _49_/CLK (sky130_fd_sc_hd__dfrtp_4)
                         -0.25  100.17   clock uncertainty
                          0.00  100.17   clock reconvergence pessimism
                         -0.13  100.04   library setup time
                                100.04   data required time
-----------------------------------------------------------------------------
                                100.04   data required time
                                -21.85   data arrival time
-----------------------------------------------------------------------------
                                 78.19   slack (MET)



===========================================================================
report_checks --slack_max -0.01
============================================================================
No paths found.
check_report_end
check_slew

===========================================================================
 report_check_types -max_slew -max_cap -max_fanout -violators
============================================================================

===========================================================================
max slew violation count 0
max fanout violation count 0
max cap violation count 0
============================================================================
check_slew_end
tns_report

===========================================================================
 report_tns
============================================================================
tns 0.00
tns_report_end
wns_report

===========================================================================
 report_wns
============================================================================
wns 0.00
wns_report_end
worst_slack

===========================================================================
 report_worst_slack -max (Setup)
============================================================================
worst slack 78.19

===========================================================================
 report_worst_slack -min (Hold)
============================================================================
worst slack 0.51
worst_slack_end
clock_skew

===========================================================================
 report_clock_skew
============================================================================
Clock clk
Latency      CRPR       Skew
_46_/CLK ^
   0.47
_48_/CLK ^
   0.42     -0.03       0.02

clock_skew_end
power_report

===========================================================================
 report_power
============================================================================
Group                  Internal  Switching    Leakage      Total
                          Power      Power      Power      Power
----------------------------------------------------------------
Sequential             1.72e-06   1.14e-06   3.23e-11   2.85e-06  26.6%
Combinational          3.78e-06   4.08e-06   1.54e-09   7.86e-06  73.4%
Macro                  0.00e+00   0.00e+00   0.00e+00   0.00e+00   0.0%
Pad                    0.00e+00   0.00e+00   0.00e+00   0.00e+00   0.0%
----------------------------------------------------------------
Total                  5.50e-06   5.21e-06   1.58e-09   1.07e-05 100.0%
                          51.3%      48.7%       0.0%
power_report_end
area_report

===========================================================================
 report_design_area
============================================================================
Design area 8087 u^2 2% utilization.
area_report_end
