OpenROAD b79f266fe41540eabc064bcaddfe19ed715ac5c2 
This program is licensed under the BSD-3 license. See the LICENSE file for details.
Components of this program may be licensed under more restrictive licenses which must be honored.
[INFO ODB-0222] Reading LEF file: /home/shahid/caravel_user_project1/openlane/user_project_wrapper/runs/user_project_wrapper/tmp/merged_unpadded.lef
[INFO ODB-0223]     Created 13 technology layers
[INFO ODB-0224]     Created 25 technology vias
[INFO ODB-0225]     Created 442 library cells
[INFO ODB-0226] Finished LEF file:  /home/shahid/caravel_user_project1/openlane/user_project_wrapper/runs/user_project_wrapper/tmp/merged_unpadded.lef
[WARNING ORD-0033] -order_wires is deprecated.
[INFO ODB-0127] Reading DEF file: /home/shahid/caravel_user_project1/openlane/user_project_wrapper/runs/user_project_wrapper/results/routing/22-user_project_wrapper.def
[INFO ODB-0128] Design: user_project_wrapper
[INFO ODB-0130]     Created 645 pins.
[INFO ODB-0131]     Created 1 components and 610 component-terminals.
[INFO ODB-0132]     Created 8 special nets and 0 connections.
[INFO ODB-0133]     Created 637 nets and 608 connections.
[INFO ODB-0134] Finished DEF file: /home/shahid/caravel_user_project1/openlane/user_project_wrapper/runs/user_project_wrapper/results/routing/22-user_project_wrapper.def
[INFO]: Setting RC values...
[INFO RCX-0431] Defined process_corner X with ext_model_index 0
[INFO RCX-0029] Defined extraction corner X
[INFO RCX-0008] extracting parasitics of user_project_wrapper ...
[INFO RCX-0435] Reading extraction model file /home/shahid/OSPDKs/sky130A/libs.tech/openlane/rcx_rules.info ...
[INFO RCX-0436] RC segment generation user_project_wrapper (max_merge_res 50.0) ...
[INFO RCX-0040] Final 3814 rc segments
[INFO RCX-0439] Coupling Cap extraction user_project_wrapper ...
[INFO RCX-0440] Coupling threshhold is 0.1000 fF, coupling capacitance less than 0.1000 fF will be grounded.
[INFO RCX-0043] 3990 wires to be extracted
[INFO RCX-0442] 15% completion -- 624 wires have been extracted
[INFO RCX-0442] 35% completion -- 1401 wires have been extracted
[INFO RCX-0442] 39% completion -- 1592 wires have been extracted
[INFO RCX-0442] 49% completion -- 1963 wires have been extracted
[INFO RCX-0442] 68% completion -- 2739 wires have been extracted
[INFO RCX-0442] 88% completion -- 3529 wires have been extracted
[INFO RCX-0442] 94% completion -- 3753 wires have been extracted
[INFO RCX-0442] 100% completion -- 3990 wires have been extracted
[INFO RCX-0045] Extract 643 nets, 4422 rsegs, 4422 caps, 3857 ccs
[INFO RCX-0015] Finished extracting user_project_wrapper.
[INFO RCX-0016] Writing SPEF ...
[INFO RCX-0443] 637 nets finished
[INFO RCX-0017] Finished writing SPEF ...
