
 /----------------------------------------------------------------------------\
 |                                                                            |
 |  yosys -- Yosys Open SYnthesis Suite                                       |
 |                                                                            |
 |  Copyright (C) 2012 - 2020  Claire Wolf <claire@symbioticeda.com>          |
 |                                                                            |
 |  Permission to use, copy, modify, and/or distribute this software for any  |
 |  purpose with or without fee is hereby granted, provided that the above    |
 |  copyright notice and this permission notice appear in all copies.         |
 |                                                                            |
 |  THE SOFTWARE IS PROVIDED "AS IS" AND THE AUTHOR DISCLAIMS ALL WARRANTIES  |
 |  WITH REGARD TO THIS SOFTWARE INCLUDING ALL IMPLIED WARRANTIES OF          |
 |  MERCHANTABILITY AND FITNESS. IN NO EVENT SHALL THE AUTHOR BE LIABLE FOR   |
 |  ANY SPECIAL, DIRECT, INDIRECT, OR CONSEQUENTIAL DAMAGES OR ANY DAMAGES    |
 |  WHATSOEVER RESULTING FROM LOSS OF USE, DATA OR PROFITS, WHETHER IN AN     |
 |  ACTION OF CONTRACT, NEGLIGENCE OR OTHER TORTIOUS ACTION, ARISING OUT OF   |
 |  OR IN CONNECTION WITH THE USE OR PERFORMANCE OF THIS SOFTWARE.            |
 |                                                                            |
 \----------------------------------------------------------------------------/

 Yosys 0.9+4052 (git sha1 UNKNOWN, gcc 8.3.1 -fPIC -Os)

[TCL: yosys -import] Command name collision: found pre-existing command `cd' -> skip.
[TCL: yosys -import] Command name collision: found pre-existing command `eval' -> skip.
[TCL: yosys -import] Command name collision: found pre-existing command `exec' -> skip.
[TCL: yosys -import] Command name collision: found pre-existing command `read' -> skip.
[TCL: yosys -import] Command name collision: found pre-existing command `trace' -> skip.

1. Executing Verilog-2005 frontend: /home/shahid/caravel_user_project/caravel/verilog/rtl/defines.v
Parsing SystemVerilog input from `/home/shahid/caravel_user_project/caravel/verilog/rtl/defines.v' to AST representation.
Successfully finished Verilog frontend.

2. Executing Verilog-2005 frontend: /home/shahid/caravel_user_project/openlane/user_proj_dummy/../../verilog/rtl/user_proj_dummy.v
Parsing SystemVerilog input from `/home/shahid/caravel_user_project/openlane/user_proj_dummy/../../verilog/rtl/user_proj_dummy.v' to AST representation.
Generating RTLIL representation for module `\user_proj_dummy'.
Successfully finished Verilog frontend.

3. Executing Verilog-2005 frontend: /home/shahid/caravel_user_project/openlane/user_proj_dummy/../../verilog/rtl/dummy.v
Parsing SystemVerilog input from `/home/shahid/caravel_user_project/openlane/user_proj_dummy/../../verilog/rtl/dummy.v' to AST representation.
Generating RTLIL representation for module `\dummy'.
Successfully finished Verilog frontend.

4. Generating Graphviz representation of design.
Writing dot description to `/home/shahid/caravel_user_project/openlane/user_proj_dummy/runs/user_proj_dummy/tmp/synthesis/hierarchy.dot'.
Dumping module user_proj_dummy to page 1.

5. Executing HIERARCHY pass (managing design hierarchy).

5.1. Analyzing design hierarchy..
Top module:  \user_proj_dummy
Used module:     \dummy

5.2. Analyzing design hierarchy..
Top module:  \user_proj_dummy
Used module:     \dummy
Removed 0 unused modules.

6. Executing TRIBUF pass.

7. Executing SYNTH pass.

7.1. Executing HIERARCHY pass (managing design hierarchy).

7.1.1. Analyzing design hierarchy..
Top module:  \user_proj_dummy
Used module:     \dummy

7.1.2. Analyzing design hierarchy..
Top module:  \user_proj_dummy
Used module:     \dummy
Removed 0 unused modules.

7.2. Executing PROC pass (convert processes to netlists).

7.2.1. Executing PROC_CLEAN pass (remove empty switches from decision trees).
Cleaned up 0 empty switches.

7.2.2. Executing PROC_RMDEAD pass (remove dead branches from decision trees).
Removed a total of 0 dead cases.

7.2.3. Executing PROC_PRUNE pass (remove redundant assignments in processes).
Removed 0 redundant assignments.
Promoted 2 assignments to connections.

7.2.4. Executing PROC_INIT pass (extract init attributes).

7.2.5. Executing PROC_ARST pass (detect async resets in processes).

7.2.6. Executing PROC_MUX pass (convert decision trees to multiplexers).
Creating decoders for process `\dummy.$proc$/home/shahid/caravel_user_project/openlane/user_proj_dummy/../../verilog/rtl/dummy.v:34$1'.

7.2.7. Executing PROC_DLATCH pass (convert process syncs to latches).

7.2.8. Executing PROC_DFF pass (convert process syncs to FFs).
Creating register for signal `\dummy.\flag1' using process `\dummy.$proc$/home/shahid/caravel_user_project/openlane/user_proj_dummy/../../verilog/rtl/dummy.v:34$1'.
  created $dff cell `$procdff$19' with positive edge clock.
Creating register for signal `\dummy.\flag2' using process `\dummy.$proc$/home/shahid/caravel_user_project/openlane/user_proj_dummy/../../verilog/rtl/dummy.v:34$1'.
  created $dff cell `$procdff$20' with positive edge clock.

7.2.9. Executing PROC_MEMWR pass (convert process memory writes to cells).

7.2.10. Executing PROC_CLEAN pass (remove empty switches from decision trees).
Removing empty process `dummy.$proc$/home/shahid/caravel_user_project/openlane/user_proj_dummy/../../verilog/rtl/dummy.v:34$1'.
Cleaned up 0 empty switches.

7.3. Executing FLATTEN pass (flatten design).
Deleting now unused module dummy.
<suppressed ~1 debug messages>

7.4. Executing OPT_EXPR pass (perform const folding).
Optimizing module user_proj_dummy.

7.5. Executing OPT_CLEAN pass (remove unused cells and wires).
Finding unused cells or wires in module \user_proj_dummy..
Removed 13 unused cells and 25 unused wires.
<suppressed ~20 debug messages>

7.6. Executing CHECK pass (checking for obvious problems).
Checking module user_proj_dummy...
Warning: Wire user_proj_dummy.\wbs_dat_o [31] is used but has no driver.
Warning: Wire user_proj_dummy.\wbs_dat_o [30] is used but has no driver.
Warning: Wire user_proj_dummy.\wbs_dat_o [29] is used but has no driver.
Warning: Wire user_proj_dummy.\wbs_dat_o [28] is used but has no driver.
Warning: Wire user_proj_dummy.\wbs_dat_o [27] is used but has no driver.
Warning: Wire user_proj_dummy.\wbs_dat_o [26] is used but has no driver.
Warning: Wire user_proj_dummy.\wbs_dat_o [25] is used but has no driver.
Warning: Wire user_proj_dummy.\wbs_dat_o [24] is used but has no driver.
Warning: Wire user_proj_dummy.\wbs_dat_o [23] is used but has no driver.
Warning: Wire user_proj_dummy.\wbs_dat_o [22] is used but has no driver.
Warning: Wire user_proj_dummy.\wbs_dat_o [21] is used but has no driver.
Warning: Wire user_proj_dummy.\wbs_dat_o [20] is used but has no driver.
Warning: Wire user_proj_dummy.\wbs_dat_o [19] is used but has no driver.
Warning: Wire user_proj_dummy.\wbs_dat_o [18] is used but has no driver.
Warning: Wire user_proj_dummy.\wbs_dat_o [17] is used but has no driver.
Warning: Wire user_proj_dummy.\wbs_dat_o [16] is used but has no driver.
Warning: Wire user_proj_dummy.\wbs_dat_o [15] is used but has no driver.
Warning: Wire user_proj_dummy.\wbs_dat_o [14] is used but has no driver.
Warning: Wire user_proj_dummy.\wbs_dat_o [13] is used but has no driver.
Warning: Wire user_proj_dummy.\wbs_dat_o [12] is used but has no driver.
Warning: Wire user_proj_dummy.\wbs_dat_o [11] is used but has no driver.
Warning: Wire user_proj_dummy.\wbs_dat_o [10] is used but has no driver.
Warning: Wire user_proj_dummy.\wbs_dat_o [9] is used but has no driver.
Warning: Wire user_proj_dummy.\wbs_dat_o [8] is used but has no driver.
Warning: Wire user_proj_dummy.\wbs_dat_o [7] is used but has no driver.
Warning: Wire user_proj_dummy.\wbs_dat_o [6] is used but has no driver.
Warning: Wire user_proj_dummy.\wbs_dat_o [5] is used but has no driver.
Warning: Wire user_proj_dummy.\wbs_dat_o [4] is used but has no driver.
Warning: Wire user_proj_dummy.\wbs_dat_o [3] is used but has no driver.
Warning: Wire user_proj_dummy.\wbs_dat_o [2] is used but has no driver.
Warning: Wire user_proj_dummy.\wbs_dat_o [1] is used but has no driver.
Warning: Wire user_proj_dummy.\wbs_dat_o [0] is used but has no driver.
Warning: Wire user_proj_dummy.\wbs_ack_o is used but has no driver.
Warning: Wire user_proj_dummy.\la_data_out [127] is used but has no driver.
Warning: Wire user_proj_dummy.\la_data_out [126] is used but has no driver.
Warning: Wire user_proj_dummy.\la_data_out [125] is used but has no driver.
Warning: Wire user_proj_dummy.\la_data_out [124] is used but has no driver.
Warning: Wire user_proj_dummy.\la_data_out [123] is used but has no driver.
Warning: Wire user_proj_dummy.\la_data_out [122] is used but has no driver.
Warning: Wire user_proj_dummy.\la_data_out [121] is used but has no driver.
Warning: Wire user_proj_dummy.\la_data_out [120] is used but has no driver.
Warning: Wire user_proj_dummy.\la_data_out [119] is used but has no driver.
Warning: Wire user_proj_dummy.\la_data_out [118] is used but has no driver.
Warning: Wire user_proj_dummy.\la_data_out [117] is used but has no driver.
Warning: Wire user_proj_dummy.\la_data_out [116] is used but has no driver.
Warning: Wire user_proj_dummy.\la_data_out [115] is used but has no driver.
Warning: Wire user_proj_dummy.\la_data_out [114] is used but has no driver.
Warning: Wire user_proj_dummy.\la_data_out [113] is used but has no driver.
Warning: Wire user_proj_dummy.\la_data_out [112] is used but has no driver.
Warning: Wire user_proj_dummy.\la_data_out [111] is used but has no driver.
Warning: Wire user_proj_dummy.\la_data_out [110] is used but has no driver.
Warning: Wire user_proj_dummy.\la_data_out [109] is used but has no driver.
Warning: Wire user_proj_dummy.\la_data_out [108] is used but has no driver.
Warning: Wire user_proj_dummy.\la_data_out [107] is used but has no driver.
Warning: Wire user_proj_dummy.\la_data_out [106] is used but has no driver.
Warning: Wire user_proj_dummy.\la_data_out [105] is used but has no driver.
Warning: Wire user_proj_dummy.\la_data_out [104] is used but has no driver.
Warning: Wire user_proj_dummy.\la_data_out [103] is used but has no driver.
Warning: Wire user_proj_dummy.\la_data_out [102] is used but has no driver.
Warning: Wire user_proj_dummy.\la_data_out [101] is used but has no driver.
Warning: Wire user_proj_dummy.\la_data_out [100] is used but has no driver.
Warning: Wire user_proj_dummy.\la_data_out [99] is used but has no driver.
Warning: Wire user_proj_dummy.\la_data_out [98] is used but has no driver.
Warning: Wire user_proj_dummy.\la_data_out [97] is used but has no driver.
Warning: Wire user_proj_dummy.\la_data_out [96] is used but has no driver.
Warning: Wire user_proj_dummy.\la_data_out [95] is used but has no driver.
Warning: Wire user_proj_dummy.\la_data_out [94] is used but has no driver.
Warning: Wire user_proj_dummy.\la_data_out [93] is used but has no driver.
Warning: Wire user_proj_dummy.\la_data_out [92] is used but has no driver.
Warning: Wire user_proj_dummy.\la_data_out [91] is used but has no driver.
Warning: Wire user_proj_dummy.\la_data_out [90] is used but has no driver.
Warning: Wire user_proj_dummy.\la_data_out [89] is used but has no driver.
Warning: Wire user_proj_dummy.\la_data_out [88] is used but has no driver.
Warning: Wire user_proj_dummy.\la_data_out [87] is used but has no driver.
Warning: Wire user_proj_dummy.\la_data_out [86] is used but has no driver.
Warning: Wire user_proj_dummy.\la_data_out [85] is used but has no driver.
Warning: Wire user_proj_dummy.\la_data_out [84] is used but has no driver.
Warning: Wire user_proj_dummy.\la_data_out [83] is used but has no driver.
Warning: Wire user_proj_dummy.\la_data_out [82] is used but has no driver.
Warning: Wire user_proj_dummy.\la_data_out [81] is used but has no driver.
Warning: Wire user_proj_dummy.\la_data_out [80] is used but has no driver.
Warning: Wire user_proj_dummy.\la_data_out [79] is used but has no driver.
Warning: Wire user_proj_dummy.\la_data_out [78] is used but has no driver.
Warning: Wire user_proj_dummy.\la_data_out [77] is used but has no driver.
Warning: Wire user_proj_dummy.\la_data_out [76] is used but has no driver.
Warning: Wire user_proj_dummy.\la_data_out [75] is used but has no driver.
Warning: Wire user_proj_dummy.\la_data_out [74] is used but has no driver.
Warning: Wire user_proj_dummy.\la_data_out [73] is used but has no driver.
Warning: Wire user_proj_dummy.\la_data_out [72] is used but has no driver.
Warning: Wire user_proj_dummy.\la_data_out [71] is used but has no driver.
Warning: Wire user_proj_dummy.\la_data_out [70] is used but has no driver.
Warning: Wire user_proj_dummy.\la_data_out [69] is used but has no driver.
Warning: Wire user_proj_dummy.\la_data_out [68] is used but has no driver.
Warning: Wire user_proj_dummy.\la_data_out [67] is used but has no driver.
Warning: Wire user_proj_dummy.\la_data_out [66] is used but has no driver.
Warning: Wire user_proj_dummy.\la_data_out [65] is used but has no driver.
Warning: Wire user_proj_dummy.\la_data_out [64] is used but has no driver.
Warning: Wire user_proj_dummy.\la_data_out [63] is used but has no driver.
Warning: Wire user_proj_dummy.\la_data_out [62] is used but has no driver.
Warning: Wire user_proj_dummy.\la_data_out [61] is used but has no driver.
Warning: Wire user_proj_dummy.\la_data_out [60] is used but has no driver.
Warning: Wire user_proj_dummy.\la_data_out [59] is used but has no driver.
Warning: Wire user_proj_dummy.\la_data_out [58] is used but has no driver.
Warning: Wire user_proj_dummy.\la_data_out [57] is used but has no driver.
Warning: Wire user_proj_dummy.\la_data_out [56] is used but has no driver.
Warning: Wire user_proj_dummy.\la_data_out [55] is used but has no driver.
Warning: Wire user_proj_dummy.\la_data_out [54] is used but has no driver.
Warning: Wire user_proj_dummy.\la_data_out [53] is used but has no driver.
Warning: Wire user_proj_dummy.\la_data_out [52] is used but has no driver.
Warning: Wire user_proj_dummy.\la_data_out [51] is used but has no driver.
Warning: Wire user_proj_dummy.\la_data_out [50] is used but has no driver.
Warning: Wire user_proj_dummy.\la_data_out [49] is used but has no driver.
Warning: Wire user_proj_dummy.\la_data_out [48] is used but has no driver.
Warning: Wire user_proj_dummy.\la_data_out [47] is used but has no driver.
Warning: Wire user_proj_dummy.\la_data_out [46] is used but has no driver.
Warning: Wire user_proj_dummy.\la_data_out [45] is used but has no driver.
Warning: Wire user_proj_dummy.\la_data_out [44] is used but has no driver.
Warning: Wire user_proj_dummy.\la_data_out [43] is used but has no driver.
Warning: Wire user_proj_dummy.\la_data_out [42] is used but has no driver.
Warning: Wire user_proj_dummy.\la_data_out [41] is used but has no driver.
Warning: Wire user_proj_dummy.\la_data_out [40] is used but has no driver.
Warning: Wire user_proj_dummy.\la_data_out [39] is used but has no driver.
Warning: Wire user_proj_dummy.\la_data_out [38] is used but has no driver.
Warning: Wire user_proj_dummy.\la_data_out [37] is used but has no driver.
Warning: Wire user_proj_dummy.\la_data_out [36] is used but has no driver.
Warning: Wire user_proj_dummy.\la_data_out [35] is used but has no driver.
Warning: Wire user_proj_dummy.\la_data_out [34] is used but has no driver.
Warning: Wire user_proj_dummy.\la_data_out [33] is used but has no driver.
Warning: Wire user_proj_dummy.\la_data_out [32] is used but has no driver.
Warning: Wire user_proj_dummy.\la_data_out [31] is used but has no driver.
Warning: Wire user_proj_dummy.\la_data_out [30] is used but has no driver.
Warning: Wire user_proj_dummy.\la_data_out [29] is used but has no driver.
Warning: Wire user_proj_dummy.\la_data_out [28] is used but has no driver.
Warning: Wire user_proj_dummy.\la_data_out [27] is used but has no driver.
Warning: Wire user_proj_dummy.\la_data_out [26] is used but has no driver.
Warning: Wire user_proj_dummy.\la_data_out [25] is used but has no driver.
Warning: Wire user_proj_dummy.\la_data_out [24] is used but has no driver.
Warning: Wire user_proj_dummy.\la_data_out [23] is used but has no driver.
Warning: Wire user_proj_dummy.\la_data_out [22] is used but has no driver.
Warning: Wire user_proj_dummy.\la_data_out [21] is used but has no driver.
Warning: Wire user_proj_dummy.\la_data_out [20] is used but has no driver.
Warning: Wire user_proj_dummy.\la_data_out [19] is used but has no driver.
Warning: Wire user_proj_dummy.\la_data_out [18] is used but has no driver.
Warning: Wire user_proj_dummy.\la_data_out [17] is used but has no driver.
Warning: Wire user_proj_dummy.\la_data_out [16] is used but has no driver.
Warning: Wire user_proj_dummy.\la_data_out [15] is used but has no driver.
Warning: Wire user_proj_dummy.\la_data_out [14] is used but has no driver.
Warning: Wire user_proj_dummy.\la_data_out [13] is used but has no driver.
Warning: Wire user_proj_dummy.\la_data_out [12] is used but has no driver.
Warning: Wire user_proj_dummy.\la_data_out [11] is used but has no driver.
Warning: Wire user_proj_dummy.\la_data_out [10] is used but has no driver.
Warning: Wire user_proj_dummy.\la_data_out [9] is used but has no driver.
Warning: Wire user_proj_dummy.\la_data_out [8] is used but has no driver.
Warning: Wire user_proj_dummy.\la_data_out [7] is used but has no driver.
Warning: Wire user_proj_dummy.\la_data_out [6] is used but has no driver.
Warning: Wire user_proj_dummy.\la_data_out [5] is used but has no driver.
Warning: Wire user_proj_dummy.\la_data_out [4] is used but has no driver.
Warning: Wire user_proj_dummy.\la_data_out [3] is used but has no driver.
Warning: Wire user_proj_dummy.\la_data_out [2] is used but has no driver.
Warning: Wire user_proj_dummy.\la_data_out [1] is used but has no driver.
Warning: Wire user_proj_dummy.\la_data_out [0] is used but has no driver.
Warning: Wire user_proj_dummy.\io_out [37] is used but has no driver.
Warning: Wire user_proj_dummy.\io_out [36] is used but has no driver.
Warning: Wire user_proj_dummy.\io_out [35] is used but has no driver.
Warning: Wire user_proj_dummy.\io_out [34] is used but has no driver.
Warning: Wire user_proj_dummy.\io_out [33] is used but has no driver.
Warning: Wire user_proj_dummy.\io_out [32] is used but has no driver.
Warning: Wire user_proj_dummy.\io_out [31] is used but has no driver.
Warning: Wire user_proj_dummy.\io_out [30] is used but has no driver.
Warning: Wire user_proj_dummy.\io_out [29] is used but has no driver.
Warning: Wire user_proj_dummy.\io_out [28] is used but has no driver.
Warning: Wire user_proj_dummy.\io_out [27] is used but has no driver.
Warning: Wire user_proj_dummy.\io_out [26] is used but has no driver.
Warning: Wire user_proj_dummy.\io_out [25] is used but has no driver.
Warning: Wire user_proj_dummy.\io_out [24] is used but has no driver.
Warning: Wire user_proj_dummy.\io_out [23] is used but has no driver.
Warning: Wire user_proj_dummy.\io_out [22] is used but has no driver.
Warning: Wire user_proj_dummy.\io_out [21] is used but has no driver.
Warning: Wire user_proj_dummy.\io_out [20] is used but has no driver.
Warning: Wire user_proj_dummy.\io_out [19] is used but has no driver.
Warning: Wire user_proj_dummy.\io_out [18] is used but has no driver.
Warning: Wire user_proj_dummy.\io_out [17] is used but has no driver.
Warning: Wire user_proj_dummy.\io_out [16] is used but has no driver.
Warning: Wire user_proj_dummy.\io_out [15] is used but has no driver.
Warning: Wire user_proj_dummy.\io_out [14] is used but has no driver.
Warning: Wire user_proj_dummy.\io_out [13] is used but has no driver.
Warning: Wire user_proj_dummy.\io_out [12] is used but has no driver.
Warning: Wire user_proj_dummy.\io_out [11] is used but has no driver.
Warning: Wire user_proj_dummy.\io_out [10] is used but has no driver.
Warning: Wire user_proj_dummy.\io_out [9] is used but has no driver.
Warning: Wire user_proj_dummy.\io_out [8] is used but has no driver.
Warning: Wire user_proj_dummy.\io_out [7] is used but has no driver.
Warning: Wire user_proj_dummy.\io_out [6] is used but has no driver.
Warning: Wire user_proj_dummy.\io_oeb [37] is used but has no driver.
Warning: Wire user_proj_dummy.\io_oeb [36] is used but has no driver.
Warning: Wire user_proj_dummy.\io_oeb [35] is used but has no driver.
Warning: Wire user_proj_dummy.\io_oeb [34] is used but has no driver.
Warning: Wire user_proj_dummy.\io_oeb [33] is used but has no driver.
Warning: Wire user_proj_dummy.\io_oeb [32] is used but has no driver.
Warning: Wire user_proj_dummy.\io_oeb [31] is used but has no driver.
Warning: Wire user_proj_dummy.\io_oeb [30] is used but has no driver.
Warning: Wire user_proj_dummy.\io_oeb [29] is used but has no driver.
Warning: Wire user_proj_dummy.\io_oeb [28] is used but has no driver.
Warning: Wire user_proj_dummy.\io_oeb [27] is used but has no driver.
Warning: Wire user_proj_dummy.\io_oeb [26] is used but has no driver.
Warning: Wire user_proj_dummy.\io_oeb [25] is used but has no driver.
Warning: Wire user_proj_dummy.\io_oeb [24] is used but has no driver.
Warning: Wire user_proj_dummy.\io_oeb [23] is used but has no driver.
Warning: Wire user_proj_dummy.\io_oeb [22] is used but has no driver.
Warning: Wire user_proj_dummy.\io_oeb [21] is used but has no driver.
Warning: Wire user_proj_dummy.\io_oeb [20] is used but has no driver.
Warning: Wire user_proj_dummy.\io_oeb [19] is used but has no driver.
Warning: Wire user_proj_dummy.\io_oeb [18] is used but has no driver.
Warning: Wire user_proj_dummy.\io_oeb [17] is used but has no driver.
Warning: Wire user_proj_dummy.\io_oeb [16] is used but has no driver.
Warning: Wire user_proj_dummy.\io_oeb [15] is used but has no driver.
Warning: Wire user_proj_dummy.\io_oeb [14] is used but has no driver.
Warning: Wire user_proj_dummy.\io_oeb [13] is used but has no driver.
Warning: Wire user_proj_dummy.\io_oeb [12] is used but has no driver.
Warning: Wire user_proj_dummy.\io_oeb [11] is used but has no driver.
Warning: Wire user_proj_dummy.\io_oeb [10] is used but has no driver.
Warning: Wire user_proj_dummy.\io_oeb [9] is used but has no driver.
Warning: Wire user_proj_dummy.\io_oeb [8] is used but has no driver.
Warning: Wire user_proj_dummy.\io_oeb [7] is used but has no driver.
Warning: Wire user_proj_dummy.\io_oeb [6] is used but has no driver.
Warning: Wire user_proj_dummy.\io_oeb [5] is used but has no driver.
Warning: Wire user_proj_dummy.\io_oeb [4] is used but has no driver.
Warning: Wire user_proj_dummy.\io_oeb [3] is used but has no driver.
Warning: Wire user_proj_dummy.\io_oeb [2] is used but has no driver.
Warning: Wire user_proj_dummy.\io_oeb [1] is used but has no driver.
Warning: Wire user_proj_dummy.\io_oeb [0] is used but has no driver.
Found and reported 231 problems.

7.7. Executing OPT pass (performing simple optimizations).

7.7.1. Executing OPT_EXPR pass (perform const folding).
Optimizing module user_proj_dummy.

7.7.2. Executing OPT_MERGE pass (detect identical cells).
Finding identical cells in module `\user_proj_dummy'.
Removed a total of 0 cells.

7.7.3. Executing OPT_MUXTREE pass (detect dead branches in mux trees).
Running muxtree optimizer on module \user_proj_dummy..
  Creating internal representation of mux trees.
  No muxes found in this module.
Removed 0 multiplexer ports.

7.7.4. Executing OPT_REDUCE pass (consolidate $*mux and $reduce_* inputs).
  Optimizing cells in module \user_proj_dummy.
Performed a total of 0 changes.

7.7.5. Executing OPT_MERGE pass (detect identical cells).
Finding identical cells in module `\user_proj_dummy'.
Removed a total of 0 cells.

7.7.6. Executing OPT_DFF pass (perform DFF optimizations).

7.7.7. Executing OPT_CLEAN pass (remove unused cells and wires).
Finding unused cells or wires in module \user_proj_dummy..

7.7.8. Executing OPT_EXPR pass (perform const folding).
Optimizing module user_proj_dummy.

7.7.9. Finished OPT passes. (There is nothing left to do.)

7.8. Executing FSM pass (extract and optimize FSM).

7.8.1. Executing FSM_DETECT pass (finding FSMs in design).

7.8.2. Executing FSM_EXTRACT pass (extracting FSM from design).

7.8.3. Executing FSM_OPT pass (simple optimizations of FSMs).

7.8.4. Executing OPT_CLEAN pass (remove unused cells and wires).
Finding unused cells or wires in module \user_proj_dummy..

7.8.5. Executing FSM_OPT pass (simple optimizations of FSMs).

7.8.6. Executing FSM_RECODE pass (re-assigning FSM state encoding).

7.8.7. Executing FSM_INFO pass (dumping all available information on FSM cells).

7.8.8. Executing FSM_MAP pass (mapping FSMs to basic logic).

7.9. Executing OPT pass (performing simple optimizations).

7.9.1. Executing OPT_EXPR pass (perform const folding).
Optimizing module user_proj_dummy.

7.9.2. Executing OPT_MERGE pass (detect identical cells).
Finding identical cells in module `\user_proj_dummy'.
Removed a total of 0 cells.

7.9.3. Executing OPT_MUXTREE pass (detect dead branches in mux trees).
Running muxtree optimizer on module \user_proj_dummy..
  Creating internal representation of mux trees.
  No muxes found in this module.
Removed 0 multiplexer ports.

7.9.4. Executing OPT_REDUCE pass (consolidate $*mux and $reduce_* inputs).
  Optimizing cells in module \user_proj_dummy.
Performed a total of 0 changes.

7.9.5. Executing OPT_MERGE pass (detect identical cells).
Finding identical cells in module `\user_proj_dummy'.
Removed a total of 0 cells.

7.9.6. Executing OPT_DFF pass (perform DFF optimizations).

7.9.7. Executing OPT_CLEAN pass (remove unused cells and wires).
Finding unused cells or wires in module \user_proj_dummy..

7.9.8. Executing OPT_EXPR pass (perform const folding).
Optimizing module user_proj_dummy.

7.9.9. Finished OPT passes. (There is nothing left to do.)

7.10. Executing WREDUCE pass (reducing word size of cells).

7.11. Executing PEEPOPT pass (run peephole optimizers).

7.12. Executing OPT_CLEAN pass (remove unused cells and wires).
Finding unused cells or wires in module \user_proj_dummy..

7.13. Executing ALUMACC pass (create $alu and $macc cells).
Extracting $alu and $macc cells in module user_proj_dummy:
  created 0 $alu and 0 $macc cells.

7.14. Executing SHARE pass (SAT-based resource sharing).

7.15. Executing OPT pass (performing simple optimizations).

7.15.1. Executing OPT_EXPR pass (perform const folding).
Optimizing module user_proj_dummy.

7.15.2. Executing OPT_MERGE pass (detect identical cells).
Finding identical cells in module `\user_proj_dummy'.
Removed a total of 0 cells.

7.15.3. Executing OPT_MUXTREE pass (detect dead branches in mux trees).
Running muxtree optimizer on module \user_proj_dummy..
  Creating internal representation of mux trees.
  No muxes found in this module.
Removed 0 multiplexer ports.

7.15.4. Executing OPT_REDUCE pass (consolidate $*mux and $reduce_* inputs).
  Optimizing cells in module \user_proj_dummy.
Performed a total of 0 changes.

7.15.5. Executing OPT_MERGE pass (detect identical cells).
Finding identical cells in module `\user_proj_dummy'.
Removed a total of 0 cells.

7.15.6. Executing OPT_DFF pass (perform DFF optimizations).

7.15.7. Executing OPT_CLEAN pass (remove unused cells and wires).
Finding unused cells or wires in module \user_proj_dummy..

7.15.8. Executing OPT_EXPR pass (perform const folding).
Optimizing module user_proj_dummy.

7.15.9. Finished OPT passes. (There is nothing left to do.)

7.16. Executing MEMORY pass.

7.16.1. Executing OPT_MEM pass (optimize memories).
Performed a total of 0 transformations.

7.16.2. Executing MEMORY_DFF pass (merging $dff cells to $memrd).

7.16.3. Executing OPT_CLEAN pass (remove unused cells and wires).
Finding unused cells or wires in module \user_proj_dummy..

7.16.4. Executing MEMORY_SHARE pass (consolidating $memrd/$memwr cells).

7.16.5. Executing OPT_CLEAN pass (remove unused cells and wires).
Finding unused cells or wires in module \user_proj_dummy..

7.16.6. Executing MEMORY_COLLECT pass (generating $mem cells).

7.17. Executing OPT_CLEAN pass (remove unused cells and wires).
Finding unused cells or wires in module \user_proj_dummy..

7.18. Executing OPT pass (performing simple optimizations).

7.18.1. Executing OPT_EXPR pass (perform const folding).
Optimizing module user_proj_dummy.
<suppressed ~9 debug messages>

7.18.2. Executing OPT_MERGE pass (detect identical cells).
Finding identical cells in module `\user_proj_dummy'.
Removed a total of 0 cells.

7.18.3. Executing OPT_DFF pass (perform DFF optimizations).

7.18.4. Executing OPT_CLEAN pass (remove unused cells and wires).
Finding unused cells or wires in module \user_proj_dummy..

7.18.5. Finished fast OPT passes.

7.19. Executing MEMORY_MAP pass (converting memories to logic and flip-flops).

7.20. Executing OPT pass (performing simple optimizations).

7.20.1. Executing OPT_EXPR pass (perform const folding).
Optimizing module user_proj_dummy.

7.20.2. Executing OPT_MERGE pass (detect identical cells).
Finding identical cells in module `\user_proj_dummy'.
Removed a total of 0 cells.

7.20.3. Executing OPT_MUXTREE pass (detect dead branches in mux trees).
Running muxtree optimizer on module \user_proj_dummy..
  Creating internal representation of mux trees.
  No muxes found in this module.
Removed 0 multiplexer ports.

7.20.4. Executing OPT_REDUCE pass (consolidate $*mux and $reduce_* inputs).
  Optimizing cells in module \user_proj_dummy.
Performed a total of 0 changes.

7.20.5. Executing OPT_MERGE pass (detect identical cells).
Finding identical cells in module `\user_proj_dummy'.
Removed a total of 0 cells.

7.20.6. Executing OPT_SHARE pass.

7.20.7. Executing OPT_DFF pass (perform DFF optimizations).

7.20.8. Executing OPT_CLEAN pass (remove unused cells and wires).
Finding unused cells or wires in module \user_proj_dummy..

7.20.9. Executing OPT_EXPR pass (perform const folding).
Optimizing module user_proj_dummy.

7.20.10. Finished OPT passes. (There is nothing left to do.)

7.21. Executing TECHMAP pass (map to technology primitives).

7.21.1. Executing Verilog-2005 frontend: /build/bin/../share/yosys/techmap.v
Parsing Verilog input from `/build/bin/../share/yosys/techmap.v' to AST representation.
Generating RTLIL representation for module `\_90_simplemap_bool_ops'.
Generating RTLIL representation for module `\_90_simplemap_reduce_ops'.
Generating RTLIL representation for module `\_90_simplemap_logic_ops'.
Generating RTLIL representation for module `\_90_simplemap_compare_ops'.
Generating RTLIL representation for module `\_90_simplemap_various'.
Generating RTLIL representation for module `\_90_simplemap_registers'.
Generating RTLIL representation for module `\_90_shift_ops_shr_shl_sshl_sshr'.
Generating RTLIL representation for module `\_90_shift_shiftx'.
Generating RTLIL representation for module `\_90_fa'.
Generating RTLIL representation for module `\_90_lcu'.
Generating RTLIL representation for module `\_90_alu'.
Generating RTLIL representation for module `\_90_macc'.
Generating RTLIL representation for module `\_90_alumacc'.
Generating RTLIL representation for module `\$__div_mod_u'.
Generating RTLIL representation for module `\$__div_mod_trunc'.
Generating RTLIL representation for module `\_90_div'.
Generating RTLIL representation for module `\_90_mod'.
Generating RTLIL representation for module `\$__div_mod_floor'.
Generating RTLIL representation for module `\_90_divfloor'.
Generating RTLIL representation for module `\_90_modfloor'.
Generating RTLIL representation for module `\_90_pow'.
Generating RTLIL representation for module `\_90_pmux'.
Generating RTLIL representation for module `\_90_lut'.
Successfully finished Verilog frontend.

7.21.2. Continuing TECHMAP pass.
Using extmapper simplemap for cells of type $dff.
Using extmapper simplemap for cells of type $not.
No more expansions possible.
<suppressed ~73 debug messages>

7.22. Executing OPT pass (performing simple optimizations).

7.22.1. Executing OPT_EXPR pass (perform const folding).
Optimizing module user_proj_dummy.

7.22.2. Executing OPT_MERGE pass (detect identical cells).
Finding identical cells in module `\user_proj_dummy'.
Removed a total of 0 cells.

7.22.3. Executing OPT_DFF pass (perform DFF optimizations).

7.22.4. Executing OPT_CLEAN pass (remove unused cells and wires).
Finding unused cells or wires in module \user_proj_dummy..

7.22.5. Finished fast OPT passes.

7.23. Executing ABC pass (technology mapping using ABC).

7.23.1. Extracting gate netlist of module `\user_proj_dummy' to `<abc-temp-dir>/input.blif'..
Extracted 4 gates and 8 wires to a netlist network with 4 inputs and 4 outputs.

7.23.1.1. Executing ABC.
Running ABC command: <yosys-exe-dir>/yosys-abc -s -f <abc-temp-dir>/abc.script 2>&1
ABC: ABC command line: "source <abc-temp-dir>/abc.script".
ABC: 
ABC: + read_blif <abc-temp-dir>/input.blif 
ABC: + read_library <abc-temp-dir>/stdcells.genlib 
ABC: Entered genlib library with 13 gates from file "<abc-temp-dir>/stdcells.genlib".
ABC: + strash 
ABC: + dretime 
ABC: + map 
ABC: + write_blif <abc-temp-dir>/output.blif 

7.23.1.2. Re-integrating ABC results.
ABC RESULTS:               NOT cells:        4
ABC RESULTS:        internal signals:        0
ABC RESULTS:           input signals:        4
ABC RESULTS:          output signals:        4
Removing temp directory.

7.24. Executing OPT pass (performing simple optimizations).

7.24.1. Executing OPT_EXPR pass (perform const folding).
Optimizing module user_proj_dummy.

7.24.2. Executing OPT_MERGE pass (detect identical cells).
Finding identical cells in module `\user_proj_dummy'.
Removed a total of 0 cells.

7.24.3. Executing OPT_DFF pass (perform DFF optimizations).

7.24.4. Executing OPT_CLEAN pass (remove unused cells and wires).
Finding unused cells or wires in module \user_proj_dummy..
Removed 0 unused cells and 8 unused wires.
<suppressed ~1 debug messages>

7.24.5. Finished fast OPT passes.

7.25. Executing HIERARCHY pass (managing design hierarchy).

7.25.1. Analyzing design hierarchy..
Top module:  \user_proj_dummy

7.25.2. Analyzing design hierarchy..
Top module:  \user_proj_dummy
Removed 0 unused modules.

7.26. Printing statistics.

=== user_proj_dummy ===

   Number of wires:                 27
   Number of wire bits:            630
   Number of public wires:          27
   Number of public wire bits:     630
   Number of memories:               0
   Number of memory bits:            0
   Number of processes:              0
   Number of cells:                  6
     $_DFF_P_                        2
     $_NOT_                          4

7.27. Executing CHECK pass (checking for obvious problems).
Checking module user_proj_dummy...
Found and reported 0 problems.

8. Generating Graphviz representation of design.
Writing dot description to `/home/shahid/caravel_user_project/openlane/user_proj_dummy/runs/user_proj_dummy/tmp/synthesis/post_techmap.dot'.
Dumping module user_proj_dummy to page 1.

9. Executing SHARE pass (SAT-based resource sharing).

10. Executing OPT pass (performing simple optimizations).

10.1. Executing OPT_EXPR pass (perform const folding).
Optimizing module user_proj_dummy.

10.2. Executing OPT_MERGE pass (detect identical cells).
Finding identical cells in module `\user_proj_dummy'.
Removed a total of 0 cells.

10.3. Executing OPT_MUXTREE pass (detect dead branches in mux trees).
Running muxtree optimizer on module \user_proj_dummy..
  Creating internal representation of mux trees.
  No muxes found in this module.
Removed 0 multiplexer ports.

10.4. Executing OPT_REDUCE pass (consolidate $*mux and $reduce_* inputs).
  Optimizing cells in module \user_proj_dummy.
Performed a total of 0 changes.

10.5. Executing OPT_MERGE pass (detect identical cells).
Finding identical cells in module `\user_proj_dummy'.
Removed a total of 0 cells.

10.6. Executing OPT_DFF pass (perform DFF optimizations).

10.7. Executing OPT_CLEAN pass (remove unused cells and wires).
Finding unused cells or wires in module \user_proj_dummy..

10.8. Executing OPT_EXPR pass (perform const folding).
Optimizing module user_proj_dummy.

10.9. Finished OPT passes. (There is nothing left to do.)

11. Executing OPT_CLEAN pass (remove unused cells and wires).
Finding unused cells or wires in module \user_proj_dummy..
Removed 0 unused cells and 7 unused wires.
<suppressed ~7 debug messages>

12. Printing statistics.

=== user_proj_dummy ===

   Number of wires:                 20
   Number of wire bits:            610
   Number of public wires:          20
   Number of public wire bits:     610
   Number of memories:               0
   Number of memory bits:            0
   Number of processes:              0
   Number of cells:                  6
     $_DFF_P_                        2
     $_NOT_                          4

mapping tbuf

13. Executing TECHMAP pass (map to technology primitives).

13.1. Executing Verilog-2005 frontend: /home/shahid/OSPDKs/sky130A/libs.tech/openlane/sky130_fd_sc_hd/tribuff_map.v
Parsing Verilog input from `/home/shahid/OSPDKs/sky130A/libs.tech/openlane/sky130_fd_sc_hd/tribuff_map.v' to AST representation.
Generating RTLIL representation for module `\$_TBUF_'.
Successfully finished Verilog frontend.

13.2. Continuing TECHMAP pass.
No more expansions possible.
<suppressed ~3 debug messages>

14. Executing SIMPLEMAP pass (map simple cells to gate primitives).

15. Executing MUXCOVER pass (mapping to wider MUXes).
Covering MUX trees in module user_proj_dummy..
  Treeifying 0 MUXes:
    Finished treeification: Found 0 trees.
  Covering trees:
  Added a total of 0 decoder MUXes.
<suppressed ~1 debug messages>

16. Executing TECHMAP pass (map to technology primitives).

16.1. Executing Verilog-2005 frontend: /home/shahid/OSPDKs/sky130A/libs.tech/openlane/sky130_fd_sc_hd/mux4_map.v
Parsing Verilog input from `/home/shahid/OSPDKs/sky130A/libs.tech/openlane/sky130_fd_sc_hd/mux4_map.v' to AST representation.
Generating RTLIL representation for module `\$_MUX4_'.
Successfully finished Verilog frontend.

16.2. Continuing TECHMAP pass.
No more expansions possible.
<suppressed ~3 debug messages>

17. Executing SIMPLEMAP pass (map simple cells to gate primitives).

18. Executing TECHMAP pass (map to technology primitives).

18.1. Executing Verilog-2005 frontend: /home/shahid/OSPDKs/sky130A/libs.tech/openlane/sky130_fd_sc_hd/mux2_map.v
Parsing Verilog input from `/home/shahid/OSPDKs/sky130A/libs.tech/openlane/sky130_fd_sc_hd/mux2_map.v' to AST representation.
Generating RTLIL representation for module `\$_MUX_'.
Successfully finished Verilog frontend.

18.2. Continuing TECHMAP pass.
No more expansions possible.
<suppressed ~3 debug messages>

19. Executing SIMPLEMAP pass (map simple cells to gate primitives).

20. Executing TECHMAP pass (map to technology primitives).

20.1. Executing Verilog-2005 frontend: /home/shahid/OSPDKs/sky130A/libs.tech/openlane/sky130_fd_sc_hd/latch_map.v
Parsing Verilog input from `/home/shahid/OSPDKs/sky130A/libs.tech/openlane/sky130_fd_sc_hd/latch_map.v' to AST representation.
Generating RTLIL representation for module `\$_DLATCH_P_'.
Generating RTLIL representation for module `\$_DLATCH_N_'.
Successfully finished Verilog frontend.

20.2. Continuing TECHMAP pass.
No more expansions possible.
<suppressed ~4 debug messages>

21. Executing SIMPLEMAP pass (map simple cells to gate primitives).

22. Executing DFFLIBMAP pass (mapping DFF cells to sequential cells from liberty file).
  cell sky130_fd_sc_hd__dfxtp_2 (noninv, pins=3, area=21.27) is a direct match for cell type $_DFF_P_.
  cell sky130_fd_sc_hd__dfrtp_2 (noninv, pins=4, area=26.28) is a direct match for cell type $_DFF_PN0_.
  cell sky130_fd_sc_hd__dfstp_2 (noninv, pins=4, area=26.28) is a direct match for cell type $_DFF_PN1_.
  cell sky130_fd_sc_hd__dfbbn_2 (noninv, pins=6, area=35.03) is a direct match for cell type $_DFFSR_NNN_.
  final dff cell mappings:
    unmapped dff cell: $_DFF_N_
    \sky130_fd_sc_hd__dfxtp_2 _DFF_P_ (.CLK( C), .D( D), .Q( Q));
    unmapped dff cell: $_DFF_NN0_
    unmapped dff cell: $_DFF_NN1_
    unmapped dff cell: $_DFF_NP0_
    unmapped dff cell: $_DFF_NP1_
    \sky130_fd_sc_hd__dfrtp_2 _DFF_PN0_ (.CLK( C), .D( D), .Q( Q), .RESET_B( R));
    \sky130_fd_sc_hd__dfstp_2 _DFF_PN1_ (.CLK( C), .D( D), .Q( Q), .SET_B( R));
    unmapped dff cell: $_DFF_PP0_
    unmapped dff cell: $_DFF_PP1_
    \sky130_fd_sc_hd__dfbbn_2 _DFFSR_NNN_ (.CLK_N( C), .D( D), .Q( Q), .Q_N(~Q), .RESET_B( R), .SET_B( S));
    unmapped dff cell: $_DFFSR_NNP_
    unmapped dff cell: $_DFFSR_NPN_
    unmapped dff cell: $_DFFSR_NPP_
    unmapped dff cell: $_DFFSR_PNN_
    unmapped dff cell: $_DFFSR_PNP_
    unmapped dff cell: $_DFFSR_PPN_
    unmapped dff cell: $_DFFSR_PPP_

22.1. Executing DFFLEGALIZE pass (convert FFs to types supported by the target).
Mapping DFF cells in module `\user_proj_dummy':
  mapped 2 $_DFF_P_ cells to \sky130_fd_sc_hd__dfxtp_2 cells.

23. Printing statistics.

=== user_proj_dummy ===

   Number of wires:                 20
   Number of wire bits:            610
   Number of public wires:          20
   Number of public wire bits:     610
   Number of memories:               0
   Number of memory bits:            0
   Number of processes:              0
   Number of cells:                  6
     $_NOT_                          4
     sky130_fd_sc_hd__dfxtp_2        2

[INFO]: ABC: WireLoad : S_4

24. Executing ABC pass (technology mapping using ABC).

24.1. Extracting gate netlist of module `\user_proj_dummy' to `/tmp/yosys-abc-k5OHOX/input.blif'..
Extracted 4 gates and 8 wires to a netlist network with 4 inputs and 4 outputs.

24.1.1. Executing ABC.
Running ABC command: /build/bin/yosys-abc -s -f /tmp/yosys-abc-k5OHOX/abc.script 2>&1
ABC: ABC command line: "source /tmp/yosys-abc-k5OHOX/abc.script".
ABC: 
ABC: + read_blif /tmp/yosys-abc-k5OHOX/input.blif 
ABC: + read_lib -w /home/shahid/caravel_user_project/openlane/user_proj_dummy/runs/user_proj_dummy/tmp/trimmed.lib 
ABC: Parsing finished successfully.  Parsing time =     0.06 sec
ABC: Scl_LibertyReadGenlib() skipped sequential cell "sky130_fd_sc_hd__dfbbn_2".
ABC: Scl_LibertyReadGenlib() skipped sequential cell "sky130_fd_sc_hd__dfrbp_2".
ABC: Scl_LibertyReadGenlib() skipped sequential cell "sky130_fd_sc_hd__dfrtp_2".
ABC: Scl_LibertyReadGenlib() skipped sequential cell "sky130_fd_sc_hd__dfrtp_4".
ABC: Scl_LibertyReadGenlib() skipped sequential cell "sky130_fd_sc_hd__dfsbp_2".
ABC: Scl_LibertyReadGenlib() skipped sequential cell "sky130_fd_sc_hd__dfstp_2".
ABC: Scl_LibertyReadGenlib() skipped sequential cell "sky130_fd_sc_hd__dfstp_4".
ABC: Scl_LibertyReadGenlib() skipped sequential cell "sky130_fd_sc_hd__dfxbp_2".
ABC: Scl_LibertyReadGenlib() skipped sequential cell "sky130_fd_sc_hd__dfxtp_2".
ABC: Scl_LibertyReadGenlib() skipped sequential cell "sky130_fd_sc_hd__dfxtp_4".
ABC: Scl_LibertyReadGenlib() skipped sequential cell "sky130_fd_sc_hd__dlxtn_1".
ABC: Scl_LibertyReadGenlib() skipped sequential cell "sky130_fd_sc_hd__dlxtn_2".
ABC: Scl_LibertyReadGenlib() skipped sequential cell "sky130_fd_sc_hd__dlxtn_4".
ABC: Scl_LibertyReadGenlib() skipped sequential cell "sky130_fd_sc_hd__dlxtp_1".
ABC: Scl_LibertyReadGenlib() skipped three-state cell "sky130_fd_sc_hd__ebufn_2".
ABC: Scl_LibertyReadGenlib() skipped three-state cell "sky130_fd_sc_hd__ebufn_4".
ABC: Scl_LibertyReadGenlib() skipped three-state cell "sky130_fd_sc_hd__ebufn_8".
ABC: Library "sky130_fd_sc_hd__tt_025C_1v80" from "/home/shahid/caravel_user_project/openlane/user_proj_dummy/runs/user_proj_dummy/tmp/trimmed.lib" has 175 cells (17 skipped: 14 seq; 3 tri-state; 0 no func; 0 dont_use).  Time =     0.08 sec
ABC: Memory =    7.77 MB. Time =     0.08 sec
ABC: Warning: Detected 2 multi-output gates (for example, "sky130_fd_sc_hd__fa_1").
ABC: + read_constr -v /home/shahid/caravel_user_project/openlane/user_proj_dummy/runs/user_proj_dummy/tmp/synthesis/yosys.sdc 
ABC: Setting driving cell to be "sky130_fd_sc_hd__inv_2".
ABC: Setting output load to be 33.442001.
ABC: + read_constr /home/shahid/caravel_user_project/openlane/user_proj_dummy/runs/user_proj_dummy/tmp/synthesis/yosys.sdc 
ABC: + fx 
ABC: The network is unchanged by fast extract.
ABC: + mfs 
ABC: + strash 
ABC: + refactor 
ABC: + balance 
ABC: + rewrite 
ABC: + refactor 
ABC: + balance 
ABC: + rewrite 
ABC: + rewrite -z 
ABC: + balance 
ABC: + refactor -z 
ABC: + rewrite -z 
ABC: + balance 
ABC: + retime -D -D 10000 -M 5 
ABC: + scleanup 
ABC: Error: The network is combinational.
ABC: + fraig_store 
ABC: + balance 
ABC: + fraig_store 
ABC: + balance 
ABC: + rewrite 
ABC: + refactor 
ABC: + balance 
ABC: + rewrite 
ABC: + rewrite -z 
ABC: + balance 
ABC: + refactor -z 
ABC: + rewrite -z 
ABC: + balance 
ABC: + fraig_store 
ABC: + balance 
ABC: + rewrite 
ABC: + refactor 
ABC: + balance 
ABC: + rewrite 
ABC: + rewrite -z 
ABC: + balance 
ABC: + refactor -z 
ABC: + rewrite -z 
ABC: + balance 
ABC: + fraig_store 
ABC: + balance 
ABC: + rewrite 
ABC: + refactor 
ABC: + balance 
ABC: + rewrite 
ABC: + rewrite -z 
ABC: + balance 
ABC: + refactor -z 
ABC: + rewrite -z 
ABC: + balance 
ABC: + fraig_store 
ABC: + fraig_restore 
ABC: + amap -m -Q 0.1 -F 20 -A 20 -C 5000 
ABC: + retime -D -D 10000 
ABC: + buffer -N 5 -S 750.0 
ABC: + upsize -D 10000 
ABC: Current delay (130.75 ps) does not exceed the target delay (10000.00 ps). Upsizing is not performed.
ABC: + dnsize -D 10000 
ABC: + stime -p 
ABC: WireLoad = "none"  Gates =      4 (100.0 %)   Cap = 19.0 ff ( 12.5 %)   Area =       15.01 (  0.0 %)   Delay =   130.75 ps  (100.0 %)               
ABC: Path  0 --       1 : 0    1 pi                     A =   0.00  Df =  16.7   -9.8 ps  S =  28.7 ps  Cin =  0.0 ff  Cout =   4.6 ff  Cmax =   0.0 ff  G =    0  
ABC: Path  1 --       9 : 1    1 sky130_fd_sc_hd__inv_2 A =   3.75  Df = 130.7  -41.2 ps  S = 157.4 ps  Cin =  4.5 ff  Cout =  33.4 ff  Cmax = 331.4 ff  G =  749  
ABC: Start-point = pi0 (\io_in [2]).  End-point = po0 (\io_out [2]).
ABC: + print_stats -m 
ABC: netlist                       : i/o =    4/    4  lat =    0  nd =     4  edge =      4  area =15.00  delay = 1.00  lev = 1
ABC: + write_blif /tmp/yosys-abc-k5OHOX/output.blif 

24.1.2. Re-integrating ABC results.
ABC RESULTS:   sky130_fd_sc_hd__inv_2 cells:        4
ABC RESULTS:        internal signals:        0
ABC RESULTS:           input signals:        4
ABC RESULTS:          output signals:        4
Removing temp directory.

25. Executing SETUNDEF pass (replace undef values with defined constants).

26. Executing HILOMAP pass (mapping to constant drivers).

27. Executing SPLITNETS pass (splitting up multi-bit signals).

28. Executing OPT_CLEAN pass (remove unused cells and wires).
Finding unused cells or wires in module \user_proj_dummy..
Removed 0 unused cells and 244 unused wires.
<suppressed ~3 debug messages>

29. Executing INSBUF pass (insert buffer cells for connected wires).

30. Executing CHECK pass (checking for obvious problems).
Checking module user_proj_dummy...
Warning: Wire user_proj_dummy.\wbs_dat_o [31] is used but has no driver.
Warning: Wire user_proj_dummy.\wbs_dat_o [30] is used but has no driver.
Warning: Wire user_proj_dummy.\wbs_dat_o [29] is used but has no driver.
Warning: Wire user_proj_dummy.\wbs_dat_o [28] is used but has no driver.
Warning: Wire user_proj_dummy.\wbs_dat_o [27] is used but has no driver.
Warning: Wire user_proj_dummy.\wbs_dat_o [26] is used but has no driver.
Warning: Wire user_proj_dummy.\wbs_dat_o [25] is used but has no driver.
Warning: Wire user_proj_dummy.\wbs_dat_o [24] is used but has no driver.
Warning: Wire user_proj_dummy.\wbs_dat_o [23] is used but has no driver.
Warning: Wire user_proj_dummy.\wbs_dat_o [22] is used but has no driver.
Warning: Wire user_proj_dummy.\wbs_dat_o [21] is used but has no driver.
Warning: Wire user_proj_dummy.\wbs_dat_o [20] is used but has no driver.
Warning: Wire user_proj_dummy.\wbs_dat_o [19] is used but has no driver.
Warning: Wire user_proj_dummy.\wbs_dat_o [18] is used but has no driver.
Warning: Wire user_proj_dummy.\wbs_dat_o [17] is used but has no driver.
Warning: Wire user_proj_dummy.\wbs_dat_o [16] is used but has no driver.
Warning: Wire user_proj_dummy.\wbs_dat_o [15] is used but has no driver.
Warning: Wire user_proj_dummy.\wbs_dat_o [14] is used but has no driver.
Warning: Wire user_proj_dummy.\wbs_dat_o [13] is used but has no driver.
Warning: Wire user_proj_dummy.\wbs_dat_o [12] is used but has no driver.
Warning: Wire user_proj_dummy.\wbs_dat_o [11] is used but has no driver.
Warning: Wire user_proj_dummy.\wbs_dat_o [10] is used but has no driver.
Warning: Wire user_proj_dummy.\wbs_dat_o [9] is used but has no driver.
Warning: Wire user_proj_dummy.\wbs_dat_o [8] is used but has no driver.
Warning: Wire user_proj_dummy.\wbs_dat_o [7] is used but has no driver.
Warning: Wire user_proj_dummy.\wbs_dat_o [6] is used but has no driver.
Warning: Wire user_proj_dummy.\wbs_dat_o [5] is used but has no driver.
Warning: Wire user_proj_dummy.\wbs_dat_o [4] is used but has no driver.
Warning: Wire user_proj_dummy.\wbs_dat_o [3] is used but has no driver.
Warning: Wire user_proj_dummy.\wbs_dat_o [2] is used but has no driver.
Warning: Wire user_proj_dummy.\wbs_dat_o [1] is used but has no driver.
Warning: Wire user_proj_dummy.\wbs_dat_o [0] is used but has no driver.
Warning: Wire user_proj_dummy.\wbs_ack_o is used but has no driver.
Warning: Wire user_proj_dummy.\la_data_out [127] is used but has no driver.
Warning: Wire user_proj_dummy.\la_data_out [126] is used but has no driver.
Warning: Wire user_proj_dummy.\la_data_out [125] is used but has no driver.
Warning: Wire user_proj_dummy.\la_data_out [124] is used but has no driver.
Warning: Wire user_proj_dummy.\la_data_out [123] is used but has no driver.
Warning: Wire user_proj_dummy.\la_data_out [122] is used but has no driver.
Warning: Wire user_proj_dummy.\la_data_out [121] is used but has no driver.
Warning: Wire user_proj_dummy.\la_data_out [120] is used but has no driver.
Warning: Wire user_proj_dummy.\la_data_out [119] is used but has no driver.
Warning: Wire user_proj_dummy.\la_data_out [118] is used but has no driver.
Warning: Wire user_proj_dummy.\la_data_out [117] is used but has no driver.
Warning: Wire user_proj_dummy.\la_data_out [116] is used but has no driver.
Warning: Wire user_proj_dummy.\la_data_out [115] is used but has no driver.
Warning: Wire user_proj_dummy.\la_data_out [114] is used but has no driver.
Warning: Wire user_proj_dummy.\la_data_out [113] is used but has no driver.
Warning: Wire user_proj_dummy.\la_data_out [112] is used but has no driver.
Warning: Wire user_proj_dummy.\la_data_out [111] is used but has no driver.
Warning: Wire user_proj_dummy.\la_data_out [110] is used but has no driver.
Warning: Wire user_proj_dummy.\la_data_out [109] is used but has no driver.
Warning: Wire user_proj_dummy.\la_data_out [108] is used but has no driver.
Warning: Wire user_proj_dummy.\la_data_out [107] is used but has no driver.
Warning: Wire user_proj_dummy.\la_data_out [106] is used but has no driver.
Warning: Wire user_proj_dummy.\la_data_out [105] is used but has no driver.
Warning: Wire user_proj_dummy.\la_data_out [104] is used but has no driver.
Warning: Wire user_proj_dummy.\la_data_out [103] is used but has no driver.
Warning: Wire user_proj_dummy.\la_data_out [102] is used but has no driver.
Warning: Wire user_proj_dummy.\la_data_out [101] is used but has no driver.
Warning: Wire user_proj_dummy.\la_data_out [100] is used but has no driver.
Warning: Wire user_proj_dummy.\la_data_out [99] is used but has no driver.
Warning: Wire user_proj_dummy.\la_data_out [98] is used but has no driver.
Warning: Wire user_proj_dummy.\la_data_out [97] is used but has no driver.
Warning: Wire user_proj_dummy.\la_data_out [96] is used but has no driver.
Warning: Wire user_proj_dummy.\la_data_out [95] is used but has no driver.
Warning: Wire user_proj_dummy.\la_data_out [94] is used but has no driver.
Warning: Wire user_proj_dummy.\la_data_out [93] is used but has no driver.
Warning: Wire user_proj_dummy.\la_data_out [92] is used but has no driver.
Warning: Wire user_proj_dummy.\la_data_out [91] is used but has no driver.
Warning: Wire user_proj_dummy.\la_data_out [90] is used but has no driver.
Warning: Wire user_proj_dummy.\la_data_out [89] is used but has no driver.
Warning: Wire user_proj_dummy.\la_data_out [88] is used but has no driver.
Warning: Wire user_proj_dummy.\la_data_out [87] is used but has no driver.
Warning: Wire user_proj_dummy.\la_data_out [86] is used but has no driver.
Warning: Wire user_proj_dummy.\la_data_out [85] is used but has no driver.
Warning: Wire user_proj_dummy.\la_data_out [84] is used but has no driver.
Warning: Wire user_proj_dummy.\la_data_out [83] is used but has no driver.
Warning: Wire user_proj_dummy.\la_data_out [82] is used but has no driver.
Warning: Wire user_proj_dummy.\la_data_out [81] is used but has no driver.
Warning: Wire user_proj_dummy.\la_data_out [80] is used but has no driver.
Warning: Wire user_proj_dummy.\la_data_out [79] is used but has no driver.
Warning: Wire user_proj_dummy.\la_data_out [78] is used but has no driver.
Warning: Wire user_proj_dummy.\la_data_out [77] is used but has no driver.
Warning: Wire user_proj_dummy.\la_data_out [76] is used but has no driver.
Warning: Wire user_proj_dummy.\la_data_out [75] is used but has no driver.
Warning: Wire user_proj_dummy.\la_data_out [74] is used but has no driver.
Warning: Wire user_proj_dummy.\la_data_out [73] is used but has no driver.
Warning: Wire user_proj_dummy.\la_data_out [72] is used but has no driver.
Warning: Wire user_proj_dummy.\la_data_out [71] is used but has no driver.
Warning: Wire user_proj_dummy.\la_data_out [70] is used but has no driver.
Warning: Wire user_proj_dummy.\la_data_out [69] is used but has no driver.
Warning: Wire user_proj_dummy.\la_data_out [68] is used but has no driver.
Warning: Wire user_proj_dummy.\la_data_out [67] is used but has no driver.
Warning: Wire user_proj_dummy.\la_data_out [66] is used but has no driver.
Warning: Wire user_proj_dummy.\la_data_out [65] is used but has no driver.
Warning: Wire user_proj_dummy.\la_data_out [64] is used but has no driver.
Warning: Wire user_proj_dummy.\la_data_out [63] is used but has no driver.
Warning: Wire user_proj_dummy.\la_data_out [62] is used but has no driver.
Warning: Wire user_proj_dummy.\la_data_out [61] is used but has no driver.
Warning: Wire user_proj_dummy.\la_data_out [60] is used but has no driver.
Warning: Wire user_proj_dummy.\la_data_out [59] is used but has no driver.
Warning: Wire user_proj_dummy.\la_data_out [58] is used but has no driver.
Warning: Wire user_proj_dummy.\la_data_out [57] is used but has no driver.
Warning: Wire user_proj_dummy.\la_data_out [56] is used but has no driver.
Warning: Wire user_proj_dummy.\la_data_out [55] is used but has no driver.
Warning: Wire user_proj_dummy.\la_data_out [54] is used but has no driver.
Warning: Wire user_proj_dummy.\la_data_out [53] is used but has no driver.
Warning: Wire user_proj_dummy.\la_data_out [52] is used but has no driver.
Warning: Wire user_proj_dummy.\la_data_out [51] is used but has no driver.
Warning: Wire user_proj_dummy.\la_data_out [50] is used but has no driver.
Warning: Wire user_proj_dummy.\la_data_out [49] is used but has no driver.
Warning: Wire user_proj_dummy.\la_data_out [48] is used but has no driver.
Warning: Wire user_proj_dummy.\la_data_out [47] is used but has no driver.
Warning: Wire user_proj_dummy.\la_data_out [46] is used but has no driver.
Warning: Wire user_proj_dummy.\la_data_out [45] is used but has no driver.
Warning: Wire user_proj_dummy.\la_data_out [44] is used but has no driver.
Warning: Wire user_proj_dummy.\la_data_out [43] is used but has no driver.
Warning: Wire user_proj_dummy.\la_data_out [42] is used but has no driver.
Warning: Wire user_proj_dummy.\la_data_out [41] is used but has no driver.
Warning: Wire user_proj_dummy.\la_data_out [40] is used but has no driver.
Warning: Wire user_proj_dummy.\la_data_out [39] is used but has no driver.
Warning: Wire user_proj_dummy.\la_data_out [38] is used but has no driver.
Warning: Wire user_proj_dummy.\la_data_out [37] is used but has no driver.
Warning: Wire user_proj_dummy.\la_data_out [36] is used but has no driver.
Warning: Wire user_proj_dummy.\la_data_out [35] is used but has no driver.
Warning: Wire user_proj_dummy.\la_data_out [34] is used but has no driver.
Warning: Wire user_proj_dummy.\la_data_out [33] is used but has no driver.
Warning: Wire user_proj_dummy.\la_data_out [32] is used but has no driver.
Warning: Wire user_proj_dummy.\la_data_out [31] is used but has no driver.
Warning: Wire user_proj_dummy.\la_data_out [30] is used but has no driver.
Warning: Wire user_proj_dummy.\la_data_out [29] is used but has no driver.
Warning: Wire user_proj_dummy.\la_data_out [28] is used but has no driver.
Warning: Wire user_proj_dummy.\la_data_out [27] is used but has no driver.
Warning: Wire user_proj_dummy.\la_data_out [26] is used but has no driver.
Warning: Wire user_proj_dummy.\la_data_out [25] is used but has no driver.
Warning: Wire user_proj_dummy.\la_data_out [24] is used but has no driver.
Warning: Wire user_proj_dummy.\la_data_out [23] is used but has no driver.
Warning: Wire user_proj_dummy.\la_data_out [22] is used but has no driver.
Warning: Wire user_proj_dummy.\la_data_out [21] is used but has no driver.
Warning: Wire user_proj_dummy.\la_data_out [20] is used but has no driver.
Warning: Wire user_proj_dummy.\la_data_out [19] is used but has no driver.
Warning: Wire user_proj_dummy.\la_data_out [18] is used but has no driver.
Warning: Wire user_proj_dummy.\la_data_out [17] is used but has no driver.
Warning: Wire user_proj_dummy.\la_data_out [16] is used but has no driver.
Warning: Wire user_proj_dummy.\la_data_out [15] is used but has no driver.
Warning: Wire user_proj_dummy.\la_data_out [14] is used but has no driver.
Warning: Wire user_proj_dummy.\la_data_out [13] is used but has no driver.
Warning: Wire user_proj_dummy.\la_data_out [12] is used but has no driver.
Warning: Wire user_proj_dummy.\la_data_out [11] is used but has no driver.
Warning: Wire user_proj_dummy.\la_data_out [10] is used but has no driver.
Warning: Wire user_proj_dummy.\la_data_out [9] is used but has no driver.
Warning: Wire user_proj_dummy.\la_data_out [8] is used but has no driver.
Warning: Wire user_proj_dummy.\la_data_out [7] is used but has no driver.
Warning: Wire user_proj_dummy.\la_data_out [6] is used but has no driver.
Warning: Wire user_proj_dummy.\la_data_out [5] is used but has no driver.
Warning: Wire user_proj_dummy.\la_data_out [4] is used but has no driver.
Warning: Wire user_proj_dummy.\la_data_out [3] is used but has no driver.
Warning: Wire user_proj_dummy.\la_data_out [2] is used but has no driver.
Warning: Wire user_proj_dummy.\la_data_out [1] is used but has no driver.
Warning: Wire user_proj_dummy.\la_data_out [0] is used but has no driver.
Warning: Wire user_proj_dummy.\irq [2] is used but has no driver.
Warning: Wire user_proj_dummy.\irq [1] is used but has no driver.
Warning: Wire user_proj_dummy.\irq [0] is used but has no driver.
Warning: Wire user_proj_dummy.\io_out [37] is used but has no driver.
Warning: Wire user_proj_dummy.\io_out [36] is used but has no driver.
Warning: Wire user_proj_dummy.\io_out [35] is used but has no driver.
Warning: Wire user_proj_dummy.\io_out [34] is used but has no driver.
Warning: Wire user_proj_dummy.\io_out [33] is used but has no driver.
Warning: Wire user_proj_dummy.\io_out [32] is used but has no driver.
Warning: Wire user_proj_dummy.\io_out [31] is used but has no driver.
Warning: Wire user_proj_dummy.\io_out [30] is used but has no driver.
Warning: Wire user_proj_dummy.\io_out [29] is used but has no driver.
Warning: Wire user_proj_dummy.\io_out [28] is used but has no driver.
Warning: Wire user_proj_dummy.\io_out [27] is used but has no driver.
Warning: Wire user_proj_dummy.\io_out [26] is used but has no driver.
Warning: Wire user_proj_dummy.\io_out [25] is used but has no driver.
Warning: Wire user_proj_dummy.\io_out [24] is used but has no driver.
Warning: Wire user_proj_dummy.\io_out [23] is used but has no driver.
Warning: Wire user_proj_dummy.\io_out [22] is used but has no driver.
Warning: Wire user_proj_dummy.\io_out [21] is used but has no driver.
Warning: Wire user_proj_dummy.\io_out [20] is used but has no driver.
Warning: Wire user_proj_dummy.\io_out [19] is used but has no driver.
Warning: Wire user_proj_dummy.\io_out [18] is used but has no driver.
Warning: Wire user_proj_dummy.\io_out [17] is used but has no driver.
Warning: Wire user_proj_dummy.\io_out [16] is used but has no driver.
Warning: Wire user_proj_dummy.\io_out [15] is used but has no driver.
Warning: Wire user_proj_dummy.\io_out [14] is used but has no driver.
Warning: Wire user_proj_dummy.\io_out [13] is used but has no driver.
Warning: Wire user_proj_dummy.\io_out [12] is used but has no driver.
Warning: Wire user_proj_dummy.\io_out [11] is used but has no driver.
Warning: Wire user_proj_dummy.\io_out [10] is used but has no driver.
Warning: Wire user_proj_dummy.\io_out [9] is used but has no driver.
Warning: Wire user_proj_dummy.\io_out [8] is used but has no driver.
Warning: Wire user_proj_dummy.\io_out [7] is used but has no driver.
Warning: Wire user_proj_dummy.\io_out [6] is used but has no driver.
Warning: Wire user_proj_dummy.\io_out [5] is used but has no driver.
Warning: Wire user_proj_dummy.\io_out [4] is used but has no driver.
Warning: Wire user_proj_dummy.\io_out [3] is used but has no driver.
Warning: Wire user_proj_dummy.\io_out [2] is used but has no driver.
Warning: Wire user_proj_dummy.\io_out [1] is used but has no driver.
Warning: Wire user_proj_dummy.\io_out [0] is used but has no driver.
Warning: Wire user_proj_dummy.\io_oeb [37] is used but has no driver.
Warning: Wire user_proj_dummy.\io_oeb [36] is used but has no driver.
Warning: Wire user_proj_dummy.\io_oeb [35] is used but has no driver.
Warning: Wire user_proj_dummy.\io_oeb [34] is used but has no driver.
Warning: Wire user_proj_dummy.\io_oeb [33] is used but has no driver.
Warning: Wire user_proj_dummy.\io_oeb [32] is used but has no driver.
Warning: Wire user_proj_dummy.\io_oeb [31] is used but has no driver.
Warning: Wire user_proj_dummy.\io_oeb [30] is used but has no driver.
Warning: Wire user_proj_dummy.\io_oeb [29] is used but has no driver.
Warning: Wire user_proj_dummy.\io_oeb [28] is used but has no driver.
Warning: Wire user_proj_dummy.\io_oeb [27] is used but has no driver.
Warning: Wire user_proj_dummy.\io_oeb [26] is used but has no driver.
Warning: Wire user_proj_dummy.\io_oeb [25] is used but has no driver.
Warning: Wire user_proj_dummy.\io_oeb [24] is used but has no driver.
Warning: Wire user_proj_dummy.\io_oeb [23] is used but has no driver.
Warning: Wire user_proj_dummy.\io_oeb [22] is used but has no driver.
Warning: Wire user_proj_dummy.\io_oeb [21] is used but has no driver.
Warning: Wire user_proj_dummy.\io_oeb [20] is used but has no driver.
Warning: Wire user_proj_dummy.\io_oeb [19] is used but has no driver.
Warning: Wire user_proj_dummy.\io_oeb [18] is used but has no driver.
Warning: Wire user_proj_dummy.\io_oeb [17] is used but has no driver.
Warning: Wire user_proj_dummy.\io_oeb [16] is used but has no driver.
Warning: Wire user_proj_dummy.\io_oeb [15] is used but has no driver.
Warning: Wire user_proj_dummy.\io_oeb [14] is used but has no driver.
Warning: Wire user_proj_dummy.\io_oeb [13] is used but has no driver.
Warning: Wire user_proj_dummy.\io_oeb [12] is used but has no driver.
Warning: Wire user_proj_dummy.\io_oeb [11] is used but has no driver.
Warning: Wire user_proj_dummy.\io_oeb [10] is used but has no driver.
Warning: Wire user_proj_dummy.\io_oeb [9] is used but has no driver.
Warning: Wire user_proj_dummy.\io_oeb [8] is used but has no driver.
Warning: Wire user_proj_dummy.\io_oeb [7] is used but has no driver.
Warning: Wire user_proj_dummy.\io_oeb [6] is used but has no driver.
Warning: Wire user_proj_dummy.\io_oeb [5] is used but has no driver.
Warning: Wire user_proj_dummy.\io_oeb [4] is used but has no driver.
Warning: Wire user_proj_dummy.\io_oeb [3] is used but has no driver.
Warning: Wire user_proj_dummy.\io_oeb [2] is used but has no driver.
Warning: Wire user_proj_dummy.\io_oeb [1] is used but has no driver.
Warning: Wire user_proj_dummy.\io_oeb [0] is used but has no driver.
Found and reported 240 problems.

31. Printing statistics.

=== user_proj_dummy ===

   Number of wires:                 18
   Number of wire bits:            608
   Number of public wires:          18
   Number of public wire bits:     608
   Number of memories:               0
   Number of memory bits:            0
   Number of processes:              0
   Number of cells:                240
     sky130_fd_sc_hd__conb_1       234
     sky130_fd_sc_hd__dfxtp_2        2
     sky130_fd_sc_hd__inv_2          4

   Chip area for module '\user_proj_dummy': 935.897600

32. Executing Verilog backend.
Dumping module `\user_proj_dummy'.

Warnings: 240 unique messages, 471 total
End of script. Logfile hash: 5c3e9fcd36, CPU: user 0.34s system 0.04s, MEM: 44.71 MB peak
Yosys 0.9+4052 (git sha1 UNKNOWN, gcc 8.3.1 -fPIC -Os)
Time spent: 34% 4x stat (0 sec), 33% 2x abc (0 sec), ...
