
===========================================================================
report_checks -unconstrained
============================================================================
Startpoint: io_in[5] (input port clocked by clk)
Endpoint: count1/data[1] (internal pin)
Path Group: (none)
Path Type: max

Fanout     Cap    Slew   Delay    Time   Description
-----------------------------------------------------------------------------
                         20.00   20.00 ^ input external delay
                  2.13    1.99   21.99 ^ io_in[5] (in)
     1    0.50                           io_in[5] (net)
                  2.54    0.00   21.99 ^ count1/data[1] (counter)
                                 21.99   data arrival time
-----------------------------------------------------------------------------
(Path is unconstrained)



===========================================================================
report_checks --slack_max -0.01
============================================================================
No paths found.
