
===========================================================================
 report_check_types -max_slew -max_cap -max_fanout -violators
============================================================================
max slew

Pin                                    Limit    Slew   Slack
------------------------------------------------------------
io_in[11]                               1.50    2.98   -1.48 (VIOLATED)
io_in[10]                               1.50    2.74   -1.25 (VIOLATED)
io_in[8]                                1.50    2.52   -1.02 (VIOLATED)
io_in[9]                                1.50    2.41   -0.91 (VIOLATED)
io_in[5]                                1.50    2.13   -0.64 (VIOLATED)
io_in[7]                                1.50    2.12   -0.63 (VIOLATED)
io_in[6]                                1.50    2.04   -0.54 (VIOLATED)
io_in[1]                                1.50    1.98   -0.48 (VIOLATED)
io_in[4]                                1.50    1.96   -0.46 (VIOLATED)
io_in[2]                                1.50    1.82   -0.32 (VIOLATED)
io_in[3]                                1.50    1.76   -0.26 (VIOLATED)
user_clock2                             1.50    1.75   -0.25 (VIOLATED)
io_in[0]                                1.50    1.68   -0.19 (VIOLATED)

max capacitance

Pin                                    Limit     Cap   Slack
------------------------------------------------------------
io_in[11]                               0.33    0.71   -0.38 (VIOLATED)
io_in[10]                               0.33    0.65   -0.32 (VIOLATED)
io_in[8]                                0.33    0.58   -0.25 (VIOLATED)
io_in[9]                                0.33    0.56   -0.23 (VIOLATED)
io_in[5]                                0.33    0.50   -0.17 (VIOLATED)
io_in[7]                                0.33    0.49   -0.16 (VIOLATED)
io_in[6]                                0.33    0.47   -0.14 (VIOLATED)
io_in[1]                                0.33    0.44   -0.11 (VIOLATED)
io_in[4]                                0.33    0.44   -0.11 (VIOLATED)
io_in[2]                                0.33    0.42   -0.08 (VIOLATED)
io_in[3]                                0.33    0.40   -0.07 (VIOLATED)
user_clock2                             0.33    0.40   -0.07 (VIOLATED)
io_in[0]                                0.33    0.38   -0.05 (VIOLATED)


===========================================================================
max slew violation count 13
max fanout violation count 0
max cap violation count 13
============================================================================
