
===========================================================================
 report_check_types -max_slew -max_cap -max_fanout -violators
============================================================================
max slew

Pin                                    Limit    Slew   Slack
------------------------------------------------------------
io_in[8]                                1.50    3.66   -2.17 (VIOLATED)
io_in[11]                               1.50    2.90   -1.41 (VIOLATED)
io_in[4]                                1.50    1.94   -0.45 (VIOLATED)
io_in[10]                               1.50    1.73   -0.23 (VIOLATED)
io_in[1]                                1.50    1.53   -0.04 (VIOLATED)

max capacitance

Pin                                    Limit     Cap   Slack
------------------------------------------------------------
io_in[8]                                0.33    0.84   -0.51 (VIOLATED)
io_in[11]                               0.33    0.71   -0.38 (VIOLATED)
io_in[4]                                0.33    0.49   -0.16 (VIOLATED)
io_in[10]                               0.33    0.44   -0.11 (VIOLATED)
io_in[9]                                0.33    0.35   -0.01 (VIOLATED)
io_in[1]                                0.33    0.34   -0.01 (VIOLATED)
io_in[5]                                0.33    0.33   -0.00 (VIOLATED)


===========================================================================
max slew violation count 5
max fanout violation count 0
max cap violation count 7
============================================================================
