
===========================================================================
report_checks -unconstrained
============================================================================
Startpoint: io_in[4] (input port clocked by clk)
Endpoint: count1/data[0] (internal pin)
Path Group: (none)
Path Type: max

Fanout     Cap    Slew   Delay    Time   Description
-----------------------------------------------------------------------------
                         20.00   20.00 ^ input external delay
                  1.94    2.12   22.12 ^ io_in[4] (in)
     1    0.49                           io_in[4] (net)
                  3.22    0.00   22.12 ^ count1/data[0] (counter)
                                 22.12   data arrival time
-----------------------------------------------------------------------------
(Path is unconstrained)



===========================================================================
report_checks --slack_max -0.01
============================================================================
No paths found.
