
===========================================================================
report_checks -unconstrained
============================================================================

======================= Slowest Corner ===================================

Startpoint: io_in[4] (input port clocked by clk)
Endpoint: count1/data[0] (internal pin)
Path Group: (none)
Path Type: max
Corner: ss

Fanout     Cap    Slew   Delay    Time   Description
-----------------------------------------------------------------------------
                         20.00   20.00 ^ input external delay
                  3.40    3.01   23.01 ^ io_in[4] (in)
     1    0.49                           io_in[4] (net)
                  4.24    0.00   23.01 ^ count1/data[0] (counter)
                                 23.01   data arrival time
-----------------------------------------------------------------------------
(Path is unconstrained)



======================= Typical Corner ===================================

Startpoint: io_in[4] (input port clocked by clk)
Endpoint: count1/data[0] (internal pin)
Path Group: (none)
Path Type: max
Corner: tt

Fanout     Cap    Slew   Delay    Time   Description
-----------------------------------------------------------------------------
                         20.00   20.00 ^ input external delay
                  1.94    2.12   22.12 ^ io_in[4] (in)
     1    0.49                           io_in[4] (net)
                  3.22    0.00   22.12 ^ count1/data[0] (counter)
                                 22.12   data arrival time
-----------------------------------------------------------------------------
(Path is unconstrained)



======================= Fastest Corner ===================================

Startpoint: io_in[4] (input port clocked by clk)
Endpoint: count1/data[0] (internal pin)
Path Group: (none)
Path Type: max
Corner: ff

Fanout     Cap    Slew   Delay    Time   Description
-----------------------------------------------------------------------------
                         20.00   20.00 ^ input external delay
                  1.32    1.80   21.80 ^ io_in[4] (in)
     1    0.49                           io_in[4] (net)
                  2.89    0.00   21.80 ^ count1/data[0] (counter)
                                 21.80   data arrival time
-----------------------------------------------------------------------------
(Path is unconstrained)



===========================================================================
report_checks --slack_max -0.01
============================================================================

======================= Slowest Corner ===================================

No paths found.

======================= Typical Corner ===================================

No paths found.

======================= Fastest Corner ===================================

No paths found.
