First Layout: /home/shahid/caravel_user_project/openlane/counter/runs/counter/results/magic/counter.gds
Second Layout: /home/shahid/caravel_user_project/openlane/counter/runs/counter/results/klayout/counter.gds
Design Name: counter
Output GDS will be: /home/shahid/caravel_user_project/openlane/counter/runs/counter/results/klayout/counter.xor.xml
Reading /home/shahid/caravel_user_project/openlane/counter/runs/counter/results/magic/counter.gds ..
Reading /home/shahid/caravel_user_project/openlane/counter/runs/counter/results/klayout/counter.gds ..
--- Running XOR for 11/0 ---
"input" in: xor.drc:38
    Polygons (raw): 0 (flat)  0 (hierarchical)
    Elapsed: 0.010s  Memory: 600.00M
"input" in: xor.drc:38
    Polygons (raw): 8 (flat)  8 (hierarchical)
    Elapsed: 0.010s  Memory: 600.00M
"^" in: xor.drc:38
    Polygons (raw): 8 (flat)  8 (hierarchical)
    Elapsed: 0.000s  Memory: 600.00M
XOR differences: 8
"output" in: xor.drc:40
    Polygons (raw): 8 (flat)  8 (hierarchical)
    Elapsed: 0.010s  Memory: 600.00M
--- Running XOR for 122/16 ---
"input" in: xor.drc:38
    Polygons (raw): 29391 (flat)  27 (hierarchical)
    Elapsed: 0.010s  Memory: 600.00M
"input" in: xor.drc:38
    Polygons (raw): 29391 (flat)  27 (hierarchical)
    Elapsed: 0.010s  Memory: 600.00M
"^" in: xor.drc:38
    Polygons (raw): 0 (flat)  0 (hierarchical)
    Elapsed: 0.210s  Memory: 600.00M
XOR differences: 0
"output" in: xor.drc:40
    Polygons (raw): 0 (flat)  0 (hierarchical)
    Elapsed: 0.010s  Memory: 600.00M
--- Running XOR for 235/4 ---
"input" in: xor.drc:38
    Polygons (raw): 1 (flat)  1 (hierarchical)
    Elapsed: 0.000s  Memory: 600.00M
"input" in: xor.drc:38
    Polygons (raw): 1 (flat)  1 (hierarchical)
    Elapsed: 0.010s  Memory: 600.00M
"^" in: xor.drc:38
    Polygons (raw): 0 (flat)  0 (hierarchical)
    Elapsed: 0.020s  Memory: 600.00M
XOR differences: 0
"output" in: xor.drc:40
    Polygons (raw): 0 (flat)  0 (hierarchical)
    Elapsed: 0.010s  Memory: 600.00M
--- Running XOR for 236/0 ---
"input" in: xor.drc:38
    Polygons (raw): 24657 (flat)  24 (hierarchical)
    Elapsed: 0.000s  Memory: 600.00M
"input" in: xor.drc:38
    Polygons (raw): 24657 (flat)  24 (hierarchical)
    Elapsed: 0.010s  Memory: 600.00M
"^" in: xor.drc:38
    Polygons (raw): 0 (flat)  0 (hierarchical)
    Elapsed: 0.190s  Memory: 600.00M
XOR differences: 0
"output" in: xor.drc:40
    Polygons (raw): 0 (flat)  0 (hierarchical)
    Elapsed: 0.010s  Memory: 600.00M
--- Running XOR for 5/0 ---
"input" in: xor.drc:38
    Polygons (raw): 0 (flat)  0 (hierarchical)
    Elapsed: 0.000s  Memory: 600.00M
"input" in: xor.drc:38
    Polygons (raw): 213 (flat)  213 (hierarchical)
    Elapsed: 0.010s  Memory: 600.00M
"^" in: xor.drc:38
    Polygons (raw): 213 (flat)  213 (hierarchical)
    Elapsed: 0.000s  Memory: 600.00M
XOR differences: 213
"output" in: xor.drc:40
    Polygons (raw): 213 (flat)  213 (hierarchical)
    Elapsed: 0.010s  Memory: 600.00M
--- Running XOR for 64/16 ---
"input" in: xor.drc:38
    Polygons (raw): 29391 (flat)  27 (hierarchical)
    Elapsed: 0.010s  Memory: 600.00M
"input" in: xor.drc:38
    Polygons (raw): 29391 (flat)  27 (hierarchical)
    Elapsed: 0.000s  Memory: 600.00M
"^" in: xor.drc:38
    Polygons (raw): 0 (flat)  0 (hierarchical)
    Elapsed: 0.210s  Memory: 608.00M
XOR differences: 0
"output" in: xor.drc:40
    Polygons (raw): 0 (flat)  0 (hierarchical)
    Elapsed: 0.010s  Memory: 608.00M
--- Running XOR for 64/20 ---
"input" in: xor.drc:38
    Polygons (raw): 34205 (flat)  27 (hierarchical)
    Elapsed: 0.000s  Memory: 608.00M
"input" in: xor.drc:38
    Polygons (raw): 34205 (flat)  27 (hierarchical)
    Elapsed: 0.010s  Memory: 608.00M
"^" in: xor.drc:38
    Polygons (raw): 0 (flat)  0 (hierarchical)
    Elapsed: 0.320s  Memory: 614.00M
XOR differences: 0
"output" in: xor.drc:40
    Polygons (raw): 0 (flat)  0 (hierarchical)
    Elapsed: 0.010s  Memory: 614.00M
--- Running XOR for 64/5 ---
"input" in: xor.drc:38
    Polygons (raw): 0 (flat)  0 (hierarchical)
    Elapsed: 0.000s  Memory: 614.00M
"input" in: xor.drc:38
    Polygons (raw): 0 (flat)  0 (hierarchical)
    Elapsed: 0.010s  Memory: 614.00M
"^" in: xor.drc:38
    Polygons (raw): 0 (flat)  0 (hierarchical)
    Elapsed: 0.060s  Memory: 614.00M
XOR differences: 0
"output" in: xor.drc:40
    Polygons (raw): 0 (flat)  0 (hierarchical)
    Elapsed: 0.010s  Memory: 614.00M
--- Running XOR for 64/59 ---
"input" in: xor.drc:38
    Polygons (raw): 0 (flat)  0 (hierarchical)
    Elapsed: 0.000s  Memory: 614.00M
"input" in: xor.drc:38
    Polygons (raw): 0 (flat)  0 (hierarchical)
    Elapsed: 0.010s  Memory: 614.00M
"^" in: xor.drc:38
    Polygons (raw): 0 (flat)  0 (hierarchical)
    Elapsed: 0.060s  Memory: 614.00M
XOR differences: 0
"output" in: xor.drc:40
    Polygons (raw): 0 (flat)  0 (hierarchical)
    Elapsed: 0.010s  Memory: 614.00M
--- Running XOR for 65/20 ---
"input" in: xor.drc:38
    Polygons (raw): 49349 (flat)  61 (hierarchical)
    Elapsed: 0.000s  Memory: 614.00M
"input" in: xor.drc:38
    Polygons (raw): 49349 (flat)  61 (hierarchical)
    Elapsed: 0.010s  Memory: 614.00M
"^" in: xor.drc:38
    Polygons (raw): 0 (flat)  0 (hierarchical)
    Elapsed: 0.260s  Memory: 614.00M
XOR differences: 0
"output" in: xor.drc:40
    Polygons (raw): 0 (flat)  0 (hierarchical)
    Elapsed: 0.000s  Memory: 614.00M
--- Running XOR for 65/44 ---
"input" in: xor.drc:38
    Polygons (raw): 9630 (flat)  2 (hierarchical)
    Elapsed: 0.000s  Memory: 614.00M
"input" in: xor.drc:38
    Polygons (raw): 9630 (flat)  2 (hierarchical)
    Elapsed: 0.010s  Memory: 614.00M
"^" in: xor.drc:38
    Polygons (raw): 0 (flat)  0 (hierarchical)
    Elapsed: 0.070s  Memory: 614.00M
XOR differences: 0
"output" in: xor.drc:40
    Polygons (raw): 0 (flat)  0 (hierarchical)
    Elapsed: 0.000s  Memory: 614.00M
--- Running XOR for 66/20 ---
"input" in: xor.drc:38
    Polygons (raw): 49428 (flat)  93 (hierarchical)
    Elapsed: 0.000s  Memory: 614.00M
"input" in: xor.drc:38
    Polygons (raw): 49428 (flat)  93 (hierarchical)
    Elapsed: 0.000s  Memory: 614.00M
"^" in: xor.drc:38
    Polygons (raw): 0 (flat)  0 (hierarchical)
    Elapsed: 0.360s  Memory: 614.00M
XOR differences: 0
"output" in: xor.drc:40
    Polygons (raw): 0 (flat)  0 (hierarchical)
    Elapsed: 0.000s  Memory: 614.00M
--- Running XOR for 66/44 ---
"input" in: xor.drc:38
    Polygons (raw): 337665 (flat)  735 (hierarchical)
    Elapsed: 0.010s  Memory: 614.00M
"input" in: xor.drc:38
    Polygons (raw): 337665 (flat)  735 (hierarchical)
    Elapsed: 0.000s  Memory: 614.00M
"^" in: xor.drc:38
    Polygons (raw): 0 (flat)  0 (hierarchical)
    Elapsed: 1.510s  Memory: 614.00M
XOR differences: 0
"output" in: xor.drc:40
    Polygons (raw): 0 (flat)  0 (hierarchical)
    Elapsed: 0.000s  Memory: 614.00M
--- Running XOR for 67/16 ---
"input" in: xor.drc:38
    Polygons (raw): 314 (flat)  143 (hierarchical)
    Elapsed: 0.010s  Memory: 614.00M
"input" in: xor.drc:38
    Polygons (raw): 314 (flat)  143 (hierarchical)
    Elapsed: 0.000s  Memory: 614.00M
"^" in: xor.drc:38
    Polygons (raw): 0 (flat)  0 (hierarchical)
    Elapsed: 0.030s  Memory: 614.00M
XOR differences: 0
"output" in: xor.drc:40
    Polygons (raw): 0 (flat)  0 (hierarchical)
    Elapsed: 0.000s  Memory: 614.00M
--- Running XOR for 67/20 ---
"input" in: xor.drc:38
    Polygons (raw): 78512 (flat)  317 (hierarchical)
    Elapsed: 0.010s  Memory: 614.00M
"input" in: xor.drc:38
    Polygons (raw): 78514 (flat)  183 (hierarchical)
    Elapsed: 0.010s  Memory: 614.00M
"^" in: xor.drc:38
    Polygons (raw): 0 (flat)  0 (hierarchical)
    Elapsed: 0.800s  Memory: 628.00M
XOR differences: 0
"output" in: xor.drc:40
    Polygons (raw): 0 (flat)  0 (hierarchical)
    Elapsed: 0.010s  Memory: 628.00M
--- Running XOR for 67/44 ---
"input" in: xor.drc:38
    Polygons (raw): 542897 (flat)  593 (hierarchical)
    Elapsed: 0.000s  Memory: 628.00M
"input" in: xor.drc:38
    Polygons (raw): 542897 (flat)  457 (hierarchical)
    Elapsed: 0.010s  Memory: 628.00M
"^" in: xor.drc:38
    Polygons (raw): 0 (flat)  0 (hierarchical)
    Elapsed: 2.350s  Memory: 628.00M
XOR differences: 0
"output" in: xor.drc:40
    Polygons (raw): 0 (flat)  0 (hierarchical)
    Elapsed: 0.010s  Memory: 628.00M
--- Running XOR for 67/5 ---
"input" in: xor.drc:38
    Polygons (raw): 0 (flat)  0 (hierarchical)
    Elapsed: 0.000s  Memory: 628.00M
"input" in: xor.drc:38
    Polygons (raw): 0 (flat)  0 (hierarchical)
    Elapsed: 0.010s  Memory: 628.00M
"^" in: xor.drc:38
    Polygons (raw): 0 (flat)  0 (hierarchical)
    Elapsed: 0.020s  Memory: 628.00M
XOR differences: 0
"output" in: xor.drc:40
    Polygons (raw): 0 (flat)  0 (hierarchical)
    Elapsed: 0.010s  Memory: 628.00M
--- Running XOR for 68/16 ---
"input" in: xor.drc:38
    Polygons (raw): 68416 (flat)  56 (hierarchical)
    Elapsed: 0.000s  Memory: 628.00M
"input" in: xor.drc:38
    Polygons (raw): 68416 (flat)  56 (hierarchical)
    Elapsed: 0.000s  Memory: 628.00M
"^" in: xor.drc:38
    Polygons (raw): 0 (flat)  0 (hierarchical)
    Elapsed: 0.400s  Memory: 630.00M
XOR differences: 0
"output" in: xor.drc:40
    Polygons (raw): 0 (flat)  0 (hierarchical)
    Elapsed: 0.000s  Memory: 630.00M
--- Running XOR for 68/20 ---
"input" in: xor.drc:38
    Polygons (raw): 69340 (flat)  942 (hierarchical)
    Elapsed: 0.010s  Memory: 630.00M
"input" in: xor.drc:38
    Polygons (raw): 69812 (flat)  276 (hierarchical)
    Elapsed: 0.000s  Memory: 630.00M
"^" in: xor.drc:38
    Polygons (raw): 0 (flat)  0 (hierarchical)
    Elapsed: 0.540s  Memory: 613.00M
XOR differences: 0
"output" in: xor.drc:40
    Polygons (raw): 0 (flat)  0 (hierarchical)
    Elapsed: 0.010s  Memory: 613.00M
--- Running XOR for 68/44 ---
"input" in: xor.drc:38
    Polygons (raw): 4412 (flat)  4412 (hierarchical)
    Elapsed: 0.000s  Memory: 613.00M
"input" in: xor.drc:38
    Polygons (raw): 4412 (flat)  6 (hierarchical)
    Elapsed: 0.010s  Memory: 613.00M
"^" in: xor.drc:38
    Polygons (raw): 0 (flat)  0 (hierarchical)
    Elapsed: 0.040s  Memory: 613.00M
XOR differences: 0
"output" in: xor.drc:40
    Polygons (raw): 0 (flat)  0 (hierarchical)
    Elapsed: 0.010s  Memory: 613.00M
--- Running XOR for 68/5 ---
"input" in: xor.drc:38
    Polygons (raw): 0 (flat)  0 (hierarchical)
    Elapsed: 0.000s  Memory: 613.00M
"input" in: xor.drc:38
    Polygons (raw): 0 (flat)  0 (hierarchical)
    Elapsed: 0.010s  Memory: 613.00M
"^" in: xor.drc:38
    Polygons (raw): 0 (flat)  0 (hierarchical)
    Elapsed: 0.070s  Memory: 613.00M
XOR differences: 0
"output" in: xor.drc:40
    Polygons (raw): 0 (flat)  0 (hierarchical)
    Elapsed: 0.000s  Memory: 613.00M
--- Running XOR for 69/16 ---
"input" in: xor.drc:38
    Polygons (raw): 7 (flat)  7 (hierarchical)
    Elapsed: 0.010s  Memory: 613.00M
"input" in: xor.drc:38
    Polygons (raw): 7 (flat)  7 (hierarchical)
    Elapsed: 0.010s  Memory: 613.00M
"^" in: xor.drc:38
    Polygons (raw): 0 (flat)  0 (hierarchical)
    Elapsed: 0.020s  Memory: 613.00M
XOR differences: 0
"output" in: xor.drc:40
    Polygons (raw): 0 (flat)  0 (hierarchical)
    Elapsed: 0.010s  Memory: 613.00M
--- Running XOR for 69/20 ---
"input" in: xor.drc:38
    Polygons (raw): 1119 (flat)  1119 (hierarchical)
    Elapsed: 0.010s  Memory: 613.00M
"input" in: xor.drc:38
    Polygons (raw): 1966 (flat)  108 (hierarchical)
    Elapsed: 0.000s  Memory: 613.00M
"^" in: xor.drc:38
    Polygons (raw): 7 (flat)  7 (hierarchical)
    Elapsed: 0.040s  Memory: 613.00M
XOR differences: 7
"output" in: xor.drc:40
    Polygons (raw): 7 (flat)  7 (hierarchical)
    Elapsed: 0.000s  Memory: 613.00M
--- Running XOR for 69/44 ---
"input" in: xor.drc:38
    Polygons (raw): 3414 (flat)  3414 (hierarchical)
    Elapsed: 0.010s  Memory: 613.00M
"input" in: xor.drc:38
    Polygons (raw): 3414 (flat)  5 (hierarchical)
    Elapsed: 0.010s  Memory: 613.00M
"^" in: xor.drc:38
    Polygons (raw): 0 (flat)  0 (hierarchical)
    Elapsed: 0.040s  Memory: 613.00M
XOR differences: 0
"output" in: xor.drc:40
    Polygons (raw): 0 (flat)  0 (hierarchical)
    Elapsed: 0.000s  Memory: 613.00M
--- Running XOR for 69/5 ---
"input" in: xor.drc:38
    Polygons (raw): 0 (flat)  0 (hierarchical)
    Elapsed: 0.010s  Memory: 613.00M
"input" in: xor.drc:38
    Polygons (raw): 0 (flat)  0 (hierarchical)
    Elapsed: 0.010s  Memory: 613.00M
"^" in: xor.drc:38
    Polygons (raw): 0 (flat)  0 (hierarchical)
    Elapsed: 0.010s  Memory: 613.00M
XOR differences: 0
"output" in: xor.drc:40
    Polygons (raw): 0 (flat)  0 (hierarchical)
    Elapsed: 0.010s  Memory: 613.00M
--- Running XOR for 70/16 ---
"input" in: xor.drc:38
    Polygons (raw): 6 (flat)  6 (hierarchical)
    Elapsed: 0.000s  Memory: 613.00M
"input" in: xor.drc:38
    Polygons (raw): 6 (flat)  6 (hierarchical)
    Elapsed: 0.010s  Memory: 613.00M
"^" in: xor.drc:38
    Polygons (raw): 0 (flat)  0 (hierarchical)
    Elapsed: 0.020s  Memory: 613.00M
XOR differences: 0
"output" in: xor.drc:40
    Polygons (raw): 0 (flat)  0 (hierarchical)
    Elapsed: 0.010s  Memory: 613.00M
--- Running XOR for 70/20 ---
"input" in: xor.drc:38
    Polygons (raw): 882 (flat)  882 (hierarchical)
    Elapsed: 0.000s  Memory: 613.00M
"input" in: xor.drc:38
    Polygons (raw): 1716 (flat)  9 (hierarchical)
    Elapsed: 0.000s  Memory: 613.00M
"^" in: xor.drc:38
    Polygons (raw): 6 (flat)  6 (hierarchical)
    Elapsed: 0.040s  Memory: 613.00M
XOR differences: 6
"output" in: xor.drc:40
    Polygons (raw): 6 (flat)  6 (hierarchical)
    Elapsed: 0.000s  Memory: 613.00M
--- Running XOR for 70/44 ---
"input" in: xor.drc:38
    Polygons (raw): 3408 (flat)  3408 (hierarchical)
    Elapsed: 0.010s  Memory: 613.00M
"input" in: xor.drc:38
    Polygons (raw): 3408 (flat)  4 (hierarchical)
    Elapsed: 0.010s  Memory: 613.00M
"^" in: xor.drc:38
    Polygons (raw): 0 (flat)  0 (hierarchical)
    Elapsed: 0.030s  Memory: 613.00M
XOR differences: 0
"output" in: xor.drc:40
    Polygons (raw): 0 (flat)  0 (hierarchical)
    Elapsed: 0.010s  Memory: 613.00M
--- Running XOR for 70/5 ---
"input" in: xor.drc:38
    Polygons (raw): 0 (flat)  0 (hierarchical)
    Elapsed: 0.000s  Memory: 613.00M
"input" in: xor.drc:38
    Polygons (raw): 0 (flat)  0 (hierarchical)
    Elapsed: 0.010s  Memory: 613.00M
"^" in: xor.drc:38
    Polygons (raw): 0 (flat)  0 (hierarchical)
    Elapsed: 0.010s  Memory: 613.00M
XOR differences: 0
"output" in: xor.drc:40
    Polygons (raw): 0 (flat)  0 (hierarchical)
    Elapsed: 0.010s  Memory: 613.00M
--- Running XOR for 71/16 ---
"input" in: xor.drc:38
    Polygons (raw): 8 (flat)  8 (hierarchical)
    Elapsed: 0.010s  Memory: 613.00M
"input" in: xor.drc:38
    Polygons (raw): 8 (flat)  8 (hierarchical)
    Elapsed: 0.010s  Memory: 613.00M
"^" in: xor.drc:38
    Polygons (raw): 0 (flat)  0 (hierarchical)
    Elapsed: 0.020s  Memory: 613.00M
XOR differences: 0
"output" in: xor.drc:40
    Polygons (raw): 0 (flat)  0 (hierarchical)
    Elapsed: 0.010s  Memory: 613.00M
--- Running XOR for 71/20 ---
"input" in: xor.drc:38
    Polygons (raw): 8 (flat)  8 (hierarchical)
    Elapsed: 0.010s  Memory: 613.00M
"input" in: xor.drc:38
    Polygons (raw): 852 (flat)  1 (hierarchical)
    Elapsed: 0.000s  Memory: 613.00M
"^" in: xor.drc:38
    Polygons (raw): 852 (flat)  852 (hierarchical)
    Elapsed: 0.030s  Memory: 613.00M
XOR differences: 852
"output" in: xor.drc:40
    Polygons (raw): 852 (flat)  852 (hierarchical)
    Elapsed: 0.010s  Memory: 613.00M
--- Running XOR for 71/5 ---
"input" in: xor.drc:38
    Polygons (raw): 0 (flat)  0 (hierarchical)
    Elapsed: 0.000s  Memory: 613.00M
"input" in: xor.drc:38
    Polygons (raw): 0 (flat)  0 (hierarchical)
    Elapsed: 0.010s  Memory: 613.00M
"^" in: xor.drc:38
    Polygons (raw): 0 (flat)  0 (hierarchical)
    Elapsed: 0.000s  Memory: 613.00M
XOR differences: 0
"output" in: xor.drc:40
    Polygons (raw): 0 (flat)  0 (hierarchical)
    Elapsed: 0.010s  Memory: 613.00M
--- Running XOR for 78/44 ---
"input" in: xor.drc:38
    Polygons (raw): 34223 (flat)  32 (hierarchical)
    Elapsed: 0.000s  Memory: 613.00M
"input" in: xor.drc:38
    Polygons (raw): 34223 (flat)  32 (hierarchical)
    Elapsed: 0.000s  Memory: 613.00M
"^" in: xor.drc:38
    Polygons (raw): 0 (flat)  0 (hierarchical)
    Elapsed: 0.240s  Memory: 616.00M
XOR differences: 0
"output" in: xor.drc:40
    Polygons (raw): 0 (flat)  0 (hierarchical)
    Elapsed: 0.010s  Memory: 616.00M
--- Running XOR for 81/14 ---
"input" in: xor.drc:38
    Polygons (raw): 1 (flat)  1 (hierarchical)
    Elapsed: 0.000s  Memory: 616.00M
"input" in: xor.drc:38
    Polygons (raw): 0 (flat)  0 (hierarchical)
    Elapsed: 0.000s  Memory: 616.00M
"^" in: xor.drc:38
    Polygons (raw): 1 (flat)  1 (hierarchical)
    Elapsed: 0.010s  Memory: 616.00M
XOR differences: 1
"output" in: xor.drc:40
    Polygons (raw): 1 (flat)  1 (hierarchical)
    Elapsed: 0.010s  Memory: 616.00M
--- Running XOR for 81/23 ---
"input" in: xor.drc:38
    Polygons (raw): 3 (flat)  1 (hierarchical)
    Elapsed: 0.010s  Memory: 616.00M
"input" in: xor.drc:38
    Polygons (raw): 3 (flat)  1 (hierarchical)
    Elapsed: 0.010s  Memory: 616.00M
"^" in: xor.drc:38
    Polygons (raw): 0 (flat)  0 (hierarchical)
    Elapsed: 0.020s  Memory: 616.00M
XOR differences: 0
"output" in: xor.drc:40
    Polygons (raw): 0 (flat)  0 (hierarchical)
    Elapsed: 0.010s  Memory: 616.00M
--- Running XOR for 81/4 ---
"input" in: xor.drc:38
    Polygons (raw): 34205 (flat)  27 (hierarchical)
    Elapsed: 0.010s  Memory: 616.00M
"input" in: xor.drc:38
    Polygons (raw): 34205 (flat)  27 (hierarchical)
    Elapsed: 0.000s  Memory: 616.00M
"^" in: xor.drc:38
    Polygons (raw): 0 (flat)  0 (hierarchical)
    Elapsed: 0.260s  Memory: 623.00M
XOR differences: 0
"output" in: xor.drc:40
    Polygons (raw): 0 (flat)  0 (hierarchical)
    Elapsed: 0.010s  Memory: 623.00M
--- Running XOR for 83/44 ---
"input" in: xor.drc:38
    Polygons (raw): 0 (flat)  0 (hierarchical)
    Elapsed: 0.000s  Memory: 623.00M
"input" in: xor.drc:38
    Polygons (raw): 0 (flat)  0 (hierarchical)
    Elapsed: 0.000s  Memory: 623.00M
"^" in: xor.drc:38
    Polygons (raw): 0 (flat)  0 (hierarchical)
    Elapsed: 0.070s  Memory: 623.00M
XOR differences: 0
"output" in: xor.drc:40
    Polygons (raw): 0 (flat)  0 (hierarchical)
    Elapsed: 0.010s  Memory: 623.00M
--- Running XOR for 93/44 ---
"input" in: xor.drc:38
    Polygons (raw): 39020 (flat)  28 (hierarchical)
    Elapsed: 0.000s  Memory: 623.00M
"input" in: xor.drc:38
    Polygons (raw): 39020 (flat)  28 (hierarchical)
    Elapsed: 0.010s  Memory: 623.00M
"^" in: xor.drc:38
    Polygons (raw): 0 (flat)  0 (hierarchical)
    Elapsed: 0.320s  Memory: 623.00M
XOR differences: 0
"output" in: xor.drc:40
    Polygons (raw): 0 (flat)  0 (hierarchical)
    Elapsed: 0.000s  Memory: 623.00M
--- Running XOR for 94/20 ---
"input" in: xor.drc:38
    Polygons (raw): 39020 (flat)  28 (hierarchical)
    Elapsed: 0.010s  Memory: 623.00M
"input" in: xor.drc:38
    Polygons (raw): 39020 (flat)  28 (hierarchical)
    Elapsed: 0.000s  Memory: 623.00M
"^" in: xor.drc:38
    Polygons (raw): 0 (flat)  0 (hierarchical)
    Elapsed: 0.310s  Memory: 623.00M
XOR differences: 0
"output" in: xor.drc:40
    Polygons (raw): 0 (flat)  0 (hierarchical)
    Elapsed: 0.000s  Memory: 623.00M
--- Running XOR for 95/20 ---
"input" in: xor.drc:38
    Polygons (raw): 24658 (flat)  24 (hierarchical)
    Elapsed: 0.010s  Memory: 623.00M
"input" in: xor.drc:38
    Polygons (raw): 24658 (flat)  24 (hierarchical)
    Elapsed: 0.000s  Memory: 623.00M
"^" in: xor.drc:38
    Polygons (raw): 0 (flat)  0 (hierarchical)
    Elapsed: 0.210s  Memory: 623.00M
XOR differences: 0
"output" in: xor.drc:40
    Polygons (raw): 0 (flat)  0 (hierarchical)
    Elapsed: 0.010s  Memory: 623.00M
Writing report database: /home/shahid/caravel_user_project/openlane/counter/runs/counter/results/klayout/counter.xor.xml ..
Total elapsed: 10.340s  Memory: 623.00M
