
===========================================================================
report_checks -unconstrained
============================================================================
Startpoint: rst_n (input port clocked by clk)
Endpoint: _46_ (recovery check against rising-edge clock clk)
Path Group: **async_default**
Path Type: max

Fanout     Cap    Slew   Delay    Time   Description
-----------------------------------------------------------------------------
                  0.15    0.00    0.00   clock clk (rise edge)
                          0.00    0.00   clock network delay (ideal)
                         20.00   20.00 ^ input external delay
                  0.08    0.06   20.06 ^ rst_n (in)
     4    0.02                           rst_n (net)
                  0.08    0.00   20.06 ^ _46_/RESET_B (sky130_fd_sc_hd__dfrtp_2)
                                 20.06   data arrival time

                  0.15  100.00  100.00   clock clk (rise edge)
                          0.00  100.00   clock network delay (ideal)
                         -0.25   99.75   clock uncertainty
                          0.00   99.75   clock reconvergence pessimism
                                 99.75 ^ _46_/CLK (sky130_fd_sc_hd__dfrtp_2)
                          0.24   99.99   library recovery time
                                 99.99   data required time
-----------------------------------------------------------------------------
                                 99.99   data required time
                                -20.06   data arrival time
-----------------------------------------------------------------------------
                                 79.93   slack (MET)


Startpoint: dn (input port clocked by clk)
Endpoint: _49_ (rising edge-triggered flip-flop clocked by clk)
Path Group: clk
Path Type: max

Fanout     Cap    Slew   Delay    Time   Description
-----------------------------------------------------------------------------
                  0.15    0.00    0.00   clock clk (rise edge)
                          0.00    0.00   clock network delay (ideal)
                         20.00   20.00 ^ input external delay
                  0.05    0.04   20.04 ^ dn (in)
     3    0.01                           dn (net)
                  0.05    0.00   20.04 ^ _29_/A (sky130_fd_sc_hd__inv_2)
                  0.02    0.03   20.07 v _29_/Y (sky130_fd_sc_hd__inv_2)
     2    0.00                           _14_ (net)
                  0.02    0.00   20.08 v _33_/A (sky130_fd_sc_hd__buf_1)
                  0.07    0.12   20.19 v _33_/X (sky130_fd_sc_hd__buf_1)
     5    0.01                           _17_ (net)
                  0.07    0.00   20.20 v _34_/A2 (sky130_fd_sc_hd__o22a_2)
                  0.07    0.26   20.46 v _34_/X (sky130_fd_sc_hd__o22a_2)
     3    0.01                           _18_ (net)
                  0.07    0.00   20.46 v _38_/B1 (sky130_fd_sc_hd__o22a_2)
                  0.06    0.24   20.70 v _38_/X (sky130_fd_sc_hd__o22a_2)
     2    0.01                           _21_ (net)
                  0.06    0.01   20.71 v _40_/A1_N (sky130_fd_sc_hd__o2bb2ai_2)
                  0.03    0.12   20.83 v _40_/Y (sky130_fd_sc_hd__o2bb2ai_2)
     1    0.00                           _03_ (net)
                  0.03    0.00   20.83 v _44_/A0 (sky130_fd_sc_hd__mux2_1)
                  0.05    0.28   21.11 v _44_/X (sky130_fd_sc_hd__mux2_1)
     1    0.00                           _07_ (net)
                  0.06    0.00   21.12 v _41_/B2 (sky130_fd_sc_hd__o22a_2)
                  0.03    0.18   21.30 v _41_/X (sky130_fd_sc_hd__o22a_2)
     1    0.00                           _11_ (net)
                  0.04    0.00   21.30 v _49_/D (sky130_fd_sc_hd__dfrtp_2)
                                 21.30   data arrival time

                  0.15  100.00  100.00   clock clk (rise edge)
                          0.00  100.00   clock network delay (ideal)
                         -0.25   99.75   clock uncertainty
                          0.00   99.75   clock reconvergence pessimism
                                 99.75 ^ _49_/CLK (sky130_fd_sc_hd__dfrtp_2)
                         -0.09   99.66   library setup time
                                 99.66   data required time
-----------------------------------------------------------------------------
                                 99.66   data required time
                                -21.30   data arrival time
-----------------------------------------------------------------------------
                                 78.36   slack (MET)



===========================================================================
report_checks --slack_max -0.01
============================================================================
No paths found.
