
30. Printing statistics.

=== counter ===

   Number of wires:                 30
   Number of wire bits:             36
   Number of public wires:           7
   Number of public wire bits:      13
   Number of memories:               0
   Number of memory bits:            0
   Number of processes:              0
   Number of cells:                 27
     sky130_fd_sc_hd__a22o_2         1
     sky130_fd_sc_hd__a2bb2o_2       1
     sky130_fd_sc_hd__a2bb2oi_2      1
     sky130_fd_sc_hd__buf_1          1
     sky130_fd_sc_hd__dfrtp_2        4
     sky130_fd_sc_hd__inv_2          6
     sky130_fd_sc_hd__mux2_1         4
     sky130_fd_sc_hd__o22a_2         8
     sky130_fd_sc_hd__o2bb2ai_2      1

   Chip area for module '\counter': 307.795200

