
===========================================================================
report_checks -unconstrained
============================================================================
Startpoint: io_in[2] (input port clocked by wb_clk_i)
Endpoint: io_out[2] (output port clocked by wb_clk_i)
Path Group: wb_clk_i
Path Type: max

Fanout     Cap    Slew   Delay    Time   Description
-----------------------------------------------------------------------------
                  0.15    0.00    0.00   clock wb_clk_i (rise edge)
                          0.00    0.00   clock network delay (ideal)
                          2.00    2.00 v input external delay
                  0.01    0.01    2.01 v io_in[2] (in)
     1    0.00                           io_in[2] (net)
                  0.02    0.00    2.01 v _000_/A (sky130_fd_sc_hd__inv_2)
                  0.18    0.12    2.13 ^ _000_/Y (sky130_fd_sc_hd__inv_2)
     1    0.03                           io_out[2] (net)
                  0.18    0.00    2.13 ^ io_out[2] (out)
                                  2.13   data arrival time

                  0.15   10.00   10.00   clock wb_clk_i (rise edge)
                          0.00   10.00   clock network delay (ideal)
                         -0.25    9.75   clock uncertainty
                          0.00    9.75   clock reconvergence pessimism
                         -2.00    7.75   output external delay
                                  7.75   data required time
-----------------------------------------------------------------------------
                                  7.75   data required time
                                 -2.13   data arrival time
-----------------------------------------------------------------------------
                                  5.62   slack (MET)



===========================================================================
report_checks --slack_max -0.01
============================================================================
No paths found.
