
===========================================================================
report_checks -path_delay min (Hold)
============================================================================
Startpoint: _239_ (rising edge-triggered flip-flop)
Endpoint: io_out[4] (output port clocked by wb_clk_i)
Path Group: wb_clk_i
Path Type: min

Fanout     Cap    Slew   Delay    Time   Description
-----------------------------------------------------------------------------
                  0.22    0.00    0.00 ^ _239_/CLK (sky130_fd_sc_hd__dfxtp_1)
                  0.03    0.33    0.33 v _239_/Q (sky130_fd_sc_hd__dfxtp_1)
     1    0.00                           net10 (net)
                  0.03    0.00    0.33 v output10/A (sky130_fd_sc_hd__buf_2)
                  0.10    0.16    0.49 v output10/X (sky130_fd_sc_hd__buf_2)
     1    0.03                           io_out[4] (net)
                  0.10    0.01    0.50 v io_out[4] (out)
                                  0.50   data arrival time

                          0.00    0.00   clock wb_clk_i (rise edge)
                          0.00    0.00   clock network delay (propagated)
                          0.25    0.25   clock uncertainty
                          0.00    0.25   clock reconvergence pessimism
                         -2.00   -1.75   output external delay
                                 -1.75   data required time
-----------------------------------------------------------------------------
                                 -1.75   data required time
                                 -0.50   data arrival time
-----------------------------------------------------------------------------
                                  2.25   slack (MET)


Startpoint: _238_ (rising edge-triggered flip-flop)
Endpoint: io_out[5] (output port clocked by wb_clk_i)
Path Group: wb_clk_i
Path Type: min

Fanout     Cap    Slew   Delay    Time   Description
-----------------------------------------------------------------------------
                  0.22    0.00    0.00 ^ _238_/CLK (sky130_fd_sc_hd__dfxtp_1)
                  0.04    0.34    0.34 v _238_/Q (sky130_fd_sc_hd__dfxtp_1)
     1    0.01                           net11 (net)
                  0.04    0.00    0.34 v output11/A (sky130_fd_sc_hd__buf_2)
                  0.10    0.16    0.51 v output11/X (sky130_fd_sc_hd__buf_2)
     1    0.03                           io_out[5] (net)
                  0.11    0.02    0.53 v io_out[5] (out)
                                  0.53   data arrival time

                          0.00    0.00   clock wb_clk_i (rise edge)
                          0.00    0.00   clock network delay (propagated)
                          0.25    0.25   clock uncertainty
                          0.00    0.25   clock reconvergence pessimism
                         -2.00   -1.75   output external delay
                                 -1.75   data required time
-----------------------------------------------------------------------------
                                 -1.75   data required time
                                 -0.53   data arrival time
-----------------------------------------------------------------------------
                                  2.28   slack (MET)


Startpoint: io_in[3] (input port clocked by wb_clk_i)
Endpoint: io_out[3] (output port clocked by wb_clk_i)
Path Group: wb_clk_i
Path Type: min

Fanout     Cap    Slew   Delay    Time   Description
-----------------------------------------------------------------------------
                          0.00    0.00   clock wb_clk_i (rise edge)
                          0.00    0.00   clock network delay (propagated)
                          2.00    2.00 ^ input external delay
                  0.04    0.02    2.02 ^ io_in[3] (in)
     1    0.01                           io_in[3] (net)
                  0.04    0.00    2.02 ^ input4/A (sky130_fd_sc_hd__clkbuf_1)
                  0.10    0.11    2.13 ^ input4/X (sky130_fd_sc_hd__clkbuf_1)
     1    0.01                           net4 (net)
                  0.10    0.00    2.14 ^ _003_/A (sky130_fd_sc_hd__inv_2)
                  0.03    0.04    2.17 v _003_/Y (sky130_fd_sc_hd__inv_2)
     1    0.00                           net9 (net)
                  0.03    0.00    2.17 v output9/A (sky130_fd_sc_hd__buf_2)
                  0.10    0.16    2.33 v output9/X (sky130_fd_sc_hd__buf_2)
     1    0.03                           io_out[3] (net)
                  0.10    0.02    2.35 v io_out[3] (out)
                                  2.35   data arrival time

                          0.00    0.00   clock wb_clk_i (rise edge)
                          0.00    0.00   clock network delay (propagated)
                          0.25    0.25   clock uncertainty
                          0.00    0.25   clock reconvergence pessimism
                         -2.00   -1.75   output external delay
                                 -1.75   data required time
-----------------------------------------------------------------------------
                                 -1.75   data required time
                                 -2.35   data arrival time
-----------------------------------------------------------------------------
                                  4.10   slack (MET)


Startpoint: io_in[2] (input port clocked by wb_clk_i)
Endpoint: io_out[2] (output port clocked by wb_clk_i)
Path Group: wb_clk_i
Path Type: min

Fanout     Cap    Slew   Delay    Time   Description
-----------------------------------------------------------------------------
                          0.00    0.00   clock wb_clk_i (rise edge)
                          0.00    0.00   clock network delay (propagated)
                          2.00    2.00 ^ input external delay
                  0.04    0.02    2.02 ^ io_in[2] (in)
     1    0.01                           io_in[2] (net)
                  0.04    0.00    2.02 ^ input3/A (sky130_fd_sc_hd__clkbuf_1)
                  0.10    0.11    2.13 ^ input3/X (sky130_fd_sc_hd__clkbuf_1)
     1    0.01                           net3 (net)
                  0.10    0.00    2.13 ^ _000_/A (sky130_fd_sc_hd__inv_2)
                  0.03    0.04    2.17 v _000_/Y (sky130_fd_sc_hd__inv_2)
     1    0.00                           net8 (net)
                  0.03    0.00    2.17 v output8/A (sky130_fd_sc_hd__buf_2)
                  0.10    0.16    2.33 v output8/X (sky130_fd_sc_hd__buf_2)
     1    0.03                           io_out[2] (net)
                  0.10    0.01    2.35 v io_out[2] (out)
                                  2.35   data arrival time

                          0.00    0.00   clock wb_clk_i (rise edge)
                          0.00    0.00   clock network delay (propagated)
                          0.25    0.25   clock uncertainty
                          0.00    0.25   clock reconvergence pessimism
                         -2.00   -1.75   output external delay
                                 -1.75   data required time
-----------------------------------------------------------------------------
                                 -1.75   data required time
                                 -2.35   data arrival time
-----------------------------------------------------------------------------
                                  4.10   slack (MET)


Startpoint: io_in[1] (input port clocked by wb_clk_i)
Endpoint: io_out[1] (output port clocked by wb_clk_i)
Path Group: wb_clk_i
Path Type: min

Fanout     Cap    Slew   Delay    Time   Description
-----------------------------------------------------------------------------
                          0.00    0.00   clock wb_clk_i (rise edge)
                          0.00    0.00   clock network delay (propagated)
                          2.00    2.00 ^ input external delay
                  0.04    0.03    2.03 ^ io_in[1] (in)
     1    0.01                           io_in[1] (net)
                  0.04    0.00    2.03 ^ input2/A (sky130_fd_sc_hd__clkbuf_2)
                  0.11    0.14    2.17 ^ input2/X (sky130_fd_sc_hd__clkbuf_2)
     2    0.02                           net2 (net)
                  0.12    0.01    2.18 ^ _001_/A (sky130_fd_sc_hd__inv_2)
                  0.03    0.03    2.21 v _001_/Y (sky130_fd_sc_hd__inv_2)
     1    0.00                           net7 (net)
                  0.03    0.00    2.21 v output7/A (sky130_fd_sc_hd__buf_2)
                  0.10    0.16    2.37 v output7/X (sky130_fd_sc_hd__buf_2)
     1    0.03                           io_out[1] (net)
                  0.10    0.01    2.38 v io_out[1] (out)
                                  2.38   data arrival time

                          0.00    0.00   clock wb_clk_i (rise edge)
                          0.00    0.00   clock network delay (propagated)
                          0.25    0.25   clock uncertainty
                          0.00    0.25   clock reconvergence pessimism
                         -2.00   -1.75   output external delay
                                 -1.75   data required time
-----------------------------------------------------------------------------
                                 -1.75   data required time
                                 -2.38   data arrival time
-----------------------------------------------------------------------------
                                  4.13   slack (MET)


