
===========================================================================
report_checks -path_delay max (Setup)
============================================================================
Startpoint: io_in[0] (input port clocked by wb_clk_i)
Endpoint: io_out[0] (output port clocked by wb_clk_i)
Path Group: wb_clk_i
Path Type: max

Fanout     Cap    Slew   Delay    Time   Description
-----------------------------------------------------------------------------
                          0.00    0.00   clock wb_clk_i (rise edge)
                          0.00    0.00   clock network delay (propagated)
                          2.00    2.00 v input external delay
                  0.02    0.02    2.02 v io_in[0] (in)
     2    0.01                           io_in[0] (net)
                  0.02    0.00    2.02 v input1/A (sky130_fd_sc_hd__clkbuf_2)
                  0.10    0.16    2.17 v input1/X (sky130_fd_sc_hd__clkbuf_2)
     4    0.03                           net1 (net)
                  0.10    0.01    2.18 v _002_/A (sky130_fd_sc_hd__inv_2)
                  0.04    0.06    2.24 ^ _002_/Y (sky130_fd_sc_hd__inv_2)
     1    0.00                           net6 (net)
                  0.04    0.00    2.25 ^ output6/A (sky130_fd_sc_hd__buf_2)
                  0.20    0.21    2.45 ^ output6/X (sky130_fd_sc_hd__buf_2)
     1    0.03                           io_out[0] (net)
                  0.20    0.02    2.47 ^ io_out[0] (out)
                                  2.47   data arrival time

                         10.00   10.00   clock wb_clk_i (rise edge)
                          0.00   10.00   clock network delay (propagated)
                         -0.25    9.75   clock uncertainty
                          0.00    9.75   clock reconvergence pessimism
                         -2.00    7.75   output external delay
                                  7.75   data required time
-----------------------------------------------------------------------------
                                  7.75   data required time
                                 -2.47   data arrival time
-----------------------------------------------------------------------------
                                  5.28   slack (MET)


Startpoint: io_in[1] (input port clocked by wb_clk_i)
Endpoint: io_out[1] (output port clocked by wb_clk_i)
Path Group: wb_clk_i
Path Type: max

Fanout     Cap    Slew   Delay    Time   Description
-----------------------------------------------------------------------------
                          0.00    0.00   clock wb_clk_i (rise edge)
                          0.00    0.00   clock network delay (propagated)
                          2.00    2.00 v input external delay
                  0.02    0.02    2.02 v io_in[1] (in)
     2    0.01                           io_in[1] (net)
                  0.02    0.00    2.02 v input2/A (sky130_fd_sc_hd__clkbuf_2)
                  0.08    0.14    2.16 v input2/X (sky130_fd_sc_hd__clkbuf_2)
     2    0.02                           net2 (net)
                  0.08    0.01    2.16 v _001_/A (sky130_fd_sc_hd__inv_2)
                  0.03    0.05    2.22 ^ _001_/Y (sky130_fd_sc_hd__inv_2)
     1    0.00                           net7 (net)
                  0.03    0.00    2.22 ^ output7/A (sky130_fd_sc_hd__buf_2)
                  0.19    0.21    2.43 ^ output7/X (sky130_fd_sc_hd__buf_2)
     1    0.03                           io_out[1] (net)
                  0.19    0.01    2.44 ^ io_out[1] (out)
                                  2.44   data arrival time

                         10.00   10.00   clock wb_clk_i (rise edge)
                          0.00   10.00   clock network delay (propagated)
                         -0.25    9.75   clock uncertainty
                          0.00    9.75   clock reconvergence pessimism
                         -2.00    7.75   output external delay
                                  7.75   data required time
-----------------------------------------------------------------------------
                                  7.75   data required time
                                 -2.44   data arrival time
-----------------------------------------------------------------------------
                                  5.31   slack (MET)


Startpoint: io_in[3] (input port clocked by wb_clk_i)
Endpoint: io_out[3] (output port clocked by wb_clk_i)
Path Group: wb_clk_i
Path Type: max

Fanout     Cap    Slew   Delay    Time   Description
-----------------------------------------------------------------------------
                          0.00    0.00   clock wb_clk_i (rise edge)
                          0.00    0.00   clock network delay (propagated)
                          2.00    2.00 ^ input external delay
                  0.05    0.03    2.03 ^ io_in[3] (in)
     2    0.01                           io_in[3] (net)
                  0.05    0.00    2.03 ^ input4/A (sky130_fd_sc_hd__clkbuf_1)
                  0.10    0.12    2.16 ^ input4/X (sky130_fd_sc_hd__clkbuf_1)
     1    0.01                           net4 (net)
                  0.10    0.00    2.16 ^ _003_/A (sky130_fd_sc_hd__inv_2)
                  0.03    0.04    2.20 v _003_/Y (sky130_fd_sc_hd__inv_2)
     1    0.00                           net9 (net)
                  0.03    0.00    2.20 v output9/A (sky130_fd_sc_hd__buf_2)
                  0.10    0.17    2.38 v output9/X (sky130_fd_sc_hd__buf_2)
     1    0.03                           io_out[3] (net)
                  0.10    0.02    2.39 v io_out[3] (out)
                                  2.39   data arrival time

                         10.00   10.00   clock wb_clk_i (rise edge)
                          0.00   10.00   clock network delay (propagated)
                         -0.25    9.75   clock uncertainty
                          0.00    9.75   clock reconvergence pessimism
                         -2.00    7.75   output external delay
                                  7.75   data required time
-----------------------------------------------------------------------------
                                  7.75   data required time
                                 -2.39   data arrival time
-----------------------------------------------------------------------------
                                  5.36   slack (MET)


Startpoint: io_in[2] (input port clocked by wb_clk_i)
Endpoint: io_out[2] (output port clocked by wb_clk_i)
Path Group: wb_clk_i
Path Type: max

Fanout     Cap    Slew   Delay    Time   Description
-----------------------------------------------------------------------------
                          0.00    0.00   clock wb_clk_i (rise edge)
                          0.00    0.00   clock network delay (propagated)
                          2.00    2.00 v input external delay
                  0.02    0.01    2.01 v io_in[2] (in)
     2    0.01                           io_in[2] (net)
                  0.02    0.00    2.01 v input3/A (sky130_fd_sc_hd__clkbuf_1)
                  0.05    0.10    2.11 v input3/X (sky130_fd_sc_hd__clkbuf_1)
     1    0.01                           net3 (net)
                  0.05    0.00    2.12 v _000_/A (sky130_fd_sc_hd__inv_2)
                  0.03    0.05    2.17 ^ _000_/Y (sky130_fd_sc_hd__inv_2)
     1    0.00                           net8 (net)
                  0.03    0.00    2.17 ^ output8/A (sky130_fd_sc_hd__buf_2)
                  0.19    0.21    2.37 ^ output8/X (sky130_fd_sc_hd__buf_2)
     1    0.03                           io_out[2] (net)
                  0.19    0.02    2.39 ^ io_out[2] (out)
                                  2.39   data arrival time

                         10.00   10.00   clock wb_clk_i (rise edge)
                          0.00   10.00   clock network delay (propagated)
                         -0.25    9.75   clock uncertainty
                          0.00    9.75   clock reconvergence pessimism
                         -2.00    7.75   output external delay
                                  7.75   data required time
-----------------------------------------------------------------------------
                                  7.75   data required time
                                 -2.39   data arrival time
-----------------------------------------------------------------------------
                                  5.36   slack (MET)


Startpoint: _238_ (rising edge-triggered flip-flop)
Endpoint: io_out[5] (output port clocked by wb_clk_i)
Path Group: wb_clk_i
Path Type: max

Fanout     Cap    Slew   Delay    Time   Description
-----------------------------------------------------------------------------
                  0.22    0.00    0.00 ^ _238_/CLK (sky130_fd_sc_hd__dfxtp_1)
                  0.07    0.40    0.40 ^ _238_/Q (sky130_fd_sc_hd__dfxtp_1)
     1    0.01                           net11 (net)
                  0.07    0.00    0.40 ^ output11/A (sky130_fd_sc_hd__buf_2)
                  0.20    0.22    0.62 ^ output11/X (sky130_fd_sc_hd__buf_2)
     1    0.03                           io_out[5] (net)
                  0.20    0.02    0.64 ^ io_out[5] (out)
                                  0.64   data arrival time

                         10.00   10.00   clock wb_clk_i (rise edge)
                          0.00   10.00   clock network delay (propagated)
                         -0.25    9.75   clock uncertainty
                          0.00    9.75   clock reconvergence pessimism
                         -2.00    7.75   output external delay
                                  7.75   data required time
-----------------------------------------------------------------------------
                                  7.75   data required time
                                 -0.64   data arrival time
-----------------------------------------------------------------------------
                                  7.11   slack (MET)


