
===========================================================================
report_checks -unconstrained
============================================================================
Startpoint: io_in[0] (input port clocked by wb_clk_i)
Endpoint: io_out[0] (output port clocked by wb_clk_i)
Path Group: wb_clk_i
Path Type: max

Fanout     Cap    Slew   Delay    Time   Description
-----------------------------------------------------------------------------
                          0.00    0.00   clock wb_clk_i (rise edge)
                          0.00    0.00   clock network delay (propagated)
                          2.00    2.00 v input external delay
                  0.02    0.02    2.02 v io_in[0] (in)
     2    0.01                           io_in[0] (net)
                  0.02    0.00    2.02 v input1/A (sky130_fd_sc_hd__clkbuf_2)
                  0.10    0.16    2.17 v input1/X (sky130_fd_sc_hd__clkbuf_2)
     4    0.03                           net1 (net)
                  0.10    0.01    2.18 v _002_/A (sky130_fd_sc_hd__inv_2)
                  0.04    0.06    2.24 ^ _002_/Y (sky130_fd_sc_hd__inv_2)
     1    0.00                           net6 (net)
                  0.04    0.00    2.25 ^ output6/A (sky130_fd_sc_hd__buf_2)
                  0.20    0.21    2.45 ^ output6/X (sky130_fd_sc_hd__buf_2)
     1    0.03                           io_out[0] (net)
                  0.20    0.02    2.47 ^ io_out[0] (out)
                                  2.47   data arrival time

                         10.00   10.00   clock wb_clk_i (rise edge)
                          0.00   10.00   clock network delay (propagated)
                         -0.25    9.75   clock uncertainty
                          0.00    9.75   clock reconvergence pessimism
                         -2.00    7.75   output external delay
                                  7.75   data required time
-----------------------------------------------------------------------------
                                  7.75   data required time
                                 -2.47   data arrival time
-----------------------------------------------------------------------------
                                  5.28   slack (MET)



===========================================================================
report_checks --slack_max -0.01
============================================================================
No paths found.
