OpenROAD b79f266fe41540eabc064bcaddfe19ed715ac5c2 
This program is licensed under the BSD-3 license. See the LICENSE file for details.
Components of this program may be licensed under more restrictive licenses which must be honored.
[INFO ODB-0222] Reading LEF file: /home/shahid/caravel_user_project/openlane/user_proj_dummy/runs/user_proj_dummy/tmp/merged.lef
[INFO ODB-0223]     Created 13 technology layers
[INFO ODB-0224]     Created 25 technology vias
[INFO ODB-0225]     Created 441 library cells
[INFO ODB-0226] Finished LEF file:  /home/shahid/caravel_user_project/openlane/user_proj_dummy/runs/user_proj_dummy/tmp/merged.lef
[INFO ODB-0127] Reading DEF file: /home/shahid/caravel_user_project/openlane/user_proj_dummy/runs/user_proj_dummy/tmp/floorplan/3-init_floorplan_openroad.def
[INFO ODB-0128] Design: user_proj_dummy
[INFO ODB-0130]     Created 608 pins.
[INFO ODB-0131]     Created 240 components and 1442 component-terminals.
[INFO ODB-0133]     Created 608 nets and 248 connections.
[INFO ODB-0134] Finished DEF file: /home/shahid/caravel_user_project/openlane/user_proj_dummy/runs/user_proj_dummy/tmp/floorplan/3-init_floorplan_openroad.def
Top-level design name: user_proj_dummy
Warning: Some pins weren't matched by the config file
Those are: ['user_clock2']
Assigning random sides to the above pins
Block boundaries: 0 0 900000 600000
Writing /home/shahid/caravel_user_project/openlane/user_proj_dummy/runs/user_proj_dummy/tmp/floorplan/4-ioPlacer.def...
