0-prep 0h0m3s474ms
1-opensta 0h0m1s125ms
1-yosys 0h0m0s308ms
3-yosys 0h0m0s322ms
4-init_floorplan_openroad 0h0m1s190ms
8-pdn 0h0m1s241ms
10-pdn 0h0m1s217ms
12-pdn 0h0m1s236ms
14-pdn 0h0m1s279ms
15-replace 0h0m0s927ms
16-opendp 0h0m1s328ms
17-resizer_timing_optimization 0h0m3s298ms
18-write_verilog 0h0m0s895ms
19-opendp 0h0m1s161ms
20-fastroute 0h0m2s279ms
21-addspacers 0h0m0s60ms
22-write_verilog 0h0m0s931ms
23-tritonRoute 0h0m44s466ms
24-spef_extraction 0h0m1s264ms
24-spef_extraction_sta 0h0m1s283ms
26-spef_extraction 0h0m1s313ms
27-spef_extraction_multi_corner_sta 0h0m2s173ms
27-spef_extraction 0h0m1s728ms
30-write_verilog 0h0m0s918ms
34-magic_gen 0h0m3s395ms
35-klayout 0h0m1s192ms
37-klayout_xor 0h0m13s163ms
38-magic_ext_spice 0h0m7s728ms
39-lvs 0h0m0s77ms