
Magic 8.3 revision 209 - Compiled on Thu Oct 21 08:30:54 UTC 2021.
Starting magic under Tcl interpreter
Using the terminal as the console.
Using NULL graphics device.
Processing system .magicrc file
Sourcing design .magicrc for technology sky130A ...
2 Magic internal units = 1 Lambda
Input style sky130(vendor): scaleFactor=2, multiplier=2
Scaled tech values by 2 / 1 to match internal grid scaling
Loading sky130A Device Generator Menu ...
Loading "/home/shahid/caravel_user_project/openlane/user_project_wrapper/runs/user_project_wrapper/tmp/magic_spice.tcl" from command line.
Reading LEF data from file /home/shahid/OSPDKs/sky130A/libs.ref/sky130_fd_sc_hd/techlef/sky130_fd_sc_hd.tlef.
This action cannot be undone.
LEF read, Line 77 (Message): Unknown keyword "ANTENNAMODEL" in LEF file; ignoring.
LEF read, Line 78 (Message): Unknown keyword "ANTENNADIFFSIDEAREARATIO" in LEF file; ignoring.
LEF read, Line 110 (Message): Unknown keyword "MINENCLOSEDAREA" in LEF file; ignoring.
LEF read, Line 112 (Message): Unknown keyword "ANTENNAMODEL" in LEF file; ignoring.
LEF read, Line 113 (Message): Unknown keyword "ANTENNADIFFSIDEAREARATIO" in LEF file; ignoring.
LEF read, Line 119 (Message): Unknown keyword "MAXIMUMDENSITY" in LEF file; ignoring.
LEF read, Line 120 (Message): Unknown keyword "DENSITYCHECKWINDOW" in LEF file; ignoring.
LEF read, Line 121 (Message): Unknown keyword "DENSITYCHECKSTEP" in LEF file; ignoring.
LEF read, Line 153 (Message): Unknown keyword "MINENCLOSEDAREA" in LEF file; ignoring.
LEF read, Line 161 (Message): Unknown keyword "ANTENNAMODEL" in LEF file; ignoring.
LEF read, Line 162 (Message): Unknown keyword "ANTENNADIFFSIDEAREARATIO" in LEF file; ignoring.
LEF read, Line 164 (Message): Unknown keyword "MAXIMUMDENSITY" in LEF file; ignoring.
LEF read, Line 165 (Message): Unknown keyword "DENSITYCHECKWINDOW" in LEF file; ignoring.
LEF read, Line 166 (Message): Unknown keyword "DENSITYCHECKSTEP" in LEF file; ignoring.
LEF read, Line 202 (Message): Unknown keyword "ANTENNAMODEL" in LEF file; ignoring.
LEF read, Line 203 (Message): Unknown keyword "ANTENNADIFFSIDEAREARATIO" in LEF file; ignoring.
LEF read, Line 205 (Message): Unknown keyword "MAXIMUMDENSITY" in LEF file; ignoring.
LEF read, Line 206 (Message): Unknown keyword "DENSITYCHECKWINDOW" in LEF file; ignoring.
LEF read, Line 207 (Message): Unknown keyword "DENSITYCHECKSTEP" in LEF file; ignoring.
LEF read, Line 243 (Message): Unknown keyword "ANTENNAMODEL" in LEF file; ignoring.
LEF read, Line 244 (Message): Unknown keyword "ANTENNADIFFSIDEAREARATIO" in LEF file; ignoring.
LEF read, Line 246 (Message): Unknown keyword "MAXIMUMDENSITY" in LEF file; ignoring.
LEF read, Line 247 (Message): Unknown keyword "DENSITYCHECKWINDOW" in LEF file; ignoring.
LEF read, Line 248 (Message): Unknown keyword "DENSITYCHECKSTEP" in LEF file; ignoring.
LEF read, Line 284 (Message): Unknown keyword "ANTENNAMODEL" in LEF file; ignoring.
LEF read, Line 285 (Message): Unknown keyword "ANTENNADIFFSIDEAREARATIO" in LEF file; ignoring.
LEF read: Processed 791 lines.
Reading LEF data from file /home/shahid/caravel_user_project/openlane/user_project_wrapper/../../lef/user_proj_example.lef.
This action cannot be undone.
LEF read: Processed 5546 lines.
Reading LEF data from file /home/shahid/caravel_user_project/openlane/user_project_wrapper/../../lef/counter.lef.
This action cannot be undone.
LEF read: Processed 217 lines.
Reading DEF data from file /home/shahid/caravel_user_project/openlane/user_project_wrapper/runs/user_project_wrapper/results/routing/22-user_project_wrapper.def.
This action cannot be undone.
  Processed 4 vias total.
  Processed 1 subcell instances total.
  Processed 645 pins total.
  Processed 8 special nets total.
  Processed 637 nets total.
DEF read: Processed 8451 lines.
Processing user_project_wrapper
Extracting counter into counter.ext:
Extracting user_project_wrapper into user_project_wrapper.ext:
Warning:  Ports "vssd2" and "vssd1" are electrically shorted.
Warning:  Ports "vssd2" and "vssd1" are electrically shorted.
Warning:  Ports "vssd2" and "vssd1" are electrically shorted.
Warning:  Ports "vssd2" and "vssd1" are electrically shorted.
Warning:  Ports "vssd2" and "vssd1" are electrically shorted.
Warning:  Ports "vssd2" and "vssd1" are electrically shorted.
Warning:  Ports "vssd2" and "vssd1" are electrically shorted.
Warning:  Ports "vssd2" and "vssd1" are electrically shorted.
Warning:  Ports "vssd2" and "vssd1" are electrically shorted.
Warning:  Ports "vssd2" and "vssd1" are electrically shorted.
Warning:  Ports "vssd2" and "vssd1" are electrically shorted.
Warning:  Ports "vssd2" and "vssd1" are electrically shorted.
Warning:  Ports "vssd2" and "vssd1" are electrically shorted.
Warning:  Ports "vssd2" and "vssd1" are electrically shorted.
Warning:  Ports "vssd2" and "vssd1" are electrically shorted.
Warning:  Ports "vssd2" and "vssd1" are electrically shorted.
Warning:  Ports "vssd2" and "vssd1" are electrically shorted.
Warning:  Ports "vssd2" and "vssd1" are electrically shorted.
Warning:  Ports "vssd2" and "vssd1" are electrically shorted.
Warning:  Ports "vssd2" and "vssd1" are electrically shorted.
Warning:  Ports "vssd2" and "vssd1" are electrically shorted.
Warning:  Ports "vssd2" and "vssd1" are electrically shorted.
Warning:  Ports "vssd2" and "vssd1" are electrically shorted.
Warning:  Ports "vssd2" and "vssd1" are electrically shorted.
Warning:  Ports "vssd2" and "vssd1" are electrically shorted.
Warning:  Ports "vssd2" and "vssd1" are electrically shorted.
Warning:  Ports "vssd2" and "vssd1" are electrically shorted.
Warning:  Ports "vssd2" and "vssd1" are electrically shorted.
Warning:  Ports "vssd2" and "vssd1" are electrically shorted.
Warning:  Ports "vssd2" and "vssd1" are electrically shorted.
Warning:  Ports "vssd2" and "vssd1" are electrically shorted.
Warning:  Ports "vssd2" and "vssd1" are electrically shorted.
Warning:  Ports "vssd2" and "vssd1" are electrically shorted.
Warning:  Ports "vssd2" and "vssd1" are electrically shorted.
Warning:  Ports "vssd2" and "vssd1" are electrically shorted.
Warning:  Ports "vssd2" and "vssd1" are electrically shorted.
Warning:  Ports "vssd2" and "vssd1" are electrically shorted.
Warning:  Ports "vssd2" and "vssd1" are electrically shorted.
Warning:  Ports "vssd2" and "vssd1" are electrically shorted.
Warning:  Ports "vssd2" and "vssd1" are electrically shorted.
exttospice finished.
Using technology "sky130A", version 1.0.264-0-g27ecf1c
