OpenROAD b79f266fe41540eabc064bcaddfe19ed715ac5c2 
This program is licensed under the BSD-3 license. See the LICENSE file for details.
Components of this program may be licensed under more restrictive licenses which must be honored.
[INFO ODB-0222] Reading LEF file: /home/shahid/caravel_user_project/openlane/counter/runs/counter/tmp/merged_unpadded.lef
[INFO ODB-0223]     Created 13 technology layers
[INFO ODB-0224]     Created 25 technology vias
[INFO ODB-0225]     Created 441 library cells
[INFO ODB-0226] Finished LEF file:  /home/shahid/caravel_user_project/openlane/counter/runs/counter/tmp/merged_unpadded.lef
[INFO ODB-0127] Reading DEF file: /home/shahid/caravel_user_project/openlane/counter/runs/counter/tmp/floorplan/4-ioPlacer.def
[INFO ODB-0128] Design: counter
[INFO ODB-0130]     Created 13 pins.
[INFO ODB-0131]     Created 27 components and 214 component-terminals.
[INFO ODB-0133]     Created 36 nets and 106 connections.
[INFO ODB-0134] Finished DEF file: /home/shahid/caravel_user_project/openlane/counter/runs/counter/tmp/floorplan/4-ioPlacer.def
[WARNING TAP-0014] endcap_cpp option is deprecated.
[INFO TAP-0001] Found 0 macro blocks.
[INFO TAP-0002] Original rows: 212
[INFO TAP-0003] Created 0 rows for a total of 212 rows.
[INFO TAP-0004] Inserted 424 endcaps.
[INFO TAP-0005] Inserted 4815 tapcells.
