OpenROAD b79f266fe41540eabc064bcaddfe19ed715ac5c2 
This program is licensed under the BSD-3 license. See the LICENSE file for details.
Components of this program may be licensed under more restrictive licenses which must be honored.
[INFO ODB-0222] Reading LEF file: /home/shahid/caravel_user_project/openlane/counter/runs/counter/tmp/merged_unpadded.lef
[INFO ODB-0223]     Created 13 technology layers
[INFO ODB-0224]     Created 25 technology vias
[INFO ODB-0225]     Created 441 library cells
[INFO ODB-0226] Finished LEF file:  /home/shahid/caravel_user_project/openlane/counter/runs/counter/tmp/merged_unpadded.lef
[INFO ODB-0127] Reading DEF file: /home/shahid/caravel_user_project/openlane/counter/runs/counter/results/placement/counter.placement.def
[INFO ODB-0128] Design: counter
[INFO ODB-0130]     Created 15 pins.
[INFO ODB-0131]     Created 5278 components and 11612 component-terminals.
[INFO ODB-0132]     Created 2 special nets and 11482 connections.
[INFO ODB-0133]     Created 48 nets and 130 connections.
[INFO ODB-0134] Finished DEF file: /home/shahid/caravel_user_project/openlane/counter/runs/counter/results/placement/counter.placement.def
###############################################################################
# Created by write_sdc
# Wed Jun 15 10:47:43 2022
###############################################################################
current_design counter
###############################################################################
# Timing Constraints
###############################################################################
create_clock -name clk -period 100.0000 [get_ports {clk}]
set_clock_transition 0.1500 [get_clocks {clk}]
set_clock_uncertainty 0.2500 clk
set_input_delay 20.0000 -clock [get_clocks {clk}] -add_delay [get_ports {data[0]}]
set_input_delay 20.0000 -clock [get_clocks {clk}] -add_delay [get_ports {data[1]}]
set_input_delay 20.0000 -clock [get_clocks {clk}] -add_delay [get_ports {data[2]}]
set_input_delay 20.0000 -clock [get_clocks {clk}] -add_delay [get_ports {data[3]}]
set_input_delay 20.0000 -clock [get_clocks {clk}] -add_delay [get_ports {dn}]
set_input_delay 20.0000 -clock [get_clocks {clk}] -add_delay [get_ports {en}]
set_input_delay 20.0000 -clock [get_clocks {clk}] -add_delay [get_ports {load}]
set_input_delay 20.0000 -clock [get_clocks {clk}] -add_delay [get_ports {rst_n}]
set_output_delay 20.0000 -clock [get_clocks {clk}] -add_delay [get_ports {count[0]}]
set_output_delay 20.0000 -clock [get_clocks {clk}] -add_delay [get_ports {count[1]}]
set_output_delay 20.0000 -clock [get_clocks {clk}] -add_delay [get_ports {count[2]}]
set_output_delay 20.0000 -clock [get_clocks {clk}] -add_delay [get_ports {count[3]}]
###############################################################################
# Environment
###############################################################################
set_load -pin_load 0.0334 [get_ports {count[3]}]
set_load -pin_load 0.0334 [get_ports {count[2]}]
set_load -pin_load 0.0334 [get_ports {count[1]}]
set_load -pin_load 0.0334 [get_ports {count[0]}]
set_driving_cell -lib_cell sky130_fd_sc_hd__inv_2 -pin {Y} -input_transition_rise 0.0000 -input_transition_fall 0.0000 [get_ports {clk}]
set_driving_cell -lib_cell sky130_fd_sc_hd__inv_2 -pin {Y} -input_transition_rise 0.0000 -input_transition_fall 0.0000 [get_ports {dn}]
set_driving_cell -lib_cell sky130_fd_sc_hd__inv_2 -pin {Y} -input_transition_rise 0.0000 -input_transition_fall 0.0000 [get_ports {en}]
set_driving_cell -lib_cell sky130_fd_sc_hd__inv_2 -pin {Y} -input_transition_rise 0.0000 -input_transition_fall 0.0000 [get_ports {load}]
set_driving_cell -lib_cell sky130_fd_sc_hd__inv_2 -pin {Y} -input_transition_rise 0.0000 -input_transition_fall 0.0000 [get_ports {rst_n}]
set_driving_cell -lib_cell sky130_fd_sc_hd__inv_2 -pin {Y} -input_transition_rise 0.0000 -input_transition_fall 0.0000 [get_ports {data[3]}]
set_driving_cell -lib_cell sky130_fd_sc_hd__inv_2 -pin {Y} -input_transition_rise 0.0000 -input_transition_fall 0.0000 [get_ports {data[2]}]
set_driving_cell -lib_cell sky130_fd_sc_hd__inv_2 -pin {Y} -input_transition_rise 0.0000 -input_transition_fall 0.0000 [get_ports {data[1]}]
set_driving_cell -lib_cell sky130_fd_sc_hd__inv_2 -pin {Y} -input_transition_rise 0.0000 -input_transition_fall 0.0000 [get_ports {data[0]}]
set_timing_derate -early 0.9500
set_timing_derate -late 1.0500
###############################################################################
# Design Rules
###############################################################################
set_max_fanout 5.0000 [current_design]
[INFO]: Setting RC values...
[INFO]: Configuring cts characterization...
[INFO]: Performing clock tree synthesis...
[INFO]: Looking for the following net(s): clk
[INFO]: Running Clock Tree Synthesis...
[INFO CTS-0038] Number of created patterns = 50000.
[INFO CTS-0038] Number of created patterns = 100000.
[INFO CTS-0039] Number of created patterns = 137808.
[INFO CTS-0084] Compiling LUT.
Min. len    Max. len    Min. cap    Max. cap    Min. slew   Max. slew
2           8           1           36          1           150         
[WARNING CTS-0043] 4752 wires are pure wire and no slew degradation.
TritonCTS forced slew degradation on these wires.
[INFO CTS-0046]     Number of wire segments: 136611.
[INFO CTS-0047]     Number of keys in characterization LUT: 1923.
[INFO CTS-0048]     Actual min input cap: 1.
[INFO CTS-0001] Running TritonCTS with user-specified clock roots: clk.
[INFO CTS-0095] Net "clk" found.
[INFO CTS-0010]  Clock net "clk" has 4 sinks.
[INFO CTS-0008] TritonCTS found 1 clock nets.
[INFO CTS-0097] Characterization used 3 buffer(s) types.
[INFO CTS-0027] Generating H-Tree topology for net clk.
[INFO CTS-0028]  Total number of sinks: 4.
[INFO CTS-0029]  Sinks will be clustered in groups of up to 25 and with maximum cluster diameter of 50.0 um.
[INFO CTS-0030]  Number of static layers: 0.
[INFO CTS-0020]  Wire segment unit: 13000  dbu (13 um).
[INFO CTS-0023]  Original sink region: [(334225, 289620), (358605, 322260)].
[INFO CTS-0024]  Normalized sink region: [(25.7096, 22.2785), (27.585, 24.7892)].
[INFO CTS-0025]     Width:  1.8754.
[INFO CTS-0026]     Height: 2.5108.
[WARNING CTS-0045] Creating fake entries in the LUT.
 Level 1
    Direction: Vertical
    Sinks per sub-region: 2
    Sub-region size: 1.8754 X 1.2554
[INFO CTS-0034]     Segment length (rounded): 1.
    Key: 136701 outSlew: 7 load: 1 length: 1 isBuffered: true
[INFO CTS-0032]  Stop criterion found. Max number of sinks is 15.
[INFO CTS-0035]  Number of sinks covered: 4.
[INFO CTS-0036]  Average source sink dist: 15357.00 dbu.
[INFO CTS-0037]  Number of outlier sinks: 0.
[INFO CTS-0018]     Created 3 clock buffers.
[INFO CTS-0012]     Minimum number of buffers in the clock path: 2.
[INFO CTS-0013]     Maximum number of buffers in the clock path: 2.
[INFO CTS-0015]     Created 3 clock nets.
[INFO CTS-0016]     Fanout distribution for the current clock = 2:2..
[INFO CTS-0017]     Max level of the clock tree: 1.
[INFO CTS-0098] Clock net "clk"
[INFO CTS-0099]  Sinks 4
[INFO CTS-0100]  Leaf buffers 0
[INFO CTS-0101]  Average sink wire length 293.0 um
[INFO CTS-0102]  Path depth 2 - 2
[INFO]: Repairing long wires on clock nets...
[INFO RSZ-0058] Using max wire length 2319um.
[INFO]: Legalizing...
Placement Analysis
---------------------------------
total displacement          5.6 u
average displacement        0.0 u
max displacement            3.6 u
original HPWL            7160.4 u
legalized HPWL           7192.9 u
delta HPWL                    0 %

[INFO DPL-0020] Mirrored 20 instances
[INFO DPL-0021] HPWL before            7192.9 u
[INFO DPL-0022] HPWL after             7129.0 u
[INFO DPL-0023] HPWL delta               -0.9 %
cts_report
[INFO CTS-0003] Total number of Clock Roots: 1.
[INFO CTS-0004] Total number of Buffers Inserted: 3.
[INFO CTS-0005] Total number of Clock Subnets: 3.
[INFO CTS-0006] Total number of Sinks: 4.
cts_report_end
min_report

===========================================================================
report_checks -path_delay min (Hold)
============================================================================
Startpoint: rst_n (input port clocked by clk)
Endpoint: _47_ (removal check against rising-edge clock clk)
Path Group: **async_default**
Path Type: min

Fanout     Cap    Slew   Delay    Time   Description
-----------------------------------------------------------------------------
                          0.00    0.00   clock clk (rise edge)
                          0.00    0.00   clock network delay (propagated)
                         20.00   20.00 ^ input external delay
                  0.03    0.02   20.02 ^ rst_n (in)
     1    0.01                           rst_n (net)
                  0.03    0.00   20.02 ^ input8/A (sky130_fd_sc_hd__buf_6)
                  0.17    0.17   20.19 ^ input8/X (sky130_fd_sc_hd__buf_6)
     4    0.08                           net8 (net)
                  0.17    0.02   20.21 ^ _47_/RESET_B (sky130_fd_sc_hd__dfrtp_4)
                                 20.21   data arrival time

                          0.00    0.00   clock clk (rise edge)
                          0.00    0.00   clock source latency
                  0.21    0.15    0.15 ^ clk (in)
     1    0.04                           clk (net)
                  0.21    0.00    0.15 ^ clkbuf_0_clk/A (sky130_fd_sc_hd__clkbuf_16)
                  0.03    0.18    0.33 ^ clkbuf_0_clk/X (sky130_fd_sc_hd__clkbuf_16)
     2    0.01                           clknet_0_clk (net)
                  0.03    0.00    0.33 ^ clkbuf_1_1_0_clk/A (sky130_fd_sc_hd__clkbuf_2)
                  0.05    0.11    0.44 ^ clkbuf_1_1_0_clk/X (sky130_fd_sc_hd__clkbuf_2)
     2    0.01                           clknet_1_1_0_clk (net)
                  0.05    0.00    0.44 ^ _47_/CLK (sky130_fd_sc_hd__dfrtp_4)
                          0.25    0.69   clock uncertainty
                          0.00    0.69   clock reconvergence pessimism
                          0.36    1.05   library removal time
                                  1.05   data required time
-----------------------------------------------------------------------------
                                  1.05   data required time
                                -20.21   data arrival time
-----------------------------------------------------------------------------
                                 19.16   slack (MET)


Startpoint: rst_n (input port clocked by clk)
Endpoint: _48_ (removal check against rising-edge clock clk)
Path Group: **async_default**
Path Type: min

Fanout     Cap    Slew   Delay    Time   Description
-----------------------------------------------------------------------------
                          0.00    0.00   clock clk (rise edge)
                          0.00    0.00   clock network delay (propagated)
                         20.00   20.00 ^ input external delay
                  0.03    0.02   20.02 ^ rst_n (in)
     1    0.01                           rst_n (net)
                  0.03    0.00   20.02 ^ input8/A (sky130_fd_sc_hd__buf_6)
                  0.17    0.17   20.19 ^ input8/X (sky130_fd_sc_hd__buf_6)
     4    0.08                           net8 (net)
                  0.17    0.02   20.21 ^ _48_/RESET_B (sky130_fd_sc_hd__dfrtp_4)
                                 20.21   data arrival time

                          0.00    0.00   clock clk (rise edge)
                          0.00    0.00   clock source latency
                  0.21    0.15    0.15 ^ clk (in)
     1    0.04                           clk (net)
                  0.21    0.00    0.15 ^ clkbuf_0_clk/A (sky130_fd_sc_hd__clkbuf_16)
                  0.03    0.18    0.33 ^ clkbuf_0_clk/X (sky130_fd_sc_hd__clkbuf_16)
     2    0.01                           clknet_0_clk (net)
                  0.03    0.00    0.33 ^ clkbuf_1_1_0_clk/A (sky130_fd_sc_hd__clkbuf_2)
                  0.05    0.11    0.44 ^ clkbuf_1_1_0_clk/X (sky130_fd_sc_hd__clkbuf_2)
     2    0.01                           clknet_1_1_0_clk (net)
                  0.05    0.00    0.44 ^ _48_/CLK (sky130_fd_sc_hd__dfrtp_4)
                          0.25    0.69   clock uncertainty
                          0.00    0.69   clock reconvergence pessimism
                          0.36    1.05   library removal time
                                  1.05   data required time
-----------------------------------------------------------------------------
                                  1.05   data required time
                                -20.21   data arrival time
-----------------------------------------------------------------------------
                                 19.16   slack (MET)


Startpoint: rst_n (input port clocked by clk)
Endpoint: _46_ (removal check against rising-edge clock clk)
Path Group: **async_default**
Path Type: min

Fanout     Cap    Slew   Delay    Time   Description
-----------------------------------------------------------------------------
                          0.00    0.00   clock clk (rise edge)
                          0.00    0.00   clock network delay (propagated)
                         20.00   20.00 ^ input external delay
                  0.03    0.02   20.02 ^ rst_n (in)
     1    0.01                           rst_n (net)
                  0.03    0.00   20.02 ^ input8/A (sky130_fd_sc_hd__buf_6)
                  0.17    0.17   20.19 ^ input8/X (sky130_fd_sc_hd__buf_6)
     4    0.08                           net8 (net)
                  0.17    0.02   20.21 ^ _46_/RESET_B (sky130_fd_sc_hd__dfrtp_4)
                                 20.21   data arrival time

                          0.00    0.00   clock clk (rise edge)
                          0.00    0.00   clock source latency
                  0.21    0.15    0.15 ^ clk (in)
     1    0.04                           clk (net)
                  0.21    0.00    0.15 ^ clkbuf_0_clk/A (sky130_fd_sc_hd__clkbuf_16)
                  0.03    0.18    0.33 ^ clkbuf_0_clk/X (sky130_fd_sc_hd__clkbuf_16)
     2    0.01                           clknet_0_clk (net)
                  0.03    0.00    0.33 ^ clkbuf_1_0_0_clk/A (sky130_fd_sc_hd__clkbuf_2)
                  0.05    0.11    0.44 ^ clkbuf_1_0_0_clk/X (sky130_fd_sc_hd__clkbuf_2)
     2    0.01                           clknet_1_0_0_clk (net)
                  0.05    0.00    0.44 ^ _46_/CLK (sky130_fd_sc_hd__dfrtp_4)
                          0.25    0.69   clock uncertainty
                          0.00    0.69   clock reconvergence pessimism
                          0.36    1.04   library removal time
                                  1.04   data required time
-----------------------------------------------------------------------------
                                  1.04   data required time
                                -20.21   data arrival time
-----------------------------------------------------------------------------
                                 19.16   slack (MET)


Startpoint: rst_n (input port clocked by clk)
Endpoint: _49_ (removal check against rising-edge clock clk)
Path Group: **async_default**
Path Type: min

Fanout     Cap    Slew   Delay    Time   Description
-----------------------------------------------------------------------------
                          0.00    0.00   clock clk (rise edge)
                          0.00    0.00   clock network delay (propagated)
                         20.00   20.00 ^ input external delay
                  0.03    0.02   20.02 ^ rst_n (in)
     1    0.01                           rst_n (net)
                  0.03    0.00   20.02 ^ input8/A (sky130_fd_sc_hd__buf_6)
                  0.17    0.17   20.19 ^ input8/X (sky130_fd_sc_hd__buf_6)
     4    0.08                           net8 (net)
                  0.17    0.02   20.21 ^ _49_/RESET_B (sky130_fd_sc_hd__dfrtp_4)
                                 20.21   data arrival time

                          0.00    0.00   clock clk (rise edge)
                          0.00    0.00   clock source latency
                  0.21    0.15    0.15 ^ clk (in)
     1    0.04                           clk (net)
                  0.21    0.00    0.15 ^ clkbuf_0_clk/A (sky130_fd_sc_hd__clkbuf_16)
                  0.03    0.18    0.33 ^ clkbuf_0_clk/X (sky130_fd_sc_hd__clkbuf_16)
     2    0.01                           clknet_0_clk (net)
                  0.03    0.00    0.33 ^ clkbuf_1_0_0_clk/A (sky130_fd_sc_hd__clkbuf_2)
                  0.05    0.11    0.44 ^ clkbuf_1_0_0_clk/X (sky130_fd_sc_hd__clkbuf_2)
     2    0.01                           clknet_1_0_0_clk (net)
                  0.05    0.00    0.44 ^ _49_/CLK (sky130_fd_sc_hd__dfrtp_4)
                          0.25    0.69   clock uncertainty
                          0.00    0.69   clock reconvergence pessimism
                          0.36    1.04   library removal time
                                  1.04   data required time
-----------------------------------------------------------------------------
                                  1.04   data required time
                                -20.21   data arrival time
-----------------------------------------------------------------------------
                                 19.17   slack (MET)


Startpoint: _46_ (rising edge-triggered flip-flop clocked by clk)
Endpoint: _46_ (rising edge-triggered flip-flop clocked by clk)
Path Group: clk
Path Type: min

Fanout     Cap    Slew   Delay    Time   Description
-----------------------------------------------------------------------------
                          0.00    0.00   clock clk (rise edge)
                          0.00    0.00   clock source latency
                  0.21    0.14    0.14 ^ clk (in)
     1    0.04                           clk (net)
                  0.21    0.00    0.14 ^ clkbuf_0_clk/A (sky130_fd_sc_hd__clkbuf_16)
                  0.03    0.16    0.30 ^ clkbuf_0_clk/X (sky130_fd_sc_hd__clkbuf_16)
     2    0.01                           clknet_0_clk (net)
                  0.03    0.00    0.30 ^ clkbuf_1_0_0_clk/A (sky130_fd_sc_hd__clkbuf_2)
                  0.05    0.10    0.40 ^ clkbuf_1_0_0_clk/X (sky130_fd_sc_hd__clkbuf_2)
     2    0.01                           clknet_1_0_0_clk (net)
                  0.05    0.00    0.40 ^ _46_/CLK (sky130_fd_sc_hd__dfrtp_4)
                  0.20    0.50    0.90 ^ _46_/Q (sky130_fd_sc_hd__dfrtp_4)
     4    0.06                           net9 (net)
                  0.20    0.00    0.90 ^ _26_/A2 (sky130_fd_sc_hd__o22a_1)
                  0.10    0.19    1.09 ^ _26_/X (sky130_fd_sc_hd__o22a_1)
     1    0.01                           _08_ (net)
                  0.10    0.00    1.09 ^ _46_/D (sky130_fd_sc_hd__dfrtp_4)
                                  1.09   data arrival time

                          0.00    0.00   clock clk (rise edge)
                          0.00    0.00   clock source latency
                  0.21    0.15    0.15 ^ clk (in)
     1    0.04                           clk (net)
                  0.21    0.00    0.15 ^ clkbuf_0_clk/A (sky130_fd_sc_hd__clkbuf_16)
                  0.03    0.18    0.33 ^ clkbuf_0_clk/X (sky130_fd_sc_hd__clkbuf_16)
     2    0.01                           clknet_0_clk (net)
                  0.03    0.00    0.33 ^ clkbuf_1_0_0_clk/A (sky130_fd_sc_hd__clkbuf_2)
                  0.05    0.11    0.44 ^ clkbuf_1_0_0_clk/X (sky130_fd_sc_hd__clkbuf_2)
     2    0.01                           clknet_1_0_0_clk (net)
                  0.05    0.00    0.44 ^ _46_/CLK (sky130_fd_sc_hd__dfrtp_4)
                          0.25    0.69   clock uncertainty
                         -0.04    0.65   clock reconvergence pessimism
                         -0.05    0.60   library hold time
                                  0.60   data required time
-----------------------------------------------------------------------------
                                  0.60   data required time
                                 -1.09   data arrival time
-----------------------------------------------------------------------------
                                  0.49   slack (MET)


Startpoint: _48_ (rising edge-triggered flip-flop clocked by clk)
Endpoint: _48_ (rising edge-triggered flip-flop clocked by clk)
Path Group: clk
Path Type: min

Fanout     Cap    Slew   Delay    Time   Description
-----------------------------------------------------------------------------
                          0.00    0.00   clock clk (rise edge)
                          0.00    0.00   clock source latency
                  0.21    0.14    0.14 ^ clk (in)
     1    0.04                           clk (net)
                  0.21    0.00    0.14 ^ clkbuf_0_clk/A (sky130_fd_sc_hd__clkbuf_16)
                  0.03    0.16    0.30 ^ clkbuf_0_clk/X (sky130_fd_sc_hd__clkbuf_16)
     2    0.01                           clknet_0_clk (net)
                  0.03    0.00    0.30 ^ clkbuf_1_1_0_clk/A (sky130_fd_sc_hd__clkbuf_2)
                  0.05    0.10    0.40 ^ clkbuf_1_1_0_clk/X (sky130_fd_sc_hd__clkbuf_2)
     2    0.01                           clknet_1_1_0_clk (net)
                  0.05    0.00    0.40 ^ _48_/CLK (sky130_fd_sc_hd__dfrtp_4)
                  0.22    0.52    0.92 ^ _48_/Q (sky130_fd_sc_hd__dfrtp_4)
     4    0.07                           net11 (net)
                  0.22    0.00    0.92 ^ _24_/A1 (sky130_fd_sc_hd__o22a_1)
                  0.10    0.21    1.14 ^ _24_/X (sky130_fd_sc_hd__o22a_1)
     1    0.01                           _10_ (net)
                  0.10    0.00    1.14 ^ _48_/D (sky130_fd_sc_hd__dfrtp_4)
                                  1.14   data arrival time

                          0.00    0.00   clock clk (rise edge)
                          0.00    0.00   clock source latency
                  0.21    0.15    0.15 ^ clk (in)
     1    0.04                           clk (net)
                  0.21    0.00    0.15 ^ clkbuf_0_clk/A (sky130_fd_sc_hd__clkbuf_16)
                  0.03    0.18    0.33 ^ clkbuf_0_clk/X (sky130_fd_sc_hd__clkbuf_16)
     2    0.01                           clknet_0_clk (net)
                  0.03    0.00    0.33 ^ clkbuf_1_1_0_clk/A (sky130_fd_sc_hd__clkbuf_2)
                  0.05    0.11    0.44 ^ clkbuf_1_1_0_clk/X (sky130_fd_sc_hd__clkbuf_2)
     2    0.01                           clknet_1_1_0_clk (net)
                  0.05    0.00    0.44 ^ _48_/CLK (sky130_fd_sc_hd__dfrtp_4)
                          0.25    0.69   clock uncertainty
                         -0.04    0.65   clock reconvergence pessimism
                         -0.05    0.60   library hold time
                                  0.60   data required time
-----------------------------------------------------------------------------
                                  0.60   data required time
                                 -1.14   data arrival time
-----------------------------------------------------------------------------
                                  0.53   slack (MET)


Startpoint: _47_ (rising edge-triggered flip-flop clocked by clk)
Endpoint: _47_ (rising edge-triggered flip-flop clocked by clk)
Path Group: clk
Path Type: min

Fanout     Cap    Slew   Delay    Time   Description
-----------------------------------------------------------------------------
                          0.00    0.00   clock clk (rise edge)
                          0.00    0.00   clock source latency
                  0.21    0.14    0.14 ^ clk (in)
     1    0.04                           clk (net)
                  0.21    0.00    0.14 ^ clkbuf_0_clk/A (sky130_fd_sc_hd__clkbuf_16)
                  0.03    0.16    0.30 ^ clkbuf_0_clk/X (sky130_fd_sc_hd__clkbuf_16)
     2    0.01                           clknet_0_clk (net)
                  0.03    0.00    0.30 ^ clkbuf_1_1_0_clk/A (sky130_fd_sc_hd__clkbuf_2)
                  0.05    0.10    0.40 ^ clkbuf_1_1_0_clk/X (sky130_fd_sc_hd__clkbuf_2)
     2    0.01                           clknet_1_1_0_clk (net)
                  0.05    0.00    0.40 ^ _47_/CLK (sky130_fd_sc_hd__dfrtp_4)
                  0.25    0.54    0.94 ^ _47_/Q (sky130_fd_sc_hd__dfrtp_4)
     4    0.09                           net10 (net)
                  0.25    0.00    0.94 ^ _25_/A2 (sky130_fd_sc_hd__o22a_1)
                  0.09    0.20    1.14 ^ _25_/X (sky130_fd_sc_hd__o22a_1)
     1    0.01                           _09_ (net)
                  0.09    0.00    1.14 ^ _47_/D (sky130_fd_sc_hd__dfrtp_4)
                                  1.14   data arrival time

                          0.00    0.00   clock clk (rise edge)
                          0.00    0.00   clock source latency
                  0.21    0.15    0.15 ^ clk (in)
     1    0.04                           clk (net)
                  0.21    0.00    0.15 ^ clkbuf_0_clk/A (sky130_fd_sc_hd__clkbuf_16)
                  0.03    0.18    0.33 ^ clkbuf_0_clk/X (sky130_fd_sc_hd__clkbuf_16)
     2    0.01                           clknet_0_clk (net)
                  0.03    0.00    0.33 ^ clkbuf_1_1_0_clk/A (sky130_fd_sc_hd__clkbuf_2)
                  0.05    0.11    0.44 ^ clkbuf_1_1_0_clk/X (sky130_fd_sc_hd__clkbuf_2)
     2    0.01                           clknet_1_1_0_clk (net)
                  0.05    0.00    0.44 ^ _47_/CLK (sky130_fd_sc_hd__dfrtp_4)
                          0.25    0.69   clock uncertainty
                         -0.04    0.65   clock reconvergence pessimism
                         -0.04    0.60   library hold time
                                  0.60   data required time
-----------------------------------------------------------------------------
                                  0.60   data required time
                                 -1.14   data arrival time
-----------------------------------------------------------------------------
                                  0.54   slack (MET)


Startpoint: _49_ (rising edge-triggered flip-flop clocked by clk)
Endpoint: _49_ (rising edge-triggered flip-flop clocked by clk)
Path Group: clk
Path Type: min

Fanout     Cap    Slew   Delay    Time   Description
-----------------------------------------------------------------------------
                          0.00    0.00   clock clk (rise edge)
                          0.00    0.00   clock source latency
                  0.21    0.14    0.14 ^ clk (in)
     1    0.04                           clk (net)
                  0.21    0.00    0.14 ^ clkbuf_0_clk/A (sky130_fd_sc_hd__clkbuf_16)
                  0.03    0.16    0.30 ^ clkbuf_0_clk/X (sky130_fd_sc_hd__clkbuf_16)
     2    0.01                           clknet_0_clk (net)
                  0.03    0.00    0.30 ^ clkbuf_1_0_0_clk/A (sky130_fd_sc_hd__clkbuf_2)
                  0.05    0.10    0.40 ^ clkbuf_1_0_0_clk/X (sky130_fd_sc_hd__clkbuf_2)
     2    0.01                           clknet_1_0_0_clk (net)
                  0.05    0.00    0.40 ^ _49_/CLK (sky130_fd_sc_hd__dfrtp_4)
                  0.29    0.56    0.96 ^ _49_/Q (sky130_fd_sc_hd__dfrtp_4)
     4    0.10                           net12 (net)
                  0.29    0.00    0.96 ^ _41_/A2 (sky130_fd_sc_hd__o22a_1)
                  0.11    0.22    1.18 ^ _41_/X (sky130_fd_sc_hd__o22a_1)
     1    0.01                           _11_ (net)
                  0.11    0.00    1.18 ^ _49_/D (sky130_fd_sc_hd__dfrtp_4)
                                  1.18   data arrival time

                          0.00    0.00   clock clk (rise edge)
                          0.00    0.00   clock source latency
                  0.21    0.15    0.15 ^ clk (in)
     1    0.04                           clk (net)
                  0.21    0.00    0.15 ^ clkbuf_0_clk/A (sky130_fd_sc_hd__clkbuf_16)
                  0.03    0.18    0.33 ^ clkbuf_0_clk/X (sky130_fd_sc_hd__clkbuf_16)
     2    0.01                           clknet_0_clk (net)
                  0.03    0.00    0.33 ^ clkbuf_1_0_0_clk/A (sky130_fd_sc_hd__clkbuf_2)
                  0.05    0.11    0.44 ^ clkbuf_1_0_0_clk/X (sky130_fd_sc_hd__clkbuf_2)
     2    0.01                           clknet_1_0_0_clk (net)
                  0.05    0.00    0.44 ^ _49_/CLK (sky130_fd_sc_hd__dfrtp_4)
                          0.25    0.69   clock uncertainty
                         -0.04    0.65   clock reconvergence pessimism
                         -0.05    0.60   library hold time
                                  0.60   data required time
-----------------------------------------------------------------------------
                                  0.60   data required time
                                 -1.18   data arrival time
-----------------------------------------------------------------------------
                                  0.58   slack (MET)


Startpoint: _46_ (rising edge-triggered flip-flop clocked by clk)
Endpoint: count[0] (output port clocked by clk)
Path Group: clk
Path Type: min

Fanout     Cap    Slew   Delay    Time   Description
-----------------------------------------------------------------------------
                          0.00    0.00   clock clk (rise edge)
                          0.00    0.00   clock source latency
                  0.21    0.14    0.14 ^ clk (in)
     1    0.04                           clk (net)
                  0.21    0.00    0.14 ^ clkbuf_0_clk/A (sky130_fd_sc_hd__clkbuf_16)
                  0.03    0.16    0.30 ^ clkbuf_0_clk/X (sky130_fd_sc_hd__clkbuf_16)
     2    0.01                           clknet_0_clk (net)
                  0.03    0.00    0.30 ^ clkbuf_1_0_0_clk/A (sky130_fd_sc_hd__clkbuf_2)
                  0.05    0.10    0.40 ^ clkbuf_1_0_0_clk/X (sky130_fd_sc_hd__clkbuf_2)
     2    0.01                           clknet_1_0_0_clk (net)
                  0.05    0.00    0.40 ^ _46_/CLK (sky130_fd_sc_hd__dfrtp_4)
                  0.20    0.50    0.90 ^ _46_/Q (sky130_fd_sc_hd__dfrtp_4)
     4    0.06                           net9 (net)
                  0.20    0.01    0.90 ^ output9/A (sky130_fd_sc_hd__buf_2)
                  0.17    0.24    1.14 ^ output9/X (sky130_fd_sc_hd__buf_2)
     1    0.03                           count[0] (net)
                  0.17    0.00    1.14 ^ count[0] (out)
                                  1.14   data arrival time

                          0.00    0.00   clock clk (rise edge)
                          0.00    0.00   clock network delay (propagated)
                          0.25    0.25   clock uncertainty
                          0.00    0.25   clock reconvergence pessimism
                        -20.00  -19.75   output external delay
                                -19.75   data required time
-----------------------------------------------------------------------------
                                -19.75   data required time
                                 -1.14   data arrival time
-----------------------------------------------------------------------------
                                 20.89   slack (MET)


min_report_end
max_report

===========================================================================
report_checks -path_delay max (Setup)
============================================================================
Startpoint: rst_n (input port clocked by clk)
Endpoint: _49_ (recovery check against rising-edge clock clk)
Path Group: **async_default**
Path Type: max

Fanout     Cap    Slew   Delay    Time   Description
-----------------------------------------------------------------------------
                          0.00    0.00   clock clk (rise edge)
                          0.00    0.00   clock network delay (propagated)
                         20.00   20.00 ^ input external delay
                  0.03    0.02   20.02 ^ rst_n (in)
     1    0.01                           rst_n (net)
                  0.03    0.00   20.02 ^ input8/A (sky130_fd_sc_hd__buf_6)
                  0.17    0.19   20.21 ^ input8/X (sky130_fd_sc_hd__buf_6)
     4    0.08                           net8 (net)
                  0.17    0.02   20.23 ^ _49_/RESET_B (sky130_fd_sc_hd__dfrtp_4)
                                 20.23   data arrival time

                        100.00  100.00   clock clk (rise edge)
                          0.00  100.00   clock source latency
                  0.21    0.14  100.14 ^ clk (in)
     1    0.04                           clk (net)
                  0.21    0.00  100.14 ^ clkbuf_0_clk/A (sky130_fd_sc_hd__clkbuf_16)
                  0.03    0.16  100.30 ^ clkbuf_0_clk/X (sky130_fd_sc_hd__clkbuf_16)
     2    0.01                           clknet_0_clk (net)
                  0.03    0.00  100.30 ^ clkbuf_1_0_0_clk/A (sky130_fd_sc_hd__clkbuf_2)
                  0.05    0.10  100.40 ^ clkbuf_1_0_0_clk/X (sky130_fd_sc_hd__clkbuf_2)
     2    0.01                           clknet_1_0_0_clk (net)
                  0.05    0.00  100.40 ^ _49_/CLK (sky130_fd_sc_hd__dfrtp_4)
                         -0.25  100.15   clock uncertainty
                          0.00  100.15   clock reconvergence pessimism
                          0.18  100.32   library recovery time
                                100.32   data required time
-----------------------------------------------------------------------------
                                100.32   data required time
                                -20.23   data arrival time
-----------------------------------------------------------------------------
                                 80.09   slack (MET)


Startpoint: rst_n (input port clocked by clk)
Endpoint: _46_ (recovery check against rising-edge clock clk)
Path Group: **async_default**
Path Type: max

Fanout     Cap    Slew   Delay    Time   Description
-----------------------------------------------------------------------------
                          0.00    0.00   clock clk (rise edge)
                          0.00    0.00   clock network delay (propagated)
                         20.00   20.00 ^ input external delay
                  0.03    0.02   20.02 ^ rst_n (in)
     1    0.01                           rst_n (net)
                  0.03    0.00   20.02 ^ input8/A (sky130_fd_sc_hd__buf_6)
                  0.17    0.19   20.21 ^ input8/X (sky130_fd_sc_hd__buf_6)
     4    0.08                           net8 (net)
                  0.17    0.02   20.23 ^ _46_/RESET_B (sky130_fd_sc_hd__dfrtp_4)
                                 20.23   data arrival time

                        100.00  100.00   clock clk (rise edge)
                          0.00  100.00   clock source latency
                  0.21    0.14  100.14 ^ clk (in)
     1    0.04                           clk (net)
                  0.21    0.00  100.14 ^ clkbuf_0_clk/A (sky130_fd_sc_hd__clkbuf_16)
                  0.03    0.16  100.30 ^ clkbuf_0_clk/X (sky130_fd_sc_hd__clkbuf_16)
     2    0.01                           clknet_0_clk (net)
                  0.03    0.00  100.30 ^ clkbuf_1_0_0_clk/A (sky130_fd_sc_hd__clkbuf_2)
                  0.05    0.10  100.40 ^ clkbuf_1_0_0_clk/X (sky130_fd_sc_hd__clkbuf_2)
     2    0.01                           clknet_1_0_0_clk (net)
                  0.05    0.00  100.40 ^ _46_/CLK (sky130_fd_sc_hd__dfrtp_4)
                         -0.25  100.15   clock uncertainty
                          0.00  100.15   clock reconvergence pessimism
                          0.18  100.32   library recovery time
                                100.32   data required time
-----------------------------------------------------------------------------
                                100.32   data required time
                                -20.23   data arrival time
-----------------------------------------------------------------------------
                                 80.09   slack (MET)


Startpoint: rst_n (input port clocked by clk)
Endpoint: _48_ (recovery check against rising-edge clock clk)
Path Group: **async_default**
Path Type: max

Fanout     Cap    Slew   Delay    Time   Description
-----------------------------------------------------------------------------
                          0.00    0.00   clock clk (rise edge)
                          0.00    0.00   clock network delay (propagated)
                         20.00   20.00 ^ input external delay
                  0.03    0.02   20.02 ^ rst_n (in)
     1    0.01                           rst_n (net)
                  0.03    0.00   20.02 ^ input8/A (sky130_fd_sc_hd__buf_6)
                  0.17    0.19   20.21 ^ input8/X (sky130_fd_sc_hd__buf_6)
     4    0.08                           net8 (net)
                  0.17    0.02   20.23 ^ _48_/RESET_B (sky130_fd_sc_hd__dfrtp_4)
                                 20.23   data arrival time

                        100.00  100.00   clock clk (rise edge)
                          0.00  100.00   clock source latency
                  0.21    0.14  100.14 ^ clk (in)
     1    0.04                           clk (net)
                  0.21    0.00  100.14 ^ clkbuf_0_clk/A (sky130_fd_sc_hd__clkbuf_16)
                  0.03    0.16  100.30 ^ clkbuf_0_clk/X (sky130_fd_sc_hd__clkbuf_16)
     2    0.01                           clknet_0_clk (net)
                  0.03    0.00  100.30 ^ clkbuf_1_1_0_clk/A (sky130_fd_sc_hd__clkbuf_2)
                  0.05    0.10  100.40 ^ clkbuf_1_1_0_clk/X (sky130_fd_sc_hd__clkbuf_2)
     2    0.01                           clknet_1_1_0_clk (net)
                  0.05    0.00  100.40 ^ _48_/CLK (sky130_fd_sc_hd__dfrtp_4)
                         -0.25  100.15   clock uncertainty
                          0.00  100.15   clock reconvergence pessimism
                          0.18  100.33   library recovery time
                                100.33   data required time
-----------------------------------------------------------------------------
                                100.33   data required time
                                -20.23   data arrival time
-----------------------------------------------------------------------------
                                 80.09   slack (MET)


Startpoint: rst_n (input port clocked by clk)
Endpoint: _47_ (recovery check against rising-edge clock clk)
Path Group: **async_default**
Path Type: max

Fanout     Cap    Slew   Delay    Time   Description
-----------------------------------------------------------------------------
                          0.00    0.00   clock clk (rise edge)
                          0.00    0.00   clock network delay (propagated)
                         20.00   20.00 ^ input external delay
                  0.03    0.02   20.02 ^ rst_n (in)
     1    0.01                           rst_n (net)
                  0.03    0.00   20.02 ^ input8/A (sky130_fd_sc_hd__buf_6)
                  0.17    0.19   20.21 ^ input8/X (sky130_fd_sc_hd__buf_6)
     4    0.08                           net8 (net)
                  0.17    0.02   20.23 ^ _47_/RESET_B (sky130_fd_sc_hd__dfrtp_4)
                                 20.23   data arrival time

                        100.00  100.00   clock clk (rise edge)
                          0.00  100.00   clock source latency
                  0.21    0.14  100.14 ^ clk (in)
     1    0.04                           clk (net)
                  0.21    0.00  100.14 ^ clkbuf_0_clk/A (sky130_fd_sc_hd__clkbuf_16)
                  0.03    0.16  100.30 ^ clkbuf_0_clk/X (sky130_fd_sc_hd__clkbuf_16)
     2    0.01                           clknet_0_clk (net)
                  0.03    0.00  100.30 ^ clkbuf_1_1_0_clk/A (sky130_fd_sc_hd__clkbuf_2)
                  0.05    0.10  100.40 ^ clkbuf_1_1_0_clk/X (sky130_fd_sc_hd__clkbuf_2)
     2    0.01                           clknet_1_1_0_clk (net)
                  0.05    0.00  100.40 ^ _47_/CLK (sky130_fd_sc_hd__dfrtp_4)
                         -0.25  100.15   clock uncertainty
                          0.00  100.15   clock reconvergence pessimism
                          0.18  100.33   library recovery time
                                100.33   data required time
-----------------------------------------------------------------------------
                                100.33   data required time
                                -20.23   data arrival time
-----------------------------------------------------------------------------
                                 80.09   slack (MET)


Startpoint: dn (input port clocked by clk)
Endpoint: _49_ (rising edge-triggered flip-flop clocked by clk)
Path Group: clk
Path Type: max

Fanout     Cap    Slew   Delay    Time   Description
-----------------------------------------------------------------------------
                          0.00    0.00   clock clk (rise edge)
                          0.00    0.00   clock network delay (propagated)
                         20.00   20.00 v input external delay
                  0.02    0.01   20.01 v dn (in)
     1    0.01                           dn (net)
                  0.02    0.00   20.01 v input5/A (sky130_fd_sc_hd__buf_6)
                  0.07    0.15   20.16 v input5/X (sky130_fd_sc_hd__buf_6)
     3    0.07                           net5 (net)
                  0.08    0.02   20.18 v _29_/A (sky130_fd_sc_hd__inv_2)
                  0.08    0.10   20.28 ^ _29_/Y (sky130_fd_sc_hd__inv_2)
     2    0.02                           _14_ (net)
                  0.08    0.00   20.28 ^ _30_/A2 (sky130_fd_sc_hd__o22a_1)
                  0.10    0.18   20.46 ^ _30_/X (sky130_fd_sc_hd__o22a_1)
     2    0.01                           _15_ (net)
                  0.10    0.00   20.46 ^ _31_/A (sky130_fd_sc_hd__inv_2)
                  0.03    0.05   20.51 v _31_/Y (sky130_fd_sc_hd__inv_2)
     2    0.01                           _16_ (net)
                  0.03    0.00   20.51 v _34_/B2 (sky130_fd_sc_hd__o22a_1)
                  0.09    0.21   20.73 v _34_/X (sky130_fd_sc_hd__o22a_1)
     3    0.01                           _18_ (net)
                  0.09    0.00   20.73 v _38_/B1 (sky130_fd_sc_hd__o22a_2)
                  0.08    0.28   21.01 v _38_/X (sky130_fd_sc_hd__o22a_2)
     2    0.02                           _21_ (net)
                  0.08    0.00   21.01 v _40_/A1_N (sky130_fd_sc_hd__o2bb2ai_4)
                  0.07    0.18   21.19 v _40_/Y (sky130_fd_sc_hd__o2bb2ai_4)
     1    0.02                           _03_ (net)
                  0.07    0.00   21.19 v _44_/A0 (sky130_fd_sc_hd__mux2_2)
                  0.10    0.36   21.55 v _44_/X (sky130_fd_sc_hd__mux2_2)
     1    0.03                           _07_ (net)
                  0.10    0.00   21.55 v _41_/B2 (sky130_fd_sc_hd__o22a_1)
                  0.08    0.23   21.78 v _41_/X (sky130_fd_sc_hd__o22a_1)
     1    0.01                           _11_ (net)
                  0.08    0.00   21.78 v _49_/D (sky130_fd_sc_hd__dfrtp_4)
                                 21.78   data arrival time

                        100.00  100.00   clock clk (rise edge)
                          0.00  100.00   clock source latency
                  0.21    0.14  100.14 ^ clk (in)
     1    0.04                           clk (net)
                  0.21    0.00  100.14 ^ clkbuf_0_clk/A (sky130_fd_sc_hd__clkbuf_16)
                  0.03    0.16  100.30 ^ clkbuf_0_clk/X (sky130_fd_sc_hd__clkbuf_16)
     2    0.01                           clknet_0_clk (net)
                  0.03    0.00  100.30 ^ clkbuf_1_0_0_clk/A (sky130_fd_sc_hd__clkbuf_2)
                  0.05    0.10  100.40 ^ clkbuf_1_0_0_clk/X (sky130_fd_sc_hd__clkbuf_2)
     2    0.01                           clknet_1_0_0_clk (net)
                  0.05    0.00  100.40 ^ _49_/CLK (sky130_fd_sc_hd__dfrtp_4)
                         -0.25  100.15   clock uncertainty
                          0.00  100.15   clock reconvergence pessimism
                         -0.13  100.02   library setup time
                                100.02   data required time
-----------------------------------------------------------------------------
                                100.02   data required time
                                -21.78   data arrival time
-----------------------------------------------------------------------------
                                 78.24   slack (MET)


Startpoint: _49_ (rising edge-triggered flip-flop clocked by clk)
Endpoint: count[3] (output port clocked by clk)
Path Group: clk
Path Type: max

Fanout     Cap    Slew   Delay    Time   Description
-----------------------------------------------------------------------------
                          0.00    0.00   clock clk (rise edge)
                          0.00    0.00   clock source latency
                  0.21    0.15    0.15 ^ clk (in)
     1    0.04                           clk (net)
                  0.21    0.00    0.15 ^ clkbuf_0_clk/A (sky130_fd_sc_hd__clkbuf_16)
                  0.03    0.18    0.33 ^ clkbuf_0_clk/X (sky130_fd_sc_hd__clkbuf_16)
     2    0.01                           clknet_0_clk (net)
                  0.03    0.00    0.33 ^ clkbuf_1_0_0_clk/A (sky130_fd_sc_hd__clkbuf_2)
                  0.05    0.11    0.44 ^ clkbuf_1_0_0_clk/X (sky130_fd_sc_hd__clkbuf_2)
     2    0.01                           clknet_1_0_0_clk (net)
                  0.05    0.00    0.44 ^ _49_/CLK (sky130_fd_sc_hd__dfrtp_4)
                  0.29    0.62    1.06 ^ _49_/Q (sky130_fd_sc_hd__dfrtp_4)
     4    0.10                           net12 (net)
                  0.29    0.03    1.08 ^ output12/A (sky130_fd_sc_hd__buf_2)
                  0.18    0.29    1.37 ^ output12/X (sky130_fd_sc_hd__buf_2)
     1    0.03                           count[3] (net)
                  0.18    0.00    1.38 ^ count[3] (out)
                                  1.38   data arrival time

                        100.00  100.00   clock clk (rise edge)
                          0.00  100.00   clock network delay (propagated)
                         -0.25   99.75   clock uncertainty
                          0.00   99.75   clock reconvergence pessimism
                        -20.00   79.75   output external delay
                                 79.75   data required time
-----------------------------------------------------------------------------
                                 79.75   data required time
                                 -1.38   data arrival time
-----------------------------------------------------------------------------
                                 78.37   slack (MET)


Startpoint: _47_ (rising edge-triggered flip-flop clocked by clk)
Endpoint: count[1] (output port clocked by clk)
Path Group: clk
Path Type: max

Fanout     Cap    Slew   Delay    Time   Description
-----------------------------------------------------------------------------
                          0.00    0.00   clock clk (rise edge)
                          0.00    0.00   clock source latency
                  0.21    0.15    0.15 ^ clk (in)
     1    0.04                           clk (net)
                  0.21    0.00    0.15 ^ clkbuf_0_clk/A (sky130_fd_sc_hd__clkbuf_16)
                  0.03    0.18    0.33 ^ clkbuf_0_clk/X (sky130_fd_sc_hd__clkbuf_16)
     2    0.01                           clknet_0_clk (net)
                  0.03    0.00    0.33 ^ clkbuf_1_1_0_clk/A (sky130_fd_sc_hd__clkbuf_2)
                  0.05    0.11    0.44 ^ clkbuf_1_1_0_clk/X (sky130_fd_sc_hd__clkbuf_2)
     2    0.01                           clknet_1_1_0_clk (net)
                  0.05    0.00    0.44 ^ _47_/CLK (sky130_fd_sc_hd__dfrtp_4)
                  0.25    0.60    1.04 ^ _47_/Q (sky130_fd_sc_hd__dfrtp_4)
     4    0.09                           net10 (net)
                  0.25    0.01    1.05 ^ output10/A (sky130_fd_sc_hd__buf_2)
                  0.18    0.28    1.33 ^ output10/X (sky130_fd_sc_hd__buf_2)
     1    0.03                           count[1] (net)
                  0.18    0.00    1.33 ^ count[1] (out)
                                  1.33   data arrival time

                        100.00  100.00   clock clk (rise edge)
                          0.00  100.00   clock network delay (propagated)
                         -0.25   99.75   clock uncertainty
                          0.00   99.75   clock reconvergence pessimism
                        -20.00   79.75   output external delay
                                 79.75   data required time
-----------------------------------------------------------------------------
                                 79.75   data required time
                                 -1.33   data arrival time
-----------------------------------------------------------------------------
                                 78.42   slack (MET)


Startpoint: dn (input port clocked by clk)
Endpoint: _48_ (rising edge-triggered flip-flop clocked by clk)
Path Group: clk
Path Type: max

Fanout     Cap    Slew   Delay    Time   Description
-----------------------------------------------------------------------------
                          0.00    0.00   clock clk (rise edge)
                          0.00    0.00   clock network delay (propagated)
                         20.00   20.00 v input external delay
                  0.02    0.01   20.01 v dn (in)
     1    0.01                           dn (net)
                  0.02    0.00   20.01 v input5/A (sky130_fd_sc_hd__buf_6)
                  0.07    0.15   20.16 v input5/X (sky130_fd_sc_hd__buf_6)
     3    0.07                           net5 (net)
                  0.08    0.02   20.18 v _29_/A (sky130_fd_sc_hd__inv_2)
                  0.08    0.10   20.28 ^ _29_/Y (sky130_fd_sc_hd__inv_2)
     2    0.02                           _14_ (net)
                  0.08    0.00   20.28 ^ _30_/A2 (sky130_fd_sc_hd__o22a_1)
                  0.10    0.18   20.46 ^ _30_/X (sky130_fd_sc_hd__o22a_1)
     2    0.01                           _15_ (net)
                  0.10    0.00   20.46 ^ _31_/A (sky130_fd_sc_hd__inv_2)
                  0.03    0.05   20.51 v _31_/Y (sky130_fd_sc_hd__inv_2)
     2    0.01                           _16_ (net)
                  0.03    0.00   20.51 v _34_/B2 (sky130_fd_sc_hd__o22a_1)
                  0.09    0.21   20.73 v _34_/X (sky130_fd_sc_hd__o22a_1)
     3    0.01                           _18_ (net)
                  0.09    0.00   20.73 v _37_/A1_N (sky130_fd_sc_hd__a2bb2oi_2)
                  0.09    0.21   20.94 v _37_/Y (sky130_fd_sc_hd__a2bb2oi_2)
     1    0.02                           _02_ (net)
                  0.09    0.00   20.94 v _45_/A0 (sky130_fd_sc_hd__mux2_1)
                  0.11    0.38   21.32 v _45_/X (sky130_fd_sc_hd__mux2_1)
     1    0.02                           _06_ (net)
                  0.11    0.00   21.32 v _24_/B1 (sky130_fd_sc_hd__o22a_1)
                  0.08    0.25   21.57 v _24_/X (sky130_fd_sc_hd__o22a_1)
     1    0.01                           _10_ (net)
                  0.08    0.00   21.57 v _48_/D (sky130_fd_sc_hd__dfrtp_4)
                                 21.57   data arrival time

                        100.00  100.00   clock clk (rise edge)
                          0.00  100.00   clock source latency
                  0.21    0.14  100.14 ^ clk (in)
     1    0.04                           clk (net)
                  0.21    0.00  100.14 ^ clkbuf_0_clk/A (sky130_fd_sc_hd__clkbuf_16)
                  0.03    0.16  100.30 ^ clkbuf_0_clk/X (sky130_fd_sc_hd__clkbuf_16)
     2    0.01                           clknet_0_clk (net)
                  0.03    0.00  100.30 ^ clkbuf_1_1_0_clk/A (sky130_fd_sc_hd__clkbuf_2)
                  0.05    0.10  100.40 ^ clkbuf_1_1_0_clk/X (sky130_fd_sc_hd__clkbuf_2)
     2    0.01                           clknet_1_1_0_clk (net)
                  0.05    0.00  100.40 ^ _48_/CLK (sky130_fd_sc_hd__dfrtp_4)
                         -0.25  100.15   clock uncertainty
                          0.00  100.15   clock reconvergence pessimism
                         -0.13  100.02   library setup time
                                100.02   data required time
-----------------------------------------------------------------------------
                                100.02   data required time
                                -21.57   data arrival time
-----------------------------------------------------------------------------
                                 78.45   slack (MET)


Startpoint: _48_ (rising edge-triggered flip-flop clocked by clk)
Endpoint: count[2] (output port clocked by clk)
Path Group: clk
Path Type: max

Fanout     Cap    Slew   Delay    Time   Description
-----------------------------------------------------------------------------
                          0.00    0.00   clock clk (rise edge)
                          0.00    0.00   clock source latency
                  0.21    0.15    0.15 ^ clk (in)
     1    0.04                           clk (net)
                  0.21    0.00    0.15 ^ clkbuf_0_clk/A (sky130_fd_sc_hd__clkbuf_16)
                  0.03    0.18    0.33 ^ clkbuf_0_clk/X (sky130_fd_sc_hd__clkbuf_16)
     2    0.01                           clknet_0_clk (net)
                  0.03    0.00    0.33 ^ clkbuf_1_1_0_clk/A (sky130_fd_sc_hd__clkbuf_2)
                  0.05    0.11    0.44 ^ clkbuf_1_1_0_clk/X (sky130_fd_sc_hd__clkbuf_2)
     2    0.01                           clknet_1_1_0_clk (net)
                  0.05    0.00    0.44 ^ _48_/CLK (sky130_fd_sc_hd__dfrtp_4)
                  0.14    0.60    1.04 v _48_/Q (sky130_fd_sc_hd__dfrtp_4)
     4    0.07                           net11 (net)
                  0.14    0.01    1.06 v output11/A (sky130_fd_sc_hd__buf_2)
                  0.09    0.24    1.29 v output11/X (sky130_fd_sc_hd__buf_2)
     1    0.03                           count[2] (net)
                  0.09    0.00    1.29 v count[2] (out)
                                  1.29   data arrival time

                        100.00  100.00   clock clk (rise edge)
                          0.00  100.00   clock network delay (propagated)
                         -0.25   99.75   clock uncertainty
                          0.00   99.75   clock reconvergence pessimism
                        -20.00   79.75   output external delay
                                 79.75   data required time
-----------------------------------------------------------------------------
                                 79.75   data required time
                                 -1.29   data arrival time
-----------------------------------------------------------------------------
                                 78.46   slack (MET)


max_report_end
check_report

===========================================================================
report_checks -unconstrained
============================================================================
Startpoint: rst_n (input port clocked by clk)
Endpoint: _49_ (recovery check against rising-edge clock clk)
Path Group: **async_default**
Path Type: max

Fanout     Cap    Slew   Delay    Time   Description
-----------------------------------------------------------------------------
                          0.00    0.00   clock clk (rise edge)
                          0.00    0.00   clock network delay (propagated)
                         20.00   20.00 ^ input external delay
                  0.03    0.02   20.02 ^ rst_n (in)
     1    0.01                           rst_n (net)
                  0.03    0.00   20.02 ^ input8/A (sky130_fd_sc_hd__buf_6)
                  0.17    0.19   20.21 ^ input8/X (sky130_fd_sc_hd__buf_6)
     4    0.08                           net8 (net)
                  0.17    0.02   20.23 ^ _49_/RESET_B (sky130_fd_sc_hd__dfrtp_4)
                                 20.23   data arrival time

                        100.00  100.00   clock clk (rise edge)
                          0.00  100.00   clock source latency
                  0.21    0.14  100.14 ^ clk (in)
     1    0.04                           clk (net)
                  0.21    0.00  100.14 ^ clkbuf_0_clk/A (sky130_fd_sc_hd__clkbuf_16)
                  0.03    0.16  100.30 ^ clkbuf_0_clk/X (sky130_fd_sc_hd__clkbuf_16)
     2    0.01                           clknet_0_clk (net)
                  0.03    0.00  100.30 ^ clkbuf_1_0_0_clk/A (sky130_fd_sc_hd__clkbuf_2)
                  0.05    0.10  100.40 ^ clkbuf_1_0_0_clk/X (sky130_fd_sc_hd__clkbuf_2)
     2    0.01                           clknet_1_0_0_clk (net)
                  0.05    0.00  100.40 ^ _49_/CLK (sky130_fd_sc_hd__dfrtp_4)
                         -0.25  100.15   clock uncertainty
                          0.00  100.15   clock reconvergence pessimism
                          0.18  100.32   library recovery time
                                100.32   data required time
-----------------------------------------------------------------------------
                                100.32   data required time
                                -20.23   data arrival time
-----------------------------------------------------------------------------
                                 80.09   slack (MET)


Startpoint: dn (input port clocked by clk)
Endpoint: _49_ (rising edge-triggered flip-flop clocked by clk)
Path Group: clk
Path Type: max

Fanout     Cap    Slew   Delay    Time   Description
-----------------------------------------------------------------------------
                          0.00    0.00   clock clk (rise edge)
                          0.00    0.00   clock network delay (propagated)
                         20.00   20.00 v input external delay
                  0.02    0.01   20.01 v dn (in)
     1    0.01                           dn (net)
                  0.02    0.00   20.01 v input5/A (sky130_fd_sc_hd__buf_6)
                  0.07    0.15   20.16 v input5/X (sky130_fd_sc_hd__buf_6)
     3    0.07                           net5 (net)
                  0.08    0.02   20.18 v _29_/A (sky130_fd_sc_hd__inv_2)
                  0.08    0.10   20.28 ^ _29_/Y (sky130_fd_sc_hd__inv_2)
     2    0.02                           _14_ (net)
                  0.08    0.00   20.28 ^ _30_/A2 (sky130_fd_sc_hd__o22a_1)
                  0.10    0.18   20.46 ^ _30_/X (sky130_fd_sc_hd__o22a_1)
     2    0.01                           _15_ (net)
                  0.10    0.00   20.46 ^ _31_/A (sky130_fd_sc_hd__inv_2)
                  0.03    0.05   20.51 v _31_/Y (sky130_fd_sc_hd__inv_2)
     2    0.01                           _16_ (net)
                  0.03    0.00   20.51 v _34_/B2 (sky130_fd_sc_hd__o22a_1)
                  0.09    0.21   20.73 v _34_/X (sky130_fd_sc_hd__o22a_1)
     3    0.01                           _18_ (net)
                  0.09    0.00   20.73 v _38_/B1 (sky130_fd_sc_hd__o22a_2)
                  0.08    0.28   21.01 v _38_/X (sky130_fd_sc_hd__o22a_2)
     2    0.02                           _21_ (net)
                  0.08    0.00   21.01 v _40_/A1_N (sky130_fd_sc_hd__o2bb2ai_4)
                  0.07    0.18   21.19 v _40_/Y (sky130_fd_sc_hd__o2bb2ai_4)
     1    0.02                           _03_ (net)
                  0.07    0.00   21.19 v _44_/A0 (sky130_fd_sc_hd__mux2_2)
                  0.10    0.36   21.55 v _44_/X (sky130_fd_sc_hd__mux2_2)
     1    0.03                           _07_ (net)
                  0.10    0.00   21.55 v _41_/B2 (sky130_fd_sc_hd__o22a_1)
                  0.08    0.23   21.78 v _41_/X (sky130_fd_sc_hd__o22a_1)
     1    0.01                           _11_ (net)
                  0.08    0.00   21.78 v _49_/D (sky130_fd_sc_hd__dfrtp_4)
                                 21.78   data arrival time

                        100.00  100.00   clock clk (rise edge)
                          0.00  100.00   clock source latency
                  0.21    0.14  100.14 ^ clk (in)
     1    0.04                           clk (net)
                  0.21    0.00  100.14 ^ clkbuf_0_clk/A (sky130_fd_sc_hd__clkbuf_16)
                  0.03    0.16  100.30 ^ clkbuf_0_clk/X (sky130_fd_sc_hd__clkbuf_16)
     2    0.01                           clknet_0_clk (net)
                  0.03    0.00  100.30 ^ clkbuf_1_0_0_clk/A (sky130_fd_sc_hd__clkbuf_2)
                  0.05    0.10  100.40 ^ clkbuf_1_0_0_clk/X (sky130_fd_sc_hd__clkbuf_2)
     2    0.01                           clknet_1_0_0_clk (net)
                  0.05    0.00  100.40 ^ _49_/CLK (sky130_fd_sc_hd__dfrtp_4)
                         -0.25  100.15   clock uncertainty
                          0.00  100.15   clock reconvergence pessimism
                         -0.13  100.02   library setup time
                                100.02   data required time
-----------------------------------------------------------------------------
                                100.02   data required time
                                -21.78   data arrival time
-----------------------------------------------------------------------------
                                 78.24   slack (MET)



===========================================================================
report_checks --slack_max -0.01
============================================================================
No paths found.
check_report_end
check_slew

===========================================================================
 report_check_types -max_slew -max_cap -max_fanout -violators
============================================================================

===========================================================================
max slew violation count 0
max fanout violation count 0
max cap violation count 0
============================================================================
check_slew_end
tns_report

===========================================================================
 report_tns
============================================================================
tns 0.00
tns_report_end
wns_report

===========================================================================
 report_wns
============================================================================
wns 0.00
wns_report_end
worst_slack

===========================================================================
 report_worst_slack -max (Setup)
============================================================================
worst slack 78.24

===========================================================================
 report_worst_slack -min (Hold)
============================================================================
worst slack 0.49
worst_slack_end
clock_skew

===========================================================================
 report_clock_skew
============================================================================
Clock clk
Latency      CRPR       Skew
_47_/CLK ^
   0.44
_49_/CLK ^
   0.40     -0.03       0.01

clock_skew_end
power_report

===========================================================================
 report_power
============================================================================
Group                  Internal  Switching    Leakage      Total
                          Power      Power      Power      Power
----------------------------------------------------------------
Sequential             1.72e-06   1.13e-06   3.23e-11   2.86e-06  27.4%
Combinational          3.77e-06   3.80e-06   1.54e-09   7.58e-06  72.6%
Macro                  0.00e+00   0.00e+00   0.00e+00   0.00e+00   0.0%
Pad                    0.00e+00   0.00e+00   0.00e+00   0.00e+00   0.0%
----------------------------------------------------------------
Total                  5.50e-06   4.94e-06   1.58e-09   1.04e-05 100.0%
                          52.7%      47.3%       0.0%
power_report_end
area_report

===========================================================================
 report_design_area
============================================================================
Design area 8079 u^2 2% utilization.
area_report_end
