0-prep 0h0m3s10ms
1-opensta 0h0m1s160ms
1-yosys 0h0m0s311ms
3-yosys 0h0m0s375ms
4-init_floorplan_openroad 0h0m1s195ms
5-ioPlacer 0h0m0s901ms
8-pdn 0h0m1s417ms
10-pdn 0h0m1s290ms
12-pdn 0h0m1s264ms
14-pdn 0h0m1s250ms
15-replace 0h0m0s913ms
16-opendp 0h0m1s585ms
17-resizer_timing_optimization 0h0m4s321ms
18-write_verilog 0h0m0s919ms
19-opendp 0h0m1s233ms
20-addspacers 0h0m0s25ms
21-fastroute 0h0m2s430ms
22-write_verilog 0h0m0s923ms
23-tritonRoute 0h0m46s708ms
24-spef_extraction 0h0m1s480ms
24-spef_extraction_sta 0h0m1s314ms
26-spef_extraction 0h0m1s492ms
27-spef_extraction_multi_corner_sta 0h0m2s561ms
27-spef_extraction 0h0m1s970ms
30-write_verilog 0h0m0s989ms
34-magic_gen 0h0m4s963ms
35-klayout 0h0m1s601ms
37-klayout_xor 0h0m49s373ms
38-magic_ext_spice 0h0m9s489ms
39-lvs 0h0m0s127ms