
===========================================================================
 report_check_types -max_slew -max_cap -max_fanout -violators
============================================================================
max slew

Pin                                    Limit    Slew   Slack
------------------------------------------------------------
io_in[0]                                1.50    2.14   -0.64 (VIOLATED)
io_in[24]                               1.50    2.08   -0.59 (VIOLATED)
io_in[37]                               1.50    2.06   -0.56 (VIOLATED)
io_in[15]                               1.50    2.05   -0.55 (VIOLATED)
io_in[14]                               1.50    2.04   -0.54 (VIOLATED)
io_in[1]                                1.50    2.03   -0.53 (VIOLATED)
io_in[23]                               1.50    1.97   -0.47 (VIOLATED)
io_in[25]                               1.50    1.94   -0.44 (VIOLATED)
io_in[36]                               1.50    1.94   -0.44 (VIOLATED)
io_in[13]                               1.50    1.90   -0.41 (VIOLATED)
io_in[2]                                1.50    1.90   -0.40 (VIOLATED)
io_in[16]                               1.50    1.82   -0.32 (VIOLATED)
io_in[35]                               1.50    1.81   -0.31 (VIOLATED)
io_in[26]                               1.50    1.81   -0.31 (VIOLATED)
io_in[3]                                1.50    1.78   -0.28 (VIOLATED)
io_in[12]                               1.50    1.77   -0.28 (VIOLATED)
io_in[22]                               1.50    1.76   -0.26 (VIOLATED)
io_in[27]                               1.50    1.68   -0.18 (VIOLATED)
io_in[34]                               1.50    1.66   -0.16 (VIOLATED)
io_in[4]                                1.50    1.66   -0.16 (VIOLATED)
io_in[11]                               1.50    1.64   -0.14 (VIOLATED)
io_in[17]                               1.50    1.63   -0.13 (VIOLATED)
user_clock2                             1.50    1.62   -0.12 (VIOLATED)
io_in[28]                               1.50    1.55   -0.05 (VIOLATED)
io_in[21]                               1.50    1.55   -0.05 (VIOLATED)
io_in[5]                                1.50    1.52   -0.03 (VIOLATED)

max capacitance

Pin                                    Limit     Cap   Slack
------------------------------------------------------------
io_in[0]                                0.33    0.49   -0.16 (VIOLATED)
io_in[24]                               0.33    0.47   -0.14 (VIOLATED)
io_in[37]                               0.33    0.47   -0.14 (VIOLATED)
io_in[15]                               0.33    0.47   -0.14 (VIOLATED)
io_in[14]                               0.33    0.46   -0.13 (VIOLATED)
io_in[1]                                0.33    0.46   -0.13 (VIOLATED)
io_in[23]                               0.33    0.45   -0.12 (VIOLATED)
io_in[25]                               0.33    0.44   -0.11 (VIOLATED)
io_in[36]                               0.33    0.44   -0.11 (VIOLATED)
io_in[13]                               0.33    0.43   -0.10 (VIOLATED)
io_in[2]                                0.33    0.43   -0.10 (VIOLATED)
io_in[16]                               0.33    0.42   -0.08 (VIOLATED)
io_in[26]                               0.33    0.41   -0.08 (VIOLATED)
io_in[35]                               0.33    0.41   -0.08 (VIOLATED)
io_in[3]                                0.33    0.40   -0.07 (VIOLATED)
io_in[22]                               0.33    0.40   -0.07 (VIOLATED)
io_in[12]                               0.33    0.40   -0.07 (VIOLATED)
io_in[27]                               0.33    0.38   -0.05 (VIOLATED)
io_in[34]                               0.33    0.37   -0.04 (VIOLATED)
io_in[4]                                0.33    0.37   -0.04 (VIOLATED)
io_in[11]                               0.33    0.37   -0.04 (VIOLATED)
io_in[17]                               0.33    0.36   -0.03 (VIOLATED)
user_clock2                             0.33    0.36   -0.03 (VIOLATED)
io_in[21]                               0.33    0.35   -0.02 (VIOLATED)
io_in[28]                               0.33    0.35   -0.01 (VIOLATED)
io_in[5]                                0.33    0.34   -0.01 (VIOLATED)
io_in[10]                               0.33    0.34   -0.00 (VIOLATED)
io_in[33]                               0.33    0.33   -0.00 (VIOLATED)


===========================================================================
max slew violation count 26
max fanout violation count 0
max cap violation count 28
============================================================================
