
===========================================================================
 report_check_types -max_slew -max_cap -max_fanout -violators
============================================================================
max slew

Pin                                    Limit    Slew   Slack
------------------------------------------------------------
io_in[25]                               1.50    2.60   -1.10 (VIOLATED)
io_in[26]                               1.50    2.55   -1.05 (VIOLATED)
io_in[27]                               1.50    2.43   -0.93 (VIOLATED)
io_in[28]                               1.50    2.29   -0.80 (VIOLATED)
io_in[24]                               1.50    2.16   -0.66 (VIOLATED)
io_in[29]                               1.50    2.15   -0.65 (VIOLATED)
io_in[30]                               1.50    2.04   -0.54 (VIOLATED)
wbs_sel_i[2]                            1.50    1.99   -0.49 (VIOLATED)
io_in[0]                                1.50    1.96   -0.46 (VIOLATED)
wbs_sel_i[0]                            1.50    1.89   -0.39 (VIOLATED)
la_oenb[127]                            1.50    1.84   -0.34 (VIOLATED)
la_oenb[125]                            1.50    1.81   -0.31 (VIOLATED)
la_data_in[126]                         1.50    1.80   -0.30 (VIOLATED)
la_data_in[125]                         1.50    1.79   -0.29 (VIOLATED)
wbs_dat_i[0]                            1.50    1.78   -0.28 (VIOLATED)
la_data_in[124]                         1.50    1.77   -0.27 (VIOLATED)
la_data_in[123]                         1.50    1.76   -0.26 (VIOLATED)
wbs_stb_i                               1.50    1.75   -0.25 (VIOLATED)
la_data_in[127]                         1.50    1.74   -0.24 (VIOLATED)
io_in[1]                                1.50    1.73   -0.24 (VIOLATED)
io_in[37]                               1.50    1.73   -0.23 (VIOLATED)
io_in[23]                               1.50    1.72   -0.22 (VIOLATED)
io_in[2]                                1.50    1.72   -0.22 (VIOLATED)
wbs_adr_i[7]                            1.50    1.69   -0.19 (VIOLATED)
wb_rst_i                                1.50    1.66   -0.17 (VIOLATED)
io_in[35]                               1.50    1.66   -0.16 (VIOLATED)
la_oenb[126]                            1.50    1.65   -0.16 (VIOLATED)
io_in[36]                               1.50    1.64   -0.15 (VIOLATED)
la_oenb[124]                            1.50    1.63   -0.13 (VIOLATED)
wbs_adr_i[12]                           1.50    1.63   -0.13 (VIOLATED)
wbs_adr_i[13]                           1.50    1.62   -0.12 (VIOLATED)
io_in[32]                               1.50    1.62   -0.12 (VIOLATED)
la_oenb[123]                            1.50    1.61   -0.11 (VIOLATED)
wb_clk_i                                1.50    1.61   -0.11 (VIOLATED)
wbs_dat_i[10]                           1.50    1.61   -0.11 (VIOLATED)
io_in[15]                               1.50    1.60   -0.10 (VIOLATED)
io_in[3]                                1.50    1.60   -0.10 (VIOLATED)
wbs_adr_i[1]                            1.50    1.60   -0.10 (VIOLATED)
wbs_adr_i[14]                           1.50    1.59   -0.10 (VIOLATED)
wbs_dat_i[14]                           1.50    1.59   -0.09 (VIOLATED)
la_data_in[122]                         1.50    1.58   -0.08 (VIOLATED)
wbs_adr_i[0]                            1.50    1.57   -0.07 (VIOLATED)
wbs_sel_i[3]                            1.50    1.56   -0.06 (VIOLATED)
la_data_in[121]                         1.50    1.56   -0.06 (VIOLATED)
wbs_adr_i[3]                            1.50    1.55   -0.05 (VIOLATED)
la_data_in[120]                         1.50    1.55   -0.05 (VIOLATED)
la_data_in[119]                         1.50    1.55   -0.05 (VIOLATED)
la_data_in[118]                         1.50    1.53   -0.03 (VIOLATED)
io_in[4]                                1.50    1.52   -0.02 (VIOLATED)

max capacitance

Pin                                    Limit     Cap   Slack
------------------------------------------------------------
io_in[25]                               0.33    0.64   -0.31 (VIOLATED)
io_in[26]                               0.33    0.62   -0.29 (VIOLATED)
io_in[27]                               0.33    0.59   -0.26 (VIOLATED)
io_in[28]                               0.33    0.55   -0.22 (VIOLATED)
io_in[29]                               0.33    0.51   -0.18 (VIOLATED)
io_in[24]                               0.33    0.51   -0.18 (VIOLATED)
io_in[30]                               0.33    0.48   -0.15 (VIOLATED)
io_in[0]                                0.33    0.47   -0.14 (VIOLATED)
wbs_sel_i[2]                            0.33    0.45   -0.11 (VIOLATED)
io_in[23]                               0.33    0.44   -0.10 (VIOLATED)
io_in[1]                                0.33    0.43   -0.10 (VIOLATED)
io_in[37]                               0.33    0.42   -0.09 (VIOLATED)
wbs_sel_i[0]                            0.33    0.42   -0.09 (VIOLATED)
la_oenb[127]                            0.33    0.42   -0.09 (VIOLATED)
io_in[2]                                0.33    0.41   -0.08 (VIOLATED)
la_oenb[125]                            0.33    0.41   -0.08 (VIOLATED)
la_data_in[126]                         0.33    0.41   -0.08 (VIOLATED)
la_data_in[125]                         0.33    0.40   -0.07 (VIOLATED)
wbs_dat_i[0]                            0.33    0.40   -0.07 (VIOLATED)
la_data_in[124]                         0.33    0.40   -0.07 (VIOLATED)
io_in[36]                               0.33    0.40   -0.07 (VIOLATED)
io_in[35]                               0.33    0.40   -0.07 (VIOLATED)
la_data_in[123]                         0.33    0.40   -0.07 (VIOLATED)
la_data_in[127]                         0.33    0.39   -0.06 (VIOLATED)
wbs_stb_i                               0.33    0.39   -0.06 (VIOLATED)
io_in[3]                                0.33    0.39   -0.05 (VIOLATED)
wbs_adr_i[7]                            0.33    0.38   -0.05 (VIOLATED)
io_in[32]                               0.33    0.38   -0.05 (VIOLATED)
io_in[15]                               0.33    0.38   -0.05 (VIOLATED)
wb_rst_i                                0.33    0.38   -0.04 (VIOLATED)
la_oenb[126]                            0.33    0.37   -0.04 (VIOLATED)
la_oenb[124]                            0.33    0.37   -0.04 (VIOLATED)
wbs_adr_i[12]                           0.33    0.37   -0.03 (VIOLATED)
wb_clk_i                                0.33    0.37   -0.03 (VIOLATED)
wbs_adr_i[13]                           0.33    0.36   -0.03 (VIOLATED)
la_oenb[123]                            0.33    0.36   -0.03 (VIOLATED)
wbs_dat_i[10]                           0.33    0.36   -0.03 (VIOLATED)
io_in[4]                                0.33    0.36   -0.03 (VIOLATED)
wbs_adr_i[1]                            0.33    0.36   -0.03 (VIOLATED)
wbs_adr_i[14]                           0.33    0.36   -0.03 (VIOLATED)
wbs_dat_i[14]                           0.33    0.36   -0.03 (VIOLATED)
la_data_in[122]                         0.33    0.35   -0.02 (VIOLATED)
wbs_adr_i[0]                            0.33    0.35   -0.02 (VIOLATED)
wbs_sel_i[3]                            0.33    0.35   -0.02 (VIOLATED)
la_data_in[121]                         0.33    0.35   -0.02 (VIOLATED)
wbs_adr_i[3]                            0.33    0.35   -0.02 (VIOLATED)
la_data_in[120]                         0.33    0.35   -0.02 (VIOLATED)
la_data_in[119]                         0.33    0.35   -0.02 (VIOLATED)
io_in[34]                               0.33    0.35   -0.01 (VIOLATED)
la_data_in[118]                         0.33    0.34   -0.01 (VIOLATED)
io_in[22]                               0.33    0.34   -0.01 (VIOLATED)
la_data_in[116]                         0.33    0.34   -0.00 (VIOLATED)


===========================================================================
max slew violation count 49
max fanout violation count 0
max cap violation count 52
============================================================================
