[INFO]: Current run directory is /home/shahid/caravel_user_project/openlane/user_project_wrapper/runs/user_project_wrapper
[INFO]: Preparing LEF Files
[INFO]: Extracting the number of available metal layers from /home/shahid/OSPDKs/sky130A/libs.ref/sky130_fd_sc_hd/techlef/sky130_fd_sc_hd.tlef
[INFO]: The number of available metal layers is 6
[INFO]: The available metal layers are li1 met1 met2 met3 met4 met5
[INFO]: Merging LEF Files...
[INFO]: Merging the following extra LEFs:  /home/shahid/caravel_user_project/openlane/user_project_wrapper/../../lef/user_proj_example.lef  /home/shahid/caravel_user_project/openlane/user_project_wrapper/../../lef/counter.lef
[INFO]: Trimming Liberty...
[INFO]: Generating Exclude List...
[INFO]: Generating Exclude List...
[INFO]: Creating ::env(DONT_USE_CELLS)...
[INFO]: Storing configs into config.tcl ...
[INFO]: Preparation complete
[INFO]: Running Synthesis...
[INFO]: current step index: 1
[INFO]: Changing netlist from 0 to /home/shahid/caravel_user_project/openlane/user_project_wrapper/runs/user_project_wrapper/results/synthesis/user_project_wrapper.synthesis.v
[INFO]: Running Static Timing Analysis...
[INFO]: current step index: 2
[INFO]: Synthesis was successful
[INFO]: Creating a synthesis netlist with PG pins.
[INFO]: current step index: 3
[INFO]: Running Floorplanning...
[INFO]: Running Initial Floorplanning...
[INFO]: current step index: 4
[INFO]: Core area width: 2908.96
[INFO]: Core area height: 3498.24
[INFO]: Final Vertical PDN Offset: 5
[INFO]: Final Horizontal PDN Offset: 5
[INFO]: Final Vertical PDN Pitch: 180
[INFO]: Final Horizontal PDN Pitch: 180
[INFO]: Changing layout from 0 to /home/shahid/caravel_user_project/openlane/user_project_wrapper/runs/user_project_wrapper/tmp/floorplan/4-init_floorplan_openroad.def
[INFO]: current step index: 5
[INFO]: Changing layout from /home/shahid/caravel_user_project/openlane/user_project_wrapper/runs/user_project_wrapper/tmp/floorplan/4-init_floorplan_openroad.def to /home/shahid/caravel_user_project/openlane/user_project_wrapper/runs/user_project_wrapper/tmp/floorplan/5-ioPlacer.def
[INFO]:  Manual Macro Placement...
[INFO]: current step index: 6
[INFO]: Changing layout from /home/shahid/caravel_user_project/openlane/user_project_wrapper/runs/user_project_wrapper/tmp/floorplan/5-ioPlacer.def to /home/shahid/caravel_user_project/openlane/user_project_wrapper/runs/user_project_wrapper/tmp/floorplan/5-ioPlacer.macro_placement.def
[WARNING]: Skipping Tap/Decap Insertion.
[INFO]: Power planning the following nets
[INFO]: Power: vccd1 vccd2 vdda1 vdda2
[INFO]: Ground: vssd1 vssd2 vssa1 vssa2
[INFO]: Connecting count1 to vccd1 and vssd1 nets.
[INFO]: Generating PDN...
[INFO]: current step index: 7
[INFO]: current step index: 8
[INFO]: PDN generation was successful.
[INFO]: Changing layout from /home/shahid/caravel_user_project/openlane/user_project_wrapper/runs/user_project_wrapper/tmp/floorplan/5-ioPlacer.macro_placement.def to /home/shahid/caravel_user_project/openlane/user_project_wrapper/runs/user_project_wrapper/tmp/floorplan/7-pdn.def
[WARNING]: All internal macros will not be connected to power.
[INFO]: Generating PDN...
[INFO]: current step index: 9
[INFO]: current step index: 10
[INFO]: PDN generation was successful.
[INFO]: Changing layout from /home/shahid/caravel_user_project/openlane/user_project_wrapper/runs/user_project_wrapper/tmp/floorplan/7-pdn.def to /home/shahid/caravel_user_project/openlane/user_project_wrapper/runs/user_project_wrapper/tmp/floorplan/9-pdn.def
[WARNING]: All internal macros will not be connected to power.
[INFO]: Generating PDN...
[INFO]: current step index: 11
[INFO]: current step index: 12
[INFO]: PDN generation was successful.
[INFO]: Changing layout from /home/shahid/caravel_user_project/openlane/user_project_wrapper/runs/user_project_wrapper/tmp/floorplan/9-pdn.def to /home/shahid/caravel_user_project/openlane/user_project_wrapper/runs/user_project_wrapper/tmp/floorplan/11-pdn.def
[WARNING]: All internal macros will not be connected to power.
[INFO]: Generating PDN...
[INFO]: current step index: 13
[INFO]: current step index: 14
[INFO]: PDN generation was successful.
[INFO]: Changing layout from /home/shahid/caravel_user_project/openlane/user_project_wrapper/runs/user_project_wrapper/tmp/floorplan/11-pdn.def to /home/shahid/caravel_user_project/openlane/user_project_wrapper/runs/user_project_wrapper/tmp/floorplan/13-pdn.def
[INFO]: Running Placement...
[WARNING]: Performing Random Global Placement...
[INFO]: current step index: 15
[INFO]: Changing layout from /home/shahid/caravel_user_project/openlane/user_project_wrapper/runs/user_project_wrapper/tmp/floorplan/13-pdn.def to /home/shahid/caravel_user_project/openlane/user_project_wrapper/runs/user_project_wrapper/tmp/placement/15-replace.def
[INFO]: Skipping Resizer Design Optimizations.
[INFO]: Running Detailed Placement...
[INFO]: current step index: 16
[INFO]: Changing layout from /home/shahid/caravel_user_project/openlane/user_project_wrapper/runs/user_project_wrapper/tmp/placement/15-replace.def to /home/shahid/caravel_user_project/openlane/user_project_wrapper/runs/user_project_wrapper/results/placement/user_project_wrapper.placement.def
[INFO]: Changing layout from /home/shahid/caravel_user_project/openlane/user_project_wrapper/runs/user_project_wrapper/results/placement/user_project_wrapper.placement.def to /home/shahid/caravel_user_project/openlane/user_project_wrapper/runs/user_project_wrapper/results/placement/user_project_wrapper.placement.def
[INFO]: current step index: 17
[INFO]: Skipping Resizer Timing Optimizations.
[INFO]: Routing...
[INFO]: Running Resizer Timing Optimizations...
[INFO]: Changing layout from /home/shahid/caravel_user_project/openlane/user_project_wrapper/runs/user_project_wrapper/results/placement/user_project_wrapper.placement.def to /home/shahid/caravel_user_project/openlane/user_project_wrapper/runs/user_project_wrapper/tmp/placement/17-resizer_timing.def
[INFO]: Writing Verilog...
[INFO]: current step index: 18
[INFO]: Changing netlist from /home/shahid/caravel_user_project/openlane/user_project_wrapper/runs/user_project_wrapper/results/synthesis/user_project_wrapper.synthesis.v to /home/shahid/caravel_user_project/openlane/user_project_wrapper/runs/user_project_wrapper/results/resizer/user_project_wrapper_optimized.v
[INFO]: Running Detailed Placement...
[INFO]: current step index: 19
[INFO]: Changing layout from /home/shahid/caravel_user_project/openlane/user_project_wrapper/runs/user_project_wrapper/tmp/placement/17-resizer_timing.def to /home/shahid/caravel_user_project/openlane/user_project_wrapper/runs/user_project_wrapper/results/placement/user_project_wrapper.placement.def
[INFO]: Changing layout from /home/shahid/caravel_user_project/openlane/user_project_wrapper/runs/user_project_wrapper/results/placement/user_project_wrapper.placement.def to /home/shahid/caravel_user_project/openlane/user_project_wrapper/runs/user_project_wrapper/results/placement/user_project_wrapper.placement.def
[INFO]: Running Global Routing...
[INFO]: current step index: 20
[INFO]: Changing layout from /home/shahid/caravel_user_project/openlane/user_project_wrapper/runs/user_project_wrapper/results/placement/user_project_wrapper.placement.def to /home/shahid/caravel_user_project/openlane/user_project_wrapper/runs/user_project_wrapper/tmp/routing/20-fastroute.def
[INFO]: Changing layout from 0 to /home/shahid/caravel_user_project/openlane/user_project_wrapper/runs/user_project_wrapper/tmp/routing/20-fastroute.guide
[INFO]: Changing layout from /home/shahid/caravel_user_project/openlane/user_project_wrapper/runs/user_project_wrapper/tmp/routing/20-fastroute.def to /home/shahid/caravel_user_project/openlane/user_project_wrapper/runs/user_project_wrapper/tmp/routing/20-fastroute.def
[INFO]: Changing layout from /home/shahid/caravel_user_project/openlane/user_project_wrapper/runs/user_project_wrapper/tmp/routing/20-fastroute.guide to /home/shahid/caravel_user_project/openlane/user_project_wrapper/runs/user_project_wrapper/tmp/routing/20-fastroute.guide
[INFO]: Current Def is /home/shahid/caravel_user_project/openlane/user_project_wrapper/runs/user_project_wrapper/tmp/routing/20-fastroute.def
[INFO]: Current Guide is /home/shahid/caravel_user_project/openlane/user_project_wrapper/runs/user_project_wrapper/tmp/routing/20-fastroute.guide
[INFO]: Running Fill Insertion...
[INFO]: current step index: 21
[INFO]: Changing layout from /home/shahid/caravel_user_project/openlane/user_project_wrapper/runs/user_project_wrapper/tmp/routing/20-fastroute.def to /home/shahid/caravel_user_project/openlane/user_project_wrapper/runs/user_project_wrapper/tmp/routing/21-addspacers.def
[INFO]: Writing Verilog...
[INFO]: current step index: 22
[INFO]: Changing netlist from /home/shahid/caravel_user_project/openlane/user_project_wrapper/runs/user_project_wrapper/results/resizer/user_project_wrapper_optimized.v to /home/shahid/caravel_user_project/openlane/user_project_wrapper/runs/user_project_wrapper/tmp/routing/fastroute_gr.v
[INFO]: Running Detailed Routing...
[INFO]: current step index: 23
[INFO]: No DRC violations after detailed routing.
[INFO]: Changing layout from /home/shahid/caravel_user_project/openlane/user_project_wrapper/runs/user_project_wrapper/tmp/routing/21-addspacers.def to /home/shahid/caravel_user_project/openlane/user_project_wrapper/runs/user_project_wrapper/results/routing/22-user_project_wrapper.def
[INFO]: Running SPEF Extraction...
[INFO]: current step index: 24
[INFO]: Running Static Timing Analysis...
[INFO]: current step index: 25
[INFO]: Running SPEF Extraction...
[INFO]: current step index: 26
[INFO]: Running SPEF Extraction...
[INFO]: current step index: 27
[INFO]: Running Static Timing Analysis...
[INFO]: current step index: 28
[INFO]: Calculating Runtime From the Start...
[INFO]: Routing completed for user_project_wrapper/2022.06.15_10.53.46 in 0h1m17s
[INFO]: Writing Powered Verilog...
[INFO]: current step index: 29
[INFO]: Writing Verilog...
[INFO]: current step index: 30
[INFO]: Yosys won't attempt to rewrite verilog, and the OpenROAD output will be used as is.
[INFO]: Changing netlist from /home/shahid/caravel_user_project/openlane/user_project_wrapper/runs/user_project_wrapper/tmp/routing/fastroute_gr.v to /home/shahid/caravel_user_project/openlane/user_project_wrapper/runs/user_project_wrapper/results/lvs/user_project_wrapper.lvs.powered.v
[INFO]: Running Magic to generate various views...
[INFO]: Streaming out GDS II...
[INFO]: current step index: 31
[INFO]: current step index: 32
[INFO]: current step index: 33
[INFO]: current step index: 34
[INFO]: Running Klayout to re-generate GDS-II...
[INFO]: Streaming out GDS II...
[INFO]: current step index: 35
[INFO]: Back-up GDS-II streamed out.
[INFO]: Running XOR on the layouts using Klayout...
[INFO]: current step index: 36
[INFO]: current step index: 37
[INFO]: Klayout XOR Complete
[INFO]: Running Magic Spice Export from LEF...
[INFO]: current step index: 38
[INFO]: No Illegal overlaps detected during extraction.
[INFO]: Running LEF LVS...
[INFO]: /home/shahid/caravel_user_project/openlane/user_project_wrapper/runs/user_project_wrapper/results/magic/user_project_wrapper.spice against /home/shahid/caravel_user_project/openlane/user_project_wrapper/runs/user_project_wrapper/results/lvs/user_project_wrapper.lvs.powered.v
[INFO]: current step index: 39
[ERROR]: There are LVS errors in the design according to Netgen LVS.
[INFO]: Calculating Runtime From the Start...
[INFO]: flow failed for user_project_wrapper/2022.06.15_10.53.46 in 0h1m46s
[INFO]: Generating Final Summary Report...
[INFO]: Design Name: user_project_wrapper
Run Directory: /home/shahid/caravel_user_project/openlane/user_project_wrapper/runs/user_project_wrapper
Source not found.
----------------------------------------

LVS Summary:
Source: /home/shahid/caravel_user_project/openlane/user_project_wrapper/runs/user_project_wrapper/results/lvs/user_project_wrapper.lvs_parsed.lef.log
    net count difference = 0
    unmatched nets = 0
Total errors = 1
----------------------------------------

Antenna Summary:
No antenna report found.
[INFO]: check full report here: /home/shahid/caravel_user_project/openlane/user_project_wrapper/runs/user_project_wrapper/reports/final_summary_report.csv
[INFO]: Saving Runtime Environment
[ERROR]: Flow Failed.
