Netgen 1.5.191 compiled on Thu Oct 21 08:33:49 UTC 2021
Warning: netgen command 'format' use fully-qualified name '::netgen::format'
Warning: netgen command 'global' use fully-qualified name '::netgen::global'
Generating JSON file result
Reading netlist file /home/shahid/caravel_user_project/openlane/counter/runs/counter/results/magic/counter.spice
Reading netlist file /home/shahid/caravel_user_project/openlane/counter/runs/counter/results/lvs/counter.lvs.powered.v
Warning:  A case-insensitive file has been read and so the	verilog file must be treated case-insensitive to match.
Creating placeholder cell definition for module sky130_fd_sc_hd__diode_2.
Creating placeholder cell definition for module sky130_fd_sc_hd__decap_3.
Creating placeholder cell definition for module sky130_fd_sc_hd__decap_12.
Creating placeholder cell definition for module sky130_fd_sc_hd__decap_4.
Creating placeholder cell definition for module sky130_fd_sc_hd__fill_1.
Creating placeholder cell definition for module sky130_fd_sc_hd__decap_6.
Creating placeholder cell definition for module sky130_fd_sc_hd__fill_2.
Creating placeholder cell definition for module sky130_fd_sc_hd__decap_8.
Creating placeholder cell definition for module sky130_fd_sc_hd__tapvpwrvgnd_1.
Creating placeholder cell definition for module sky130_fd_sc_hd__inv_2.
Creating placeholder cell definition for module sky130_fd_sc_hd__o22a_1.
Creating placeholder cell definition for module sky130_fd_sc_hd__clkinv_2.
Creating placeholder cell definition for module sky130_fd_sc_hd__clkbuf_2.
Creating placeholder cell definition for module sky130_fd_sc_hd__a22o_1.
Creating placeholder cell definition for module sky130_fd_sc_hd__a2bb2oi_2.
Creating placeholder cell definition for module sky130_fd_sc_hd__o22a_2.
Creating placeholder cell definition for module sky130_fd_sc_hd__a2bb2o_2.
Creating placeholder cell definition for module sky130_fd_sc_hd__o2bb2ai_4.
Creating placeholder cell definition for module sky130_fd_sc_hd__mux2_2.
Creating placeholder cell definition for module sky130_fd_sc_hd__mux2_1.
Creating placeholder cell definition for module sky130_fd_sc_hd__dfrtp_4.
Creating placeholder cell definition for module sky130_fd_sc_hd__clkbuf_16.
Creating placeholder cell definition for module sky130_fd_sc_hd__buf_4.
Creating placeholder cell definition for module sky130_fd_sc_hd__buf_2.
Creating placeholder cell definition for module sky130_fd_sc_hd__buf_6.
Creating placeholder cell definition for module sky130_fd_sc_hd__buf_8.
Creating placeholder cell definition for module sky130_fd_sc_hd__buf_12.
Reading setup file /home/shahid/OSPDKs/sky130A/libs.tech/netgen/sky130A_setup.tcl
Comparison output logged to file /home/shahid/caravel_user_project/openlane/counter/runs/counter/results/lvs/counter.lvs.lef.log
Logging to file "/home/shahid/caravel_user_project/openlane/counter/runs/counter/results/lvs/counter.lvs.lef.log" enabled
Contents of circuit 1:  Circuit: 'sky130_fd_sc_hd__fill_1'
Circuit sky130_fd_sc_hd__fill_1 contains 0 device instances.
Circuit contains 0 nets, and 4 disconnected pins.
Contents of circuit 2:  Circuit: 'sky130_fd_sc_hd__fill_1'
Circuit sky130_fd_sc_hd__fill_1 contains 0 device instances.
Circuit contains 0 nets.

Circuit sky130_fd_sc_hd__fill_1 contains no devices.
Contents of circuit 1:  Circuit: 'sky130_fd_sc_hd__decap_6'
Circuit sky130_fd_sc_hd__decap_6 contains 0 device instances.
Circuit contains 0 nets, and 4 disconnected pins.
Contents of circuit 2:  Circuit: 'sky130_fd_sc_hd__decap_6'
Circuit sky130_fd_sc_hd__decap_6 contains 0 device instances.
Circuit contains 0 nets.

Circuit sky130_fd_sc_hd__decap_6 contains no devices.
Contents of circuit 1:  Circuit: 'sky130_fd_sc_hd__decap_12'
Circuit sky130_fd_sc_hd__decap_12 contains 0 device instances.
Circuit contains 0 nets, and 4 disconnected pins.
Contents of circuit 2:  Circuit: 'sky130_fd_sc_hd__decap_12'
Circuit sky130_fd_sc_hd__decap_12 contains 0 device instances.
Circuit contains 0 nets.

Circuit sky130_fd_sc_hd__decap_12 contains no devices.
Contents of circuit 1:  Circuit: 'sky130_fd_sc_hd__tapvpwrvgnd_1'
Circuit sky130_fd_sc_hd__tapvpwrvgnd_1 contains 0 device instances.
Circuit contains 0 nets, and 2 disconnected pins.
Contents of circuit 2:  Circuit: 'sky130_fd_sc_hd__tapvpwrvgnd_1'
Circuit sky130_fd_sc_hd__tapvpwrvgnd_1 contains 0 device instances.
Circuit contains 0 nets.

Circuit sky130_fd_sc_hd__tapvpwrvgnd_1 contains no devices.
Contents of circuit 1:  Circuit: 'sky130_fd_sc_hd__decap_4'
Circuit sky130_fd_sc_hd__decap_4 contains 0 device instances.
Circuit contains 0 nets, and 4 disconnected pins.
Contents of circuit 2:  Circuit: 'sky130_fd_sc_hd__decap_4'
Circuit sky130_fd_sc_hd__decap_4 contains 0 device instances.
Circuit contains 0 nets.

Circuit sky130_fd_sc_hd__decap_4 contains no devices.
Contents of circuit 1:  Circuit: 'sky130_fd_sc_hd__decap_8'
Circuit sky130_fd_sc_hd__decap_8 contains 0 device instances.
Circuit contains 0 nets, and 4 disconnected pins.
Contents of circuit 2:  Circuit: 'sky130_fd_sc_hd__decap_8'
Circuit sky130_fd_sc_hd__decap_8 contains 0 device instances.
Circuit contains 0 nets.

Circuit sky130_fd_sc_hd__decap_8 contains no devices.
Contents of circuit 1:  Circuit: 'sky130_fd_sc_hd__dfrtp_4'
Circuit sky130_fd_sc_hd__dfrtp_4 contains 0 device instances.
Circuit contains 0 nets, and 8 disconnected pins.
Contents of circuit 2:  Circuit: 'sky130_fd_sc_hd__dfrtp_4'
Circuit sky130_fd_sc_hd__dfrtp_4 contains 0 device instances.
Circuit contains 0 nets.

Circuit sky130_fd_sc_hd__dfrtp_4 contains no devices.
Contents of circuit 1:  Circuit: 'sky130_fd_sc_hd__decap_3'
Circuit sky130_fd_sc_hd__decap_3 contains 0 device instances.
Circuit contains 0 nets, and 4 disconnected pins.
Contents of circuit 2:  Circuit: 'sky130_fd_sc_hd__decap_3'
Circuit sky130_fd_sc_hd__decap_3 contains 0 device instances.
Circuit contains 0 nets.

Circuit sky130_fd_sc_hd__decap_3 contains no devices.
Contents of circuit 1:  Circuit: 'sky130_fd_sc_hd__fill_2'
Circuit sky130_fd_sc_hd__fill_2 contains 0 device instances.
Circuit contains 0 nets, and 4 disconnected pins.
Contents of circuit 2:  Circuit: 'sky130_fd_sc_hd__fill_2'
Circuit sky130_fd_sc_hd__fill_2 contains 0 device instances.
Circuit contains 0 nets.

Circuit sky130_fd_sc_hd__fill_2 contains no devices.
Contents of circuit 1:  Circuit: 'sky130_fd_sc_hd__buf_2'
Circuit sky130_fd_sc_hd__buf_2 contains 0 device instances.
Circuit contains 0 nets, and 6 disconnected pins.
Contents of circuit 2:  Circuit: 'sky130_fd_sc_hd__buf_2'
Circuit sky130_fd_sc_hd__buf_2 contains 0 device instances.
Circuit contains 0 nets.

Circuit sky130_fd_sc_hd__buf_2 contains no devices.
Contents of circuit 1:  Circuit: 'sky130_fd_sc_hd__inv_2'
Circuit sky130_fd_sc_hd__inv_2 contains 0 device instances.
Circuit contains 0 nets, and 6 disconnected pins.
Contents of circuit 2:  Circuit: 'sky130_fd_sc_hd__inv_2'
Circuit sky130_fd_sc_hd__inv_2 contains 0 device instances.
Circuit contains 0 nets.

Circuit sky130_fd_sc_hd__inv_2 contains no devices.
Contents of circuit 1:  Circuit: 'sky130_fd_sc_hd__mux2_1'
Circuit sky130_fd_sc_hd__mux2_1 contains 0 device instances.
Circuit contains 0 nets, and 8 disconnected pins.
Contents of circuit 2:  Circuit: 'sky130_fd_sc_hd__mux2_1'
Circuit sky130_fd_sc_hd__mux2_1 contains 0 device instances.
Circuit contains 0 nets.

Circuit sky130_fd_sc_hd__mux2_1 contains no devices.
Contents of circuit 1:  Circuit: 'sky130_fd_sc_hd__mux2_2'
Circuit sky130_fd_sc_hd__mux2_2 contains 0 device instances.
Circuit contains 0 nets, and 8 disconnected pins.
Contents of circuit 2:  Circuit: 'sky130_fd_sc_hd__mux2_2'
Circuit sky130_fd_sc_hd__mux2_2 contains 0 device instances.
Circuit contains 0 nets.

Circuit sky130_fd_sc_hd__mux2_2 contains no devices.
Contents of circuit 1:  Circuit: 'sky130_fd_sc_hd__clkinv_2'
Circuit sky130_fd_sc_hd__clkinv_2 contains 0 device instances.
Circuit contains 0 nets, and 6 disconnected pins.
Contents of circuit 2:  Circuit: 'sky130_fd_sc_hd__clkinv_2'
Circuit sky130_fd_sc_hd__clkinv_2 contains 0 device instances.
Circuit contains 0 nets.

Circuit sky130_fd_sc_hd__clkinv_2 contains no devices.
Contents of circuit 1:  Circuit: 'sky130_fd_sc_hd__o22a_1'
Circuit sky130_fd_sc_hd__o22a_1 contains 0 device instances.
Circuit contains 0 nets, and 9 disconnected pins.
Contents of circuit 2:  Circuit: 'sky130_fd_sc_hd__o22a_1'
Circuit sky130_fd_sc_hd__o22a_1 contains 0 device instances.
Circuit contains 0 nets.

Circuit sky130_fd_sc_hd__o22a_1 contains no devices.
Contents of circuit 1:  Circuit: 'sky130_fd_sc_hd__clkbuf_16'
Circuit sky130_fd_sc_hd__clkbuf_16 contains 0 device instances.
Circuit contains 0 nets, and 6 disconnected pins.
Contents of circuit 2:  Circuit: 'sky130_fd_sc_hd__clkbuf_16'
Circuit sky130_fd_sc_hd__clkbuf_16 contains 0 device instances.
Circuit contains 0 nets.

Circuit sky130_fd_sc_hd__clkbuf_16 contains no devices.
Contents of circuit 1:  Circuit: 'sky130_fd_sc_hd__o2bb2ai_4'
Circuit sky130_fd_sc_hd__o2bb2ai_4 contains 0 device instances.
Circuit contains 0 nets, and 9 disconnected pins.
Contents of circuit 2:  Circuit: 'sky130_fd_sc_hd__o2bb2ai_4'
Circuit sky130_fd_sc_hd__o2bb2ai_4 contains 0 device instances.
Circuit contains 0 nets.

Circuit sky130_fd_sc_hd__o2bb2ai_4 contains no devices.
Contents of circuit 1:  Circuit: 'sky130_fd_sc_hd__buf_4'
Circuit sky130_fd_sc_hd__buf_4 contains 0 device instances.
Circuit contains 0 nets, and 6 disconnected pins.
Contents of circuit 2:  Circuit: 'sky130_fd_sc_hd__buf_4'
Circuit sky130_fd_sc_hd__buf_4 contains 0 device instances.
Circuit contains 0 nets.

Circuit sky130_fd_sc_hd__buf_4 contains no devices.
Contents of circuit 1:  Circuit: 'sky130_fd_sc_hd__buf_6'
Circuit sky130_fd_sc_hd__buf_6 contains 0 device instances.
Circuit contains 0 nets, and 6 disconnected pins.
Contents of circuit 2:  Circuit: 'sky130_fd_sc_hd__buf_6'
Circuit sky130_fd_sc_hd__buf_6 contains 0 device instances.
Circuit contains 0 nets.

Circuit sky130_fd_sc_hd__buf_6 contains no devices.
Contents of circuit 1:  Circuit: 'sky130_fd_sc_hd__buf_8'
Circuit sky130_fd_sc_hd__buf_8 contains 0 device instances.
Circuit contains 0 nets, and 6 disconnected pins.
Contents of circuit 2:  Circuit: 'sky130_fd_sc_hd__buf_8'
Circuit sky130_fd_sc_hd__buf_8 contains 0 device instances.
Circuit contains 0 nets.

Circuit sky130_fd_sc_hd__buf_8 contains no devices.
Contents of circuit 1:  Circuit: 'sky130_fd_sc_hd__buf_12'
Circuit sky130_fd_sc_hd__buf_12 contains 0 device instances.
Circuit contains 0 nets, and 6 disconnected pins.
Contents of circuit 2:  Circuit: 'sky130_fd_sc_hd__buf_12'
Circuit sky130_fd_sc_hd__buf_12 contains 0 device instances.
Circuit contains 0 nets.

Circuit sky130_fd_sc_hd__buf_12 contains no devices.
Contents of circuit 1:  Circuit: 'sky130_fd_sc_hd__clkbuf_2'
Circuit sky130_fd_sc_hd__clkbuf_2 contains 0 device instances.
Circuit contains 0 nets, and 6 disconnected pins.
Contents of circuit 2:  Circuit: 'sky130_fd_sc_hd__clkbuf_2'
Circuit sky130_fd_sc_hd__clkbuf_2 contains 0 device instances.
Circuit contains 0 nets.

Circuit sky130_fd_sc_hd__clkbuf_2 contains no devices.
Contents of circuit 1:  Circuit: 'sky130_fd_sc_hd__a2bb2o_2'
Circuit sky130_fd_sc_hd__a2bb2o_2 contains 0 device instances.
Circuit contains 0 nets, and 9 disconnected pins.
Contents of circuit 2:  Circuit: 'sky130_fd_sc_hd__a2bb2o_2'
Circuit sky130_fd_sc_hd__a2bb2o_2 contains 0 device instances.
Circuit contains 0 nets.

Circuit sky130_fd_sc_hd__a2bb2o_2 contains no devices.
Contents of circuit 1:  Circuit: 'sky130_fd_sc_hd__o22a_2'
Circuit sky130_fd_sc_hd__o22a_2 contains 0 device instances.
Circuit contains 0 nets, and 9 disconnected pins.
Contents of circuit 2:  Circuit: 'sky130_fd_sc_hd__o22a_2'
Circuit sky130_fd_sc_hd__o22a_2 contains 0 device instances.
Circuit contains 0 nets.

Circuit sky130_fd_sc_hd__o22a_2 contains no devices.
Contents of circuit 1:  Circuit: 'sky130_fd_sc_hd__a2bb2oi_2'
Circuit sky130_fd_sc_hd__a2bb2oi_2 contains 0 device instances.
Circuit contains 0 nets, and 9 disconnected pins.
Contents of circuit 2:  Circuit: 'sky130_fd_sc_hd__a2bb2oi_2'
Circuit sky130_fd_sc_hd__a2bb2oi_2 contains 0 device instances.
Circuit contains 0 nets.

Circuit sky130_fd_sc_hd__a2bb2oi_2 contains no devices.
Contents of circuit 1:  Circuit: 'sky130_fd_sc_hd__a22o_1'
Circuit sky130_fd_sc_hd__a22o_1 contains 0 device instances.
Circuit contains 0 nets, and 9 disconnected pins.
Contents of circuit 2:  Circuit: 'sky130_fd_sc_hd__a22o_1'
Circuit sky130_fd_sc_hd__a22o_1 contains 0 device instances.
Circuit contains 0 nets.

Circuit sky130_fd_sc_hd__a22o_1 contains no devices.
Contents of circuit 1:  Circuit: 'sky130_fd_sc_hd__diode_2'
Circuit sky130_fd_sc_hd__diode_2 contains 0 device instances.
Circuit contains 0 nets, and 5 disconnected pins.
Contents of circuit 2:  Circuit: 'sky130_fd_sc_hd__diode_2'
Circuit sky130_fd_sc_hd__diode_2 contains 0 device instances.
Circuit contains 0 nets.

Circuit sky130_fd_sc_hd__diode_2 contains no devices.
Contents of circuit 1:  Circuit: 'counter'
Circuit counter contains 34205 device instances.
  Class: sky130_fd_sc_hd__a2bb2oi_2 instances:   1
  Class: sky130_fd_sc_hd__clkbuf_16 instances:   1
  Class: sky130_fd_sc_hd__buf_2 instances:   5
  Class: sky130_fd_sc_hd__buf_4 instances:   3
  Class: sky130_fd_sc_hd__buf_6 instances:   2
  Class: sky130_fd_sc_hd__buf_8 instances:   1
  Class: sky130_fd_sc_hd__a2bb2o_2 instances:   1
  Class: sky130_fd_sc_hd__dfrtp_4 instances:   4
  Class: sky130_fd_sc_hd__inv_2 instances:   5
  Class: sky130_fd_sc_hd__clkbuf_2 instances:   3
  Class: sky130_fd_sc_hd__buf_12 instances:   1
  Class: sky130_fd_sc_hd__clkinv_2 instances:   1
  Class: sky130_fd_sc_hd__decap_3 instances: 514
  Class: sky130_fd_sc_hd__decap_4 instances: 224
  Class: sky130_fd_sc_hd__decap_6 instances: 4501
  Class: sky130_fd_sc_hd__decap_8 instances: 124
  Class: sky130_fd_sc_hd__mux2_1 instances:   1
  Class: sky130_fd_sc_hd__mux2_2 instances:   3
  Class: sky130_fd_sc_hd__o2bb2ai_4 instances:   1
  Class: sky130_fd_sc_hd__o22a_1 instances:   7
  Class: sky130_fd_sc_hd__o22a_2 instances:   1
  Class: sky130_fd_sc_hd__diode_2 instances:   3
  Class: sky130_fd_sc_hd__a22o_1 instances:   1
  Class: sky130_fd_sc_hd__tapvpwrvgnd_1 instances: 4815
  Class: sky130_fd_sc_hd__fill_1 instances: 4721
  Class: sky130_fd_sc_hd__fill_2 instances:  12
  Class: sky130_fd_sc_hd__decap_12 instances: 19249
Circuit contains 53 nets.
Contents of circuit 2:  Circuit: 'counter'
Circuit counter contains 34205 device instances.
  Class: sky130_fd_sc_hd__a2bb2oi_2 instances:   1
  Class: sky130_fd_sc_hd__clkbuf_16 instances:   1
  Class: sky130_fd_sc_hd__buf_2 instances:   5
  Class: sky130_fd_sc_hd__buf_4 instances:   3
  Class: sky130_fd_sc_hd__buf_6 instances:   2
  Class: sky130_fd_sc_hd__buf_8 instances:   1
  Class: sky130_fd_sc_hd__a2bb2o_2 instances:   1
  Class: sky130_fd_sc_hd__dfrtp_4 instances:   4
  Class: sky130_fd_sc_hd__inv_2 instances:   5
  Class: sky130_fd_sc_hd__clkbuf_2 instances:   3
  Class: sky130_fd_sc_hd__buf_12 instances:   1
  Class: sky130_fd_sc_hd__clkinv_2 instances:   1
  Class: sky130_fd_sc_hd__decap_3 instances: 514
  Class: sky130_fd_sc_hd__decap_4 instances: 224
  Class: sky130_fd_sc_hd__decap_6 instances: 4501
  Class: sky130_fd_sc_hd__decap_8 instances: 124
  Class: sky130_fd_sc_hd__mux2_1 instances:   1
  Class: sky130_fd_sc_hd__mux2_2 instances:   3
  Class: sky130_fd_sc_hd__o2bb2ai_4 instances:   1
  Class: sky130_fd_sc_hd__o22a_1 instances:   7
  Class: sky130_fd_sc_hd__o22a_2 instances:   1
  Class: sky130_fd_sc_hd__diode_2 instances:   3
  Class: sky130_fd_sc_hd__a22o_1 instances:   1
  Class: sky130_fd_sc_hd__tapvpwrvgnd_1 instances: 4815
  Class: sky130_fd_sc_hd__fill_1 instances: 4721
  Class: sky130_fd_sc_hd__fill_2 instances:  12
  Class: sky130_fd_sc_hd__decap_12 instances: 19249
Circuit contains 53 nets.

Circuit was modified by parallel/series device merging.
New circuit summary:

Contents of circuit 1:  Circuit: 'counter'
Circuit counter contains 53 device instances.
  Class: sky130_fd_sc_hd__a2bb2oi_2 instances:   1
  Class: sky130_fd_sc_hd__clkbuf_16 instances:   1
  Class: sky130_fd_sc_hd__buf_2 instances:   5
  Class: sky130_fd_sc_hd__buf_4 instances:   3
  Class: sky130_fd_sc_hd__buf_6 instances:   2
  Class: sky130_fd_sc_hd__buf_8 instances:   1
  Class: sky130_fd_sc_hd__a2bb2o_2 instances:   1
  Class: sky130_fd_sc_hd__dfrtp_4 instances:   4
  Class: sky130_fd_sc_hd__inv_2 instances:   5
  Class: sky130_fd_sc_hd__clkbuf_2 instances:   3
  Class: sky130_fd_sc_hd__buf_12 instances:   1
  Class: sky130_fd_sc_hd__clkinv_2 instances:   1
  Class: sky130_fd_sc_hd__decap_3 instances:   1
  Class: sky130_fd_sc_hd__decap_4 instances:   1
  Class: sky130_fd_sc_hd__decap_6 instances:   1
  Class: sky130_fd_sc_hd__decap_8 instances:   1
  Class: sky130_fd_sc_hd__mux2_1 instances:   1
  Class: sky130_fd_sc_hd__mux2_2 instances:   3
  Class: sky130_fd_sc_hd__o2bb2ai_4 instances:   1
  Class: sky130_fd_sc_hd__o22a_1 instances:   7
  Class: sky130_fd_sc_hd__o22a_2 instances:   1
  Class: sky130_fd_sc_hd__diode_2 instances:   3
  Class: sky130_fd_sc_hd__a22o_1 instances:   1
  Class: sky130_fd_sc_hd__tapvpwrvgnd_1 instances:   1
  Class: sky130_fd_sc_hd__fill_1 instances:   1
  Class: sky130_fd_sc_hd__fill_2 instances:   1
  Class: sky130_fd_sc_hd__decap_12 instances:   1
Circuit contains 53 nets.
Contents of circuit 2:  Circuit: 'counter'
Circuit counter contains 53 device instances.
  Class: sky130_fd_sc_hd__a2bb2oi_2 instances:   1
  Class: sky130_fd_sc_hd__clkbuf_16 instances:   1
  Class: sky130_fd_sc_hd__buf_2 instances:   5
  Class: sky130_fd_sc_hd__buf_4 instances:   3
  Class: sky130_fd_sc_hd__buf_6 instances:   2
  Class: sky130_fd_sc_hd__buf_8 instances:   1
  Class: sky130_fd_sc_hd__a2bb2o_2 instances:   1
  Class: sky130_fd_sc_hd__dfrtp_4 instances:   4
  Class: sky130_fd_sc_hd__inv_2 instances:   5
  Class: sky130_fd_sc_hd__clkbuf_2 instances:   3
  Class: sky130_fd_sc_hd__buf_12 instances:   1
  Class: sky130_fd_sc_hd__clkinv_2 instances:   1
  Class: sky130_fd_sc_hd__decap_3 instances:   1
  Class: sky130_fd_sc_hd__decap_4 instances:   1
  Class: sky130_fd_sc_hd__decap_6 instances:   1
  Class: sky130_fd_sc_hd__decap_8 instances:   1
  Class: sky130_fd_sc_hd__mux2_1 instances:   1
  Class: sky130_fd_sc_hd__mux2_2 instances:   3
  Class: sky130_fd_sc_hd__o2bb2ai_4 instances:   1
  Class: sky130_fd_sc_hd__o22a_1 instances:   7
  Class: sky130_fd_sc_hd__o22a_2 instances:   1
  Class: sky130_fd_sc_hd__diode_2 instances:   3
  Class: sky130_fd_sc_hd__a22o_1 instances:   1
  Class: sky130_fd_sc_hd__tapvpwrvgnd_1 instances:   1
  Class: sky130_fd_sc_hd__fill_1 instances:   1
  Class: sky130_fd_sc_hd__fill_2 instances:   1
  Class: sky130_fd_sc_hd__decap_12 instances:   1
Circuit contains 53 nets.

Circuit 1 contains 53 devices, Circuit 2 contains 53 devices.
Circuit 1 contains 53 nets,    Circuit 2 contains 53 nets.

Netlists match uniquely.
Result: Circuits match uniquely.
Logging to file "/home/shahid/caravel_user_project/openlane/counter/runs/counter/results/lvs/counter.lvs.lef.log" disabled
LVS Done.
