Netgen 1.5.191 compiled on Thu Oct 21 08:33:49 UTC 2021
Warning: netgen command 'format' use fully-qualified name '::netgen::format'
Warning: netgen command 'global' use fully-qualified name '::netgen::global'
Generating JSON file result
Reading netlist file /home/shahid/caravel_user_project1/openlane/user_project_wrapper/runs/user_project_wrapper/results/magic/user_project_wrapper.spice
Reading netlist file /home/shahid/caravel_user_project1/openlane/user_project_wrapper/runs/user_project_wrapper/results/lvs/user_project_wrapper.lvs.powered.v
Warning:  A case-insensitive file has been read and so the	verilog file must be treated case-insensitive to match.
Creating placeholder cell definition for module user_proj_dummy.
Reading setup file /home/shahid/OSPDKs/sky130A/libs.tech/netgen/sky130A_setup.tcl
Comparison output logged to file /home/shahid/caravel_user_project1/openlane/user_project_wrapper/runs/user_project_wrapper/results/lvs/user_project_wrapper.lvs.lef.log
Logging to file "/home/shahid/caravel_user_project1/openlane/user_project_wrapper/runs/user_project_wrapper/results/lvs/user_project_wrapper.lvs.lef.log" enabled
Contents of circuit 1:  Circuit: 'user_proj_dummy'
Circuit user_proj_dummy contains 0 device instances.
Circuit contains 0 nets, and 610 disconnected pins.
Contents of circuit 2:  Circuit: 'user_proj_dummy'
Circuit user_proj_dummy contains 0 device instances.
Circuit contains 0 nets.

Circuit user_proj_dummy contains no devices.
Contents of circuit 1:  Circuit: 'user_project_wrapper'
Circuit user_project_wrapper contains 1 device instances.
  Class: user_proj_dummy       instances:   1
Circuit contains 610 nets, and 33 disconnected pins.
Contents of circuit 2:  Circuit: 'user_project_wrapper'
Circuit user_project_wrapper contains 1 device instances.
  Class: user_proj_dummy       instances:   1
Circuit contains 610 nets, and 35 disconnected pins.

Circuit 1 contains 1 devices, Circuit 2 contains 1 devices.
Circuit 1 contains 610 nets,    Circuit 2 contains 610 nets.

Netlists match uniquely.
Result: The top level cell failed pin matching.

Logging to file "/home/shahid/caravel_user_project1/openlane/user_project_wrapper/runs/user_project_wrapper/results/lvs/user_project_wrapper.lvs.lef.log" disabled
LVS Done.
