OpenROAD b79f266fe41540eabc064bcaddfe19ed715ac5c2 
This program is licensed under the BSD-3 license. See the LICENSE file for details.
Components of this program may be licensed under more restrictive licenses which must be honored.
[INFO ODB-0222] Reading LEF file: /home/shahid/caravel_user_project/openlane/counter/runs/counter/tmp/merged_unpadded.lef
[INFO ODB-0223]     Created 13 technology layers
[INFO ODB-0224]     Created 25 technology vias
[INFO ODB-0225]     Created 441 library cells
[INFO ODB-0226] Finished LEF file:  /home/shahid/caravel_user_project/openlane/counter/runs/counter/tmp/merged_unpadded.lef
[INFO ODB-0127] Reading DEF file: /home/shahid/caravel_user_project/openlane/counter/runs/counter/tmp/placement/13-resizer_timing.def
[INFO ODB-0128] Design: counter
[INFO ODB-0130]     Created 15 pins.
[INFO ODB-0131]     Created 5281 components and 11630 component-terminals.
[INFO ODB-0132]     Created 2 special nets and 11494 connections.
[INFO ODB-0133]     Created 51 nets and 136 connections.
[INFO ODB-0134] Finished DEF file: /home/shahid/caravel_user_project/openlane/counter/runs/counter/tmp/placement/13-resizer_timing.def
Placement Analysis
---------------------------------
total displacement          0.0 u
average displacement        0.0 u
max displacement            0.0 u
original HPWL            7130.1 u
legalized HPWL           7192.9 u
delta HPWL                    1 %

[INFO DPL-0020] Mirrored 19 instances
[INFO DPL-0021] HPWL before            7192.9 u
[INFO DPL-0022] HPWL after             7130.1 u
[INFO DPL-0023] HPWL delta               -0.9 %
