OpenROAD b79f266fe41540eabc064bcaddfe19ed715ac5c2 
This program is licensed under the BSD-3 license. See the LICENSE file for details.
Components of this program may be licensed under more restrictive licenses which must be honored.
[INFO ODB-0222] Reading LEF file: /home/shahid/caravel_user_project/openlane/counter/runs/counter/tmp/merged_unpadded.lef
[INFO ODB-0223]     Created 13 technology layers
[INFO ODB-0224]     Created 25 technology vias
[INFO ODB-0225]     Created 441 library cells
[INFO ODB-0226] Finished LEF file:  /home/shahid/caravel_user_project/openlane/counter/runs/counter/tmp/merged_unpadded.lef
[INFO ODB-0127] Reading DEF file: /home/shahid/caravel_user_project/openlane/counter/runs/counter/tmp/floorplan/6-pdn.def
[INFO ODB-0128] Design: counter
[INFO ODB-0130]     Created 15 pins.
[INFO ODB-0131]     Created 5266 components and 11540 component-terminals.
[INFO ODB-0132]     Created 2 special nets and 11434 connections.
[INFO ODB-0133]     Created 36 nets and 106 connections.
[INFO ODB-0134] Finished DEF file: /home/shahid/caravel_user_project/openlane/counter/runs/counter/tmp/floorplan/6-pdn.def
-verbose_level 1 -density 0.05 -overflow 0.9 -init_density_penalty 0.0001 -initial_place_max_iter 20 -bin_grid_count 64
[INFO GPL-0002] DBU: 1000
[INFO GPL-0003] SiteSize: 460 2720
[INFO GPL-0004] CoreAreaLxLy: 5520 10880
[INFO GPL-0005] CoreAreaUxUy: 594320 587520
[INFO GPL-0006] NumInstances: 5266
[INFO GPL-0007] NumPlaceInstances: 27
[INFO GPL-0008] NumFixedInstances: 5239
[INFO GPL-0009] NumDummyInstances: 0
[INFO GPL-0010] NumNets: 36
[INFO GPL-0011] NumPins: 119
[INFO GPL-0012] DieAreaLxLy: 0 0
[INFO GPL-0013] DieAreaUxUy: 600000 600000
[INFO GPL-0014] CoreAreaLxLy: 5520 10880
[INFO GPL-0015] CoreAreaUxUy: 594320 587520
[INFO GPL-0016] CoreArea: 339525632000
[INFO GPL-0017] NonPlaceInstsArea: 7616054400
[INFO GPL-0018] PlaceInstsArea: 307795200
[INFO GPL-0019] Util(%): 0.09
[INFO GPL-0020] StdInstsArea: 307795200
[INFO GPL-0021] MacroInstsArea: 0
[InitialPlace]  Iter: 1 CG Error: 0.00000012 HPWL: 7982940
[InitialPlace]  Iter: 2 CG Error: 0.00000011 HPWL: 6121055
[InitialPlace]  Iter: 3 CG Error: 0.00000008 HPWL: 6103386
[InitialPlace]  Iter: 4 CG Error: 0.00000005 HPWL: 6097905
[InitialPlace]  Iter: 5 CG Error: 0.00000006 HPWL: 6093720
[INFO GPL-0031] FillerInit: NumGCells: 1581
[INFO GPL-0032] FillerInit: NumGNets: 36
[INFO GPL-0033] FillerInit: NumGPins: 119
[INFO GPL-0023] TargetDensity: 0.05
[INFO GPL-0024] AveragePlaceInstArea: 11399822
[INFO GPL-0025] IdealBinArea: 227996432
[INFO GPL-0026] IdealBinCnt: 1489
[INFO GPL-0027] TotalBinArea: 339525632000
[INFO GPL-0028] BinCnt: 64 64
[INFO GPL-0029] BinSize: 9200 9010
[INFO GPL-0030] NumBins: 4096
[NesterovSolve] Iter: 1 overflow: 0.404299 HPWL: 7062583
[NesterovSolve] Iter: 10 overflow: 0.404299 HPWL: 7062583
[NesterovSolve] Iter: 20 overflow: 0.404299 HPWL: 7062583
[NesterovSolve] Iter: 30 overflow: 0.404299 HPWL: 7062583
[NesterovSolve] Iter: 40 overflow: 0.404299 HPWL: 7062583
[NesterovSolve] Iter: 50 overflow: 0.404299 HPWL: 7062583
[NesterovSolve] Finished with Overflow: 0.404299
[WARNING STA-0053] /home/shahid/OSPDKs/sky130A/libs.ref/sky130_fd_sc_hd/lib/sky130_fd_sc_hd__tt_025C_1v80.lib line 1, library sky130_fd_sc_hd__tt_025C_1v80 already exists.
###############################################################################
# Created by write_sdc
# Wed Jun 15 10:47:37 2022
###############################################################################
current_design counter
###############################################################################
# Timing Constraints
###############################################################################
create_clock -name clk -period 100.0000 [get_ports {clk}]
set_clock_transition 0.1500 [get_clocks {clk}]
set_clock_uncertainty 0.2500 clk
set_input_delay 20.0000 -clock [get_clocks {clk}] -add_delay [get_ports {data[0]}]
set_input_delay 20.0000 -clock [get_clocks {clk}] -add_delay [get_ports {data[1]}]
set_input_delay 20.0000 -clock [get_clocks {clk}] -add_delay [get_ports {data[2]}]
set_input_delay 20.0000 -clock [get_clocks {clk}] -add_delay [get_ports {data[3]}]
set_input_delay 20.0000 -clock [get_clocks {clk}] -add_delay [get_ports {dn}]
set_input_delay 20.0000 -clock [get_clocks {clk}] -add_delay [get_ports {en}]
set_input_delay 20.0000 -clock [get_clocks {clk}] -add_delay [get_ports {load}]
set_input_delay 20.0000 -clock [get_clocks {clk}] -add_delay [get_ports {rst_n}]
set_output_delay 20.0000 -clock [get_clocks {clk}] -add_delay [get_ports {count[0]}]
set_output_delay 20.0000 -clock [get_clocks {clk}] -add_delay [get_ports {count[1]}]
set_output_delay 20.0000 -clock [get_clocks {clk}] -add_delay [get_ports {count[2]}]
set_output_delay 20.0000 -clock [get_clocks {clk}] -add_delay [get_ports {count[3]}]
###############################################################################
# Environment
###############################################################################
set_load -pin_load 0.0334 [get_ports {count[3]}]
set_load -pin_load 0.0334 [get_ports {count[2]}]
set_load -pin_load 0.0334 [get_ports {count[1]}]
set_load -pin_load 0.0334 [get_ports {count[0]}]
set_driving_cell -lib_cell sky130_fd_sc_hd__inv_2 -pin {Y} -input_transition_rise 0.0000 -input_transition_fall 0.0000 [get_ports {clk}]
set_driving_cell -lib_cell sky130_fd_sc_hd__inv_2 -pin {Y} -input_transition_rise 0.0000 -input_transition_fall 0.0000 [get_ports {dn}]
set_driving_cell -lib_cell sky130_fd_sc_hd__inv_2 -pin {Y} -input_transition_rise 0.0000 -input_transition_fall 0.0000 [get_ports {en}]
set_driving_cell -lib_cell sky130_fd_sc_hd__inv_2 -pin {Y} -input_transition_rise 0.0000 -input_transition_fall 0.0000 [get_ports {load}]
set_driving_cell -lib_cell sky130_fd_sc_hd__inv_2 -pin {Y} -input_transition_rise 0.0000 -input_transition_fall 0.0000 [get_ports {rst_n}]
set_driving_cell -lib_cell sky130_fd_sc_hd__inv_2 -pin {Y} -input_transition_rise 0.0000 -input_transition_fall 0.0000 [get_ports {data[3]}]
set_driving_cell -lib_cell sky130_fd_sc_hd__inv_2 -pin {Y} -input_transition_rise 0.0000 -input_transition_fall 0.0000 [get_ports {data[2]}]
set_driving_cell -lib_cell sky130_fd_sc_hd__inv_2 -pin {Y} -input_transition_rise 0.0000 -input_transition_fall 0.0000 [get_ports {data[1]}]
set_driving_cell -lib_cell sky130_fd_sc_hd__inv_2 -pin {Y} -input_transition_rise 0.0000 -input_transition_fall 0.0000 [get_ports {data[0]}]
set_timing_derate -early 0.9500
set_timing_derate -late 1.0500
###############################################################################
# Design Rules
###############################################################################
set_max_fanout 5.0000 [current_design]
[INFO]: Setting RC values...
min_report

===========================================================================
report_checks -path_delay min (Hold)
============================================================================
Startpoint: rst_n (input port clocked by clk)
Endpoint: _46_ (removal check against rising-edge clock clk)
Path Group: **async_default**
Path Type: min

Fanout     Cap    Slew   Delay    Time   Description
-----------------------------------------------------------------------------
                  0.15    0.00    0.00   clock clk (rise edge)
                          0.00    0.00   clock network delay (ideal)
                         20.00   20.00 ^ input external delay
                  0.38    0.26   20.26 ^ rst_n (in)
     4    0.08                           rst_n (net)
                  0.38    0.00   20.26 ^ _46_/RESET_B (sky130_fd_sc_hd__dfrtp_2)
                                 20.26   data arrival time

                  0.15    0.00    0.00   clock clk (rise edge)
                          0.00    0.00   clock network delay (ideal)
                          0.25    0.25   clock uncertainty
                          0.00    0.25   clock reconvergence pessimism
                                  0.25 ^ _46_/CLK (sky130_fd_sc_hd__dfrtp_2)
                          0.44    0.69   library removal time
                                  0.69   data required time
-----------------------------------------------------------------------------
                                  0.69   data required time
                                -20.26   data arrival time
-----------------------------------------------------------------------------
                                 19.57   slack (MET)


Startpoint: rst_n (input port clocked by clk)
Endpoint: _47_ (removal check against rising-edge clock clk)
Path Group: **async_default**
Path Type: min

Fanout     Cap    Slew   Delay    Time   Description
-----------------------------------------------------------------------------
                  0.15    0.00    0.00   clock clk (rise edge)
                          0.00    0.00   clock network delay (ideal)
                         20.00   20.00 ^ input external delay
                  0.38    0.26   20.26 ^ rst_n (in)
     4    0.08                           rst_n (net)
                  0.38    0.00   20.26 ^ _47_/RESET_B (sky130_fd_sc_hd__dfrtp_2)
                                 20.26   data arrival time

                  0.15    0.00    0.00   clock clk (rise edge)
                          0.00    0.00   clock network delay (ideal)
                          0.25    0.25   clock uncertainty
                          0.00    0.25   clock reconvergence pessimism
                                  0.25 ^ _47_/CLK (sky130_fd_sc_hd__dfrtp_2)
                          0.44    0.69   library removal time
                                  0.69   data required time
-----------------------------------------------------------------------------
                                  0.69   data required time
                                -20.26   data arrival time
-----------------------------------------------------------------------------
                                 19.57   slack (MET)


Startpoint: rst_n (input port clocked by clk)
Endpoint: _49_ (removal check against rising-edge clock clk)
Path Group: **async_default**
Path Type: min

Fanout     Cap    Slew   Delay    Time   Description
-----------------------------------------------------------------------------
                  0.15    0.00    0.00   clock clk (rise edge)
                          0.00    0.00   clock network delay (ideal)
                         20.00   20.00 ^ input external delay
                  0.38    0.26   20.26 ^ rst_n (in)
     4    0.08                           rst_n (net)
                  0.38    0.00   20.26 ^ _49_/RESET_B (sky130_fd_sc_hd__dfrtp_2)
                                 20.26   data arrival time

                  0.15    0.00    0.00   clock clk (rise edge)
                          0.00    0.00   clock network delay (ideal)
                          0.25    0.25   clock uncertainty
                          0.00    0.25   clock reconvergence pessimism
                                  0.25 ^ _49_/CLK (sky130_fd_sc_hd__dfrtp_2)
                          0.44    0.69   library removal time
                                  0.69   data required time
-----------------------------------------------------------------------------
                                  0.69   data required time
                                -20.26   data arrival time
-----------------------------------------------------------------------------
                                 19.57   slack (MET)


Startpoint: rst_n (input port clocked by clk)
Endpoint: _48_ (removal check against rising-edge clock clk)
Path Group: **async_default**
Path Type: min

Fanout     Cap    Slew   Delay    Time   Description
-----------------------------------------------------------------------------
                  0.15    0.00    0.00   clock clk (rise edge)
                          0.00    0.00   clock network delay (ideal)
                         20.00   20.00 ^ input external delay
                  0.38    0.26   20.26 ^ rst_n (in)
     4    0.08                           rst_n (net)
                  0.38    0.00   20.26 ^ _48_/RESET_B (sky130_fd_sc_hd__dfrtp_2)
                                 20.26   data arrival time

                  0.15    0.00    0.00   clock clk (rise edge)
                          0.00    0.00   clock network delay (ideal)
                          0.25    0.25   clock uncertainty
                          0.00    0.25   clock reconvergence pessimism
                                  0.25 ^ _48_/CLK (sky130_fd_sc_hd__dfrtp_2)
                          0.44    0.69   library removal time
                                  0.69   data required time
-----------------------------------------------------------------------------
                                  0.69   data required time
                                -20.26   data arrival time
-----------------------------------------------------------------------------
                                 19.57   slack (MET)


Startpoint: _46_ (rising edge-triggered flip-flop clocked by clk)
Endpoint: _46_ (rising edge-triggered flip-flop clocked by clk)
Path Group: clk
Path Type: min

Fanout     Cap    Slew   Delay    Time   Description
-----------------------------------------------------------------------------
                  0.15    0.00    0.00   clock clk (rise edge)
                          0.00    0.00   clock network delay (ideal)
                  0.15    0.00    0.00 ^ _46_/CLK (sky130_fd_sc_hd__dfrtp_2)
                  0.45    0.64    0.64 ^ _46_/Q (sky130_fd_sc_hd__dfrtp_2)
     4    0.04                           count[0] (net)
                  0.45    0.00    0.64 ^ _26_/A2 (sky130_fd_sc_hd__o22a_2)
                  0.06    0.22    0.87 ^ _26_/X (sky130_fd_sc_hd__o22a_2)
     1    0.01                           _08_ (net)
                  0.06    0.00    0.87 ^ _46_/D (sky130_fd_sc_hd__dfrtp_2)
                                  0.87   data arrival time

                  0.15    0.00    0.00   clock clk (rise edge)
                          0.00    0.00   clock network delay (ideal)
                          0.25    0.25   clock uncertainty
                          0.00    0.25   clock reconvergence pessimism
                                  0.25 ^ _46_/CLK (sky130_fd_sc_hd__dfrtp_2)
                         -0.02    0.23   library hold time
                                  0.23   data required time
-----------------------------------------------------------------------------
                                  0.23   data required time
                                 -0.87   data arrival time
-----------------------------------------------------------------------------
                                  0.64   slack (MET)


Startpoint: _48_ (rising edge-triggered flip-flop clocked by clk)
Endpoint: _48_ (rising edge-triggered flip-flop clocked by clk)
Path Group: clk
Path Type: min

Fanout     Cap    Slew   Delay    Time   Description
-----------------------------------------------------------------------------
                  0.15    0.00    0.00   clock clk (rise edge)
                          0.00    0.00   clock network delay (ideal)
                  0.15    0.00    0.00 ^ _48_/CLK (sky130_fd_sc_hd__dfrtp_2)
                  0.27    0.59    0.59 v _48_/Q (sky130_fd_sc_hd__dfrtp_2)
     4    0.04                           count[2] (net)
                  0.27    0.01    0.60 v _24_/A1 (sky130_fd_sc_hd__o22a_2)
                  0.05    0.32    0.91 v _24_/X (sky130_fd_sc_hd__o22a_2)
     1    0.01                           _10_ (net)
                  0.05    0.00    0.91 v _48_/D (sky130_fd_sc_hd__dfrtp_2)
                                  0.91   data arrival time

                  0.15    0.00    0.00   clock clk (rise edge)
                          0.00    0.00   clock network delay (ideal)
                          0.25    0.25   clock uncertainty
                          0.00    0.25   clock reconvergence pessimism
                                  0.25 ^ _48_/CLK (sky130_fd_sc_hd__dfrtp_2)
                         -0.02    0.23   library hold time
                                  0.23   data required time
-----------------------------------------------------------------------------
                                  0.23   data required time
                                 -0.91   data arrival time
-----------------------------------------------------------------------------
                                  0.68   slack (MET)


Startpoint: _47_ (rising edge-triggered flip-flop clocked by clk)
Endpoint: _47_ (rising edge-triggered flip-flop clocked by clk)
Path Group: clk
Path Type: min

Fanout     Cap    Slew   Delay    Time   Description
-----------------------------------------------------------------------------
                  0.15    0.00    0.00   clock clk (rise edge)
                          0.00    0.00   clock network delay (ideal)
                  0.15    0.00    0.00 ^ _47_/CLK (sky130_fd_sc_hd__dfrtp_2)
                  0.29    0.62    0.62 v _47_/Q (sky130_fd_sc_hd__dfrtp_2)
     4    0.04                           count[1] (net)
                  0.29    0.00    0.62 v _25_/A2 (sky130_fd_sc_hd__o22a_2)
                  0.05    0.32    0.94 v _25_/X (sky130_fd_sc_hd__o22a_2)
     1    0.01                           _09_ (net)
                  0.05    0.00    0.94 v _47_/D (sky130_fd_sc_hd__dfrtp_2)
                                  0.94   data arrival time

                  0.15    0.00    0.00   clock clk (rise edge)
                          0.00    0.00   clock network delay (ideal)
                          0.25    0.25   clock uncertainty
                          0.00    0.25   clock reconvergence pessimism
                                  0.25 ^ _47_/CLK (sky130_fd_sc_hd__dfrtp_2)
                         -0.02    0.23   library hold time
                                  0.23   data required time
-----------------------------------------------------------------------------
                                  0.23   data required time
                                 -0.94   data arrival time
-----------------------------------------------------------------------------
                                  0.71   slack (MET)


Startpoint: _49_ (rising edge-triggered flip-flop clocked by clk)
Endpoint: _49_ (rising edge-triggered flip-flop clocked by clk)
Path Group: clk
Path Type: min

Fanout     Cap    Slew   Delay    Time   Description
-----------------------------------------------------------------------------
                  0.15    0.00    0.00   clock clk (rise edge)
                          0.00    0.00   clock network delay (ideal)
                  0.15    0.00    0.00 ^ _49_/CLK (sky130_fd_sc_hd__dfrtp_2)
                  0.32    0.63    0.63 v _49_/Q (sky130_fd_sc_hd__dfrtp_2)
     4    0.04                           count[3] (net)
                  0.32    0.00    0.64 v _41_/A2 (sky130_fd_sc_hd__o22a_2)
                  0.05    0.34    0.97 v _41_/X (sky130_fd_sc_hd__o22a_2)
     1    0.01                           _11_ (net)
                  0.05    0.00    0.97 v _49_/D (sky130_fd_sc_hd__dfrtp_2)
                                  0.97   data arrival time

                  0.15    0.00    0.00   clock clk (rise edge)
                          0.00    0.00   clock network delay (ideal)
                          0.25    0.25   clock uncertainty
                          0.00    0.25   clock reconvergence pessimism
                                  0.25 ^ _49_/CLK (sky130_fd_sc_hd__dfrtp_2)
                         -0.02    0.23   library hold time
                                  0.23   data required time
-----------------------------------------------------------------------------
                                  0.23   data required time
                                 -0.97   data arrival time
-----------------------------------------------------------------------------
                                  0.74   slack (MET)


Startpoint: _46_ (rising edge-triggered flip-flop clocked by clk)
Endpoint: count[0] (output port clocked by clk)
Path Group: clk
Path Type: min

Fanout     Cap    Slew   Delay    Time   Description
-----------------------------------------------------------------------------
                  0.15    0.00    0.00   clock clk (rise edge)
                          0.00    0.00   clock network delay (ideal)
                  0.15    0.00    0.00 ^ _46_/CLK (sky130_fd_sc_hd__dfrtp_2)
                  0.24    0.58    0.58 v _46_/Q (sky130_fd_sc_hd__dfrtp_2)
     4    0.04                           count[0] (net)
                  0.24    0.01    0.59 v count[0] (out)
                                  0.59   data arrival time

                  0.15    0.00    0.00   clock clk (rise edge)
                          0.00    0.00   clock network delay (ideal)
                          0.25    0.25   clock uncertainty
                          0.00    0.25   clock reconvergence pessimism
                        -20.00  -19.75   output external delay
                                -19.75   data required time
-----------------------------------------------------------------------------
                                -19.75   data required time
                                 -0.59   data arrival time
-----------------------------------------------------------------------------
                                 20.34   slack (MET)


min_report_end
max_report

===========================================================================
report_checks -path_delay max (Setup)
============================================================================
Startpoint: rst_n (input port clocked by clk)
Endpoint: _47_ (recovery check against rising-edge clock clk)
Path Group: **async_default**
Path Type: max

Fanout     Cap    Slew   Delay    Time   Description
-----------------------------------------------------------------------------
                  0.15    0.00    0.00   clock clk (rise edge)
                          0.00    0.00   clock network delay (ideal)
                         20.00   20.00 ^ input external delay
                  0.38    0.29   20.29 ^ rst_n (in)
     4    0.08                           rst_n (net)
                  0.38    0.00   20.29 ^ _47_/RESET_B (sky130_fd_sc_hd__dfrtp_2)
                                 20.29   data arrival time

                  0.15  100.00  100.00   clock clk (rise edge)
                          0.00  100.00   clock network delay (ideal)
                         -0.25   99.75   clock uncertainty
                          0.00   99.75   clock reconvergence pessimism
                                 99.75 ^ _47_/CLK (sky130_fd_sc_hd__dfrtp_2)
                          0.15   99.90   library recovery time
                                 99.90   data required time
-----------------------------------------------------------------------------
                                 99.90   data required time
                                -20.29   data arrival time
-----------------------------------------------------------------------------
                                 79.62   slack (MET)


Startpoint: rst_n (input port clocked by clk)
Endpoint: _48_ (recovery check against rising-edge clock clk)
Path Group: **async_default**
Path Type: max

Fanout     Cap    Slew   Delay    Time   Description
-----------------------------------------------------------------------------
                  0.15    0.00    0.00   clock clk (rise edge)
                          0.00    0.00   clock network delay (ideal)
                         20.00   20.00 ^ input external delay
                  0.38    0.29   20.29 ^ rst_n (in)
     4    0.08                           rst_n (net)
                  0.38    0.00   20.29 ^ _48_/RESET_B (sky130_fd_sc_hd__dfrtp_2)
                                 20.29   data arrival time

                  0.15  100.00  100.00   clock clk (rise edge)
                          0.00  100.00   clock network delay (ideal)
                         -0.25   99.75   clock uncertainty
                          0.00   99.75   clock reconvergence pessimism
                                 99.75 ^ _48_/CLK (sky130_fd_sc_hd__dfrtp_2)
                          0.15   99.90   library recovery time
                                 99.90   data required time
-----------------------------------------------------------------------------
                                 99.90   data required time
                                -20.29   data arrival time
-----------------------------------------------------------------------------
                                 79.62   slack (MET)


Startpoint: rst_n (input port clocked by clk)
Endpoint: _49_ (recovery check against rising-edge clock clk)
Path Group: **async_default**
Path Type: max

Fanout     Cap    Slew   Delay    Time   Description
-----------------------------------------------------------------------------
                  0.15    0.00    0.00   clock clk (rise edge)
                          0.00    0.00   clock network delay (ideal)
                         20.00   20.00 ^ input external delay
                  0.38    0.29   20.29 ^ rst_n (in)
     4    0.08                           rst_n (net)
                  0.38    0.00   20.29 ^ _49_/RESET_B (sky130_fd_sc_hd__dfrtp_2)
                                 20.29   data arrival time

                  0.15  100.00  100.00   clock clk (rise edge)
                          0.00  100.00   clock network delay (ideal)
                         -0.25   99.75   clock uncertainty
                          0.00   99.75   clock reconvergence pessimism
                                 99.75 ^ _49_/CLK (sky130_fd_sc_hd__dfrtp_2)
                          0.15   99.90   library recovery time
                                 99.90   data required time
-----------------------------------------------------------------------------
                                 99.90   data required time
                                -20.29   data arrival time
-----------------------------------------------------------------------------
                                 79.62   slack (MET)


Startpoint: rst_n (input port clocked by clk)
Endpoint: _46_ (recovery check against rising-edge clock clk)
Path Group: **async_default**
Path Type: max

Fanout     Cap    Slew   Delay    Time   Description
-----------------------------------------------------------------------------
                  0.15    0.00    0.00   clock clk (rise edge)
                          0.00    0.00   clock network delay (ideal)
                         20.00   20.00 ^ input external delay
                  0.38    0.29   20.29 ^ rst_n (in)
     4    0.08                           rst_n (net)
                  0.38    0.00   20.29 ^ _46_/RESET_B (sky130_fd_sc_hd__dfrtp_2)
                                 20.29   data arrival time

                  0.15  100.00  100.00   clock clk (rise edge)
                          0.00  100.00   clock network delay (ideal)
                         -0.25   99.75   clock uncertainty
                          0.00   99.75   clock reconvergence pessimism
                                 99.75 ^ _46_/CLK (sky130_fd_sc_hd__dfrtp_2)
                          0.15   99.90   library recovery time
                                 99.90   data required time
-----------------------------------------------------------------------------
                                 99.90   data required time
                                -20.29   data arrival time
-----------------------------------------------------------------------------
                                 79.62   slack (MET)


Startpoint: dn (input port clocked by clk)
Endpoint: _49_ (rising edge-triggered flip-flop clocked by clk)
Path Group: clk
Path Type: max

Fanout     Cap    Slew   Delay    Time   Description
-----------------------------------------------------------------------------
                  0.15    0.00    0.00   clock clk (rise edge)
                          0.00    0.00   clock network delay (ideal)
                         20.00   20.00 ^ input external delay
                  0.34    0.26   20.26 ^ dn (in)
     3    0.08                           dn (net)
                  0.34    0.00   20.26 ^ _29_/A (sky130_fd_sc_hd__inv_2)
                  0.09    0.11   20.37 v _29_/Y (sky130_fd_sc_hd__inv_2)
     2    0.01                           _14_ (net)
                  0.09    0.00   20.37 v _33_/A (sky130_fd_sc_hd__buf_1)
                  0.10    0.18   20.55 v _33_/X (sky130_fd_sc_hd__buf_1)
     5    0.02                           _17_ (net)
                  0.10    0.00   20.55 v _36_/B2 (sky130_fd_sc_hd__a22o_2)
                  0.07    0.30   20.85 v _36_/X (sky130_fd_sc_hd__a22o_2)
     3    0.02                           _20_ (net)
                  0.07    0.00   20.85 v _38_/B2 (sky130_fd_sc_hd__o22a_2)
                  0.06    0.22   21.07 v _38_/X (sky130_fd_sc_hd__o22a_2)
     2    0.01                           _21_ (net)
                  0.06    0.00   21.07 v _40_/A1_N (sky130_fd_sc_hd__o2bb2ai_2)
                  0.09    0.17   21.24 v _40_/Y (sky130_fd_sc_hd__o2bb2ai_2)
     1    0.02                           _03_ (net)
                  0.09    0.00   21.24 v _44_/A0 (sky130_fd_sc_hd__mux2_1)
                  0.15    0.43   21.67 v _44_/X (sky130_fd_sc_hd__mux2_1)
     1    0.02                           _07_ (net)
                  0.15    0.00   21.67 v _41_/B2 (sky130_fd_sc_hd__o22a_2)
                  0.06    0.25   21.92 v _41_/X (sky130_fd_sc_hd__o22a_2)
     1    0.01                           _11_ (net)
                  0.06    0.00   21.92 v _49_/D (sky130_fd_sc_hd__dfrtp_2)
                                 21.92   data arrival time

                  0.15  100.00  100.00   clock clk (rise edge)
                          0.00  100.00   clock network delay (ideal)
                         -0.25   99.75   clock uncertainty
                          0.00   99.75   clock reconvergence pessimism
                                 99.75 ^ _49_/CLK (sky130_fd_sc_hd__dfrtp_2)
                         -0.10   99.65   library setup time
                                 99.65   data required time
-----------------------------------------------------------------------------
                                 99.65   data required time
                                -21.92   data arrival time
-----------------------------------------------------------------------------
                                 77.73   slack (MET)


Startpoint: dn (input port clocked by clk)
Endpoint: _48_ (rising edge-triggered flip-flop clocked by clk)
Path Group: clk
Path Type: max

Fanout     Cap    Slew   Delay    Time   Description
-----------------------------------------------------------------------------
                  0.15    0.00    0.00   clock clk (rise edge)
                          0.00    0.00   clock network delay (ideal)
                         20.00   20.00 ^ input external delay
                  0.34    0.26   20.26 ^ dn (in)
     3    0.08                           dn (net)
                  0.34    0.00   20.26 ^ _29_/A (sky130_fd_sc_hd__inv_2)
                  0.09    0.11   20.37 v _29_/Y (sky130_fd_sc_hd__inv_2)
     2    0.01                           _14_ (net)
                  0.09    0.00   20.37 v _33_/A (sky130_fd_sc_hd__buf_1)
                  0.10    0.18   20.55 v _33_/X (sky130_fd_sc_hd__buf_1)
     5    0.02                           _17_ (net)
                  0.10    0.00   20.55 v _34_/A2 (sky130_fd_sc_hd__o22a_2)
                  0.07    0.28   20.83 v _34_/X (sky130_fd_sc_hd__o22a_2)
     3    0.01                           _18_ (net)
                  0.07    0.00   20.83 v _37_/A1_N (sky130_fd_sc_hd__a2bb2oi_2)
                  0.07    0.20   21.03 v _37_/Y (sky130_fd_sc_hd__a2bb2oi_2)
     1    0.02                           _02_ (net)
                  0.07    0.00   21.03 v _45_/A0 (sky130_fd_sc_hd__mux2_1)
                  0.11    0.38   21.40 v _45_/X (sky130_fd_sc_hd__mux2_1)
     1    0.02                           _06_ (net)
                  0.11    0.00   21.40 v _24_/B1 (sky130_fd_sc_hd__o22a_2)
                  0.05    0.25   21.66 v _24_/X (sky130_fd_sc_hd__o22a_2)
     1    0.01                           _10_ (net)
                  0.05    0.00   21.66 v _48_/D (sky130_fd_sc_hd__dfrtp_2)
                                 21.66   data arrival time

                  0.15  100.00  100.00   clock clk (rise edge)
                          0.00  100.00   clock network delay (ideal)
                         -0.25   99.75   clock uncertainty
                          0.00   99.75   clock reconvergence pessimism
                                 99.75 ^ _48_/CLK (sky130_fd_sc_hd__dfrtp_2)
                         -0.10   99.65   library setup time
                                 99.65   data required time
-----------------------------------------------------------------------------
                                 99.65   data required time
                                -21.66   data arrival time
-----------------------------------------------------------------------------
                                 78.00   slack (MET)


Startpoint: dn (input port clocked by clk)
Endpoint: _47_ (rising edge-triggered flip-flop clocked by clk)
Path Group: clk
Path Type: max

Fanout     Cap    Slew   Delay    Time   Description
-----------------------------------------------------------------------------
                  0.15    0.00    0.00   clock clk (rise edge)
                          0.00    0.00   clock network delay (ideal)
                         20.00   20.00 ^ input external delay
                  0.34    0.26   20.26 ^ dn (in)
     3    0.08                           dn (net)
                  0.34    0.00   20.26 ^ _29_/A (sky130_fd_sc_hd__inv_2)
                  0.09    0.11   20.37 v _29_/Y (sky130_fd_sc_hd__inv_2)
     2    0.01                           _14_ (net)
                  0.09    0.00   20.37 v _30_/A2 (sky130_fd_sc_hd__o22a_2)
                  0.06    0.27   20.63 v _30_/X (sky130_fd_sc_hd__o22a_2)
     2    0.01                           _15_ (net)
                  0.06    0.00   20.63 v _32_/B2 (sky130_fd_sc_hd__o22a_2)
                  0.07    0.24   20.87 v _32_/X (sky130_fd_sc_hd__o22a_2)
     1    0.02                           _01_ (net)
                  0.07    0.00   20.87 v _42_/A0 (sky130_fd_sc_hd__mux2_1)
                  0.14    0.40   21.27 v _42_/X (sky130_fd_sc_hd__mux2_1)
     1    0.02                           _05_ (net)
                  0.14    0.00   21.27 v _25_/B2 (sky130_fd_sc_hd__o22a_2)
                  0.06    0.25   21.52 v _25_/X (sky130_fd_sc_hd__o22a_2)
     1    0.01                           _09_ (net)
                  0.06    0.00   21.52 v _47_/D (sky130_fd_sc_hd__dfrtp_2)
                                 21.52   data arrival time

                  0.15  100.00  100.00   clock clk (rise edge)
                          0.00  100.00   clock network delay (ideal)
                         -0.25   99.75   clock uncertainty
                          0.00   99.75   clock reconvergence pessimism
                                 99.75 ^ _47_/CLK (sky130_fd_sc_hd__dfrtp_2)
                         -0.10   99.65   library setup time
                                 99.65   data required time
-----------------------------------------------------------------------------
                                 99.65   data required time
                                -21.52   data arrival time
-----------------------------------------------------------------------------
                                 78.13   slack (MET)


Startpoint: load (input port clocked by clk)
Endpoint: _46_ (rising edge-triggered flip-flop clocked by clk)
Path Group: clk
Path Type: max

Fanout     Cap    Slew   Delay    Time   Description
-----------------------------------------------------------------------------
                  0.15    0.00    0.00   clock clk (rise edge)
                          0.00    0.00   clock network delay (ideal)
                         20.00   20.00 ^ input external delay
                  0.58    0.44   20.44 ^ load (in)
     4    0.13                           load (net)
                  0.58    0.00   20.44 ^ _43_/S (sky130_fd_sc_hd__mux2_1)
                  0.13    0.49   20.92 v _43_/X (sky130_fd_sc_hd__mux2_1)
     1    0.02                           _04_ (net)
                  0.13    0.00   20.92 v _26_/B2 (sky130_fd_sc_hd__o22a_2)
                  0.06    0.25   21.17 v _26_/X (sky130_fd_sc_hd__o22a_2)
     1    0.01                           _08_ (net)
                  0.06    0.00   21.17 v _46_/D (sky130_fd_sc_hd__dfrtp_2)
                                 21.17   data arrival time

                  0.15  100.00  100.00   clock clk (rise edge)
                          0.00  100.00   clock network delay (ideal)
                         -0.25   99.75   clock uncertainty
                          0.00   99.75   clock reconvergence pessimism
                                 99.75 ^ _46_/CLK (sky130_fd_sc_hd__dfrtp_2)
                         -0.10   99.65   library setup time
                                 99.65   data required time
-----------------------------------------------------------------------------
                                 99.65   data required time
                                -21.17   data arrival time
-----------------------------------------------------------------------------
                                 78.48   slack (MET)


Startpoint: _49_ (rising edge-triggered flip-flop clocked by clk)
Endpoint: count[3] (output port clocked by clk)
Path Group: clk
Path Type: max

Fanout     Cap    Slew   Delay    Time   Description
-----------------------------------------------------------------------------
                  0.15    0.00    0.00   clock clk (rise edge)
                          0.00    0.00   clock network delay (ideal)
                  0.15    0.00    0.00 ^ _49_/CLK (sky130_fd_sc_hd__dfrtp_2)
                  0.63    0.83    0.83 ^ _49_/Q (sky130_fd_sc_hd__dfrtp_2)
     4    0.04                           count[3] (net)
                  0.63    0.05    0.87 ^ count[3] (out)
                                  0.87   data arrival time

                  0.15  100.00  100.00   clock clk (rise edge)
                          0.00  100.00   clock network delay (ideal)
                         -0.25   99.75   clock uncertainty
                          0.00   99.75   clock reconvergence pessimism
                        -20.00   79.75   output external delay
                                 79.75   data required time
-----------------------------------------------------------------------------
                                 79.75   data required time
                                 -0.87   data arrival time
-----------------------------------------------------------------------------
                                 78.88   slack (MET)


max_report_end
check_report

===========================================================================
report_checks -unconstrained
============================================================================
Startpoint: rst_n (input port clocked by clk)
Endpoint: _47_ (recovery check against rising-edge clock clk)
Path Group: **async_default**
Path Type: max

Fanout     Cap    Slew   Delay    Time   Description
-----------------------------------------------------------------------------
                  0.15    0.00    0.00   clock clk (rise edge)
                          0.00    0.00   clock network delay (ideal)
                         20.00   20.00 ^ input external delay
                  0.38    0.29   20.29 ^ rst_n (in)
     4    0.08                           rst_n (net)
                  0.38    0.00   20.29 ^ _47_/RESET_B (sky130_fd_sc_hd__dfrtp_2)
                                 20.29   data arrival time

                  0.15  100.00  100.00   clock clk (rise edge)
                          0.00  100.00   clock network delay (ideal)
                         -0.25   99.75   clock uncertainty
                          0.00   99.75   clock reconvergence pessimism
                                 99.75 ^ _47_/CLK (sky130_fd_sc_hd__dfrtp_2)
                          0.15   99.90   library recovery time
                                 99.90   data required time
-----------------------------------------------------------------------------
                                 99.90   data required time
                                -20.29   data arrival time
-----------------------------------------------------------------------------
                                 79.62   slack (MET)


Startpoint: dn (input port clocked by clk)
Endpoint: _49_ (rising edge-triggered flip-flop clocked by clk)
Path Group: clk
Path Type: max

Fanout     Cap    Slew   Delay    Time   Description
-----------------------------------------------------------------------------
                  0.15    0.00    0.00   clock clk (rise edge)
                          0.00    0.00   clock network delay (ideal)
                         20.00   20.00 ^ input external delay
                  0.34    0.26   20.26 ^ dn (in)
     3    0.08                           dn (net)
                  0.34    0.00   20.26 ^ _29_/A (sky130_fd_sc_hd__inv_2)
                  0.09    0.11   20.37 v _29_/Y (sky130_fd_sc_hd__inv_2)
     2    0.01                           _14_ (net)
                  0.09    0.00   20.37 v _33_/A (sky130_fd_sc_hd__buf_1)
                  0.10    0.18   20.55 v _33_/X (sky130_fd_sc_hd__buf_1)
     5    0.02                           _17_ (net)
                  0.10    0.00   20.55 v _36_/B2 (sky130_fd_sc_hd__a22o_2)
                  0.07    0.30   20.85 v _36_/X (sky130_fd_sc_hd__a22o_2)
     3    0.02                           _20_ (net)
                  0.07    0.00   20.85 v _38_/B2 (sky130_fd_sc_hd__o22a_2)
                  0.06    0.22   21.07 v _38_/X (sky130_fd_sc_hd__o22a_2)
     2    0.01                           _21_ (net)
                  0.06    0.00   21.07 v _40_/A1_N (sky130_fd_sc_hd__o2bb2ai_2)
                  0.09    0.17   21.24 v _40_/Y (sky130_fd_sc_hd__o2bb2ai_2)
     1    0.02                           _03_ (net)
                  0.09    0.00   21.24 v _44_/A0 (sky130_fd_sc_hd__mux2_1)
                  0.15    0.43   21.67 v _44_/X (sky130_fd_sc_hd__mux2_1)
     1    0.02                           _07_ (net)
                  0.15    0.00   21.67 v _41_/B2 (sky130_fd_sc_hd__o22a_2)
                  0.06    0.25   21.92 v _41_/X (sky130_fd_sc_hd__o22a_2)
     1    0.01                           _11_ (net)
                  0.06    0.00   21.92 v _49_/D (sky130_fd_sc_hd__dfrtp_2)
                                 21.92   data arrival time

                  0.15  100.00  100.00   clock clk (rise edge)
                          0.00  100.00   clock network delay (ideal)
                         -0.25   99.75   clock uncertainty
                          0.00   99.75   clock reconvergence pessimism
                                 99.75 ^ _49_/CLK (sky130_fd_sc_hd__dfrtp_2)
                         -0.10   99.65   library setup time
                                 99.65   data required time
-----------------------------------------------------------------------------
                                 99.65   data required time
                                -21.92   data arrival time
-----------------------------------------------------------------------------
                                 77.73   slack (MET)



===========================================================================
report_checks --slack_max -0.01
============================================================================
No paths found.
check_report_end
check_slew

===========================================================================
 report_check_types -max_slew -max_cap -max_fanout -violators
============================================================================

===========================================================================
max slew violation count 0
max fanout violation count 0
max cap violation count 0
============================================================================
check_slew_end
tns_report

===========================================================================
 report_tns
============================================================================
tns 0.00
tns_report_end
wns_report

===========================================================================
 report_wns
============================================================================
wns 0.00
wns_report_end
worst_slack

===========================================================================
 report_worst_slack -max (Setup)
============================================================================
worst slack 77.73

===========================================================================
 report_worst_slack -min (Hold)
============================================================================
worst slack 0.64
worst_slack_end
clock_skew

===========================================================================
 report_clock_skew
============================================================================
Clock clk
Latency      CRPR       Skew
_46_/CLK ^
   0.03
_46_/CLK ^
   0.03      0.00       0.00

clock_skew_end
power_report

===========================================================================
 report_power
============================================================================
Group                  Internal  Switching    Leakage      Total
                          Power      Power      Power      Power
----------------------------------------------------------------
Sequential             1.74e-06   5.88e-07   3.20e-11   2.33e-06  46.9%
Combinational          1.08e-06   1.55e-06   1.45e-09   2.63e-06  53.1%
Macro                  0.00e+00   0.00e+00   0.00e+00   0.00e+00   0.0%
Pad                    0.00e+00   0.00e+00   0.00e+00   0.00e+00   0.0%
----------------------------------------------------------------
Total                  2.82e-06   2.14e-06   1.48e-09   4.96e-06 100.0%
                          56.8%      43.2%       0.0%
power_report_end
area_report

===========================================================================
 report_design_area
============================================================================
Design area 7924 u^2 2% utilization.
area_report_end
