First Layout: /home/shahid/caravel_user_project1/openlane/user_project_wrapper/runs/user_project_wrapper/results/magic/user_project_wrapper.gds
Second Layout: /home/shahid/caravel_user_project1/openlane/user_project_wrapper/runs/user_project_wrapper/results/klayout/user_project_wrapper.gds
Design Name: user_project_wrapper
Output GDS will be: /home/shahid/caravel_user_project1/openlane/user_project_wrapper/runs/user_project_wrapper/results/klayout/user_project_wrapper.xor.xml
Reading /home/shahid/caravel_user_project1/openlane/user_project_wrapper/runs/user_project_wrapper/results/magic/user_project_wrapper.gds ..
Reading /home/shahid/caravel_user_project1/openlane/user_project_wrapper/runs/user_project_wrapper/results/klayout/user_project_wrapper.gds ..
--- Running XOR for 11/0 ---
"input" in: xor.drc:38
    Polygons (raw): 0 (flat)  0 (hierarchical)
    Elapsed: 0.000s  Memory: 627.00M
"input" in: xor.drc:38
    Polygons (raw): 146 (flat)  146 (hierarchical)
    Elapsed: 0.010s  Memory: 627.00M
"^" in: xor.drc:38
    Polygons (raw): 146 (flat)  146 (hierarchical)
    Elapsed: 0.010s  Memory: 627.00M
XOR differences: 146
"output" in: xor.drc:40
    Polygons (raw): 146 (flat)  146 (hierarchical)
    Elapsed: 0.010s  Memory: 627.00M
--- Running XOR for 122/16 ---
"input" in: xor.drc:38
    Polygons (raw): 44469 (flat)  16 (hierarchical)
    Elapsed: 0.010s  Memory: 627.00M
"input" in: xor.drc:38
    Polygons (raw): 88938 (flat)  32 (hierarchical)
    Elapsed: 0.020s  Memory: 627.00M
"^" in: xor.drc:38
    Polygons (raw): 0 (flat)  0 (hierarchical)
    Elapsed: 0.440s  Memory: 628.00M
XOR differences: 0
"output" in: xor.drc:40
    Polygons (raw): 0 (flat)  0 (hierarchical)
    Elapsed: 0.010s  Memory: 628.00M
--- Running XOR for 13/0 ---
"input" in: xor.drc:38
    Polygons (raw): 0 (flat)  0 (hierarchical)
    Elapsed: 0.000s  Memory: 628.00M
"input" in: xor.drc:38
    Polygons (raw): 172 (flat)  172 (hierarchical)
    Elapsed: 0.010s  Memory: 628.00M
"^" in: xor.drc:38
    Polygons (raw): 172 (flat)  172 (hierarchical)
    Elapsed: 0.020s  Memory: 628.00M
XOR differences: 172
"output" in: xor.drc:40
    Polygons (raw): 172 (flat)  172 (hierarchical)
    Elapsed: 0.010s  Memory: 628.00M
--- Running XOR for 235/4 ---
"input" in: xor.drc:38
    Polygons (raw): 2 (flat)  2 (hierarchical)
    Elapsed: 0.020s  Memory: 628.00M
"input" in: xor.drc:38
    Polygons (raw): 2 (flat)  2 (hierarchical)
    Elapsed: 0.010s  Memory: 628.00M
"^" in: xor.drc:38
    Polygons (raw): 0 (flat)  0 (hierarchical)
    Elapsed: 0.040s  Memory: 628.00M
XOR differences: 0
"output" in: xor.drc:40
    Polygons (raw): 0 (flat)  0 (hierarchical)
    Elapsed: 0.010s  Memory: 628.00M
--- Running XOR for 236/0 ---
"input" in: xor.drc:38
    Polygons (raw): 37169 (flat)  13 (hierarchical)
    Elapsed: 0.010s  Memory: 628.00M
"input" in: xor.drc:38
    Polygons (raw): 74338 (flat)  26 (hierarchical)
    Elapsed: 0.000s  Memory: 628.00M
"^" in: xor.drc:38
    Polygons (raw): 0 (flat)  0 (hierarchical)
    Elapsed: 0.420s  Memory: 627.00M
XOR differences: 0
"output" in: xor.drc:40
    Polygons (raw): 0 (flat)  0 (hierarchical)
    Elapsed: 0.000s  Memory: 627.00M
--- Running XOR for 64/16 ---
"input" in: xor.drc:38
    Polygons (raw): 44469 (flat)  16 (hierarchical)
    Elapsed: 0.000s  Memory: 627.00M
"input" in: xor.drc:38
    Polygons (raw): 88938 (flat)  32 (hierarchical)
    Elapsed: 0.010s  Memory: 627.00M
"^" in: xor.drc:38
    Polygons (raw): 0 (flat)  0 (hierarchical)
    Elapsed: 0.450s  Memory: 644.00M
XOR differences: 0
"output" in: xor.drc:40
    Polygons (raw): 0 (flat)  0 (hierarchical)
    Elapsed: 0.000s  Memory: 644.00M
--- Running XOR for 64/20 ---
"input" in: xor.drc:38
    Polygons (raw): 51743 (flat)  16 (hierarchical)
    Elapsed: 0.010s  Memory: 644.00M
"input" in: xor.drc:38
    Polygons (raw): 103486 (flat)  32 (hierarchical)
    Elapsed: 0.010s  Memory: 644.00M
"^" in: xor.drc:38
    Polygons (raw): 0 (flat)  0 (hierarchical)
    Elapsed: 0.780s  Memory: 660.00M
XOR differences: 0
"output" in: xor.drc:40
    Polygons (raw): 0 (flat)  0 (hierarchical)
    Elapsed: 0.010s  Memory: 660.00M
--- Running XOR for 64/5 ---
"input" in: xor.drc:38
    Polygons (raw): 0 (flat)  0 (hierarchical)
    Elapsed: 0.010s  Memory: 660.00M
"input" in: xor.drc:38
    Polygons (raw): 0 (flat)  0 (hierarchical)
    Elapsed: 0.010s  Memory: 660.00M
"^" in: xor.drc:38
    Polygons (raw): 0 (flat)  0 (hierarchical)
    Elapsed: 0.100s  Memory: 660.00M
XOR differences: 0
"output" in: xor.drc:40
    Polygons (raw): 0 (flat)  0 (hierarchical)
    Elapsed: 0.000s  Memory: 660.00M
--- Running XOR for 64/59 ---
"input" in: xor.drc:38
    Polygons (raw): 0 (flat)  0 (hierarchical)
    Elapsed: 0.000s  Memory: 660.00M
"input" in: xor.drc:38
    Polygons (raw): 0 (flat)  0 (hierarchical)
    Elapsed: 0.010s  Memory: 660.00M
"^" in: xor.drc:38
    Polygons (raw): 0 (flat)  0 (hierarchical)
    Elapsed: 0.100s  Memory: 660.00M
XOR differences: 0
"output" in: xor.drc:40
    Polygons (raw): 0 (flat)  0 (hierarchical)
    Elapsed: 0.010s  Memory: 660.00M
--- Running XOR for 65/20 ---
"input" in: xor.drc:38
    Polygons (raw): 73869 (flat)  27 (hierarchical)
    Elapsed: 0.000s  Memory: 660.00M
"input" in: xor.drc:38
    Polygons (raw): 147738 (flat)  54 (hierarchical)
    Elapsed: 0.020s  Memory: 660.00M
"^" in: xor.drc:38
    Polygons (raw): 0 (flat)  0 (hierarchical)
    Elapsed: 0.560s  Memory: 660.00M
XOR differences: 0
"output" in: xor.drc:40
    Polygons (raw): 0 (flat)  0 (hierarchical)
    Elapsed: 0.000s  Memory: 660.00M
--- Running XOR for 65/44 ---
"input" in: xor.drc:38
    Polygons (raw): 14552 (flat)  2 (hierarchical)
    Elapsed: 0.010s  Memory: 660.00M
"input" in: xor.drc:38
    Polygons (raw): 29104 (flat)  4 (hierarchical)
    Elapsed: 0.010s  Memory: 660.00M
"^" in: xor.drc:38
    Polygons (raw): 0 (flat)  0 (hierarchical)
    Elapsed: 0.140s  Memory: 660.00M
XOR differences: 0
"output" in: xor.drc:40
    Polygons (raw): 0 (flat)  0 (hierarchical)
    Elapsed: 0.010s  Memory: 660.00M
--- Running XOR for 66/15 ---
"input" in: xor.drc:38
    Polygons (raw): 468 (flat)  2 (hierarchical)
    Elapsed: 0.000s  Memory: 660.00M
"input" in: xor.drc:38
    Polygons (raw): 936 (flat)  4 (hierarchical)
    Elapsed: 0.010s  Memory: 660.00M
"^" in: xor.drc:38
    Polygons (raw): 0 (flat)  0 (hierarchical)
    Elapsed: 0.060s  Memory: 660.00M
XOR differences: 0
"output" in: xor.drc:40
    Polygons (raw): 0 (flat)  0 (hierarchical)
    Elapsed: 0.000s  Memory: 660.00M
--- Running XOR for 66/20 ---
"input" in: xor.drc:38
    Polygons (raw): 74340 (flat)  35 (hierarchical)
    Elapsed: 0.010s  Memory: 660.00M
"input" in: xor.drc:38
    Polygons (raw): 148680 (flat)  70 (hierarchical)
    Elapsed: 0.010s  Memory: 660.00M
"^" in: xor.drc:38
    Polygons (raw): 0 (flat)  0 (hierarchical)
    Elapsed: 0.780s  Memory: 660.00M
XOR differences: 0
"output" in: xor.drc:40
    Polygons (raw): 0 (flat)  0 (hierarchical)
    Elapsed: 0.010s  Memory: 660.00M
--- Running XOR for 66/44 ---
"input" in: xor.drc:38
    Polygons (raw): 508214 (flat)  238 (hierarchical)
    Elapsed: 0.000s  Memory: 660.00M
"input" in: xor.drc:38
    Polygons (raw): 1016428 (flat)  476 (hierarchical)
    Elapsed: 0.020s  Memory: 660.00M
"^" in: xor.drc:38
    Polygons (raw): 0 (flat)  0 (hierarchical)
    Elapsed: 3.600s  Memory: 660.00M
XOR differences: 0
"output" in: xor.drc:40
    Polygons (raw): 0 (flat)  0 (hierarchical)
    Elapsed: 0.010s  Memory: 660.00M
--- Running XOR for 67/16 ---
"input" in: xor.drc:38
    Polygons (raw): 663 (flat)  46 (hierarchical)
    Elapsed: 0.010s  Memory: 660.00M
"input" in: xor.drc:38
    Polygons (raw): 1326 (flat)  92 (hierarchical)
    Elapsed: 0.010s  Memory: 660.00M
"^" in: xor.drc:38
    Polygons (raw): 0 (flat)  0 (hierarchical)
    Elapsed: 0.040s  Memory: 660.00M
XOR differences: 0
"output" in: xor.drc:40
    Polygons (raw): 0 (flat)  0 (hierarchical)
    Elapsed: 0.010s  Memory: 660.00M
--- Running XOR for 67/20 ---
"input" in: xor.drc:38
    Polygons (raw): 118900 (flat)  381 (hierarchical)
    Elapsed: 0.010s  Memory: 660.00M
"input" in: xor.drc:38
    Polygons (raw): 237552 (flat)  447 (hierarchical)
    Elapsed: 0.000s  Memory: 660.00M
"^" in: xor.drc:38
    Polygons (raw): 0 (flat)  0 (hierarchical)
    Elapsed: 1.860s  Memory: 682.00M
XOR differences: 0
"output" in: xor.drc:40
    Polygons (raw): 0 (flat)  0 (hierarchical)
    Elapsed: 0.010s  Memory: 682.00M
--- Running XOR for 67/44 ---
"input" in: xor.drc:38
    Polygons (raw): 819527 (flat)  529 (hierarchical)
    Elapsed: 0.010s  Memory: 682.00M
"input" in: xor.drc:38
    Polygons (raw): 1638707 (flat)  644 (hierarchical)
    Elapsed: 0.010s  Memory: 682.00M
"^" in: xor.drc:38
    Polygons (raw): 0 (flat)  0 (hierarchical)
    Elapsed: 5.530s  Memory: 682.00M
XOR differences: 0
"output" in: xor.drc:40
    Polygons (raw): 0 (flat)  0 (hierarchical)
    Elapsed: 0.000s  Memory: 682.00M
--- Running XOR for 67/5 ---
"input" in: xor.drc:38
    Polygons (raw): 0 (flat)  0 (hierarchical)
    Elapsed: 0.010s  Memory: 682.00M
"input" in: xor.drc:38
    Polygons (raw): 0 (flat)  0 (hierarchical)
    Elapsed: 0.010s  Memory: 682.00M
"^" in: xor.drc:38
    Polygons (raw): 0 (flat)  0 (hierarchical)
    Elapsed: 0.030s  Memory: 682.00M
XOR differences: 0
"output" in: xor.drc:40
    Polygons (raw): 0 (flat)  0 (hierarchical)
    Elapsed: 0.000s  Memory: 682.00M
--- Running XOR for 68/16 ---
"input" in: xor.drc:38
    Polygons (raw): 103490 (flat)  34 (hierarchical)
    Elapsed: 0.010s  Memory: 682.00M
"input" in: xor.drc:38
    Polygons (raw): 206980 (flat)  68 (hierarchical)
    Elapsed: 0.010s  Memory: 682.00M
"^" in: xor.drc:38
    Polygons (raw): 0 (flat)  0 (hierarchical)
    Elapsed: 0.870s  Memory: 682.00M
XOR differences: 0
"output" in: xor.drc:40
    Polygons (raw): 0 (flat)  0 (hierarchical)
    Elapsed: 0.010s  Memory: 682.00M
--- Running XOR for 68/20 ---
"input" in: xor.drc:38
    Polygons (raw): 109808 (flat)  6352 (hierarchical)
    Elapsed: 0.000s  Memory: 682.00M
"input" in: xor.drc:38
    Polygons (raw): 211445 (flat)  2649 (hierarchical)
    Elapsed: 0.000s  Memory: 682.00M
"^" in: xor.drc:38
    Polygons (raw): 0 (flat)  0 (hierarchical)
    Elapsed: 1.250s  Memory: 732.00M
XOR differences: 0
"output" in: xor.drc:40
    Polygons (raw): 0 (flat)  0 (hierarchical)
    Elapsed: 0.000s  Memory: 732.00M
--- Running XOR for 68/44 ---
"input" in: xor.drc:38
    Polygons (raw): 8485 (flat)  8485 (hierarchical)
    Elapsed: 0.010s  Memory: 732.00M
"input" in: xor.drc:38
    Polygons (raw): 8485 (flat)  6668 (hierarchical)
    Elapsed: 0.010s  Memory: 732.00M
"^" in: xor.drc:38
    Polygons (raw): 0 (flat)  0 (hierarchical)
    Elapsed: 0.070s  Memory: 732.00M
XOR differences: 0
"output" in: xor.drc:40
    Polygons (raw): 0 (flat)  0 (hierarchical)
    Elapsed: 0.000s  Memory: 732.00M
--- Running XOR for 68/5 ---
"input" in: xor.drc:38
    Polygons (raw): 0 (flat)  0 (hierarchical)
    Elapsed: 0.010s  Memory: 732.00M
"input" in: xor.drc:38
    Polygons (raw): 0 (flat)  0 (hierarchical)
    Elapsed: 0.010s  Memory: 732.00M
"^" in: xor.drc:38
    Polygons (raw): 0 (flat)  0 (hierarchical)
    Elapsed: 0.120s  Memory: 732.00M
XOR differences: 0
"output" in: xor.drc:40
    Polygons (raw): 0 (flat)  0 (hierarchical)
    Elapsed: 0.010s  Memory: 732.00M
--- Running XOR for 69/16 ---
"input" in: xor.drc:38
    Polygons (raw): 1138 (flat)  1138 (hierarchical)
    Elapsed: 0.000s  Memory: 732.00M
"input" in: xor.drc:38
    Polygons (raw): 1138 (flat)  1138 (hierarchical)
    Elapsed: 0.010s  Memory: 732.00M
"^" in: xor.drc:38
    Polygons (raw): 0 (flat)  0 (hierarchical)
    Elapsed: 0.040s  Memory: 732.00M
XOR differences: 0
"output" in: xor.drc:40
    Polygons (raw): 0 (flat)  0 (hierarchical)
    Elapsed: 0.000s  Memory: 732.00M
--- Running XOR for 69/20 ---
"input" in: xor.drc:38
    Polygons (raw): 7228 (flat)  7228 (hierarchical)
    Elapsed: 0.010s  Memory: 732.00M
"input" in: xor.drc:38
    Polygons (raw): 6930 (flat)  4955 (hierarchical)
    Elapsed: 0.010s  Memory: 732.00M
"^" in: xor.drc:38
    Polygons (raw): 530 (flat)  530 (hierarchical)
    Elapsed: 0.100s  Memory: 732.00M
XOR differences: 530
"output" in: xor.drc:40
    Polygons (raw): 530 (flat)  530 (hierarchical)
    Elapsed: 0.010s  Memory: 732.00M
--- Running XOR for 69/44 ---
"input" in: xor.drc:38
    Polygons (raw): 5271 (flat)  5271 (hierarchical)
    Elapsed: 0.000s  Memory: 732.00M
"input" in: xor.drc:38
    Polygons (raw): 5271 (flat)  5113 (hierarchical)
    Elapsed: 0.000s  Memory: 732.00M
"^" in: xor.drc:38
    Polygons (raw): 0 (flat)  0 (hierarchical)
    Elapsed: 0.050s  Memory: 732.00M
XOR differences: 0
"output" in: xor.drc:40
    Polygons (raw): 0 (flat)  0 (hierarchical)
    Elapsed: 0.010s  Memory: 732.00M
--- Running XOR for 69/5 ---
"input" in: xor.drc:38
    Polygons (raw): 0 (flat)  0 (hierarchical)
    Elapsed: 0.000s  Memory: 732.00M
"input" in: xor.drc:38
    Polygons (raw): 0 (flat)  0 (hierarchical)
    Elapsed: 0.010s  Memory: 732.00M
"^" in: xor.drc:38
    Polygons (raw): 0 (flat)  0 (hierarchical)
    Elapsed: 0.010s  Memory: 732.00M
XOR differences: 0
"output" in: xor.drc:40
    Polygons (raw): 0 (flat)  0 (hierarchical)
    Elapsed: 0.010s  Memory: 732.00M
--- Running XOR for 70/16 ---
"input" in: xor.drc:38
    Polygons (raw): 107 (flat)  107 (hierarchical)
    Elapsed: 0.000s  Memory: 732.00M
"input" in: xor.drc:38
    Polygons (raw): 107 (flat)  107 (hierarchical)
    Elapsed: 0.010s  Memory: 732.00M
"^" in: xor.drc:38
    Polygons (raw): 0 (flat)  0 (hierarchical)
    Elapsed: 0.010s  Memory: 732.00M
XOR differences: 0
"output" in: xor.drc:40
    Polygons (raw): 0 (flat)  0 (hierarchical)
    Elapsed: 0.010s  Memory: 732.00M
--- Running XOR for 70/20 ---
"input" in: xor.drc:38
    Polygons (raw): 1923 (flat)  1923 (hierarchical)
    Elapsed: 0.020s  Memory: 732.00M
"input" in: xor.drc:38
    Polygons (raw): 1568 (flat)  1407 (hierarchical)
    Elapsed: 0.010s  Memory: 732.00M
"^" in: xor.drc:38
    Polygons (raw): 107 (flat)  107 (hierarchical)
    Elapsed: 0.040s  Memory: 732.00M
XOR differences: 107
"output" in: xor.drc:40
    Polygons (raw): 107 (flat)  107 (hierarchical)
    Elapsed: 0.000s  Memory: 732.00M
--- Running XOR for 70/44 ---
"input" in: xor.drc:38
    Polygons (raw): 5116 (flat)  5116 (hierarchical)
    Elapsed: 0.010s  Memory: 732.00M
"input" in: xor.drc:38
    Polygons (raw): 5116 (flat)  5113 (hierarchical)
    Elapsed: 0.010s  Memory: 732.00M
"^" in: xor.drc:38
    Polygons (raw): 0 (flat)  0 (hierarchical)
    Elapsed: 0.060s  Memory: 732.00M
XOR differences: 0
"output" in: xor.drc:40
    Polygons (raw): 0 (flat)  0 (hierarchical)
    Elapsed: 0.000s  Memory: 732.00M
--- Running XOR for 70/5 ---
"input" in: xor.drc:38
    Polygons (raw): 0 (flat)  0 (hierarchical)
    Elapsed: 0.010s  Memory: 732.00M
"input" in: xor.drc:38
    Polygons (raw): 0 (flat)  0 (hierarchical)
    Elapsed: 0.000s  Memory: 732.00M
"^" in: xor.drc:38
    Polygons (raw): 0 (flat)  0 (hierarchical)
    Elapsed: 0.000s  Memory: 732.00M
XOR differences: 0
"output" in: xor.drc:40
    Polygons (raw): 0 (flat)  0 (hierarchical)
    Elapsed: 0.010s  Memory: 732.00M
--- Running XOR for 71/16 ---
"input" in: xor.drc:38
    Polygons (raw): 158 (flat)  158 (hierarchical)
    Elapsed: 0.010s  Memory: 732.00M
"input" in: xor.drc:38
    Polygons (raw): 158 (flat)  158 (hierarchical)
    Elapsed: 0.010s  Memory: 732.00M
"^" in: xor.drc:38
    Polygons (raw): 70 (flat)  70 (hierarchical)
    Elapsed: 0.040s  Memory: 732.00M
XOR differences: 70
"output" in: xor.drc:40
    Polygons (raw): 70 (flat)  70 (hierarchical)
    Elapsed: 0.010s  Memory: 732.00M
--- Running XOR for 71/20 ---
"input" in: xor.drc:38
    Polygons (raw): 194 (flat)  194 (hierarchical)
    Elapsed: 0.000s  Memory: 732.00M
"input" in: xor.drc:38
    Polygons (raw): 3194 (flat)  17 (hierarchical)
    Elapsed: 0.000s  Memory: 732.00M
"^" in: xor.drc:38
    Polygons (raw): 3085 (flat)  3085 (hierarchical)
    Elapsed: 0.060s  Memory: 732.00M
XOR differences: 3085
"output" in: xor.drc:40
    Polygons (raw): 3085 (flat)  3085 (hierarchical)
    Elapsed: 0.010s  Memory: 732.00M
--- Running XOR for 71/44 ---
"input" in: xor.drc:38
    Polygons (raw): 12632 (flat)  12632 (hierarchical)
    Elapsed: 0.000s  Memory: 732.00M
"input" in: xor.drc:38
    Polygons (raw): 12632 (flat)  6 (hierarchical)
    Elapsed: 0.010s  Memory: 732.00M
"^" in: xor.drc:38
    Polygons (raw): 1184 (flat)  1184 (hierarchical)
    Elapsed: 0.060s  Memory: 732.00M
XOR differences: 1184
"output" in: xor.drc:40
    Polygons (raw): 1184 (flat)  1184 (hierarchical)
    Elapsed: 0.000s  Memory: 732.00M
--- Running XOR for 71/5 ---
"input" in: xor.drc:38
    Polygons (raw): 0 (flat)  0 (hierarchical)
    Elapsed: 0.010s  Memory: 732.00M
"input" in: xor.drc:38
    Polygons (raw): 0 (flat)  0 (hierarchical)
    Elapsed: 0.000s  Memory: 732.00M
"^" in: xor.drc:38
    Polygons (raw): 0 (flat)  0 (hierarchical)
    Elapsed: 0.000s  Memory: 732.00M
XOR differences: 0
"output" in: xor.drc:40
    Polygons (raw): 0 (flat)  0 (hierarchical)
    Elapsed: 0.010s  Memory: 732.00M
--- Running XOR for 72/16 ---
"input" in: xor.drc:38
    Polygons (raw): 172 (flat)  172 (hierarchical)
    Elapsed: 0.010s  Memory: 732.00M
"input" in: xor.drc:38
    Polygons (raw): 172 (flat)  172 (hierarchical)
    Elapsed: 0.010s  Memory: 732.00M
"^" in: xor.drc:38
    Polygons (raw): 82 (flat)  82 (hierarchical)
    Elapsed: 0.010s  Memory: 732.00M
XOR differences: 82
"output" in: xor.drc:40
    Polygons (raw): 82 (flat)  82 (hierarchical)
    Elapsed: 0.010s  Memory: 732.00M
--- Running XOR for 72/20 ---
"input" in: xor.drc:38
    Polygons (raw): 172 (flat)  172 (hierarchical)
    Elapsed: 0.010s  Memory: 732.00M
"input" in: xor.drc:38
    Polygons (raw): 3176 (flat)  2 (hierarchical)
    Elapsed: 0.000s  Memory: 732.00M
"^" in: xor.drc:38
    Polygons (raw): 3136 (flat)  3136 (hierarchical)
    Elapsed: 0.020s  Memory: 732.00M
XOR differences: 3136
"output" in: xor.drc:40
    Polygons (raw): 3136 (flat)  3136 (hierarchical)
    Elapsed: 0.010s  Memory: 732.00M
--- Running XOR for 72/5 ---
"input" in: xor.drc:38
    Polygons (raw): 0 (flat)  0 (hierarchical)
    Elapsed: 0.010s  Memory: 732.00M
"input" in: xor.drc:38
    Polygons (raw): 0 (flat)  0 (hierarchical)
    Elapsed: 0.010s  Memory: 732.00M
"^" in: xor.drc:38
    Polygons (raw): 0 (flat)  0 (hierarchical)
    Elapsed: 0.010s  Memory: 732.00M
XOR differences: 0
"output" in: xor.drc:40
    Polygons (raw): 0 (flat)  0 (hierarchical)
    Elapsed: 0.010s  Memory: 732.00M
--- Running XOR for 78/44 ---
"input" in: xor.drc:38
    Polygons (raw): 51747 (flat)  18 (hierarchical)
    Elapsed: 0.000s  Memory: 732.00M
"input" in: xor.drc:38
    Polygons (raw): 103494 (flat)  36 (hierarchical)
    Elapsed: 0.020s  Memory: 732.00M
"^" in: xor.drc:38
    Polygons (raw): 0 (flat)  0 (hierarchical)
    Elapsed: 0.510s  Memory: 732.00M
XOR differences: 0
"output" in: xor.drc:40
    Polygons (raw): 0 (flat)  0 (hierarchical)
    Elapsed: 0.000s  Memory: 732.00M
--- Running XOR for 81/14 ---
"input" in: xor.drc:38
    Polygons (raw): 2 (flat)  2 (hierarchical)
    Elapsed: 0.000s  Memory: 732.00M
"input" in: xor.drc:38
    Polygons (raw): 1 (flat)  1 (hierarchical)
    Elapsed: 0.010s  Memory: 732.00M
"^" in: xor.drc:38
    Polygons (raw): 1 (flat)  1 (hierarchical)
    Elapsed: 0.040s  Memory: 732.00M
XOR differences: 1
"output" in: xor.drc:40
    Polygons (raw): 1 (flat)  1 (hierarchical)
    Elapsed: 0.010s  Memory: 732.00M
--- Running XOR for 81/23 ---
"input" in: xor.drc:38
    Polygons (raw): 9 (flat)  1 (hierarchical)
    Elapsed: 0.000s  Memory: 732.00M
"input" in: xor.drc:38
    Polygons (raw): 18 (flat)  2 (hierarchical)
    Elapsed: 0.010s  Memory: 732.00M
"^" in: xor.drc:38
    Polygons (raw): 0 (flat)  0 (hierarchical)
    Elapsed: 0.040s  Memory: 732.00M
XOR differences: 0
"output" in: xor.drc:40
    Polygons (raw): 0 (flat)  0 (hierarchical)
    Elapsed: 0.000s  Memory: 732.00M
--- Running XOR for 81/4 ---
"input" in: xor.drc:38
    Polygons (raw): 51743 (flat)  16 (hierarchical)
    Elapsed: 0.010s  Memory: 732.00M
"input" in: xor.drc:38
    Polygons (raw): 103486 (flat)  32 (hierarchical)
    Elapsed: 0.010s  Memory: 732.00M
"^" in: xor.drc:38
    Polygons (raw): 0 (flat)  0 (hierarchical)
    Elapsed: 0.550s  Memory: 732.00M
XOR differences: 0
"output" in: xor.drc:40
    Polygons (raw): 0 (flat)  0 (hierarchical)
    Elapsed: 0.010s  Memory: 732.00M
--- Running XOR for 83/44 ---
"input" in: xor.drc:38
    Polygons (raw): 0 (flat)  0 (hierarchical)
    Elapsed: 0.000s  Memory: 732.00M
"input" in: xor.drc:38
    Polygons (raw): 0 (flat)  0 (hierarchical)
    Elapsed: 0.010s  Memory: 732.00M
"^" in: xor.drc:38
    Polygons (raw): 0 (flat)  0 (hierarchical)
    Elapsed: 0.100s  Memory: 732.00M
XOR differences: 0
"output" in: xor.drc:40
    Polygons (raw): 0 (flat)  0 (hierarchical)
    Elapsed: 0.000s  Memory: 732.00M
--- Running XOR for 93/44 ---
"input" in: xor.drc:38
    Polygons (raw): 59019 (flat)  17 (hierarchical)
    Elapsed: 0.010s  Memory: 732.00M
"input" in: xor.drc:38
    Polygons (raw): 118038 (flat)  34 (hierarchical)
    Elapsed: 0.010s  Memory: 732.00M
"^" in: xor.drc:38
    Polygons (raw): 0 (flat)  0 (hierarchical)
    Elapsed: 0.680s  Memory: 732.00M
XOR differences: 0
"output" in: xor.drc:40
    Polygons (raw): 0 (flat)  0 (hierarchical)
    Elapsed: 0.010s  Memory: 732.00M
--- Running XOR for 94/20 ---
"input" in: xor.drc:38
    Polygons (raw): 59019 (flat)  17 (hierarchical)
    Elapsed: 0.010s  Memory: 732.00M
"input" in: xor.drc:38
    Polygons (raw): 118038 (flat)  34 (hierarchical)
    Elapsed: 0.000s  Memory: 732.00M
"^" in: xor.drc:38
    Polygons (raw): 0 (flat)  0 (hierarchical)
    Elapsed: 0.680s  Memory: 732.00M
XOR differences: 0
"output" in: xor.drc:40
    Polygons (raw): 0 (flat)  0 (hierarchical)
    Elapsed: 0.000s  Memory: 732.00M
--- Running XOR for 95/20 ---
"input" in: xor.drc:38
    Polygons (raw): 37394 (flat)  13 (hierarchical)
    Elapsed: 0.010s  Memory: 732.00M
"input" in: xor.drc:38
    Polygons (raw): 74788 (flat)  26 (hierarchical)
    Elapsed: 0.010s  Memory: 732.00M
"^" in: xor.drc:38
    Polygons (raw): 0 (flat)  0 (hierarchical)
    Elapsed: 0.430s  Memory: 732.00M
XOR differences: 0
"output" in: xor.drc:40
    Polygons (raw): 0 (flat)  0 (hierarchical)
    Elapsed: 0.000s  Memory: 732.00M
Writing report database: /home/shahid/caravel_user_project1/openlane/user_project_wrapper/runs/user_project_wrapper/results/klayout/user_project_wrapper.xor.xml ..
Total elapsed: 22.470s  Memory: 732.00M
