OpenROAD b79f266fe41540eabc064bcaddfe19ed715ac5c2 
This program is licensed under the BSD-3 license. See the LICENSE file for details.
Components of this program may be licensed under more restrictive licenses which must be honored.
[INFO ODB-0222] Reading LEF file: /home/shahid/caravel_user_project/openlane/user_project_wrapper/runs/user_project_wrapper/tmp/merged.lef
[INFO ODB-0223]     Created 13 technology layers
[INFO ODB-0224]     Created 25 technology vias
[INFO ODB-0225]     Created 443 library cells
[INFO ODB-0226] Finished LEF file:  /home/shahid/caravel_user_project/openlane/user_project_wrapper/runs/user_project_wrapper/tmp/merged.lef
[INFO ODB-0127] Reading DEF file: /home/shahid/caravel_user_project/openlane/user_project_wrapper/runs/user_project_wrapper/results/routing/22-user_project_wrapper.def
[INFO ODB-0128] Design: user_project_wrapper
[INFO ODB-0130]     Created 645 pins.
[INFO ODB-0131]     Created 1 components and 15 component-terminals.
[INFO ODB-0132]     Created 8 special nets and 2 connections.
[INFO ODB-0133]     Created 637 nets and 13 connections.
[INFO ODB-0134] Finished DEF file: /home/shahid/caravel_user_project/openlane/user_project_wrapper/runs/user_project_wrapper/results/routing/22-user_project_wrapper.def
[INFO ODB-0222] Reading LEF file: /home/shahid/caravel_user_project/openlane/user_project_wrapper/runs/user_project_wrapper/tmp/merged.lef
[INFO ODB-0223]     Created 13 technology layers
[INFO ODB-0224]     Created 25 technology vias
[INFO ODB-0225]     Created 443 library cells
[INFO ODB-0226] Finished LEF file:  /home/shahid/caravel_user_project/openlane/user_project_wrapper/runs/user_project_wrapper/tmp/merged.lef
[INFO ODB-0127] Reading DEF file: /home/shahid/caravel_user_project/openlane/user_project_wrapper/runs/user_project_wrapper/tmp/synthesis/yosys.pg_define.def
[INFO ODB-0128] Design: user_project_wrapper
[INFO ODB-0130]     Created 645 pins.
[INFO ODB-0131]     Created 1 components and 15 component-terminals.
[INFO ODB-0133]     Created 645 nets and 15 connections.
[INFO ODB-0134] Finished DEF file: /home/shahid/caravel_user_project/openlane/user_project_wrapper/runs/user_project_wrapper/tmp/synthesis/yosys.pg_define.def
Top-level design name: user_project_wrapper
Default power net:  vccd1
Default ground net: vssd1
Found a total of 4 power ports.
Found a total of 4 ground ports.
Modified power connections of 1 cells (Remaining: 0 ).
STDOUT:
OpenROAD b79f266fe41540eabc064bcaddfe19ed715ac5c2 
This program is licensed under the BSD-3 license. See the LICENSE file for details.
Components of this program may be licensed under more restrictive licenses which must be honored.
warning: `//.tclsh-history' is not writable.
[?1034hopenroad> read_lef /home/shahid/caravel_user_project/openlane/user_project_wrapp 
er/runs/user_project_wrapper/tmp/merged.lef
[INFO ODB-0222] Reading LEF file: /home/shahid/caravel_user_project/openlane/user_project_wrapper/runs/user_project_wrapper/tmp/merged.lef
[INFO ODB-0223]     Created 13 technology layers
[INFO ODB-0224]     Created 25 technology vias
[INFO ODB-0225]     Created 443 library cells
[INFO ODB-0226] Finished LEF file:  /home/shahid/caravel_user_project/openlane/user_project_wrapper/runs/user_project_wrapper/tmp/merged.lef
openroad> read_verilog /home/shahid/caravel_user_project/openlane/user_project_w 
rapper/runs/user_project_wrapper/tmp/synthesis/yosys.pg_define.v
openroad> link_design user_project_wrapper
[WARNING ORD-1011] LEF master counter has no liberty cell.
openroad> write_def /home/shahid/caravel_user_project/openlane/user_project_wrap 
per/runs/user_project_wrapper/tmp/synthesis/yosys.pg_define.def
openroad> exit
unable to write history to `//.tclsh-history'
STDERR:

openroad exit code: 0
Successfully created a new database
Modified connections between vccd1 and count1
Modified connections between vssd1 and count1
