
===========================================================================
report_checks -path_delay min (Hold)
============================================================================
Startpoint: rst_n (input port clocked by clk)
Endpoint: _48_ (removal check against rising-edge clock clk)
Path Group: **async_default**
Path Type: min

Fanout     Cap    Slew   Delay    Time   Description
-----------------------------------------------------------------------------
                          0.00    0.00   clock clk (rise edge)
                          0.00    0.00   clock network delay (propagated)
                         20.00   20.00 ^ input external delay
                  0.03    0.02   20.02 ^ rst_n (in)
     1    0.01                           rst_n (net)
                  0.03    0.00   20.02 ^ input8/A (sky130_fd_sc_hd__buf_6)
                  0.03    0.08   20.10 ^ input8/X (sky130_fd_sc_hd__buf_6)
     4    0.06                           net8 (net)
                  0.98    0.47   20.57 ^ _48_/RESET_B (sky130_fd_sc_hd__dfrtp_4)
                                 20.57   data arrival time

                          0.00    0.00   clock clk (rise edge)
                          0.00    0.00   clock source latency
                  0.23    0.17    0.17 ^ clk (in)
     1    0.05                           clk (net)
                  0.23    0.00    0.17 ^ clkbuf_0_clk/A (sky130_fd_sc_hd__clkbuf_16)
                  0.03    0.18    0.35 ^ clkbuf_0_clk/X (sky130_fd_sc_hd__clkbuf_16)
     2    0.01                           clknet_0_clk (net)
                  0.03    0.00    0.35 ^ clkbuf_1_1_0_clk/A (sky130_fd_sc_hd__clkbuf_2)
                  0.06    0.12    0.47 ^ clkbuf_1_1_0_clk/X (sky130_fd_sc_hd__clkbuf_2)
     2    0.01                           clknet_1_1_0_clk (net)
                  0.06    0.00    0.47 ^ _48_/CLK (sky130_fd_sc_hd__dfrtp_4)
                          0.25    0.72   clock uncertainty
                          0.00    0.72   clock reconvergence pessimism
                          0.58    1.30   library removal time
                                  1.30   data required time
-----------------------------------------------------------------------------
                                  1.30   data required time
                                -20.57   data arrival time
-----------------------------------------------------------------------------
                                 19.27   slack (MET)


Startpoint: rst_n (input port clocked by clk)
Endpoint: _47_ (removal check against rising-edge clock clk)
Path Group: **async_default**
Path Type: min

Fanout     Cap    Slew   Delay    Time   Description
-----------------------------------------------------------------------------
                          0.00    0.00   clock clk (rise edge)
                          0.00    0.00   clock network delay (propagated)
                         20.00   20.00 ^ input external delay
                  0.03    0.02   20.02 ^ rst_n (in)
     1    0.01                           rst_n (net)
                  0.03    0.00   20.02 ^ input8/A (sky130_fd_sc_hd__buf_6)
                  0.03    0.08   20.10 ^ input8/X (sky130_fd_sc_hd__buf_6)
     4    0.06                           net8 (net)
                  0.98    0.47   20.57 ^ _47_/RESET_B (sky130_fd_sc_hd__dfrtp_4)
                                 20.57   data arrival time

                          0.00    0.00   clock clk (rise edge)
                          0.00    0.00   clock source latency
                  0.23    0.17    0.17 ^ clk (in)
     1    0.05                           clk (net)
                  0.23    0.00    0.17 ^ clkbuf_0_clk/A (sky130_fd_sc_hd__clkbuf_16)
                  0.03    0.18    0.35 ^ clkbuf_0_clk/X (sky130_fd_sc_hd__clkbuf_16)
     2    0.01                           clknet_0_clk (net)
                  0.03    0.00    0.35 ^ clkbuf_1_1_0_clk/A (sky130_fd_sc_hd__clkbuf_2)
                  0.06    0.12    0.47 ^ clkbuf_1_1_0_clk/X (sky130_fd_sc_hd__clkbuf_2)
     2    0.01                           clknet_1_1_0_clk (net)
                  0.06    0.00    0.47 ^ _47_/CLK (sky130_fd_sc_hd__dfrtp_4)
                          0.25    0.72   clock uncertainty
                          0.00    0.72   clock reconvergence pessimism
                          0.58    1.30   library removal time
                                  1.30   data required time
-----------------------------------------------------------------------------
                                  1.30   data required time
                                -20.57   data arrival time
-----------------------------------------------------------------------------
                                 19.27   slack (MET)


Startpoint: rst_n (input port clocked by clk)
Endpoint: _46_ (removal check against rising-edge clock clk)
Path Group: **async_default**
Path Type: min

Fanout     Cap    Slew   Delay    Time   Description
-----------------------------------------------------------------------------
                          0.00    0.00   clock clk (rise edge)
                          0.00    0.00   clock network delay (propagated)
                         20.00   20.00 ^ input external delay
                  0.03    0.02   20.02 ^ rst_n (in)
     1    0.01                           rst_n (net)
                  0.03    0.00   20.02 ^ input8/A (sky130_fd_sc_hd__buf_6)
                  0.03    0.08   20.10 ^ input8/X (sky130_fd_sc_hd__buf_6)
     4    0.06                           net8 (net)
                  0.98    0.47   20.56 ^ _46_/RESET_B (sky130_fd_sc_hd__dfrtp_4)
                                 20.56   data arrival time

                          0.00    0.00   clock clk (rise edge)
                          0.00    0.00   clock source latency
                  0.23    0.17    0.17 ^ clk (in)
     1    0.05                           clk (net)
                  0.23    0.00    0.17 ^ clkbuf_0_clk/A (sky130_fd_sc_hd__clkbuf_16)
                  0.03    0.18    0.35 ^ clkbuf_0_clk/X (sky130_fd_sc_hd__clkbuf_16)
     2    0.01                           clknet_0_clk (net)
                  0.03    0.00    0.35 ^ clkbuf_1_0_0_clk/A (sky130_fd_sc_hd__clkbuf_2)
                  0.06    0.11    0.47 ^ clkbuf_1_0_0_clk/X (sky130_fd_sc_hd__clkbuf_2)
     2    0.01                           clknet_1_0_0_clk (net)
                  0.06    0.00    0.47 ^ _46_/CLK (sky130_fd_sc_hd__dfrtp_4)
                          0.25    0.72   clock uncertainty
                          0.00    0.72   clock reconvergence pessimism
                          0.58    1.30   library removal time
                                  1.30   data required time
-----------------------------------------------------------------------------
                                  1.30   data required time
                                -20.56   data arrival time
-----------------------------------------------------------------------------
                                 19.27   slack (MET)


Startpoint: rst_n (input port clocked by clk)
Endpoint: _49_ (removal check against rising-edge clock clk)
Path Group: **async_default**
Path Type: min

Fanout     Cap    Slew   Delay    Time   Description
-----------------------------------------------------------------------------
                          0.00    0.00   clock clk (rise edge)
                          0.00    0.00   clock network delay (propagated)
                         20.00   20.00 ^ input external delay
                  0.03    0.02   20.02 ^ rst_n (in)
     1    0.01                           rst_n (net)
                  0.03    0.00   20.02 ^ input8/A (sky130_fd_sc_hd__buf_6)
                  0.03    0.08   20.10 ^ input8/X (sky130_fd_sc_hd__buf_6)
     4    0.06                           net8 (net)
                  0.98    0.47   20.57 ^ _49_/RESET_B (sky130_fd_sc_hd__dfrtp_4)
                                 20.57   data arrival time

                          0.00    0.00   clock clk (rise edge)
                          0.00    0.00   clock source latency
                  0.23    0.17    0.17 ^ clk (in)
     1    0.05                           clk (net)
                  0.23    0.00    0.17 ^ clkbuf_0_clk/A (sky130_fd_sc_hd__clkbuf_16)
                  0.03    0.18    0.35 ^ clkbuf_0_clk/X (sky130_fd_sc_hd__clkbuf_16)
     2    0.01                           clknet_0_clk (net)
                  0.03    0.00    0.35 ^ clkbuf_1_0_0_clk/A (sky130_fd_sc_hd__clkbuf_2)
                  0.06    0.11    0.47 ^ clkbuf_1_0_0_clk/X (sky130_fd_sc_hd__clkbuf_2)
     2    0.01                           clknet_1_0_0_clk (net)
                  0.06    0.00    0.47 ^ _49_/CLK (sky130_fd_sc_hd__dfrtp_4)
                          0.25    0.72   clock uncertainty
                          0.00    0.72   clock reconvergence pessimism
                          0.58    1.30   library removal time
                                  1.30   data required time
-----------------------------------------------------------------------------
                                  1.30   data required time
                                -20.57   data arrival time
-----------------------------------------------------------------------------
                                 19.27   slack (MET)


Startpoint: _46_ (rising edge-triggered flip-flop clocked by clk)
Endpoint: _46_ (rising edge-triggered flip-flop clocked by clk)
Path Group: clk
Path Type: min

Fanout     Cap    Slew   Delay    Time   Description
-----------------------------------------------------------------------------
                          0.00    0.00   clock clk (rise edge)
                          0.00    0.00   clock source latency
                  0.23    0.16    0.16 ^ clk (in)
     1    0.05                           clk (net)
                  0.23    0.00    0.16 ^ clkbuf_0_clk/A (sky130_fd_sc_hd__clkbuf_16)
                  0.03    0.16    0.32 ^ clkbuf_0_clk/X (sky130_fd_sc_hd__clkbuf_16)
     2    0.01                           clknet_0_clk (net)
                  0.03    0.00    0.32 ^ clkbuf_1_0_0_clk/A (sky130_fd_sc_hd__clkbuf_2)
                  0.06    0.10    0.42 ^ clkbuf_1_0_0_clk/X (sky130_fd_sc_hd__clkbuf_2)
     2    0.01                           clknet_1_0_0_clk (net)
                  0.06    0.00    0.42 ^ _46_/CLK (sky130_fd_sc_hd__dfrtp_4)
                  0.16    0.47    0.90 ^ _46_/Q (sky130_fd_sc_hd__dfrtp_4)
     4    0.05                           net9 (net)
                  0.16    0.00    0.90 ^ _26_/A2 (sky130_fd_sc_hd__o22a_1)
                  0.11    0.19    1.09 ^ _26_/X (sky130_fd_sc_hd__o22a_1)
     1    0.01                           _08_ (net)
                  0.11    0.00    1.09 ^ _46_/D (sky130_fd_sc_hd__dfrtp_4)
                                  1.09   data arrival time

                          0.00    0.00   clock clk (rise edge)
                          0.00    0.00   clock source latency
                  0.23    0.17    0.17 ^ clk (in)
     1    0.05                           clk (net)
                  0.23    0.00    0.17 ^ clkbuf_0_clk/A (sky130_fd_sc_hd__clkbuf_16)
                  0.03    0.18    0.35 ^ clkbuf_0_clk/X (sky130_fd_sc_hd__clkbuf_16)
     2    0.01                           clknet_0_clk (net)
                  0.03    0.00    0.35 ^ clkbuf_1_0_0_clk/A (sky130_fd_sc_hd__clkbuf_2)
                  0.06    0.11    0.47 ^ clkbuf_1_0_0_clk/X (sky130_fd_sc_hd__clkbuf_2)
     2    0.01                           clknet_1_0_0_clk (net)
                  0.06    0.00    0.47 ^ _46_/CLK (sky130_fd_sc_hd__dfrtp_4)
                          0.25    0.72   clock uncertainty
                         -0.04    0.67   clock reconvergence pessimism
                         -0.05    0.63   library hold time
                                  0.63   data required time
-----------------------------------------------------------------------------
                                  0.63   data required time
                                 -1.09   data arrival time
-----------------------------------------------------------------------------
                                  0.47   slack (MET)


Startpoint: _47_ (rising edge-triggered flip-flop clocked by clk)
Endpoint: _47_ (rising edge-triggered flip-flop clocked by clk)
Path Group: clk
Path Type: min

Fanout     Cap    Slew   Delay    Time   Description
-----------------------------------------------------------------------------
                          0.00    0.00   clock clk (rise edge)
                          0.00    0.00   clock source latency
                  0.23    0.16    0.16 ^ clk (in)
     1    0.05                           clk (net)
                  0.23    0.00    0.16 ^ clkbuf_0_clk/A (sky130_fd_sc_hd__clkbuf_16)
                  0.03    0.16    0.32 ^ clkbuf_0_clk/X (sky130_fd_sc_hd__clkbuf_16)
     2    0.01                           clknet_0_clk (net)
                  0.03    0.00    0.32 ^ clkbuf_1_1_0_clk/A (sky130_fd_sc_hd__clkbuf_2)
                  0.06    0.11    0.43 ^ clkbuf_1_1_0_clk/X (sky130_fd_sc_hd__clkbuf_2)
     2    0.01                           clknet_1_1_0_clk (net)
                  0.06    0.00    0.43 ^ _47_/CLK (sky130_fd_sc_hd__dfrtp_4)
                  0.21    0.51    0.94 ^ _47_/Q (sky130_fd_sc_hd__dfrtp_4)
     4    0.07                           net10 (net)
                  0.21    0.00    0.94 ^ _25_/A2 (sky130_fd_sc_hd__o22a_1)
                  0.10    0.20    1.14 ^ _25_/X (sky130_fd_sc_hd__o22a_1)
     1    0.01                           _09_ (net)
                  0.10    0.00    1.14 ^ _47_/D (sky130_fd_sc_hd__dfrtp_4)
                                  1.14   data arrival time

                          0.00    0.00   clock clk (rise edge)
                          0.00    0.00   clock source latency
                  0.23    0.17    0.17 ^ clk (in)
     1    0.05                           clk (net)
                  0.23    0.00    0.17 ^ clkbuf_0_clk/A (sky130_fd_sc_hd__clkbuf_16)
                  0.03    0.18    0.35 ^ clkbuf_0_clk/X (sky130_fd_sc_hd__clkbuf_16)
     2    0.01                           clknet_0_clk (net)
                  0.03    0.00    0.35 ^ clkbuf_1_1_0_clk/A (sky130_fd_sc_hd__clkbuf_2)
                  0.06    0.12    0.47 ^ clkbuf_1_1_0_clk/X (sky130_fd_sc_hd__clkbuf_2)
     2    0.01                           clknet_1_1_0_clk (net)
                  0.06    0.00    0.47 ^ _47_/CLK (sky130_fd_sc_hd__dfrtp_4)
                          0.25    0.72   clock uncertainty
                         -0.04    0.68   clock reconvergence pessimism
                         -0.04    0.63   library hold time
                                  0.63   data required time
-----------------------------------------------------------------------------
                                  0.63   data required time
                                 -1.14   data arrival time
-----------------------------------------------------------------------------
                                  0.51   slack (MET)


Startpoint: _48_ (rising edge-triggered flip-flop clocked by clk)
Endpoint: _48_ (rising edge-triggered flip-flop clocked by clk)
Path Group: clk
Path Type: min

Fanout     Cap    Slew   Delay    Time   Description
-----------------------------------------------------------------------------
                          0.00    0.00   clock clk (rise edge)
                          0.00    0.00   clock source latency
                  0.23    0.16    0.16 ^ clk (in)
     1    0.05                           clk (net)
                  0.23    0.00    0.16 ^ clkbuf_0_clk/A (sky130_fd_sc_hd__clkbuf_16)
                  0.03    0.16    0.32 ^ clkbuf_0_clk/X (sky130_fd_sc_hd__clkbuf_16)
     2    0.01                           clknet_0_clk (net)
                  0.03    0.00    0.32 ^ clkbuf_1_1_0_clk/A (sky130_fd_sc_hd__clkbuf_2)
                  0.06    0.11    0.43 ^ clkbuf_1_1_0_clk/X (sky130_fd_sc_hd__clkbuf_2)
     2    0.01                           clknet_1_1_0_clk (net)
                  0.06    0.00    0.43 ^ _48_/CLK (sky130_fd_sc_hd__dfrtp_4)
                  0.23    0.52    0.95 ^ _48_/Q (sky130_fd_sc_hd__dfrtp_4)
     5    0.08                           net11 (net)
                  0.23    0.01    0.96 ^ _24_/A1 (sky130_fd_sc_hd__o22a_1)
                  0.10    0.22    1.17 ^ _24_/X (sky130_fd_sc_hd__o22a_1)
     1    0.01                           _10_ (net)
                  0.10    0.00    1.17 ^ _48_/D (sky130_fd_sc_hd__dfrtp_4)
                                  1.17   data arrival time

                          0.00    0.00   clock clk (rise edge)
                          0.00    0.00   clock source latency
                  0.23    0.17    0.17 ^ clk (in)
     1    0.05                           clk (net)
                  0.23    0.00    0.17 ^ clkbuf_0_clk/A (sky130_fd_sc_hd__clkbuf_16)
                  0.03    0.18    0.35 ^ clkbuf_0_clk/X (sky130_fd_sc_hd__clkbuf_16)
     2    0.01                           clknet_0_clk (net)
                  0.03    0.00    0.35 ^ clkbuf_1_1_0_clk/A (sky130_fd_sc_hd__clkbuf_2)
                  0.06    0.12    0.47 ^ clkbuf_1_1_0_clk/X (sky130_fd_sc_hd__clkbuf_2)
     2    0.01                           clknet_1_1_0_clk (net)
                  0.06    0.00    0.47 ^ _48_/CLK (sky130_fd_sc_hd__dfrtp_4)
                          0.25    0.72   clock uncertainty
                         -0.04    0.68   clock reconvergence pessimism
                         -0.04    0.63   library hold time
                                  0.63   data required time
-----------------------------------------------------------------------------
                                  0.63   data required time
                                 -1.17   data arrival time
-----------------------------------------------------------------------------
                                  0.54   slack (MET)


Startpoint: _49_ (rising edge-triggered flip-flop clocked by clk)
Endpoint: _49_ (rising edge-triggered flip-flop clocked by clk)
Path Group: clk
Path Type: min

Fanout     Cap    Slew   Delay    Time   Description
-----------------------------------------------------------------------------
                          0.00    0.00   clock clk (rise edge)
                          0.00    0.00   clock source latency
                  0.23    0.16    0.16 ^ clk (in)
     1    0.05                           clk (net)
                  0.23    0.00    0.16 ^ clkbuf_0_clk/A (sky130_fd_sc_hd__clkbuf_16)
                  0.03    0.16    0.32 ^ clkbuf_0_clk/X (sky130_fd_sc_hd__clkbuf_16)
     2    0.01                           clknet_0_clk (net)
                  0.03    0.00    0.32 ^ clkbuf_1_0_0_clk/A (sky130_fd_sc_hd__clkbuf_2)
                  0.06    0.10    0.42 ^ clkbuf_1_0_0_clk/X (sky130_fd_sc_hd__clkbuf_2)
     2    0.01                           clknet_1_0_0_clk (net)
                  0.06    0.00    0.42 ^ _49_/CLK (sky130_fd_sc_hd__dfrtp_4)
                  0.30    0.56    0.98 ^ _49_/Q (sky130_fd_sc_hd__dfrtp_4)
     5    0.10                           net12 (net)
                  0.30    0.01    0.99 ^ _41_/A2 (sky130_fd_sc_hd__o22a_1)
                  0.10    0.21    1.20 ^ _41_/X (sky130_fd_sc_hd__o22a_1)
     1    0.01                           _11_ (net)
                  0.10    0.00    1.20 ^ _49_/D (sky130_fd_sc_hd__dfrtp_4)
                                  1.20   data arrival time

                          0.00    0.00   clock clk (rise edge)
                          0.00    0.00   clock source latency
                  0.23    0.17    0.17 ^ clk (in)
     1    0.05                           clk (net)
                  0.23    0.00    0.17 ^ clkbuf_0_clk/A (sky130_fd_sc_hd__clkbuf_16)
                  0.03    0.18    0.35 ^ clkbuf_0_clk/X (sky130_fd_sc_hd__clkbuf_16)
     2    0.01                           clknet_0_clk (net)
                  0.03    0.00    0.35 ^ clkbuf_1_0_0_clk/A (sky130_fd_sc_hd__clkbuf_2)
                  0.06    0.11    0.47 ^ clkbuf_1_0_0_clk/X (sky130_fd_sc_hd__clkbuf_2)
     2    0.01                           clknet_1_0_0_clk (net)
                  0.06    0.00    0.47 ^ _49_/CLK (sky130_fd_sc_hd__dfrtp_4)
                          0.25    0.72   clock uncertainty
                         -0.04    0.67   clock reconvergence pessimism
                         -0.04    0.63   library hold time
                                  0.63   data required time
-----------------------------------------------------------------------------
                                  0.63   data required time
                                 -1.20   data arrival time
-----------------------------------------------------------------------------
                                  0.57   slack (MET)


Startpoint: _46_ (rising edge-triggered flip-flop clocked by clk)
Endpoint: count[0] (output port clocked by clk)
Path Group: clk
Path Type: min

Fanout     Cap    Slew   Delay    Time   Description
-----------------------------------------------------------------------------
                          0.00    0.00   clock clk (rise edge)
                          0.00    0.00   clock source latency
                  0.23    0.16    0.16 ^ clk (in)
     1    0.05                           clk (net)
                  0.23    0.00    0.16 ^ clkbuf_0_clk/A (sky130_fd_sc_hd__clkbuf_16)
                  0.03    0.16    0.32 ^ clkbuf_0_clk/X (sky130_fd_sc_hd__clkbuf_16)
     2    0.01                           clknet_0_clk (net)
                  0.03    0.00    0.32 ^ clkbuf_1_0_0_clk/A (sky130_fd_sc_hd__clkbuf_2)
                  0.06    0.10    0.42 ^ clkbuf_1_0_0_clk/X (sky130_fd_sc_hd__clkbuf_2)
     2    0.01                           clknet_1_0_0_clk (net)
                  0.06    0.00    0.42 ^ _46_/CLK (sky130_fd_sc_hd__dfrtp_4)
                  0.16    0.47    0.90 ^ _46_/Q (sky130_fd_sc_hd__dfrtp_4)
     4    0.05                           net9 (net)
                  0.16    0.01    0.90 ^ output9/A (sky130_fd_sc_hd__buf_2)
                  0.17    0.22    1.13 ^ output9/X (sky130_fd_sc_hd__buf_2)
     1    0.03                           count[0] (net)
                  0.17    0.00    1.13 ^ count[0] (out)
                                  1.13   data arrival time

                          0.00    0.00   clock clk (rise edge)
                          0.00    0.00   clock network delay (propagated)
                          0.25    0.25   clock uncertainty
                          0.00    0.25   clock reconvergence pessimism
                        -20.00  -19.75   output external delay
                                -19.75   data required time
-----------------------------------------------------------------------------
                                -19.75   data required time
                                 -1.13   data arrival time
-----------------------------------------------------------------------------
                                 20.88   slack (MET)


