
===========================================================================
 report_clock_skew
============================================================================

======================== Slowest Corner ==================================

Clock clk
Latency      CRPR       Skew
_47_/CLK ^
   0.82
_49_/CLK ^
   0.74     -0.06       0.02


======================= Typical Corner ===================================

Clock clk
Latency      CRPR       Skew
_47_/CLK ^
   0.47
_49_/CLK ^
   0.42     -0.03       0.01


======================= Fastest Corner ===================================

Clock clk
Latency      CRPR       Skew
_47_/CLK ^
   0.32
_49_/CLK ^
   0.29     -0.02       0.01

