
===========================================================================
report_checks -path_delay min (Hold)
============================================================================
Startpoint: rst_n (input port clocked by clk)
Endpoint: _46_ (removal check against rising-edge clock clk)
Path Group: **async_default**
Path Type: min

Fanout     Cap    Slew   Delay    Time   Description
-----------------------------------------------------------------------------
                  0.15    0.00    0.00   clock clk (rise edge)
                          0.00    0.00   clock network delay (ideal)
                         20.00   20.00 ^ input external delay
                  0.38    0.26   20.26 ^ rst_n (in)
     4    0.08                           rst_n (net)
                  0.38    0.00   20.26 ^ _46_/RESET_B (sky130_fd_sc_hd__dfrtp_2)
                                 20.26   data arrival time

                  0.15    0.00    0.00   clock clk (rise edge)
                          0.00    0.00   clock network delay (ideal)
                          0.25    0.25   clock uncertainty
                          0.00    0.25   clock reconvergence pessimism
                                  0.25 ^ _46_/CLK (sky130_fd_sc_hd__dfrtp_2)
                          0.44    0.69   library removal time
                                  0.69   data required time
-----------------------------------------------------------------------------
                                  0.69   data required time
                                -20.26   data arrival time
-----------------------------------------------------------------------------
                                 19.57   slack (MET)


Startpoint: rst_n (input port clocked by clk)
Endpoint: _47_ (removal check against rising-edge clock clk)
Path Group: **async_default**
Path Type: min

Fanout     Cap    Slew   Delay    Time   Description
-----------------------------------------------------------------------------
                  0.15    0.00    0.00   clock clk (rise edge)
                          0.00    0.00   clock network delay (ideal)
                         20.00   20.00 ^ input external delay
                  0.38    0.26   20.26 ^ rst_n (in)
     4    0.08                           rst_n (net)
                  0.38    0.00   20.26 ^ _47_/RESET_B (sky130_fd_sc_hd__dfrtp_2)
                                 20.26   data arrival time

                  0.15    0.00    0.00   clock clk (rise edge)
                          0.00    0.00   clock network delay (ideal)
                          0.25    0.25   clock uncertainty
                          0.00    0.25   clock reconvergence pessimism
                                  0.25 ^ _47_/CLK (sky130_fd_sc_hd__dfrtp_2)
                          0.44    0.69   library removal time
                                  0.69   data required time
-----------------------------------------------------------------------------
                                  0.69   data required time
                                -20.26   data arrival time
-----------------------------------------------------------------------------
                                 19.57   slack (MET)


Startpoint: rst_n (input port clocked by clk)
Endpoint: _49_ (removal check against rising-edge clock clk)
Path Group: **async_default**
Path Type: min

Fanout     Cap    Slew   Delay    Time   Description
-----------------------------------------------------------------------------
                  0.15    0.00    0.00   clock clk (rise edge)
                          0.00    0.00   clock network delay (ideal)
                         20.00   20.00 ^ input external delay
                  0.38    0.26   20.26 ^ rst_n (in)
     4    0.08                           rst_n (net)
                  0.38    0.00   20.26 ^ _49_/RESET_B (sky130_fd_sc_hd__dfrtp_2)
                                 20.26   data arrival time

                  0.15    0.00    0.00   clock clk (rise edge)
                          0.00    0.00   clock network delay (ideal)
                          0.25    0.25   clock uncertainty
                          0.00    0.25   clock reconvergence pessimism
                                  0.25 ^ _49_/CLK (sky130_fd_sc_hd__dfrtp_2)
                          0.44    0.69   library removal time
                                  0.69   data required time
-----------------------------------------------------------------------------
                                  0.69   data required time
                                -20.26   data arrival time
-----------------------------------------------------------------------------
                                 19.57   slack (MET)


Startpoint: rst_n (input port clocked by clk)
Endpoint: _48_ (removal check against rising-edge clock clk)
Path Group: **async_default**
Path Type: min

Fanout     Cap    Slew   Delay    Time   Description
-----------------------------------------------------------------------------
                  0.15    0.00    0.00   clock clk (rise edge)
                          0.00    0.00   clock network delay (ideal)
                         20.00   20.00 ^ input external delay
                  0.38    0.26   20.26 ^ rst_n (in)
     4    0.08                           rst_n (net)
                  0.38    0.00   20.26 ^ _48_/RESET_B (sky130_fd_sc_hd__dfrtp_2)
                                 20.26   data arrival time

                  0.15    0.00    0.00   clock clk (rise edge)
                          0.00    0.00   clock network delay (ideal)
                          0.25    0.25   clock uncertainty
                          0.00    0.25   clock reconvergence pessimism
                                  0.25 ^ _48_/CLK (sky130_fd_sc_hd__dfrtp_2)
                          0.44    0.69   library removal time
                                  0.69   data required time
-----------------------------------------------------------------------------
                                  0.69   data required time
                                -20.26   data arrival time
-----------------------------------------------------------------------------
                                 19.57   slack (MET)


Startpoint: _46_ (rising edge-triggered flip-flop clocked by clk)
Endpoint: _46_ (rising edge-triggered flip-flop clocked by clk)
Path Group: clk
Path Type: min

Fanout     Cap    Slew   Delay    Time   Description
-----------------------------------------------------------------------------
                  0.15    0.00    0.00   clock clk (rise edge)
                          0.00    0.00   clock network delay (ideal)
                  0.15    0.00    0.00 ^ _46_/CLK (sky130_fd_sc_hd__dfrtp_2)
                  0.45    0.64    0.64 ^ _46_/Q (sky130_fd_sc_hd__dfrtp_2)
     4    0.04                           count[0] (net)
                  0.45    0.00    0.64 ^ _26_/A2 (sky130_fd_sc_hd__o22a_2)
                  0.06    0.22    0.87 ^ _26_/X (sky130_fd_sc_hd__o22a_2)
     1    0.01                           _08_ (net)
                  0.06    0.00    0.87 ^ _46_/D (sky130_fd_sc_hd__dfrtp_2)
                                  0.87   data arrival time

                  0.15    0.00    0.00   clock clk (rise edge)
                          0.00    0.00   clock network delay (ideal)
                          0.25    0.25   clock uncertainty
                          0.00    0.25   clock reconvergence pessimism
                                  0.25 ^ _46_/CLK (sky130_fd_sc_hd__dfrtp_2)
                         -0.02    0.23   library hold time
                                  0.23   data required time
-----------------------------------------------------------------------------
                                  0.23   data required time
                                 -0.87   data arrival time
-----------------------------------------------------------------------------
                                  0.64   slack (MET)


Startpoint: _48_ (rising edge-triggered flip-flop clocked by clk)
Endpoint: _48_ (rising edge-triggered flip-flop clocked by clk)
Path Group: clk
Path Type: min

Fanout     Cap    Slew   Delay    Time   Description
-----------------------------------------------------------------------------
                  0.15    0.00    0.00   clock clk (rise edge)
                          0.00    0.00   clock network delay (ideal)
                  0.15    0.00    0.00 ^ _48_/CLK (sky130_fd_sc_hd__dfrtp_2)
                  0.27    0.59    0.59 v _48_/Q (sky130_fd_sc_hd__dfrtp_2)
     4    0.04                           count[2] (net)
                  0.27    0.01    0.60 v _24_/A1 (sky130_fd_sc_hd__o22a_2)
                  0.05    0.32    0.91 v _24_/X (sky130_fd_sc_hd__o22a_2)
     1    0.01                           _10_ (net)
                  0.05    0.00    0.91 v _48_/D (sky130_fd_sc_hd__dfrtp_2)
                                  0.91   data arrival time

                  0.15    0.00    0.00   clock clk (rise edge)
                          0.00    0.00   clock network delay (ideal)
                          0.25    0.25   clock uncertainty
                          0.00    0.25   clock reconvergence pessimism
                                  0.25 ^ _48_/CLK (sky130_fd_sc_hd__dfrtp_2)
                         -0.02    0.23   library hold time
                                  0.23   data required time
-----------------------------------------------------------------------------
                                  0.23   data required time
                                 -0.91   data arrival time
-----------------------------------------------------------------------------
                                  0.68   slack (MET)


Startpoint: _47_ (rising edge-triggered flip-flop clocked by clk)
Endpoint: _47_ (rising edge-triggered flip-flop clocked by clk)
Path Group: clk
Path Type: min

Fanout     Cap    Slew   Delay    Time   Description
-----------------------------------------------------------------------------
                  0.15    0.00    0.00   clock clk (rise edge)
                          0.00    0.00   clock network delay (ideal)
                  0.15    0.00    0.00 ^ _47_/CLK (sky130_fd_sc_hd__dfrtp_2)
                  0.29    0.62    0.62 v _47_/Q (sky130_fd_sc_hd__dfrtp_2)
     4    0.04                           count[1] (net)
                  0.29    0.00    0.62 v _25_/A2 (sky130_fd_sc_hd__o22a_2)
                  0.05    0.32    0.94 v _25_/X (sky130_fd_sc_hd__o22a_2)
     1    0.01                           _09_ (net)
                  0.05    0.00    0.94 v _47_/D (sky130_fd_sc_hd__dfrtp_2)
                                  0.94   data arrival time

                  0.15    0.00    0.00   clock clk (rise edge)
                          0.00    0.00   clock network delay (ideal)
                          0.25    0.25   clock uncertainty
                          0.00    0.25   clock reconvergence pessimism
                                  0.25 ^ _47_/CLK (sky130_fd_sc_hd__dfrtp_2)
                         -0.02    0.23   library hold time
                                  0.23   data required time
-----------------------------------------------------------------------------
                                  0.23   data required time
                                 -0.94   data arrival time
-----------------------------------------------------------------------------
                                  0.71   slack (MET)


Startpoint: _49_ (rising edge-triggered flip-flop clocked by clk)
Endpoint: _49_ (rising edge-triggered flip-flop clocked by clk)
Path Group: clk
Path Type: min

Fanout     Cap    Slew   Delay    Time   Description
-----------------------------------------------------------------------------
                  0.15    0.00    0.00   clock clk (rise edge)
                          0.00    0.00   clock network delay (ideal)
                  0.15    0.00    0.00 ^ _49_/CLK (sky130_fd_sc_hd__dfrtp_2)
                  0.32    0.63    0.63 v _49_/Q (sky130_fd_sc_hd__dfrtp_2)
     4    0.04                           count[3] (net)
                  0.32    0.00    0.64 v _41_/A2 (sky130_fd_sc_hd__o22a_2)
                  0.05    0.34    0.97 v _41_/X (sky130_fd_sc_hd__o22a_2)
     1    0.01                           _11_ (net)
                  0.05    0.00    0.97 v _49_/D (sky130_fd_sc_hd__dfrtp_2)
                                  0.97   data arrival time

                  0.15    0.00    0.00   clock clk (rise edge)
                          0.00    0.00   clock network delay (ideal)
                          0.25    0.25   clock uncertainty
                          0.00    0.25   clock reconvergence pessimism
                                  0.25 ^ _49_/CLK (sky130_fd_sc_hd__dfrtp_2)
                         -0.02    0.23   library hold time
                                  0.23   data required time
-----------------------------------------------------------------------------
                                  0.23   data required time
                                 -0.97   data arrival time
-----------------------------------------------------------------------------
                                  0.74   slack (MET)


Startpoint: _46_ (rising edge-triggered flip-flop clocked by clk)
Endpoint: count[0] (output port clocked by clk)
Path Group: clk
Path Type: min

Fanout     Cap    Slew   Delay    Time   Description
-----------------------------------------------------------------------------
                  0.15    0.00    0.00   clock clk (rise edge)
                          0.00    0.00   clock network delay (ideal)
                  0.15    0.00    0.00 ^ _46_/CLK (sky130_fd_sc_hd__dfrtp_2)
                  0.24    0.58    0.58 v _46_/Q (sky130_fd_sc_hd__dfrtp_2)
     4    0.04                           count[0] (net)
                  0.24    0.01    0.59 v count[0] (out)
                                  0.59   data arrival time

                  0.15    0.00    0.00   clock clk (rise edge)
                          0.00    0.00   clock network delay (ideal)
                          0.25    0.25   clock uncertainty
                          0.00    0.25   clock reconvergence pessimism
                        -20.00  -19.75   output external delay
                                -19.75   data required time
-----------------------------------------------------------------------------
                                -19.75   data required time
                                 -0.59   data arrival time
-----------------------------------------------------------------------------
                                 20.34   slack (MET)


