
===========================================================================
report_checks -unconstrained
============================================================================
Startpoint: rst_n (input port clocked by clk)
Endpoint: _47_ (recovery check against rising-edge clock clk)
Path Group: **async_default**
Path Type: max

Fanout     Cap    Slew   Delay    Time   Description
-----------------------------------------------------------------------------
                  0.15    0.00    0.00   clock clk (rise edge)
                          0.00    0.00   clock network delay (ideal)
                         20.00   20.00 ^ input external delay
                  0.38    0.29   20.29 ^ rst_n (in)
     4    0.08                           rst_n (net)
                  0.38    0.00   20.29 ^ _47_/RESET_B (sky130_fd_sc_hd__dfrtp_2)
                                 20.29   data arrival time

                  0.15  100.00  100.00   clock clk (rise edge)
                          0.00  100.00   clock network delay (ideal)
                         -0.25   99.75   clock uncertainty
                          0.00   99.75   clock reconvergence pessimism
                                 99.75 ^ _47_/CLK (sky130_fd_sc_hd__dfrtp_2)
                          0.15   99.90   library recovery time
                                 99.90   data required time
-----------------------------------------------------------------------------
                                 99.90   data required time
                                -20.29   data arrival time
-----------------------------------------------------------------------------
                                 79.62   slack (MET)


Startpoint: dn (input port clocked by clk)
Endpoint: _49_ (rising edge-triggered flip-flop clocked by clk)
Path Group: clk
Path Type: max

Fanout     Cap    Slew   Delay    Time   Description
-----------------------------------------------------------------------------
                  0.15    0.00    0.00   clock clk (rise edge)
                          0.00    0.00   clock network delay (ideal)
                         20.00   20.00 ^ input external delay
                  0.34    0.26   20.26 ^ dn (in)
     3    0.08                           dn (net)
                  0.34    0.00   20.26 ^ _29_/A (sky130_fd_sc_hd__inv_2)
                  0.09    0.11   20.37 v _29_/Y (sky130_fd_sc_hd__inv_2)
     2    0.01                           _14_ (net)
                  0.09    0.00   20.37 v _33_/A (sky130_fd_sc_hd__buf_1)
                  0.10    0.18   20.55 v _33_/X (sky130_fd_sc_hd__buf_1)
     5    0.02                           _17_ (net)
                  0.10    0.00   20.55 v _36_/B2 (sky130_fd_sc_hd__a22o_2)
                  0.07    0.30   20.85 v _36_/X (sky130_fd_sc_hd__a22o_2)
     3    0.02                           _20_ (net)
                  0.07    0.00   20.85 v _38_/B2 (sky130_fd_sc_hd__o22a_2)
                  0.06    0.22   21.07 v _38_/X (sky130_fd_sc_hd__o22a_2)
     2    0.01                           _21_ (net)
                  0.06    0.00   21.07 v _40_/A1_N (sky130_fd_sc_hd__o2bb2ai_2)
                  0.09    0.17   21.24 v _40_/Y (sky130_fd_sc_hd__o2bb2ai_2)
     1    0.02                           _03_ (net)
                  0.09    0.00   21.24 v _44_/A0 (sky130_fd_sc_hd__mux2_1)
                  0.15    0.43   21.67 v _44_/X (sky130_fd_sc_hd__mux2_1)
     1    0.02                           _07_ (net)
                  0.15    0.00   21.67 v _41_/B2 (sky130_fd_sc_hd__o22a_2)
                  0.06    0.25   21.92 v _41_/X (sky130_fd_sc_hd__o22a_2)
     1    0.01                           _11_ (net)
                  0.06    0.00   21.92 v _49_/D (sky130_fd_sc_hd__dfrtp_2)
                                 21.92   data arrival time

                  0.15  100.00  100.00   clock clk (rise edge)
                          0.00  100.00   clock network delay (ideal)
                         -0.25   99.75   clock uncertainty
                          0.00   99.75   clock reconvergence pessimism
                                 99.75 ^ _49_/CLK (sky130_fd_sc_hd__dfrtp_2)
                         -0.10   99.65   library setup time
                                 99.65   data required time
-----------------------------------------------------------------------------
                                 99.65   data required time
                                -21.92   data arrival time
-----------------------------------------------------------------------------
                                 77.73   slack (MET)



===========================================================================
report_checks --slack_max -0.01
============================================================================
No paths found.
